#
# A fatal error has been detected by the Java Runtime Environment:
#
#  EXCEPTION_ACCESS_VIOLATION (0xc0000005) at pc=0x00007ffcd0d30a8d, pid=7392, tid=13228
#
# JRE version: OpenJDK Runtime Environment (11.0.11+9) (build 11.0.11+9-b60-7590822)
# Java VM: OpenJDK 64-Bit Server VM (11.0.11+9-b60-7590822, mixed mode, tiered, compressed oops, g1 gc, windows-amd64)
# Problematic frame:
# V  [jvm.dll+0x500a8d]
#
# No core dump will be written. Minidumps are not enabled by default on client versions of Windows
#
# If you would like to submit a bug report, please visit:
#   https://bugreport.java.com/bugreport/crash.jsp
#

---------------  S U M M A R Y ------------

Command Line: --add-opens=java.base/java.util=ALL-UNNAMED --add-opens=java.base/java.lang=ALL-UNNAMED --add-opens=java.base/java.lang.invoke=ALL-UNNAMED --add-opens=java.base/java.util=ALL-UNNAMED --add-opens=java.prefs/java.util.prefs=ALL-UNNAMED --add-opens=java.prefs/java.util.prefs=ALL-UNNAMED --add-opens=java.base/java.nio.charset=ALL-UNNAMED --add-opens=java.base/java.net=ALL-UNNAMED --add-opens=java.base/java.util.concurrent.atomic=ALL-UNNAMED -Xmx2048m -Dfile.encoding=UTF-8 -Duser.country=IN -Duser.language=en -Duser.variant org.gradle.launcher.daemon.bootstrap.GradleDaemon 7.2

Host: Intel(R) Core(TM) i5-6300U CPU @ 2.40GHz, 4 cores, 15G,  Windows 10 , 64 bit Build 19041 (10.0.19041.1741)
Time: Fri Jun 17 09:28:33 2022 India Standard Time elapsed time: 15.957882 seconds (0d 0h 0m 15s)

---------------  T H R E A D  ---------------

Current thread (0x0000020662c1a000):  JavaThread "C2 CompilerThread1" daemon [_thread_in_native, id=13228, stack(0x000000cd43900000,0x000000cd43a00000)]


Current CompileTask:
C2:  15957 7325 %     4       groovy.lang.MetaClassImpl::inheritInterfaceNewMetaMethods @ 100 (195 bytes)

Stack: [0x000000cd43900000,0x000000cd43a00000],  sp=0x000000cd439fb6b0,  free space=1005k
Native frames: (J=compiled Java code, j=interpreted, Vv=VM code, C=native code)
V  [jvm.dll+0x500a8d]
V  [jvm.dll+0x4fc456]
V  [jvm.dll+0x4fc214]
V  [jvm.dll+0x4f8d5a]
V  [jvm.dll+0x4f8099]
V  [jvm.dll+0x4f7c1f]
V  [jvm.dll+0x4f7be6]
V  [jvm.dll+0x4f7c33]
V  [jvm.dll+0x4f7c33]
V  [jvm.dll+0x4f7c33]
V  [jvm.dll+0x4f7c33]
V  [jvm.dll+0x4f7c33]
V  [jvm.dll+0x4f7c33]
V  [jvm.dll+0x4f7be6]
V  [jvm.dll+0x4f7be6]
V  [jvm.dll+0x5089e6]
V  [jvm.dll+0x1fd826]
V  [jvm.dll+0x1fb35f]
V  [jvm.dll+0x183d6c]
V  [jvm.dll+0x209a57]
V  [jvm.dll+0x2082a1]
V  [jvm.dll+0x6ef58f]
V  [jvm.dll+0x6e80b5]
V  [jvm.dll+0x5f1036]
C  [ucrtbase.dll+0x21bb2]
C  [KERNEL32.DLL+0x17034]
C  [ntdll.dll+0x52651]


siginfo: EXCEPTION_ACCESS_VIOLATION (0xc0000005), reading address 0xffffffffffffffff


Register to memory mapping:

RIP=0x00007ffcd0d30a8d jvm.dll
RAX=0x00780206665d6118 is an unknown value
RBX=0x000000cd439fc2b0 is pointing into the stack for thread: 0x0000020662c1a000
RCX=0x000000cd439fc2b0 is pointing into the stack for thread: 0x0000020662c1a000
RDX=0x00000206665d6060 points into unknown readable memory: 0x00007ffcd1018100 | 00 81 01 d1 fc 7f 00 00
RSP=0x000000cd439fb6b0 is pointing into the stack for thread: 0x0000020662c1a000
RBP=0x00000206657ea7e0 points into unknown readable memory: 0x00000206657ea880 | 80 a8 7e 65 06 02 00 00
RSI=0x00000206621ed4b8 points into unknown readable memory: 0x00007ffcd1040a68 | 68 0a 04 d1 fc 7f 00 00
RDI=0x00000206665d6060 points into unknown readable memory: 0x00007ffcd1018100 | 00 81 01 d1 fc 7f 00 00
R8 =0x000002066283ae20 points into unknown readable memory: 0x00007ffcd1018298 | 98 82 01 d1 fc 7f 00 00
R9 =0x000000cd439fb8b0 is pointing into the stack for thread: 0x0000020662c1a000
R10=0x00000206657ea7e0 points into unknown readable memory: 0x00000206657ea880 | 80 a8 7e 65 06 02 00 00
R11=0x000000cd439fb838 is pointing into the stack for thread: 0x0000020662c1a000
R12=0x00000206621ed4b8 points into unknown readable memory: 0x00007ffcd1040a68 | 68 0a 04 d1 fc 7f 00 00
R13=0x0 is NULL
R14=0x0 is NULL
R15=0x00000206657ea7e0 points into unknown readable memory: 0x00000206657ea880 | 80 a8 7e 65 06 02 00 00


Registers:
RAX=0x00780206665d6118, RBX=0x000000cd439fc2b0, RCX=0x000000cd439fc2b0, RDX=0x00000206665d6060
RSP=0x000000cd439fb6b0, RBP=0x00000206657ea7e0, RSI=0x00000206621ed4b8, RDI=0x00000206665d6060
R8 =0x000002066283ae20, R9 =0x000000cd439fb8b0, R10=0x00000206657ea7e0, R11=0x000000cd439fb838
R12=0x00000206621ed4b8, R13=0x0000000000000000, R14=0x0000000000000000, R15=0x00000206657ea7e0
RIP=0x00007ffcd0d30a8d, EFLAGS=0x0000000000010246

Top of Stack: (sp=0x000000cd439fb6b0)
0x000000cd439fb6b0:   0000000000010010 0000000000010000
0x000000cd439fb6c0:   000002066639a190 00007ffcd08eca9f
0x000000cd439fb6d0:   00000206665d6060 00007ffcd0d2c456
0x000000cd439fb6e0:   000000000000003d 00000206621ed4b8
0x000000cd439fb6f0:   0000000000000000 000000cd439fb970
0x000000cd439fb700:   0000000000000000 0000000000000000
0x000000cd439fb710:   000000cd439fc2b0 00007ffcd0d30a2b
0x000000cd439fb720:   000002065f01aa90 00000206657ea7e0
0x000000cd439fb730:   00000206665d6060 00007ffcd0d2c214
0x000000cd439fb740:   0000020664218238 00000206665d6060
0x000000cd439fb750:   0000020664e927e8 00007ffcd0d30b0e
0x000000cd439fb760:   000000cd439fc2b0 00007ffcd0e02913
0x000000cd439fb770:   0000020664e926b8 00007ffcd0d26950
0x000000cd439fb780:   0000020664e92708 00007ffcd0d27ab2
0x000000cd439fb790:   0000020664e927e8 000002065f43b540
0x000000cd439fb7a0:   000000cd439fc2b0 000000cd439fba60 

Instructions: (pc=0x00007ffcd0d30a8d)
0x00007ffcd0d3098d:   cc cc cc 48 89 5c 24 10 48 89 6c 24 18 56 48 83
0x00007ffcd0d3099d:   ec 20 8b 42 28 48 8b e9 48 8b 49 28 33 f6 48 8b
0x00007ffcd0d309ad:   da 3b 41 28 73 0c 8b d0 48 8b 41 30 4c 8b 04 d0
0x00007ffcd0d309bd:   eb 03 4c 8b c6 41 f6 c0 01 74 0b 48 8b d3 e8 e0
0x00007ffcd0d309cd:   68 ff ff 48 8b d8 48 39 73 10 75 12 32 c0 48 8b
0x00007ffcd0d309dd:   5c 24 38 48 8b 6c 24 40 48 83 c4 20 5e c3 48 89
0x00007ffcd0d309ed:   7c 24 30 48 8b d3 48 8b 7d 28 48 8b cf e8 61 5f
0x00007ffcd0d309fd:   db ff 84 c0 75 09 48 8b 97 90 09 00 00 eb 17 8b
0x00007ffcd0d30a0d:   43 28 3b 47 28 73 0c 8b c8 48 8b 47 30 48 8b 14
0x00007ffcd0d30a1d:   c8 eb 03 48 8b d6 48 8b cd e8 95 cf 00 00 48 8b
0x00007ffcd0d30a2d:   7c 24 30 84 c0 48 8b 5c 24 38 48 8b 6c 24 40 0f
0x00007ffcd0d30a3d:   94 c0 48 83 c4 20 5e c3 cc cc cc cc cc cc cc cc
0x00007ffcd0d30a4d:   cc cc cc 48 89 6c 24 20 57 48 83 ec 20 83 7a 20
0x00007ffcd0d30a5d:   02 48 8b fa 48 8b e9 74 0d 33 c0 48 8b 6c 24 48
0x00007ffcd0d30a6d:   48 83 c4 20 5f c3 48 8b 42 10 48 89 5c 24 30 48
0x00007ffcd0d30a7d:   8b 59 28 48 89 74 24 38 48 8b cb 4c 89 74 24 40
0x00007ffcd0d30a8d:   4c 8b 30 49 8b d6 e8 c8 5e db ff 33 f6 84 c0 75
0x00007ffcd0d30a9d:   09 48 8b 93 90 09 00 00 eb 18 41 8b 46 28 3b 43
0x00007ffcd0d30aad:   28 73 0c 8b c8 48 8b 43 30 48 8b 14 c8 eb 03 48
0x00007ffcd0d30abd:   8b d6 48 8b cd e8 f9 ce 00 00 84 c0 48 8b 47 10
0x00007ffcd0d30acd:   75 05 48 8b 00 eb 4a 4c 8b 70 08 48 8b cb 49 8b
0x00007ffcd0d30add:   d6 e8 7d 5e db ff 84 c0 75 09 48 8b b3 90 09 00
0x00007ffcd0d30aed:   00 eb 13 41 8b 46 28 3b 43 28 73 0a 8b c8 48 8b
0x00007ffcd0d30afd:   43 30 48 8b 34 c8 48 8b d6 48 8b cd e8 b2 ce 00
0x00007ffcd0d30b0d:   00 84 c0 75 0a 48 8b 47 10 48 8b 40 08 eb 02 33
0x00007ffcd0d30b1d:   c0 48 8b 74 24 38 48 8b 5c 24 30 4c 8b 74 24 40
0x00007ffcd0d30b2d:   48 8b 6c 24 48 48 83 c4 20 5f c3 cc cc cc cc cc
0x00007ffcd0d30b3d:   cc cc cc 48 89 5c 24 08 48 89 74 24 10 57 48 83
0x00007ffcd0d30b4d:   ec 20 49 8b d9 49 8b f0 48 8b fa 49 3b d0 75 1f
0x00007ffcd0d30b5d:   48 85 db 74 08 b8 01 00 00 00 41 89 01 b0 01 48
0x00007ffcd0d30b6d:   8b 5c 24 30 48 8b 74 24 38 48 83 c4 20 5f c3 48
0x00007ffcd0d30b7d:   8b 02 48 8b cf ff 10 3d d5 00 00 00 75 6d 48 8b 


Stack slot to memory mapping:
stack at sp + 0 slots: 0x0000000000010010 is an unknown value
stack at sp + 1 slots: 0x0000000000010000 is an unknown value
stack at sp + 2 slots: 0x000002066639a190 points into unknown readable memory: 0x0000020661964940 | 40 49 96 61 06 02 00 00
stack at sp + 3 slots: 0x00007ffcd08eca9f jvm.dll
stack at sp + 4 slots: 0x00000206665d6060 points into unknown readable memory: 0x00007ffcd1018100 | 00 81 01 d1 fc 7f 00 00
stack at sp + 5 slots: 0x00007ffcd0d2c456 jvm.dll
stack at sp + 6 slots: 0x000000000000003d is an unknown value
stack at sp + 7 slots: 0x00000206621ed4b8 points into unknown readable memory: 0x00007ffcd1040a68 | 68 0a 04 d1 fc 7f 00 00


---------------  P R O C E S S  ---------------

Threads class SMR info:
_java_thread_list=0x000002065fe652e0, length=79, elements={
0x0000020642a18800, 0x000002065ede7000, 0x000002065e5d8800, 0x000002065ee40000,
0x000002065ee44000, 0x000002065ee48800, 0x000002065ee4d800, 0x000002065ee5a000,
0x000002065ee65000, 0x000002065f015800, 0x0000020660890800, 0x00000206615df000,
0x00000206621d8800, 0x00000206615d4000, 0x00000206610fe800, 0x00000206608f8800,
0x0000020660f12800, 0x0000020660996000, 0x0000020661e0c800, 0x000002065ee58800,
0x000002065ee5d800, 0x000002065ee58000, 0x000002065ee59800, 0x000002065ee5c800,
0x000002065ee5e800, 0x000002065ee5c000, 0x0000020662d34000, 0x0000020662d32000,
0x0000020662d2f800, 0x0000020662d30800, 0x0000020662d34800, 0x0000020662d33000,
0x0000020662d2f000, 0x0000020662d39800, 0x0000020662d3a800, 0x0000020662d3b000,
0x0000020662d35800, 0x0000020662d3c000, 0x0000020662d36000, 0x0000020662d3d000,
0x0000020665cc4800, 0x0000020665cc6000, 0x0000020665cc5800, 0x0000020665cc7000,
0x0000020665cc3000, 0x0000020665cc4000, 0x0000020665cc8000, 0x0000020665cc2000,
0x0000020665ccb000, 0x0000020665ccc000, 0x0000020665cc8800, 0x0000020665cc9800,
0x0000020665ccd000, 0x0000020665ccd800, 0x0000020665cce800, 0x0000020665ccf000,
0x0000020665cd0000, 0x0000020665cca800, 0x0000020665cd1000, 0x00000206649dd800,
0x00000206649e0000, 0x00000206649db000, 0x00000206649de800, 0x00000206649df000,
0x00000206649e1000, 0x00000206649e1800, 0x00000206649dc000, 0x00000206649dd000,
0x0000020662c12800, 0x0000020662c11000, 0x0000020662c13800, 0x0000020662c14000,
0x0000020662c11800, 0x0000020662c0f800, 0x0000020662c15000, 0x0000020662c16000,
0x0000020662c10000, 0x0000020662c1a000, 0x0000020662c1b800
}

Java Threads: ( => current thread )
  0x0000020642a18800 JavaThread "main" [_thread_blocked, id=1032, stack(0x000000cd41800000,0x000000cd41900000)]
  0x000002065ede7000 JavaThread "Reference Handler" daemon [_thread_blocked, id=13292, stack(0x000000cd41f00000,0x000000cd42000000)]
  0x000002065e5d8800 JavaThread "Finalizer" daemon [_thread_blocked, id=7000, stack(0x000000cd42000000,0x000000cd42100000)]
  0x000002065ee40000 JavaThread "Signal Dispatcher" daemon [_thread_blocked, id=8252, stack(0x000000cd42100000,0x000000cd42200000)]
  0x000002065ee44000 JavaThread "Attach Listener" daemon [_thread_blocked, id=12596, stack(0x000000cd42200000,0x000000cd42300000)]
  0x000002065ee48800 JavaThread "Service Thread" daemon [_thread_blocked, id=11940, stack(0x000000cd42300000,0x000000cd42400000)]
  0x000002065ee4d800 JavaThread "C2 CompilerThread0" daemon [_thread_in_native, id=12544, stack(0x000000cd42400000,0x000000cd42500000)]
  0x000002065ee5a000 JavaThread "C1 CompilerThread0" daemon [_thread_blocked, id=10376, stack(0x000000cd42500000,0x000000cd42600000)]
  0x000002065ee65000 JavaThread "Sweeper thread" daemon [_thread_blocked, id=7624, stack(0x000000cd42600000,0x000000cd42700000)]
  0x000002065f015800 JavaThread "Common-Cleaner" daemon [_thread_blocked, id=12300, stack(0x000000cd42700000,0x000000cd42800000)]
  0x0000020660890800 JavaThread "Daemon health stats" [_thread_blocked, id=6624, stack(0x000000cd42d00000,0x000000cd42e00000)]
  0x00000206615df000 JavaThread "Incoming local TCP Connector on port 62085" [_thread_in_native, id=9320, stack(0x000000cd42900000,0x000000cd42a00000)]
  0x00000206621d8800 JavaThread "Daemon periodic checks" [_thread_blocked, id=816, stack(0x000000cd42e00000,0x000000cd42f00000)]
  0x00000206615d4000 JavaThread "Daemon" [_thread_blocked, id=3952, stack(0x000000cd42f00000,0x000000cd43000000)]
  0x00000206610fe800 JavaThread "Handler for socket connection from /127.0.0.1:62085 to /127.0.0.1:62086" [_thread_in_native, id=6940, stack(0x000000cd43000000,0x000000cd43100000)]
  0x00000206608f8800 JavaThread "Cancel handler" [_thread_blocked, id=9988, stack(0x000000cd43100000,0x000000cd43200000)]
  0x0000020660f12800 JavaThread "Daemon worker" [_thread_in_vm, id=5912, stack(0x000000cd43200000,0x000000cd43300000)]
  0x0000020660996000 JavaThread "Asynchronous log dispatcher for DefaultDaemonConnection: socket connection from /127.0.0.1:62085 to /127.0.0.1:62086" [_thread_blocked, id=12880, stack(0x000000cd43300000,0x000000cd43400000)]
  0x0000020661e0c800 JavaThread "Stdin handler" [_thread_blocked, id=8648, stack(0x000000cd43400000,0x000000cd43500000)]
  0x000002065ee58800 JavaThread "Daemon client event forwarder" [_thread_blocked, id=5400, stack(0x000000cd43500000,0x000000cd43600000)]
  0x000002065ee5d800 JavaThread "Cache worker for journal cache (C:\Users\JKLAPTOP\.gradle\caches\journal-1)" [_thread_blocked, id=2088, stack(0x000000cd43600000,0x000000cd43700000)]
  0x000002065ee58000 JavaThread "File lock request listener" [_thread_in_native, id=8676, stack(0x000000cd43700000,0x000000cd43800000)]
  0x000002065ee59800 JavaThread "Cache worker for file hash cache (C:\Users\JKLAPTOP\.gradle\caches\7.2\fileHashes)" [_thread_blocked, id=11792, stack(0x000000cd43800000,0x000000cd43900000)]
  0x000002065ee5c800 JavaThread "Cache worker for file hash cache (D:\Project-2.4\.gradle\7.2\fileHashes)" [_thread_blocked, id=2944, stack(0x000000cd43a00000,0x000000cd43b00000)]
  0x000002065ee5e800 JavaThread "File watcher server" daemon [_thread_in_native, id=7972, stack(0x000000cd43b00000,0x000000cd43c00000)]
  0x000002065ee5c000 JavaThread "File watcher consumer" daemon [_thread_blocked, id=3480, stack(0x000000cd43c00000,0x000000cd43d00000)]
  0x0000020662d34000 JavaThread "Cache worker for checksums cache (D:\Project-2.4\.gradle\checksums)" [_thread_blocked, id=832, stack(0x000000cd43d00000,0x000000cd43e00000)]
  0x0000020662d32000 JavaThread "Cache worker for cache directory md-supplier (C:\Users\JKLAPTOP\.gradle\caches\7.2\md-supplier)" [_thread_blocked, id=388, stack(0x000000cd43e00000,0x000000cd43f00000)]
  0x0000020662d2f800 JavaThread "Cache worker for cache directory md-rule (C:\Users\JKLAPTOP\.gradle\caches\7.2\md-rule)" [_thread_blocked, id=11112, stack(0x000000cd43f00000,0x000000cd44000000)]
  0x0000020662d30800 JavaThread "Cache worker for execution history cache (C:\Users\JKLAPTOP\.gradle\caches\7.2\executionHistory)" [_thread_blocked, id=12328, stack(0x000000cd44000000,0x000000cd44100000)]
  0x0000020662d34800 JavaThread "jar transforms" [_thread_blocked, id=11424, stack(0x000000cd44100000,0x000000cd44200000)]
  0x0000020662d33000 JavaThread "jar transforms Thread 2" [_thread_blocked, id=12836, stack(0x000000cd44200000,0x000000cd44300000)]
  0x0000020662d2f000 JavaThread "Cache worker for file content cache (C:\Users\JKLAPTOP\.gradle\caches\7.2\fileContent)" [_thread_blocked, id=3156, stack(0x000000cd44300000,0x000000cd44400000)]
  0x0000020662d39800 JavaThread "Cache worker for dependencies-accessors (D:\Project-2.4\.gradle\7.2\dependencies-accessors)" [_thread_blocked, id=7780, stack(0x000000cd44400000,0x000000cd44500000)]
  0x0000020662d3a800 JavaThread "jar transforms Thread 3" [_thread_blocked, id=13144, stack(0x000000cd44500000,0x000000cd44600000)]
  0x0000020662d3b000 JavaThread "Cache worker for Build Output Cleanup Cache (D:\Project-2.4\.gradle\buildOutputCleanup)" [_thread_blocked, id=588, stack(0x000000cd44600000,0x000000cd44700000)]
  0x0000020662d35800 JavaThread "Unconstrained build operations" [_thread_blocked, id=11000, stack(0x000000cd44700000,0x000000cd44800000)]
  0x0000020662d3c000 JavaThread "Unconstrained build operations Thread 2" [_thread_blocked, id=2820, stack(0x000000cd44800000,0x000000cd44900000)]
  0x0000020662d36000 JavaThread "Unconstrained build operations Thread 3" [_thread_blocked, id=10892, stack(0x000000cd44900000,0x000000cd44a00000)]
  0x0000020662d3d000 JavaThread "Unconstrained build operations Thread 4" [_thread_blocked, id=7304, stack(0x000000cd44a00000,0x000000cd44b00000)]
  0x0000020665cc4800 JavaThread "Unconstrained build operations Thread 5" [_thread_blocked, id=13200, stack(0x000000cd44b00000,0x000000cd44c00000)]
  0x0000020665cc6000 JavaThread "Unconstrained build operations Thread 6" [_thread_blocked, id=11416, stack(0x000000cd44c00000,0x000000cd44d00000)]
  0x0000020665cc5800 JavaThread "Unconstrained build operations Thread 7" [_thread_blocked, id=7132, stack(0x000000cd44d00000,0x000000cd44e00000)]
  0x0000020665cc7000 JavaThread "Unconstrained build operations Thread 8" [_thread_blocked, id=1184, stack(0x000000cd44e00000,0x000000cd44f00000)]
  0x0000020665cc3000 JavaThread "Unconstrained build operations Thread 9" [_thread_blocked, id=3760, stack(0x000000cd44f00000,0x000000cd45000000)]
  0x0000020665cc4000 JavaThread "Unconstrained build operations Thread 10" [_thread_blocked, id=8392, stack(0x000000cd45000000,0x000000cd45100000)]
  0x0000020665cc8000 JavaThread "Unconstrained build operations Thread 11" [_thread_blocked, id=12168, stack(0x000000cd45100000,0x000000cd45200000)]
  0x0000020665cc2000 JavaThread "Unconstrained build operations Thread 12" [_thread_blocked, id=10316, stack(0x000000cd45200000,0x000000cd45300000)]
  0x0000020665ccb000 JavaThread "Unconstrained build operations Thread 13" [_thread_blocked, id=7068, stack(0x000000cd45300000,0x000000cd45400000)]
  0x0000020665ccc000 JavaThread "Unconstrained build operations Thread 14" [_thread_blocked, id=8428, stack(0x000000cd45400000,0x000000cd45500000)]
  0x0000020665cc8800 JavaThread "Unconstrained build operations Thread 15" [_thread_blocked, id=5316, stack(0x000000cd45500000,0x000000cd45600000)]
  0x0000020665cc9800 JavaThread "Unconstrained build operations Thread 16" [_thread_blocked, id=13140, stack(0x000000cd45600000,0x000000cd45700000)]
  0x0000020665ccd000 JavaThread "Unconstrained build operations Thread 17" [_thread_blocked, id=1676, stack(0x000000cd45700000,0x000000cd45800000)]
  0x0000020665ccd800 JavaThread "Unconstrained build operations Thread 18" [_thread_blocked, id=4920, stack(0x000000cd45800000,0x000000cd45900000)]
  0x0000020665cce800 JavaThread "Unconstrained build operations Thread 19" [_thread_blocked, id=4336, stack(0x000000cd45900000,0x000000cd45a00000)]
  0x0000020665ccf000 JavaThread "Unconstrained build operations Thread 20" [_thread_blocked, id=11796, stack(0x000000cd45a00000,0x000000cd45b00000)]
  0x0000020665cd0000 JavaThread "Unconstrained build operations Thread 21" [_thread_blocked, id=2712, stack(0x000000cd45b00000,0x000000cd45c00000)]
  0x0000020665cca800 JavaThread "Unconstrained build operations Thread 22" [_thread_blocked, id=7800, stack(0x000000cd45c00000,0x000000cd45d00000)]
  0x0000020665cd1000 JavaThread "Unconstrained build operations Thread 23" [_thread_blocked, id=7336, stack(0x000000cd45d00000,0x000000cd45e00000)]
  0x00000206649dd800 JavaThread "Unconstrained build operations Thread 24" [_thread_blocked, id=11052, stack(0x000000cd45e00000,0x000000cd45f00000)]
  0x00000206649e0000 JavaThread "Unconstrained build operations Thread 25" [_thread_blocked, id=11372, stack(0x000000cd45f00000,0x000000cd46000000)]
  0x00000206649db000 JavaThread "Unconstrained build operations Thread 26" [_thread_blocked, id=10108, stack(0x000000cd46000000,0x000000cd46100000)]
  0x00000206649de800 JavaThread "Unconstrained build operations Thread 27" [_thread_blocked, id=2868, stack(0x000000cd46100000,0x000000cd46200000)]
  0x00000206649df000 JavaThread "Unconstrained build operations Thread 28" [_thread_blocked, id=10232, stack(0x000000cd46200000,0x000000cd46300000)]
  0x00000206649e1000 JavaThread "Unconstrained build operations Thread 29" [_thread_blocked, id=5864, stack(0x000000cd46300000,0x000000cd46400000)]
  0x00000206649e1800 JavaThread "Unconstrained build operations Thread 30" [_thread_blocked, id=12016, stack(0x000000cd46400000,0x000000cd46500000)]
  0x00000206649dc000 JavaThread "Unconstrained build operations Thread 31" [_thread_blocked, id=6792, stack(0x000000cd46500000,0x000000cd46600000)]
  0x00000206649dd000 JavaThread "Unconstrained build operations Thread 32" [_thread_blocked, id=9080, stack(0x000000cd46600000,0x000000cd46700000)]
  0x0000020662c12800 JavaThread "Unconstrained build operations Thread 33" [_thread_blocked, id=11508, stack(0x000000cd46700000,0x000000cd46800000)]
  0x0000020662c11000 JavaThread "Unconstrained build operations Thread 34" [_thread_blocked, id=3600, stack(0x000000cd46800000,0x000000cd46900000)]
  0x0000020662c13800 JavaThread "Unconstrained build operations Thread 35" [_thread_blocked, id=11456, stack(0x000000cd46900000,0x000000cd46a00000)]
  0x0000020662c14000 JavaThread "Unconstrained build operations Thread 36" [_thread_blocked, id=8700, stack(0x000000cd46a00000,0x000000cd46b00000)]
  0x0000020662c11800 JavaThread "Unconstrained build operations Thread 37" [_thread_blocked, id=9152, stack(0x000000cd46b00000,0x000000cd46c00000)]
  0x0000020662c0f800 JavaThread "Unconstrained build operations Thread 38" [_thread_blocked, id=992, stack(0x000000cd46c00000,0x000000cd46d00000)]
  0x0000020662c15000 JavaThread "Unconstrained build operations Thread 39" [_thread_blocked, id=4416, stack(0x000000cd46d00000,0x000000cd46e00000)]
  0x0000020662c16000 JavaThread "Unconstrained build operations Thread 40" [_thread_blocked, id=4640, stack(0x000000cd46e00000,0x000000cd46f00000)]
  0x0000020662c10000 JavaThread "jar transforms Thread 4" [_thread_blocked, id=5940, stack(0x000000cd46f00000,0x000000cd47000000)]
=>0x0000020662c1a000 JavaThread "C2 CompilerThread1" daemon [_thread_in_native, id=13228, stack(0x000000cd43900000,0x000000cd43a00000)]
  0x0000020662c1b800 JavaThread "Memory manager" [_thread_blocked, id=5624, stack(0x000000cd47100000,0x000000cd47200000)]

Other Threads:
  0x000002065ede3000 VMThread "VM Thread" [stack: 0x000000cd41e00000,0x000000cd41f00000] [id=13036]
  0x000002065f02d000 WatcherThread [stack: 0x000000cd42800000,0x000000cd42900000] [id=968]
  0x0000020642a31800 GCTaskThread "GC Thread#0" [stack: 0x000000cd41900000,0x000000cd41a00000] [id=1116]
  0x000002065fc67000 GCTaskThread "GC Thread#1" [stack: 0x000000cd42a00000,0x000000cd42b00000] [id=3332]
  0x000002065f613000 GCTaskThread "GC Thread#2" [stack: 0x000000cd42b00000,0x000000cd42c00000] [id=7340]
  0x000002065f5ef000 GCTaskThread "GC Thread#3" [stack: 0x000000cd42c00000,0x000000cd42d00000] [id=11588]
  0x0000020642a64000 ConcurrentGCThread "G1 Main Marker" [stack: 0x000000cd41a00000,0x000000cd41b00000] [id=8820]
  0x0000020642a66000 ConcurrentGCThread "G1 Conc#0" [stack: 0x000000cd41b00000,0x000000cd41c00000] [id=3988]
  0x0000020642afe000 ConcurrentGCThread "G1 Refine#0" [stack: 0x000000cd41c00000,0x000000cd41d00000] [id=7012]
  0x0000020660424000 ConcurrentGCThread "G1 Refine#1" [stack: 0x000000cd47000000,0x000000cd47100000] [id=1812]
  0x000002065e442800 ConcurrentGCThread "G1 Young RemSet Sampling" [stack: 0x000000cd41d00000,0x000000cd41e00000] [id=11072]

Threads with active compile tasks:
C2 CompilerThread0  16100 7182 %     4       org.gradle.internal.instantiation.generator.AbstractClassGenerator::inspectType @ 107 (560 bytes)
C2 CompilerThread1  16100 7325 %     4       groovy.lang.MetaClassImpl::inheritInterfaceNewMetaMethods @ 100 (195 bytes)

VM state:not at safepoint (normal execution)

VM Mutex/Monitor currently owned by a thread: None

Heap address: 0x0000000080000000, size: 2048 MB, Compressed Oops mode: 32-bit
Narrow klass base: 0x0000000000000000, Narrow klass shift: 3
Compressed class space size: 1073741824 Address: 0x0000000100000000

Heap:
 garbage-first heap   total 258048K, used 126969K [0x0000000080000000, 0x0000000100000000)
  region size 1024K, 74 young (75776K), 14 survivors (14336K)
 Metaspace       used 77168K, capacity 78928K, committed 79088K, reserved 1118208K
  class space    used 9968K, capacity 10640K, committed 10700K, reserved 1048576K
Heap Regions: E=young(eden), S=young(survivor), O=old, HS=humongous(starts), HC=humongous(continues), CS=collection set, F=free, A=archive, TAMS=top-at-mark-start (previous, next)
|   0|0x0000000080000000, 0x0000000080100000, 0x0000000080100000|100%| O|  |TAMS 0x0000000080100000, 0x0000000080000000| Untracked 
|   1|0x0000000080100000, 0x0000000080200000, 0x0000000080200000|100%| O|  |TAMS 0x0000000080200000, 0x0000000080100000| Untracked 
|   2|0x0000000080200000, 0x0000000080300000, 0x0000000080300000|100%| O|  |TAMS 0x0000000080300000, 0x0000000080200000| Untracked 
|   3|0x0000000080300000, 0x0000000080400000, 0x0000000080400000|100%|HS|  |TAMS 0x0000000080400000, 0x0000000080300000| Complete 
|   4|0x0000000080400000, 0x0000000080500000, 0x0000000080500000|100%|HC|  |TAMS 0x0000000080500000, 0x0000000080400000| Complete 
|   5|0x0000000080500000, 0x0000000080600000, 0x0000000080600000|100%|HC|  |TAMS 0x0000000080600000, 0x0000000080500000| Complete 
|   6|0x0000000080600000, 0x0000000080700000, 0x0000000080700000|100%| O|  |TAMS 0x0000000080700000, 0x0000000080600000| Untracked 
|   7|0x0000000080700000, 0x0000000080800000, 0x0000000080800000|100%| O|  |TAMS 0x0000000080800000, 0x0000000080700000| Untracked 
|   8|0x0000000080800000, 0x0000000080900000, 0x0000000080900000|100%| O|  |TAMS 0x0000000080900000, 0x0000000080800000| Untracked 
|   9|0x0000000080900000, 0x0000000080a00000, 0x0000000080a00000|100%| O|  |TAMS 0x0000000080a00000, 0x0000000080900000| Untracked 
|  10|0x0000000080a00000, 0x0000000080b00000, 0x0000000080b00000|100%| O|  |TAMS 0x0000000080b00000, 0x0000000080a00000| Untracked 
|  11|0x0000000080b00000, 0x0000000080c00000, 0x0000000080c00000|100%| O|  |TAMS 0x0000000080c00000, 0x0000000080b00000| Untracked 
|  12|0x0000000080c00000, 0x0000000080d00000, 0x0000000080d00000|100%| O|  |TAMS 0x0000000080d00000, 0x0000000080c00000| Untracked 
|  13|0x0000000080d00000, 0x0000000080e00000, 0x0000000080e00000|100%| O|  |TAMS 0x0000000080e00000, 0x0000000080d00000| Untracked 
|  14|0x0000000080e00000, 0x0000000080f00000, 0x0000000080f00000|100%| O|  |TAMS 0x0000000080f00000, 0x0000000080e00000| Untracked 
|  15|0x0000000080f00000, 0x0000000081000000, 0x0000000081000000|100%| O|  |TAMS 0x0000000081000000, 0x0000000080f00000| Untracked 
|  16|0x0000000081000000, 0x0000000081100000, 0x0000000081100000|100%|HS|  |TAMS 0x0000000081100000, 0x0000000081000000| Complete 
|  17|0x0000000081100000, 0x0000000081200000, 0x0000000081200000|100%|HS|  |TAMS 0x0000000081200000, 0x0000000081100000| Complete 
|  18|0x0000000081200000, 0x0000000081300000, 0x0000000081300000|100%|HS|  |TAMS 0x0000000081300000, 0x0000000081200000| Complete 
|  19|0x0000000081300000, 0x0000000081400000, 0x0000000081400000|100%|HS|  |TAMS 0x0000000081400000, 0x0000000081300000| Complete 
|  20|0x0000000081400000, 0x0000000081500000, 0x0000000081500000|100%|HS|  |TAMS 0x0000000081500000, 0x0000000081400000| Complete 
|  21|0x0000000081500000, 0x0000000081600000, 0x0000000081600000|100%|HC|  |TAMS 0x0000000081600000, 0x0000000081500000| Complete 
|  22|0x0000000081600000, 0x0000000081700000, 0x0000000081700000|100%|HC|  |TAMS 0x0000000081700000, 0x0000000081600000| Complete 
|  23|0x0000000081700000, 0x0000000081800000, 0x0000000081800000|100%|HS|  |TAMS 0x0000000081800000, 0x0000000081700000| Complete 
|  24|0x0000000081800000, 0x0000000081900000, 0x0000000081900000|100%|HC|  |TAMS 0x0000000081900000, 0x0000000081800000| Complete 
|  25|0x0000000081900000, 0x0000000081a00000, 0x0000000081a00000|100%| O|  |TAMS 0x0000000081a00000, 0x0000000081900000| Untracked 
|  26|0x0000000081a00000, 0x0000000081b00000, 0x0000000081b00000|100%| O|  |TAMS 0x0000000081b00000, 0x0000000081a00000| Untracked 
|  27|0x0000000081b00000, 0x0000000081c00000, 0x0000000081c00000|100%| O|  |TAMS 0x0000000081c00000, 0x0000000081b00000| Untracked 
|  28|0x0000000081c00000, 0x0000000081d00000, 0x0000000081d00000|100%| O|  |TAMS 0x0000000081d00000, 0x0000000081c00000| Untracked 
|  29|0x0000000081d00000, 0x0000000081e00000, 0x0000000081e00000|100%| O|  |TAMS 0x0000000081e00000, 0x0000000081d00000| Untracked 
|  30|0x0000000081e00000, 0x0000000081f00000, 0x0000000081f00000|100%| O|  |TAMS 0x0000000081f00000, 0x0000000081e00000| Untracked 
|  31|0x0000000081f00000, 0x0000000082000000, 0x0000000082000000|100%| O|  |TAMS 0x0000000082000000, 0x0000000081f00000| Untracked 
|  32|0x0000000082000000, 0x0000000082100000, 0x0000000082100000|100%| O|  |TAMS 0x0000000082100000, 0x0000000082000000| Untracked 
|  33|0x0000000082100000, 0x0000000082200000, 0x0000000082200000|100%| O|  |TAMS 0x0000000082200000, 0x0000000082100000| Untracked 
|  34|0x0000000082200000, 0x0000000082300000, 0x0000000082300000|100%| O|  |TAMS 0x0000000082300000, 0x0000000082200000| Untracked 
|  35|0x0000000082300000, 0x0000000082400000, 0x0000000082400000|100%| O|  |TAMS 0x0000000082400000, 0x0000000082300000| Untracked 
|  36|0x0000000082400000, 0x0000000082500000, 0x0000000082500000|100%| O|  |TAMS 0x0000000082500000, 0x0000000082400000| Untracked 
|  37|0x0000000082500000, 0x0000000082600000, 0x0000000082600000|100%| O|  |TAMS 0x0000000082600000, 0x0000000082500000| Untracked 
|  38|0x0000000082600000, 0x0000000082700000, 0x0000000082700000|100%| O|  |TAMS 0x0000000082700000, 0x0000000082600000| Untracked 
|  39|0x0000000082700000, 0x0000000082800000, 0x0000000082800000|100%| O|  |TAMS 0x0000000082800000, 0x0000000082700000| Untracked 
|  40|0x0000000082800000, 0x0000000082900000, 0x0000000082900000|100%| O|  |TAMS 0x0000000082900000, 0x0000000082800000| Untracked 
|  41|0x0000000082900000, 0x0000000082a00000, 0x0000000082a00000|100%| O|  |TAMS 0x0000000082a00000, 0x0000000082900000| Untracked 
|  42|0x0000000082a00000, 0x0000000082b00000, 0x0000000082b00000|100%| O|  |TAMS 0x0000000082b00000, 0x0000000082a00000| Untracked 
|  43|0x0000000082b00000, 0x0000000082c00000, 0x0000000082c00000|100%| O|  |TAMS 0x0000000082c00000, 0x0000000082b00000| Untracked 
|  44|0x0000000082c00000, 0x0000000082d00000, 0x0000000082d00000|100%| O|  |TAMS 0x0000000082d00000, 0x0000000082c00000| Untracked 
|  45|0x0000000082d00000, 0x0000000082e00000, 0x0000000082e00000|100%| O|  |TAMS 0x0000000082e00000, 0x0000000082d00000| Untracked 
|  46|0x0000000082e00000, 0x0000000082f00000, 0x0000000082f00000|100%| O|  |TAMS 0x0000000082f00000, 0x0000000082e00000| Untracked 
|  47|0x0000000082f00000, 0x0000000083000000, 0x0000000083000000|100%| O|  |TAMS 0x0000000083000000, 0x0000000082f00000| Untracked 
|  48|0x0000000083000000, 0x0000000083100000, 0x0000000083100000|100%| O|  |TAMS 0x0000000083100000, 0x0000000083000000| Untracked 
|  49|0x0000000083100000, 0x0000000083200000, 0x0000000083200000|100%| O|  |TAMS 0x000000008316a000, 0x0000000083100000| Untracked 
|  50|0x0000000083200000, 0x00000000832fe600, 0x0000000083300000| 99%| O|  |TAMS 0x0000000083200000, 0x0000000083200000| Untracked 
|  51|0x0000000083300000, 0x0000000083300000, 0x0000000083400000|  0%| F|  |TAMS 0x0000000083300000, 0x0000000083300000| Untracked 
|  52|0x0000000083400000, 0x0000000083400000, 0x0000000083500000|  0%| F|  |TAMS 0x0000000083400000, 0x0000000083400000| Untracked 
|  53|0x0000000083500000, 0x0000000083500000, 0x0000000083600000|  0%| F|  |TAMS 0x0000000083500000, 0x0000000083500000| Untracked 
|  54|0x0000000083600000, 0x0000000083600000, 0x0000000083700000|  0%| F|  |TAMS 0x0000000083600000, 0x0000000083600000| Untracked 
|  55|0x0000000083700000, 0x0000000083700000, 0x0000000083800000|  0%| F|  |TAMS 0x0000000083700000, 0x0000000083700000| Untracked 
|  56|0x0000000083800000, 0x0000000083800000, 0x0000000083900000|  0%| F|  |TAMS 0x0000000083800000, 0x0000000083800000| Untracked 
|  57|0x0000000083900000, 0x0000000083900000, 0x0000000083a00000|  0%| F|  |TAMS 0x0000000083900000, 0x0000000083900000| Untracked 
|  58|0x0000000083a00000, 0x0000000083a00000, 0x0000000083b00000|  0%| F|  |TAMS 0x0000000083a00000, 0x0000000083a00000| Untracked 
|  59|0x0000000083b00000, 0x0000000083b00000, 0x0000000083c00000|  0%| F|  |TAMS 0x0000000083b00000, 0x0000000083b00000| Untracked 
|  60|0x0000000083c00000, 0x0000000083c00000, 0x0000000083d00000|  0%| F|  |TAMS 0x0000000083c00000, 0x0000000083c00000| Untracked 
|  61|0x0000000083d00000, 0x0000000083d00000, 0x0000000083e00000|  0%| F|  |TAMS 0x0000000083d00000, 0x0000000083d00000| Untracked 
|  62|0x0000000083e00000, 0x0000000083e00000, 0x0000000083f00000|  0%| F|  |TAMS 0x0000000083e00000, 0x0000000083e00000| Untracked 
|  63|0x0000000083f00000, 0x0000000083f00000, 0x0000000084000000|  0%| F|  |TAMS 0x0000000083f00000, 0x0000000083f00000| Untracked 
|  64|0x0000000084000000, 0x0000000084000000, 0x0000000084100000|  0%| F|  |TAMS 0x0000000084000000, 0x0000000084000000| Untracked 
|  65|0x0000000084100000, 0x0000000084100000, 0x0000000084200000|  0%| F|  |TAMS 0x0000000084100000, 0x0000000084100000| Untracked 
|  66|0x0000000084200000, 0x0000000084200000, 0x0000000084300000|  0%| F|  |TAMS 0x0000000084200000, 0x0000000084200000| Untracked 
|  67|0x0000000084300000, 0x0000000084300000, 0x0000000084400000|  0%| F|  |TAMS 0x0000000084300000, 0x0000000084300000| Untracked 
|  68|0x0000000084400000, 0x0000000084400000, 0x0000000084500000|  0%| F|  |TAMS 0x0000000084400000, 0x0000000084400000| Untracked 
|  69|0x0000000084500000, 0x0000000084500000, 0x0000000084600000|  0%| F|  |TAMS 0x0000000084500000, 0x0000000084500000| Untracked 
|  70|0x0000000084600000, 0x0000000084600000, 0x0000000084700000|  0%| F|  |TAMS 0x0000000084600000, 0x0000000084600000| Untracked 
|  71|0x0000000084700000, 0x0000000084700000, 0x0000000084800000|  0%| F|  |TAMS 0x0000000084700000, 0x0000000084700000| Untracked 
|  72|0x0000000084800000, 0x0000000084800000, 0x0000000084900000|  0%| F|  |TAMS 0x0000000084800000, 0x0000000084800000| Untracked 
|  73|0x0000000084900000, 0x0000000084900000, 0x0000000084a00000|  0%| F|  |TAMS 0x0000000084900000, 0x0000000084900000| Untracked 
|  74|0x0000000084a00000, 0x0000000084a00000, 0x0000000084b00000|  0%| F|  |TAMS 0x0000000084a00000, 0x0000000084a00000| Untracked 
|  75|0x0000000084b00000, 0x0000000084b00000, 0x0000000084c00000|  0%| F|  |TAMS 0x0000000084b00000, 0x0000000084b00000| Untracked 
|  76|0x0000000084c00000, 0x0000000084c00000, 0x0000000084d00000|  0%| F|  |TAMS 0x0000000084c00000, 0x0000000084c00000| Untracked 
|  77|0x0000000084d00000, 0x0000000084d00000, 0x0000000084e00000|  0%| F|  |TAMS 0x0000000084d00000, 0x0000000084d00000| Untracked 
|  78|0x0000000084e00000, 0x0000000084e00000, 0x0000000084f00000|  0%| F|  |TAMS 0x0000000084e00000, 0x0000000084e00000| Untracked 
|  79|0x0000000084f00000, 0x0000000084f00000, 0x0000000085000000|  0%| F|  |TAMS 0x0000000084f00000, 0x0000000084f00000| Untracked 
|  80|0x0000000085000000, 0x0000000085000000, 0x0000000085100000|  0%| F|  |TAMS 0x0000000085000000, 0x0000000085000000| Untracked 
|  81|0x0000000085100000, 0x0000000085100000, 0x0000000085200000|  0%| F|  |TAMS 0x0000000085100000, 0x0000000085100000| Untracked 
|  82|0x0000000085200000, 0x0000000085200000, 0x0000000085300000|  0%| F|  |TAMS 0x0000000085200000, 0x0000000085200000| Untracked 
|  83|0x0000000085300000, 0x0000000085300000, 0x0000000085400000|  0%| F|  |TAMS 0x0000000085300000, 0x0000000085300000| Untracked 
|  84|0x0000000085400000, 0x0000000085400000, 0x0000000085500000|  0%| F|  |TAMS 0x0000000085400000, 0x0000000085400000| Untracked 
|  85|0x0000000085500000, 0x0000000085500000, 0x0000000085600000|  0%| F|  |TAMS 0x0000000085500000, 0x0000000085500000| Untracked 
|  86|0x0000000085600000, 0x0000000085600000, 0x0000000085700000|  0%| F|  |TAMS 0x0000000085600000, 0x0000000085600000| Untracked 
|  87|0x0000000085700000, 0x0000000085700000, 0x0000000085800000|  0%| F|  |TAMS 0x0000000085700000, 0x0000000085700000| Untracked 
|  88|0x0000000085800000, 0x0000000085800000, 0x0000000085900000|  0%| F|  |TAMS 0x0000000085800000, 0x0000000085800000| Untracked 
|  89|0x0000000085900000, 0x0000000085900000, 0x0000000085a00000|  0%| F|  |TAMS 0x0000000085900000, 0x0000000085900000| Untracked 
|  90|0x0000000085a00000, 0x0000000085a00000, 0x0000000085b00000|  0%| F|  |TAMS 0x0000000085a00000, 0x0000000085a00000| Untracked 
|  91|0x0000000085b00000, 0x0000000085b00000, 0x0000000085c00000|  0%| F|  |TAMS 0x0000000085b00000, 0x0000000085b00000| Untracked 
|  92|0x0000000085c00000, 0x0000000085c00000, 0x0000000085d00000|  0%| F|  |TAMS 0x0000000085c00000, 0x0000000085c00000| Untracked 
|  93|0x0000000085d00000, 0x0000000085d00000, 0x0000000085e00000|  0%| F|  |TAMS 0x0000000085d00000, 0x0000000085d00000| Untracked 
|  94|0x0000000085e00000, 0x0000000085e00000, 0x0000000085f00000|  0%| F|  |TAMS 0x0000000085e00000, 0x0000000085e00000| Untracked 
|  95|0x0000000085f00000, 0x0000000085f00000, 0x0000000086000000|  0%| F|  |TAMS 0x0000000085f00000, 0x0000000085f00000| Untracked 
|  96|0x0000000086000000, 0x0000000086000000, 0x0000000086100000|  0%| F|  |TAMS 0x0000000086000000, 0x0000000086000000| Untracked 
|  97|0x0000000086100000, 0x0000000086100000, 0x0000000086200000|  0%| F|  |TAMS 0x0000000086100000, 0x0000000086100000| Untracked 
|  98|0x0000000086200000, 0x0000000086200000, 0x0000000086300000|  0%| F|  |TAMS 0x0000000086200000, 0x0000000086200000| Untracked 
|  99|0x0000000086300000, 0x0000000086300000, 0x0000000086400000|  0%| F|  |TAMS 0x0000000086300000, 0x0000000086300000| Untracked 
| 100|0x0000000086400000, 0x0000000086400000, 0x0000000086500000|  0%| F|  |TAMS 0x0000000086400000, 0x0000000086400000| Untracked 
| 101|0x0000000086500000, 0x0000000086500000, 0x0000000086600000|  0%| F|  |TAMS 0x0000000086500000, 0x0000000086500000| Untracked 
| 102|0x0000000086600000, 0x0000000086600000, 0x0000000086700000|  0%| F|  |TAMS 0x0000000086600000, 0x0000000086600000| Untracked 
| 103|0x0000000086700000, 0x0000000086700000, 0x0000000086800000|  0%| F|  |TAMS 0x0000000086700000, 0x0000000086700000| Untracked 
| 104|0x0000000086800000, 0x0000000086800000, 0x0000000086900000|  0%| F|  |TAMS 0x0000000086800000, 0x0000000086800000| Untracked 
| 105|0x0000000086900000, 0x0000000086900000, 0x0000000086a00000|  0%| F|  |TAMS 0x0000000086900000, 0x0000000086900000| Untracked 
| 106|0x0000000086a00000, 0x0000000086a00000, 0x0000000086b00000|  0%| F|  |TAMS 0x0000000086a00000, 0x0000000086a00000| Untracked 
| 107|0x0000000086b00000, 0x0000000086b00000, 0x0000000086c00000|  0%| F|  |TAMS 0x0000000086b00000, 0x0000000086b00000| Untracked 
| 108|0x0000000086c00000, 0x0000000086c00000, 0x0000000086d00000|  0%| F|  |TAMS 0x0000000086c00000, 0x0000000086c00000| Untracked 
| 109|0x0000000086d00000, 0x0000000086d00000, 0x0000000086e00000|  0%| F|  |TAMS 0x0000000086d00000, 0x0000000086d00000| Untracked 
| 110|0x0000000086e00000, 0x0000000086e00000, 0x0000000086f00000|  0%| F|  |TAMS 0x0000000086e00000, 0x0000000086e00000| Untracked 
| 111|0x0000000086f00000, 0x0000000086f00000, 0x0000000087000000|  0%| F|  |TAMS 0x0000000086f00000, 0x0000000086f00000| Untracked 
| 112|0x0000000087000000, 0x0000000087000000, 0x0000000087100000|  0%| F|  |TAMS 0x0000000087000000, 0x0000000087000000| Untracked 
| 113|0x0000000087100000, 0x0000000087100000, 0x0000000087200000|  0%| F|  |TAMS 0x0000000087100000, 0x0000000087100000| Untracked 
| 114|0x0000000087200000, 0x0000000087200000, 0x0000000087300000|  0%| F|  |TAMS 0x0000000087200000, 0x0000000087200000| Untracked 
| 115|0x0000000087300000, 0x0000000087300000, 0x0000000087400000|  0%| F|  |TAMS 0x0000000087300000, 0x0000000087300000| Untracked 
| 116|0x0000000087400000, 0x0000000087400000, 0x0000000087500000|  0%| F|  |TAMS 0x0000000087400000, 0x0000000087400000| Untracked 
| 117|0x0000000087500000, 0x0000000087500000, 0x0000000087600000|  0%| F|  |TAMS 0x0000000087500000, 0x0000000087500000| Untracked 
| 118|0x0000000087600000, 0x0000000087600000, 0x0000000087700000|  0%| F|  |TAMS 0x0000000087600000, 0x0000000087600000| Untracked 
| 119|0x0000000087700000, 0x0000000087700000, 0x0000000087800000|  0%| F|  |TAMS 0x0000000087700000, 0x0000000087700000| Untracked 
| 120|0x0000000087800000, 0x0000000087800000, 0x0000000087900000|  0%| F|  |TAMS 0x0000000087800000, 0x0000000087800000| Untracked 
| 121|0x0000000087900000, 0x0000000087900000, 0x0000000087a00000|  0%| F|  |TAMS 0x0000000087900000, 0x0000000087900000| Untracked 
| 122|0x0000000087a00000, 0x0000000087a00000, 0x0000000087b00000|  0%| F|  |TAMS 0x0000000087a00000, 0x0000000087a00000| Untracked 
| 123|0x0000000087b00000, 0x0000000087b00000, 0x0000000087c00000|  0%| F|  |TAMS 0x0000000087b00000, 0x0000000087b00000| Untracked 
| 124|0x0000000087c00000, 0x0000000087c00000, 0x0000000087d00000|  0%| F|  |TAMS 0x0000000087c00000, 0x0000000087c00000| Untracked 
| 125|0x0000000087d00000, 0x0000000087d00000, 0x0000000087e00000|  0%| F|  |TAMS 0x0000000087d00000, 0x0000000087d00000| Untracked 
| 126|0x0000000087e00000, 0x0000000087e00000, 0x0000000087f00000|  0%| F|  |TAMS 0x0000000087e00000, 0x0000000087e00000| Untracked 
| 127|0x0000000087f00000, 0x0000000087f00000, 0x0000000088000000|  0%| F|  |TAMS 0x0000000087f00000, 0x0000000087f00000| Untracked 
| 128|0x0000000088000000, 0x0000000088000000, 0x0000000088100000|  0%| F|  |TAMS 0x0000000088000000, 0x0000000088000000| Untracked 
| 129|0x0000000088100000, 0x0000000088100000, 0x0000000088200000|  0%| F|  |TAMS 0x0000000088100000, 0x0000000088100000| Untracked 
| 130|0x0000000088200000, 0x0000000088200000, 0x0000000088300000|  0%| F|  |TAMS 0x0000000088200000, 0x0000000088200000| Untracked 
| 131|0x0000000088300000, 0x0000000088400000, 0x0000000088400000|100%| S|CS|TAMS 0x0000000088300000, 0x0000000088300000| Complete 
| 132|0x0000000088400000, 0x0000000088500000, 0x0000000088500000|100%| S|CS|TAMS 0x0000000088400000, 0x0000000088400000| Complete 
| 133|0x0000000088500000, 0x0000000088600000, 0x0000000088600000|100%| S|CS|TAMS 0x0000000088500000, 0x0000000088500000| Complete 
| 134|0x0000000088600000, 0x0000000088700000, 0x0000000088700000|100%| S|CS|TAMS 0x0000000088600000, 0x0000000088600000| Complete 
| 135|0x0000000088700000, 0x0000000088800000, 0x0000000088800000|100%| S|CS|TAMS 0x0000000088700000, 0x0000000088700000| Complete 
| 136|0x0000000088800000, 0x0000000088900000, 0x0000000088900000|100%| S|CS|TAMS 0x0000000088800000, 0x0000000088800000| Complete 
| 137|0x0000000088900000, 0x0000000088a00000, 0x0000000088a00000|100%| S|CS|TAMS 0x0000000088900000, 0x0000000088900000| Complete 
| 138|0x0000000088a00000, 0x0000000088b00000, 0x0000000088b00000|100%| S|CS|TAMS 0x0000000088a00000, 0x0000000088a00000| Complete 
| 139|0x0000000088b00000, 0x0000000088c00000, 0x0000000088c00000|100%| S|CS|TAMS 0x0000000088b00000, 0x0000000088b00000| Complete 
| 140|0x0000000088c00000, 0x0000000088d00000, 0x0000000088d00000|100%| S|CS|TAMS 0x0000000088c00000, 0x0000000088c00000| Complete 
| 141|0x0000000088d00000, 0x0000000088e00000, 0x0000000088e00000|100%| S|CS|TAMS 0x0000000088d00000, 0x0000000088d00000| Complete 
| 142|0x0000000088e00000, 0x0000000088f00000, 0x0000000088f00000|100%| S|CS|TAMS 0x0000000088e00000, 0x0000000088e00000| Complete 
| 143|0x0000000088f00000, 0x0000000089000000, 0x0000000089000000|100%| S|CS|TAMS 0x0000000088f00000, 0x0000000088f00000| Complete 
| 144|0x0000000089000000, 0x0000000089100000, 0x0000000089100000|100%| S|CS|TAMS 0x0000000089000000, 0x0000000089000000| Complete 
| 145|0x0000000089100000, 0x0000000089100000, 0x0000000089200000|  0%| F|  |TAMS 0x0000000089100000, 0x0000000089100000| Untracked 
| 146|0x0000000089200000, 0x0000000089200000, 0x0000000089300000|  0%| F|  |TAMS 0x0000000089200000, 0x0000000089200000| Untracked 
| 147|0x0000000089300000, 0x0000000089300000, 0x0000000089400000|  0%| F|  |TAMS 0x0000000089300000, 0x0000000089300000| Untracked 
| 148|0x0000000089400000, 0x0000000089400000, 0x0000000089500000|  0%| F|  |TAMS 0x0000000089400000, 0x0000000089400000| Untracked 
| 149|0x0000000089500000, 0x0000000089500000, 0x0000000089600000|  0%| F|  |TAMS 0x0000000089500000, 0x0000000089500000| Untracked 
| 150|0x0000000089600000, 0x0000000089600000, 0x0000000089700000|  0%| F|  |TAMS 0x0000000089600000, 0x0000000089600000| Untracked 
| 151|0x0000000089700000, 0x0000000089700000, 0x0000000089800000|  0%| F|  |TAMS 0x0000000089700000, 0x0000000089700000| Untracked 
| 152|0x0000000089800000, 0x0000000089800000, 0x0000000089900000|  0%| F|  |TAMS 0x0000000089800000, 0x0000000089800000| Untracked 
| 153|0x0000000089900000, 0x0000000089900000, 0x0000000089a00000|  0%| F|  |TAMS 0x0000000089900000, 0x0000000089900000| Untracked 
| 154|0x0000000089a00000, 0x0000000089a00000, 0x0000000089b00000|  0%| F|  |TAMS 0x0000000089a00000, 0x0000000089a00000| Untracked 
| 155|0x0000000089b00000, 0x0000000089b00000, 0x0000000089c00000|  0%| F|  |TAMS 0x0000000089b00000, 0x0000000089b00000| Untracked 
| 156|0x0000000089c00000, 0x0000000089c00000, 0x0000000089d00000|  0%| F|  |TAMS 0x0000000089c00000, 0x0000000089c00000| Untracked 
| 157|0x0000000089d00000, 0x0000000089d00000, 0x0000000089e00000|  0%| F|  |TAMS 0x0000000089d00000, 0x0000000089d00000| Untracked 
| 158|0x0000000089e00000, 0x0000000089e00000, 0x0000000089f00000|  0%| F|  |TAMS 0x0000000089e00000, 0x0000000089e00000| Untracked 
| 159|0x0000000089f00000, 0x0000000089f00000, 0x000000008a000000|  0%| F|  |TAMS 0x0000000089f00000, 0x0000000089f00000| Untracked 
| 160|0x000000008a000000, 0x000000008a000000, 0x000000008a100000|  0%| F|  |TAMS 0x000000008a000000, 0x000000008a000000| Untracked 
| 161|0x000000008a100000, 0x000000008a100000, 0x000000008a200000|  0%| F|  |TAMS 0x000000008a100000, 0x000000008a100000| Untracked 
| 162|0x000000008a200000, 0x000000008a200000, 0x000000008a300000|  0%| F|  |TAMS 0x000000008a200000, 0x000000008a200000| Untracked 
| 163|0x000000008a300000, 0x000000008a300000, 0x000000008a400000|  0%| F|  |TAMS 0x000000008a300000, 0x000000008a300000| Untracked 
| 164|0x000000008a400000, 0x000000008a400000, 0x000000008a500000|  0%| F|  |TAMS 0x000000008a400000, 0x000000008a400000| Untracked 
| 165|0x000000008a500000, 0x000000008a500000, 0x000000008a600000|  0%| F|  |TAMS 0x000000008a500000, 0x000000008a500000| Untracked 
| 166|0x000000008a600000, 0x000000008a600000, 0x000000008a700000|  0%| F|  |TAMS 0x000000008a600000, 0x000000008a600000| Untracked 
| 167|0x000000008a700000, 0x000000008a700000, 0x000000008a800000|  0%| F|  |TAMS 0x000000008a700000, 0x000000008a700000| Untracked 
| 168|0x000000008a800000, 0x000000008a800000, 0x000000008a900000|  0%| F|  |TAMS 0x000000008a800000, 0x000000008a800000| Untracked 
| 169|0x000000008a900000, 0x000000008a900000, 0x000000008aa00000|  0%| F|  |TAMS 0x000000008a900000, 0x000000008a900000| Untracked 
| 170|0x000000008aa00000, 0x000000008aa00000, 0x000000008ab00000|  0%| F|  |TAMS 0x000000008aa00000, 0x000000008aa00000| Untracked 
| 171|0x000000008ab00000, 0x000000008ab00000, 0x000000008ac00000|  0%| F|  |TAMS 0x000000008ab00000, 0x000000008ab00000| Untracked 
| 172|0x000000008ac00000, 0x000000008ac00000, 0x000000008ad00000|  0%| F|  |TAMS 0x000000008ac00000, 0x000000008ac00000| Untracked 
| 173|0x000000008ad00000, 0x000000008ad00000, 0x000000008ae00000|  0%| F|  |TAMS 0x000000008ad00000, 0x000000008ad00000| Untracked 
| 174|0x000000008ae00000, 0x000000008ae00000, 0x000000008af00000|  0%| F|  |TAMS 0x000000008ae00000, 0x000000008ae00000| Untracked 
| 175|0x000000008af00000, 0x000000008af00000, 0x000000008b000000|  0%| F|  |TAMS 0x000000008af00000, 0x000000008af00000| Untracked 
| 176|0x000000008b000000, 0x000000008b000000, 0x000000008b100000|  0%| F|  |TAMS 0x000000008b000000, 0x000000008b000000| Untracked 
| 177|0x000000008b100000, 0x000000008b100000, 0x000000008b200000|  0%| F|  |TAMS 0x000000008b100000, 0x000000008b100000| Untracked 
| 178|0x000000008b200000, 0x000000008b200000, 0x000000008b300000|  0%| F|  |TAMS 0x000000008b200000, 0x000000008b200000| Untracked 
| 179|0x000000008b300000, 0x000000008b300000, 0x000000008b400000|  0%| F|  |TAMS 0x000000008b300000, 0x000000008b300000| Untracked 
| 180|0x000000008b400000, 0x000000008b400000, 0x000000008b500000|  0%| F|  |TAMS 0x000000008b400000, 0x000000008b400000| Untracked 
| 181|0x000000008b500000, 0x000000008b500000, 0x000000008b600000|  0%| F|  |TAMS 0x000000008b500000, 0x000000008b500000| Untracked 
| 182|0x000000008b600000, 0x000000008b600000, 0x000000008b700000|  0%| F|  |TAMS 0x000000008b600000, 0x000000008b600000| Untracked 
| 183|0x000000008b700000, 0x000000008b700000, 0x000000008b800000|  0%| F|  |TAMS 0x000000008b700000, 0x000000008b700000| Untracked 
| 184|0x000000008b800000, 0x000000008b800000, 0x000000008b900000|  0%| F|  |TAMS 0x000000008b800000, 0x000000008b800000| Untracked 
| 185|0x000000008b900000, 0x000000008b900000, 0x000000008ba00000|  0%| F|  |TAMS 0x000000008b900000, 0x000000008b900000| Untracked 
| 186|0x000000008ba00000, 0x000000008ba00000, 0x000000008bb00000|  0%| F|  |TAMS 0x000000008ba00000, 0x000000008ba00000| Untracked 
| 187|0x000000008bb00000, 0x000000008bb00000, 0x000000008bc00000|  0%| F|  |TAMS 0x000000008bb00000, 0x000000008bb00000| Untracked 
| 188|0x000000008bc00000, 0x000000008bc00000, 0x000000008bd00000|  0%| F|  |TAMS 0x000000008bc00000, 0x000000008bc00000| Untracked 
| 189|0x000000008bd00000, 0x000000008bd00000, 0x000000008be00000|  0%| F|  |TAMS 0x000000008bd00000, 0x000000008bd00000| Untracked 
| 190|0x000000008be00000, 0x000000008be00000, 0x000000008bf00000|  0%| F|  |TAMS 0x000000008be00000, 0x000000008be00000| Untracked 
| 191|0x000000008bf00000, 0x000000008bf80818, 0x000000008c000000| 50%| E|  |TAMS 0x000000008bf00000, 0x000000008bf00000| Complete 
| 192|0x000000008c000000, 0x000000008c100000, 0x000000008c100000|100%| E|CS|TAMS 0x000000008c000000, 0x000000008c000000| Complete 
| 193|0x000000008c100000, 0x000000008c200000, 0x000000008c200000|100%| E|CS|TAMS 0x000000008c100000, 0x000000008c100000| Complete 
| 194|0x000000008c200000, 0x000000008c300000, 0x000000008c300000|100%| E|CS|TAMS 0x000000008c200000, 0x000000008c200000| Complete 
| 195|0x000000008c300000, 0x000000008c400000, 0x000000008c400000|100%| E|CS|TAMS 0x000000008c300000, 0x000000008c300000| Complete 
| 196|0x000000008c400000, 0x000000008c500000, 0x000000008c500000|100%| E|CS|TAMS 0x000000008c400000, 0x000000008c400000| Complete 
| 197|0x000000008c500000, 0x000000008c600000, 0x000000008c600000|100%| E|CS|TAMS 0x000000008c500000, 0x000000008c500000| Complete 
| 198|0x000000008c600000, 0x000000008c700000, 0x000000008c700000|100%| E|CS|TAMS 0x000000008c600000, 0x000000008c600000| Complete 
| 199|0x000000008c700000, 0x000000008c800000, 0x000000008c800000|100%| E|CS|TAMS 0x000000008c700000, 0x000000008c700000| Complete 
| 200|0x000000008c800000, 0x000000008c900000, 0x000000008c900000|100%| E|CS|TAMS 0x000000008c800000, 0x000000008c800000| Complete 
| 201|0x000000008c900000, 0x000000008ca00000, 0x000000008ca00000|100%| E|CS|TAMS 0x000000008c900000, 0x000000008c900000| Complete 
| 202|0x000000008ca00000, 0x000000008cb00000, 0x000000008cb00000|100%| E|CS|TAMS 0x000000008ca00000, 0x000000008ca00000| Complete 
| 203|0x000000008cb00000, 0x000000008cc00000, 0x000000008cc00000|100%| E|CS|TAMS 0x000000008cb00000, 0x000000008cb00000| Complete 
| 204|0x000000008cc00000, 0x000000008cd00000, 0x000000008cd00000|100%| E|CS|TAMS 0x000000008cc00000, 0x000000008cc00000| Complete 
| 205|0x000000008cd00000, 0x000000008ce00000, 0x000000008ce00000|100%| E|CS|TAMS 0x000000008cd00000, 0x000000008cd00000| Complete 
| 206|0x000000008ce00000, 0x000000008cf00000, 0x000000008cf00000|100%| E|CS|TAMS 0x000000008ce00000, 0x000000008ce00000| Complete 
| 207|0x000000008cf00000, 0x000000008d000000, 0x000000008d000000|100%| E|CS|TAMS 0x000000008cf00000, 0x000000008cf00000| Complete 
| 208|0x000000008d000000, 0x000000008d100000, 0x000000008d100000|100%| E|CS|TAMS 0x000000008d000000, 0x000000008d000000| Complete 
| 209|0x000000008d100000, 0x000000008d200000, 0x000000008d200000|100%| E|CS|TAMS 0x000000008d100000, 0x000000008d100000| Complete 
| 210|0x000000008d200000, 0x000000008d300000, 0x000000008d300000|100%| E|CS|TAMS 0x000000008d200000, 0x000000008d200000| Complete 
| 211|0x000000008d300000, 0x000000008d400000, 0x000000008d400000|100%| E|CS|TAMS 0x000000008d300000, 0x000000008d300000| Complete 
| 212|0x000000008d400000, 0x000000008d500000, 0x000000008d500000|100%| E|CS|TAMS 0x000000008d400000, 0x000000008d400000| Complete 
| 213|0x000000008d500000, 0x000000008d600000, 0x000000008d600000|100%| E|CS|TAMS 0x000000008d500000, 0x000000008d500000| Complete 
| 214|0x000000008d600000, 0x000000008d700000, 0x000000008d700000|100%| E|CS|TAMS 0x000000008d600000, 0x000000008d600000| Complete 
| 215|0x000000008d700000, 0x000000008d800000, 0x000000008d800000|100%| E|CS|TAMS 0x000000008d700000, 0x000000008d700000| Complete 
| 216|0x000000008d800000, 0x000000008d900000, 0x000000008d900000|100%| E|CS|TAMS 0x000000008d800000, 0x000000008d800000| Complete 
| 217|0x000000008d900000, 0x000000008da00000, 0x000000008da00000|100%| E|CS|TAMS 0x000000008d900000, 0x000000008d900000| Complete 
| 218|0x000000008da00000, 0x000000008db00000, 0x000000008db00000|100%| E|CS|TAMS 0x000000008da00000, 0x000000008da00000| Complete 
| 219|0x000000008db00000, 0x000000008dc00000, 0x000000008dc00000|100%| E|CS|TAMS 0x000000008db00000, 0x000000008db00000| Complete 
| 220|0x000000008dc00000, 0x000000008dd00000, 0x000000008dd00000|100%| E|CS|TAMS 0x000000008dc00000, 0x000000008dc00000| Complete 
| 221|0x000000008dd00000, 0x000000008de00000, 0x000000008de00000|100%| E|CS|TAMS 0x000000008dd00000, 0x000000008dd00000| Complete 
| 222|0x000000008de00000, 0x000000008df00000, 0x000000008df00000|100%| E|CS|TAMS 0x000000008de00000, 0x000000008de00000| Complete 
| 223|0x000000008df00000, 0x000000008e000000, 0x000000008e000000|100%| E|CS|TAMS 0x000000008df00000, 0x000000008df00000| Complete 
| 224|0x000000008e000000, 0x000000008e100000, 0x000000008e100000|100%| E|CS|TAMS 0x000000008e000000, 0x000000008e000000| Complete 
| 225|0x000000008e100000, 0x000000008e200000, 0x000000008e200000|100%| E|CS|TAMS 0x000000008e100000, 0x000000008e100000| Complete 
| 226|0x000000008e200000, 0x000000008e300000, 0x000000008e300000|100%| E|CS|TAMS 0x000000008e200000, 0x000000008e200000| Complete 
| 227|0x000000008e300000, 0x000000008e400000, 0x000000008e400000|100%| E|CS|TAMS 0x000000008e300000, 0x000000008e300000| Complete 
| 228|0x000000008e400000, 0x000000008e500000, 0x000000008e500000|100%| E|CS|TAMS 0x000000008e400000, 0x000000008e400000| Complete 
| 229|0x000000008e500000, 0x000000008e600000, 0x000000008e600000|100%| E|CS|TAMS 0x000000008e500000, 0x000000008e500000| Complete 
| 230|0x000000008e600000, 0x000000008e700000, 0x000000008e700000|100%| E|CS|TAMS 0x000000008e600000, 0x000000008e600000| Complete 
| 231|0x000000008e700000, 0x000000008e800000, 0x000000008e800000|100%| E|CS|TAMS 0x000000008e700000, 0x000000008e700000| Complete 
| 232|0x000000008e800000, 0x000000008e900000, 0x000000008e900000|100%| E|CS|TAMS 0x000000008e800000, 0x000000008e800000| Complete 
| 233|0x000000008e900000, 0x000000008ea00000, 0x000000008ea00000|100%| E|CS|TAMS 0x000000008e900000, 0x000000008e900000| Complete 
| 234|0x000000008ea00000, 0x000000008eb00000, 0x000000008eb00000|100%| E|CS|TAMS 0x000000008ea00000, 0x000000008ea00000| Complete 
| 235|0x000000008eb00000, 0x000000008ec00000, 0x000000008ec00000|100%| E|CS|TAMS 0x000000008eb00000, 0x000000008eb00000| Complete 
| 236|0x000000008ec00000, 0x000000008ed00000, 0x000000008ed00000|100%| E|CS|TAMS 0x000000008ec00000, 0x000000008ec00000| Complete 
| 237|0x000000008ed00000, 0x000000008ee00000, 0x000000008ee00000|100%| E|CS|TAMS 0x000000008ed00000, 0x000000008ed00000| Complete 
| 238|0x000000008ee00000, 0x000000008ef00000, 0x000000008ef00000|100%| E|CS|TAMS 0x000000008ee00000, 0x000000008ee00000| Complete 
| 239|0x000000008ef00000, 0x000000008f000000, 0x000000008f000000|100%| E|CS|TAMS 0x000000008ef00000, 0x000000008ef00000| Complete 
| 240|0x000000008f000000, 0x000000008f100000, 0x000000008f100000|100%| E|CS|TAMS 0x000000008f000000, 0x000000008f000000| Complete 
| 241|0x000000008f100000, 0x000000008f200000, 0x000000008f200000|100%| E|CS|TAMS 0x000000008f100000, 0x000000008f100000| Complete 
| 242|0x000000008f200000, 0x000000008f300000, 0x000000008f300000|100%| E|CS|TAMS 0x000000008f200000, 0x000000008f200000| Complete 
| 243|0x000000008f300000, 0x000000008f400000, 0x000000008f400000|100%| E|CS|TAMS 0x000000008f300000, 0x000000008f300000| Complete 
| 244|0x000000008f400000, 0x000000008f500000, 0x000000008f500000|100%| E|CS|TAMS 0x000000008f400000, 0x000000008f400000| Complete 
| 245|0x000000008f500000, 0x000000008f600000, 0x000000008f600000|100%| E|CS|TAMS 0x000000008f500000, 0x000000008f500000| Complete 
| 246|0x000000008f600000, 0x000000008f700000, 0x000000008f700000|100%| E|CS|TAMS 0x000000008f600000, 0x000000008f600000| Complete 
| 247|0x000000008f700000, 0x000000008f800000, 0x000000008f800000|100%| E|CS|TAMS 0x000000008f700000, 0x000000008f700000| Complete 
| 248|0x000000008f800000, 0x000000008f900000, 0x000000008f900000|100%| E|CS|TAMS 0x000000008f800000, 0x000000008f800000| Complete 
| 249|0x000000008f900000, 0x000000008fa00000, 0x000000008fa00000|100%| E|CS|TAMS 0x000000008f900000, 0x000000008f900000| Complete 
| 250|0x000000008fa00000, 0x000000008fb00000, 0x000000008fb00000|100%| E|CS|TAMS 0x000000008fa00000, 0x000000008fa00000| Complete 
| 251|0x000000008fb00000, 0x000000008fc00000, 0x000000008fc00000|100%| E|CS|TAMS 0x000000008fb00000, 0x000000008fb00000| Complete 

Card table byte_map: [0x0000020657750000,0x0000020657b50000] _byte_map_base: 0x0000020657350000

Marking Bits (Prev, Next): (CMBitMap*) 0x0000020642a5b478, (CMBitMap*) 0x0000020642a5b4b0
 Prev Bits: [0x0000020657f50000, 0x0000020659f50000)
 Next Bits: [0x0000020659f50000, 0x000002065bf50000)

Polling page: 0x0000020642b00000

Metaspace:

Usage:
  Non-class:     66.75 MB capacity,    65.66 MB ( 98%) used,   929.42 KB (  1%) free+waste,   191.06 KB ( <1%) overhead. 
      Class:     10.39 MB capacity,     9.74 MB ( 94%) used,   576.49 KB (  5%) free+waste,    89.00 KB ( <1%) overhead. 
       Both:     77.14 MB capacity,    75.40 MB ( 98%) used,     1.47 MB (  2%) free+waste,   280.06 KB ( <1%) overhead. 

Virtual space:
  Non-class space:       68.00 MB reserved,      66.79 MB ( 98%) committed 
      Class space:        1.00 GB reserved,      10.45 MB (  1%) committed 
             Both:        1.07 GB reserved,      77.23 MB (  7%) committed 

Chunk freelists:
   Non-Class:  36.00 KB
       Class:  16.00 KB
        Both:  52.00 KB

MaxMetaspaceSize: 17179869184.00 GB
CompressedClassSpaceSize: 1.00 GB

CodeHeap 'non-profiled nmethods': size=120064Kb used=4347Kb max_used=4347Kb free=115716Kb
 bounds [0x000002064f7d0000, 0x000002064fc10000, 0x0000020656d10000]
CodeHeap 'profiled nmethods': size=120000Kb used=16219Kb max_used=16219Kb free=103780Kb
 bounds [0x00000206482a0000, 0x0000020649280000, 0x000002064f7d0000]
CodeHeap 'non-nmethods': size=5696Kb used=2270Kb max_used=2308Kb free=3425Kb
 bounds [0x0000020647d10000, 0x0000020647f80000, 0x00000206482a0000]
 total_blobs=8402 nmethods=7535 adapters=778
 compilation: enabled
              stopped_count=0, restarted_count=0
 full_count=0

Compilation events (20 events):
Event: 15.928 Thread 0x000002065ee5a000 7496       2       java.util.HashMap::resize (356 bytes)
Event: 15.929 Thread 0x000002065ee5a000 nmethod 7496 0x0000020649251390 code [0x00000206492515e0, 0x0000020649252048]
Event: 15.929 Thread 0x000002065ee5a000 7497       2       java.util.HashMap::getNode (148 bytes)
Event: 15.930 Thread 0x000002065ee5a000 nmethod 7497 0x0000020649252490 code [0x0000020649252680, 0x0000020649252aa8]
Event: 15.930 Thread 0x000002065ee5a000 7498       2       java.util.LinkedHashMap::get (33 bytes)
Event: 15.930 Thread 0x000002065ee5a000 nmethod 7498 0x0000020649252d10 code [0x0000020649252ee0, 0x00000206492530c8]
Event: 15.930 Thread 0x000002065ee5a000 7499       2       org.gradle.internal.reflect.MethodSet::add (50 bytes)
Event: 15.931 Thread 0x000002065ee5a000 nmethod 7499 0x0000020649253210 code [0x0000020649253400, 0x0000020649253758]
Event: 15.941 Thread 0x000002065ee5a000 7500       2       org.gradle.api.internal.DefaultMutationGuard::removeThreadLocalStateIfMutationAllowed (12 bytes)
Event: 15.941 Thread 0x000002065ee5a000 nmethod 7500 0x0000020649253910 code [0x0000020649253ac0, 0x0000020649253be8]
Event: 15.947 Thread 0x000002065ee5a000 7501       1       org.gradle.api.internal.provider.ValueSupplier$Present::isMissing (2 bytes)
Event: 15.947 Thread 0x000002065ee5a000 nmethod 7501 0x000002064fc0bf10 code [0x000002064fc0c0c0, 0x000002064fc0c178]
Event: 15.948 Thread 0x000002065ee5a000 7502       2       org.gradle.internal.snapshot.impl.IsolatedArray::<init> (11 bytes)
Event: 15.948 Thread 0x000002065ee5a000 nmethod 7502 0x0000020649253c90 code [0x0000020649253e40, 0x0000020649253fd8]
Event: 15.948 Thread 0x000002065ee5a000 7503       2       org.gradle.internal.snapshot.impl.AbstractArraySnapshot::<init> (10 bytes)
Event: 15.949 Thread 0x000002065ee5a000 nmethod 7503 0x0000020649254090 code [0x0000020649254240, 0x0000020649254378]
Event: 15.949 Thread 0x000002065ee5a000 7504       2       java.lang.Class::getFactory (9 bytes)
Event: 15.949 Thread 0x000002065ee5a000 nmethod 7504 0x0000020649254410 code [0x00000206492545c0, 0x0000020649254898]
Event: 15.950 Thread 0x000002065ee5a000 7505       2       com.android.build.api.artifact.impl.SinglePropertyAdapter::from (6 bytes)
Event: 15.950 Thread 0x000002065ee5a000 nmethod 7505 0x0000020649254990 code [0x0000020649254be0, 0x0000020649255078]

GC Heap History (20 events):
Event: 1.633 GC heap before
{Heap before GC invocations=2 (full 0):
 garbage-first heap   total 258048K, used 37973K [0x0000000080000000, 0x0000000100000000)
  region size 1024K, 30 young (30720K), 2 survivors (2048K)
 Metaspace       used 11235K, capacity 11450K, committed 11520K, reserved 1058816K
  class space    used 1176K, capacity 1246K, committed 1280K, reserved 1048576K
}
Event: 1.638 GC heap after
{Heap after GC invocations=3 (full 0):
 garbage-first heap   total 258048K, used 12650K [0x0000000080000000, 0x0000000100000000)
  region size 1024K, 4 young (4096K), 4 survivors (4096K)
 Metaspace       used 11235K, capacity 11450K, committed 11520K, reserved 1058816K
  class space    used 1176K, capacity 1246K, committed 1280K, reserved 1048576K
}
Event: 3.141 GC heap before
{Heap before GC invocations=3 (full 0):
 garbage-first heap   total 258048K, used 53610K [0x0000000080000000, 0x0000000100000000)
  region size 1024K, 45 young (46080K), 4 survivors (4096K)
 Metaspace       used 17605K, capacity 17996K, committed 18176K, reserved 1064960K
  class space    used 2077K, capacity 2219K, committed 2304K, reserved 1048576K
}
Event: 3.149 GC heap after
{Heap after GC invocations=4 (full 0):
 garbage-first heap   total 258048K, used 15771K [0x0000000080000000, 0x0000000100000000)
  region size 1024K, 6 young (6144K), 6 survivors (6144K)
 Metaspace       used 17605K, capacity 17996K, committed 18176K, reserved 1064960K
  class space    used 2077K, capacity 2219K, committed 2304K, reserved 1048576K
}
Event: 3.486 GC heap before
{Heap before GC invocations=4 (full 0):
 garbage-first heap   total 258048K, used 42395K [0x0000000080000000, 0x0000000100000000)
  region size 1024K, 33 young (33792K), 6 survivors (6144K)
 Metaspace       used 20675K, capacity 21105K, committed 21296K, reserved 1069056K
  class space    used 2534K, capacity 2659K, committed 2688K, reserved 1048576K
}
Event: 3.496 GC heap after
{Heap after GC invocations=5 (full 0):
 garbage-first heap   total 258048K, used 16795K [0x0000000080000000, 0x0000000100000000)
  region size 1024K, 7 young (7168K), 7 survivors (7168K)
 Metaspace       used 20675K, capacity 21105K, committed 21296K, reserved 1069056K
  class space    used 2534K, capacity 2659K, committed 2688K, reserved 1048576K
}
Event: 4.406 GC heap before
{Heap before GC invocations=6 (full 0):
 garbage-first heap   total 258048K, used 75163K [0x0000000080000000, 0x0000000100000000)
  region size 1024K, 64 young (65536K), 7 survivors (7168K)
 Metaspace       used 26388K, capacity 26966K, committed 27184K, reserved 1073152K
  class space    used 3457K, capacity 3683K, committed 3712K, reserved 1048576K
}
Event: 4.416 GC heap after
{Heap after GC invocations=7 (full 0):
 garbage-first heap   total 258048K, used 18904K [0x0000000080000000, 0x0000000100000000)
  region size 1024K, 4 young (4096K), 4 survivors (4096K)
 Metaspace       used 26388K, capacity 26966K, committed 27184K, reserved 1073152K
  class space    used 3457K, capacity 3683K, committed 3712K, reserved 1048576K
}
Event: 5.563 GC heap before
{Heap before GC invocations=7 (full 0):
 garbage-first heap   total 258048K, used 71128K [0x0000000080000000, 0x0000000100000000)
  region size 1024K, 56 young (57344K), 4 survivors (4096K)
 Metaspace       used 34834K, capacity 35643K, committed 35708K, reserved 1081344K
  class space    used 4527K, capacity 4857K, committed 4864K, reserved 1048576K
}
Event: 5.574 GC heap after
{Heap after GC invocations=8 (full 0):
 garbage-first heap   total 258048K, used 22250K [0x0000000080000000, 0x0000000100000000)
  region size 1024K, 7 young (7168K), 7 survivors (7168K)
 Metaspace       used 34834K, capacity 35643K, committed 35708K, reserved 1081344K
  class space    used 4527K, capacity 4857K, committed 4864K, reserved 1048576K
}
Event: 7.484 GC heap before
{Heap before GC invocations=9 (full 0):
 garbage-first heap   total 258048K, used 125674K [0x0000000080000000, 0x0000000100000000)
  region size 1024K, 105 young (107520K), 7 survivors (7168K)
 Metaspace       used 43527K, capacity 44528K, committed 44796K, reserved 1087488K
  class space    used 5553K, capacity 5930K, committed 6016K, reserved 1048576K
}
Event: 7.502 GC heap after
{Heap after GC invocations=10 (full 0):
 garbage-first heap   total 258048K, used 28353K [0x0000000080000000, 0x0000000100000000)
  region size 1024K, 13 young (13312K), 13 survivors (13312K)
 Metaspace       used 43527K, capacity 44528K, committed 44796K, reserved 1087488K
  class space    used 5553K, capacity 5930K, committed 6016K, reserved 1048576K
}
Event: 11.937 GC heap before
{Heap before GC invocations=10 (full 0):
 garbage-first heap   total 258048K, used 177857K [0x0000000080000000, 0x0000000100000000)
  region size 1024K, 150 young (153600K), 13 survivors (13312K)
 Metaspace       used 52527K, capacity 53921K, committed 54012K, reserved 1095680K
  class space    used 6683K, capacity 7207K, committed 7296K, reserved 1048576K
}
Event: 11.967 GC heap after
{Heap after GC invocations=11 (full 0):
 garbage-first heap   total 258048K, used 50276K [0x0000000080000000, 0x0000000100000000)
  region size 1024K, 19 young (19456K), 19 survivors (19456K)
 Metaspace       used 52527K, capacity 53921K, committed 54012K, reserved 1095680K
  class space    used 6683K, capacity 7207K, committed 7296K, reserved 1048576K
}
Event: 12.622 GC heap before
{Heap before GC invocations=11 (full 0):
 garbage-first heap   total 258048K, used 92260K [0x0000000080000000, 0x0000000100000000)
  region size 1024K, 61 young (62464K), 19 survivors (19456K)
 Metaspace       used 58445K, capacity 59864K, committed 59940K, reserved 1101824K
  class space    used 7389K, capacity 7905K, committed 7936K, reserved 1048576K
}
Event: 12.656 GC heap after
{Heap after GC invocations=12 (full 0):
 garbage-first heap   total 258048K, used 52648K [0x0000000080000000, 0x0000000100000000)
  region size 1024K, 2 young (2048K), 2 survivors (2048K)
 Metaspace       used 58445K, capacity 59864K, committed 59940K, reserved 1101824K
  class space    used 7389K, capacity 7905K, committed 7936K, reserved 1048576K
}
Event: 14.170 GC heap before
{Heap before GC invocations=13 (full 0):
 garbage-first heap   total 258048K, used 150952K [0x0000000080000000, 0x0000000100000000)
  region size 1024K, 98 young (100352K), 2 survivors (2048K)
 Metaspace       used 67986K, capacity 69520K, committed 69744K, reserved 1110016K
  class space    used 8578K, capacity 9164K, committed 9292K, reserved 1048576K
}
Event: 14.185 GC heap after
{Heap after GC invocations=14 (full 0):
 garbage-first heap   total 258048K, used 59539K [0x0000000080000000, 0x0000000100000000)
  region size 1024K, 9 young (9216K), 9 survivors (9216K)
 Metaspace       used 67986K, capacity 69520K, committed 69744K, reserved 1110016K
  class space    used 8578K, capacity 9164K, committed 9292K, reserved 1048576K
}
Event: 15.439 GC heap before
{Heap before GC invocations=15 (full 0):
 garbage-first heap   total 258048K, used 159891K [0x0000000080000000, 0x0000000100000000)
  region size 1024K, 107 young (109568K), 9 survivors (9216K)
 Metaspace       used 74470K, capacity 76140K, committed 76272K, reserved 1116160K
  class space    used 9576K, capacity 10172K, committed 10188K, reserved 1048576K
}
Event: 15.460 GC heap after
{Heap after GC invocations=16 (full 0):
 garbage-first heap   total 258048K, used 66553K [0x0000000080000000, 0x0000000100000000)
  region size 1024K, 14 young (14336K), 14 survivors (14336K)
 Metaspace       used 74470K, capacity 76140K, committed 76272K, reserved 1116160K
  class space    used 9576K, capacity 10172K, committed 10188K, reserved 1048576K
}

Deoptimization events (20 events):
Event: 15.856 Thread 0x0000020660f12800 Uncommon trap: trap_request=0xffffff4d fr.pc=0x000002064fa22080 relative=0x00000000000001a0
Event: 15.856 Thread 0x0000020660f12800 Uncommon trap: reason=unstable_if action=reinterpret pc=0x000002064fa22080 method=java.io.WinNTFileSystem.normalize(Ljava/lang/String;)Ljava/lang/String; @ 74 c2
Event: 15.856 Thread 0x0000020660f12800 DEOPT PACKING pc=0x000002064fa22080 sp=0x000000cd432f95a0
Event: 15.856 Thread 0x0000020660f12800 DEOPT UNPACKING pc=0x0000020647d3662f sp=0x000000cd432f9598 mode 2
Event: 15.928 Thread 0x0000020660f12800 Uncommon trap: trap_request=0xffffff4d fr.pc=0x000002064f839ff0 relative=0x0000000000000990
Event: 15.928 Thread 0x0000020660f12800 Uncommon trap: reason=unstable_if action=reinterpret pc=0x000002064f839ff0 method=java.util.HashMap.resize()[Ljava/util/HashMap$Node; @ 203 c2
Event: 15.928 Thread 0x0000020660f12800 DEOPT PACKING pc=0x000002064f839ff0 sp=0x000000cd432f8f90
Event: 15.928 Thread 0x0000020660f12800 DEOPT UNPACKING pc=0x0000020647d3662f sp=0x000000cd432f8f30 mode 2
Event: 15.928 Thread 0x0000020660f12800 Uncommon trap: trap_request=0xffffff4d fr.pc=0x000002064fb40c5c relative=0x0000000000002b5c
Event: 15.928 Thread 0x0000020660f12800 Uncommon trap: reason=unstable_if action=reinterpret pc=0x000002064fb40c5c method=java.util.HashMap.getNode(ILjava/lang/Object;)Ljava/util/HashMap$Node; @ 84 c2
Event: 15.928 Thread 0x0000020660f12800 DEOPT PACKING pc=0x000002064fb40c5c sp=0x000000cd432f9030
Event: 15.928 Thread 0x0000020660f12800 DEOPT UNPACKING pc=0x0000020647d3662f sp=0x000000cd432f8f28 mode 2
Event: 15.928 Thread 0x0000020660f12800 Uncommon trap: trap_request=0xffffff4d fr.pc=0x000002064fb5a190 relative=0x00000000000002d0
Event: 15.928 Thread 0x0000020660f12800 Uncommon trap: reason=unstable_if action=reinterpret pc=0x000002064fb5a190 method=java.util.HashMap.getNode(ILjava/lang/Object;)Ljava/util/HashMap$Node; @ 84 c2
Event: 15.928 Thread 0x0000020660f12800 DEOPT PACKING pc=0x000002064fb5a190 sp=0x000000cd432f8ff0
Event: 15.928 Thread 0x0000020660f12800 DEOPT UNPACKING pc=0x0000020647d3662f sp=0x000000cd432f8f10 mode 2
Event: 15.928 Thread 0x0000020660f12800 Uncommon trap: trap_request=0xffffff4d fr.pc=0x000002064fab42f4 relative=0x00000000000001b4
Event: 15.928 Thread 0x0000020660f12800 Uncommon trap: reason=unstable_if action=reinterpret pc=0x000002064fab42f4 method=java.util.HashMap.getNode(ILjava/lang/Object;)Ljava/util/HashMap$Node; @ 84 c2
Event: 15.928 Thread 0x0000020660f12800 DEOPT PACKING pc=0x000002064fab42f4 sp=0x000000cd432f8f90
Event: 15.928 Thread 0x0000020660f12800 DEOPT UNPACKING pc=0x0000020647d3662f sp=0x000000cd432f8f18 mode 2

Classes redefined (0 events):
No events

Internal exceptions (20 events):
Event: 15.655 Thread 0x0000020660f12800 Exception <a 'java/lang/ClassNotFoundException'{0x000000008e5fd9b8}: com/google/android/gms/dependencies/DependencyInspectorBeanInfo> (0x000000008e5fd9b8) thrown at [./src/hotspot/share/classfile/systemDictionary.cpp, line 231]
Event: 15.656 Thread 0x0000020660f12800 Exception <a 'java/lang/ClassNotFoundException'{0x000000008e419150}: com/google/android/gms/dependencies/DependencyInspectorCustomizer> (0x000000008e419150) thrown at [./src/hotspot/share/classfile/systemDictionary.cpp, line 231]
Event: 15.666 Thread 0x0000020660f12800 Exception <a 'java/lang/ClassNotFoundException'{0x000000008e2b1b60}: org/gradle/api/internal/artifacts/configurations/DefaultConfigurationContainer_DecoratedBeanInfo> (0x000000008e2b1b60) thrown at [./src/hotspot/share/classfile/systemDictionary.cpp, line 231]
Event: 15.667 Thread 0x0000020660f12800 Exception <a 'java/lang/ClassNotFoundException'{0x000000008e2dc3c0}: org/gradle/api/internal/artifacts/configurations/DefaultConfigurationContainerBeanInfo> (0x000000008e2dc3c0) thrown at [./src/hotspot/share/classfile/systemDictionary.cpp, line 231]
Event: 15.667 Thread 0x0000020660f12800 Exception <a 'java/lang/ClassNotFoundException'{0x000000008e2f6ca0}: org/gradle/api/internal/AbstractValidatingNamedDomainObjectContainerBeanInfo> (0x000000008e2f6ca0) thrown at [./src/hotspot/share/classfile/systemDictionary.cpp, line 231]
Event: 15.668 Thread 0x0000020660f12800 Exception <a 'java/lang/ClassNotFoundException'{0x000000008e111bd0}: org/gradle/api/internal/AbstractValidatingNamedDomainObjectContainerCustomizer> (0x000000008e111bd0) thrown at [./src/hotspot/share/classfile/systemDictionary.cpp, line 231]
Event: 15.669 Thread 0x0000020660f12800 Exception <a 'java/lang/ClassNotFoundException'{0x000000008e147230}: org/gradle/api/internal/artifacts/configurations/DefaultConfigurationContainerCustomizer> (0x000000008e147230) thrown at [./src/hotspot/share/classfile/systemDictionary.cpp, line 231]
Event: 15.671 Thread 0x0000020660f12800 Exception <a 'java/lang/ClassNotFoundException'{0x000000008e187f30}: org/gradle/api/internal/artifacts/configurations/DefaultConfigurationContainer_DecoratedCustomizer> (0x000000008e187f30) thrown at [./src/hotspot/share/classfile/systemDictionary.cpp, line 231]
Event: 15.682 Thread 0x0000020660f12800 Exception <a 'java/lang/ClassNotFoundException'{0x000000008de0e2e8}: org/gradle/api/internal/artifacts/configurations/DefaultConfiguration_DecoratedBeanInfo> (0x000000008de0e2e8) thrown at [./src/hotspot/share/classfile/systemDictionary.cpp, line 231]
Event: 15.683 Thread 0x0000020660f12800 Exception <a 'java/lang/ClassNotFoundException'{0x000000008de37de8}: org/gradle/api/internal/artifacts/configurations/DefaultConfigurationBeanInfo> (0x000000008de37de8) thrown at [./src/hotspot/share/classfile/systemDictionary.cpp, line 231]
Event: 15.683 Thread 0x0000020660f12800 Exception <a 'java/lang/ClassNotFoundException'{0x000000008de51548}: org/gradle/api/internal/file/AbstractFileCollectionBeanInfo> (0x000000008de51548) thrown at [./src/hotspot/share/classfile/systemDictionary.cpp, line 231]
Event: 15.684 Thread 0x0000020660f12800 Exception <a 'java/lang/ClassNotFoundException'{0x000000008de6acf8}: org/gradle/api/internal/file/AbstractFileCollectionCustomizer> (0x000000008de6acf8) thrown at [./src/hotspot/share/classfile/systemDictionary.cpp, line 231]
Event: 15.685 Thread 0x0000020660f12800 Exception <a 'java/lang/ClassNotFoundException'{0x000000008dea6a10}: org/gradle/api/internal/artifacts/configurations/DefaultConfigurationCustomizer> (0x000000008dea6a10) thrown at [./src/hotspot/share/classfile/systemDictionary.cpp, line 231]
Event: 15.688 Thread 0x0000020660f12800 Exception <a 'java/lang/ClassNotFoundException'{0x000000008dd2a6e8}: org/gradle/api/internal/artifacts/configurations/DefaultConfiguration_DecoratedCustomizer> (0x000000008dd2a6e8) thrown at [./src/hotspot/share/classfile/systemDictionary.cpp, line 231]
Event: 15.698 Thread 0x0000020660f12800 Exception <a 'java/lang/ClassNotFoundException'{0x000000008dbb3df8}: org/codehaus/groovy/runtime/MethodClosureBeanInfo> (0x000000008dbb3df8) thrown at [./src/hotspot/share/classfile/systemDictionary.cpp, line 231]
Event: 15.700 Thread 0x0000020660f12800 Exception <a 'java/lang/ClassNotFoundException'{0x000000008d98c778}: org/codehaus/groovy/runtime/MethodClosureCustomizer> (0x000000008d98c778) thrown at [./src/hotspot/share/classfile/systemDictionary.cpp, line 231]
Event: 15.702 Thread 0x0000020660f12800 Exception <a 'java/lang/ClassNotFoundException'{0x000000008d9f5638}: org/gradle/api/internal/artifacts/configurations/DefaultConfiguration$ConfigurationResolvableDependencies_DecoratedBeanInfo> (0x000000008d9f5638) thrown at [./src/hotspot/share/classfile/systemDictionary.cpp, line 231]
Event: 15.702 Thread 0x0000020660f12800 Exception <a 'java/lang/ClassNotFoundException'{0x000000008d827998}: org/gradle/api/internal/artifacts/configurations/DefaultConfiguration$ConfigurationResolvableDependenciesBeanInfo> (0x000000008d827998) thrown at [./src/hotspot/share/classfile/systemDictionary.cpp, line 231]
Event: 15.703 Thread 0x0000020660f12800 Exception <a 'java/lang/ClassNotFoundException'{0x000000008d85b170}: org/gradle/api/internal/artifacts/configurations/DefaultConfiguration$ConfigurationResolvableDependenciesCustomizer> (0x000000008d85b170) thrown at [./src/hotspot/share/classfile/systemDictionary.cpp, line 231]
Event: 15.704 Thread 0x0000020660f12800 Exception <a 'java/lang/ClassNotFoundException'{0x000000008d8a0068}: org/gradle/api/internal/artifacts/configurations/DefaultConfiguration$ConfigurationResolvableDependencies_DecoratedCustomizer> (0x000000008d8a0068) thrown at [./src/hotspot/share/classfile/systemDictionary.cpp, line 231]

Events (20 events):
Event: 15.939 loading class org/gradle/api/tasks/TaskInputFilePropertyBuilder
Event: 15.939 loading class org/gradle/api/tasks/TaskInputFilePropertyBuilder done
Event: 15.939 loading class com/android/build/gradle/tasks/JavaCompileKt$recordAnnotationProcessors$1
Event: 15.939 loading class com/android/build/gradle/tasks/JavaCompileKt$recordAnnotationProcessors$1 done
Event: 15.940 loading class org/gradle/api/internal/AbstractTask$11
Event: 15.940 loading class org/gradle/api/internal/AbstractTask$11 done
Event: 15.942 loading class com/android/ide/common/resources/FileValidity
Event: 15.942 loading class com/android/ide/common/resources/FileValidity done
Event: 15.943 loading class com/android/ide/common/resources/AssetSet
Event: 15.943 loading class com/android/ide/common/resources/AssetSet done
Event: 15.946 loading class com/android/ide/common/resources/FileValidity$FileStatus
Event: 15.946 loading class com/android/ide/common/resources/FileValidity$FileStatus done
Event: 15.947 loading class com/android/build/gradle/tasks/MergeSourceSetFolders$MergeAssetBaseCreationAction$configure$assetDirFunction$1
Event: 15.947 loading class com/android/build/gradle/tasks/MergeSourceSetFolders$MergeAssetBaseCreationAction$configure$assetDirFunction$1 done
Event: 15.948 loading class com/android/build/gradle/tasks/MergeSourceSetFolders$MergeAssetBaseCreationAction$configure$1
Event: 15.948 loading class com/android/build/gradle/tasks/MergeSourceSetFolders$MergeAssetBaseCreationAction$configure$1 done
Event: 15.949 loading class com/android/build/gradle/tasks/MergeSourceSetFolders$MergeAssetBaseCreationAction$configure$2
Event: 15.949 loading class com/android/build/gradle/tasks/MergeSourceSetFolders$MergeAssetBaseCreationAction$configure$2 done
Event: 15.950 loading class com/android/build/api/artifact/MultipleArtifact$MULTIDEX_KEEP_PROGUARD
Event: 15.950 loading class com/android/build/api/artifact/MultipleArtifact$MULTIDEX_KEEP_PROGUARD done


Dynamic libraries:
0x00007ff75aae0000 - 0x00007ff75aaea000 	D:\Android installed\jre\bin\java.exe
0x00007ffd35130000 - 0x00007ffd35327000 	C:\WINDOWS\SYSTEM32\ntdll.dll
0x00007ffd34740000 - 0x00007ffd347fd000 	C:\WINDOWS\System32\KERNEL32.DLL
0x00007ffd32b20000 - 0x00007ffd32ded000 	C:\WINDOWS\System32\KERNELBASE.dll
0x00007ffd33090000 - 0x00007ffd33190000 	C:\WINDOWS\System32\ucrtbase.dll
0x00007ffd11140000 - 0x00007ffd11157000 	D:\Android installed\jre\bin\VCRUNTIME140.dll
0x00007ffd2d040000 - 0x00007ffd2d059000 	D:\Android installed\jre\bin\jli.dll
0x00007ffd33c90000 - 0x00007ffd33e30000 	C:\WINDOWS\System32\USER32.dll
0x00007ffd32850000 - 0x00007ffd32872000 	C:\WINDOWS\System32\win32u.dll
0x00007ffd31c60000 - 0x00007ffd31efa000 	C:\WINDOWS\WinSxS\amd64_microsoft.windows.common-controls_6595b64144ccf1df_6.0.19041.1110_none_60b5254171f9507e\COMCTL32.dll
0x00007ffd33b60000 - 0x00007ffd33b8a000 	C:\WINDOWS\System32\GDI32.dll
0x00007ffd34800000 - 0x00007ffd3489e000 	C:\WINDOWS\System32\msvcrt.dll
0x00007ffd328d0000 - 0x00007ffd329db000 	C:\WINDOWS\System32\gdi32full.dll
0x00007ffd329e0000 - 0x00007ffd32a7d000 	C:\WINDOWS\System32\msvcp_win.dll
0x00007ffd33e30000 - 0x00007ffd33e60000 	C:\WINDOWS\System32\IMM32.DLL
0x00007ffcd8b20000 - 0x00007ffcd8bbd000 	D:\Android installed\jre\bin\msvcp140.dll
0x00007ffcd0830000 - 0x00007ffcd1305000 	D:\Android installed\jre\bin\server\jvm.dll
0x00007ffd34970000 - 0x00007ffd34a1e000 	C:\WINDOWS\System32\ADVAPI32.dll
0x00007ffd34e00000 - 0x00007ffd34e9c000 	C:\WINDOWS\System32\sechost.dll
0x00007ffd335c0000 - 0x00007ffd336e5000 	C:\WINDOWS\System32\RPCRT4.dll
0x00007ffd33bf0000 - 0x00007ffd33bf8000 	C:\WINDOWS\System32\PSAPI.DLL
0x00007ffd1d720000 - 0x00007ffd1d729000 	C:\WINDOWS\SYSTEM32\WSOCK32.dll
0x00007ffd2c940000 - 0x00007ffd2c94a000 	C:\WINDOWS\SYSTEM32\VERSION.dll
0x00007ffd294d0000 - 0x00007ffd294f7000 	C:\WINDOWS\SYSTEM32\WINMM.dll
0x00007ffd348a0000 - 0x00007ffd3490b000 	C:\WINDOWS\System32\WS2_32.dll
0x00007ffd30a90000 - 0x00007ffd30aa2000 	C:\WINDOWS\SYSTEM32\kernel.appcore.dll
0x00007ffd10420000 - 0x00007ffd10431000 	D:\Android installed\jre\bin\verify.dll
0x00007ffd32280000 - 0x00007ffd32464000 	C:\WINDOWS\SYSTEM32\DBGHELP.DLL
0x00007ffd32030000 - 0x00007ffd3205c000 	C:\WINDOWS\SYSTEM32\dbgcore.DLL
0x00007ffd33000000 - 0x00007ffd33082000 	C:\WINDOWS\System32\bcryptPrimitives.dll
0x00007ffd0ce30000 - 0x00007ffd0ce59000 	D:\Android installed\jre\bin\java.dll
0x00007ffd1a040000 - 0x00007ffd1a04b000 	D:\Android installed\jre\bin\jimage.dll
0x00007ffd0a340000 - 0x00007ffd0a358000 	D:\Android installed\jre\bin\zip.dll
0x00007ffd33e60000 - 0x00007ffd345a4000 	C:\WINDOWS\System32\SHELL32.dll
0x00007ffd301e0000 - 0x00007ffd30974000 	C:\WINDOWS\SYSTEM32\windows.storage.dll
0x00007ffd33190000 - 0x00007ffd334e4000 	C:\WINDOWS\System32\combase.dll
0x00007ffd31bc0000 - 0x00007ffd31bec000 	C:\WINDOWS\SYSTEM32\Wldp.dll
0x00007ffd345b0000 - 0x00007ffd3465d000 	C:\WINDOWS\System32\SHCORE.dll
0x00007ffd33b90000 - 0x00007ffd33be5000 	C:\WINDOWS\System32\shlwapi.dll
0x00007ffd32790000 - 0x00007ffd327af000 	C:\WINDOWS\SYSTEM32\profapi.dll
0x00007ffd077d0000 - 0x00007ffd077ea000 	D:\Android installed\jre\bin\net.dll
0x00007ffd21ef0000 - 0x00007ffd21ffa000 	C:\WINDOWS\SYSTEM32\WINHTTP.dll
0x00007ffd31a90000 - 0x00007ffd31afa000 	C:\WINDOWS\system32\mswsock.dll
0x00007ffd02760000 - 0x00007ffd02774000 	D:\Android installed\jre\bin\nio.dll
0x00007ffd02730000 - 0x00007ffd02757000 	C:\Users\JKLAPTOP\.gradle\native\e1d6ef7f7dcc3fd88c89a11ec53ec762bb8ba0a96d01ffa2cd45eb1d1d8dd5c5\windows-amd64\native-platform.dll
0x00007ffce17a0000 - 0x00007ffce18e4000 	C:\Users\JKLAPTOP\.gradle\native\5664cfc778a61ccfe75a443a1ab52a65af34e5dc3c78e0209fed803814484fcb\windows-amd64\native-platform-file-events.dll
0x00007ffd1cd20000 - 0x00007ffd1cd2a000 	D:\Android installed\jre\bin\management.dll
0x00007ffd1cd10000 - 0x00007ffd1cd1d000 	D:\Android installed\jre\bin\management_ext.dll
0x00007ffd325e0000 - 0x00007ffd325f8000 	C:\WINDOWS\SYSTEM32\CRYPTSP.dll
0x00007ffd312c0000 - 0x00007ffd312f4000 	C:\WINDOWS\system32\rsaenh.dll
0x00007ffd32a80000 - 0x00007ffd32aa7000 	C:\WINDOWS\System32\bcrypt.dll
0x00007ffd32750000 - 0x00007ffd3277e000 	C:\WINDOWS\SYSTEM32\USERENV.dll
0x00007ffd31b60000 - 0x00007ffd31b6c000 	C:\WINDOWS\SYSTEM32\CRYPTBASE.dll
0x00007ffd31610000 - 0x00007ffd3164b000 	C:\WINDOWS\SYSTEM32\IPHLPAPI.DLL
0x00007ffd34cc0000 - 0x00007ffd34cc8000 	C:\WINDOWS\System32\NSI.dll
0x00007ffd29860000 - 0x00007ffd29877000 	C:\WINDOWS\SYSTEM32\dhcpcsvc6.DLL
0x00007ffd2a140000 - 0x00007ffd2a15d000 	C:\WINDOWS\SYSTEM32\dhcpcsvc.DLL
0x00007ffd31650000 - 0x00007ffd3171b000 	C:\WINDOWS\SYSTEM32\DNSAPI.dll

dbghelp: loaded successfully - version: 4.0.5 - missing functions: none
symbol engine: initialized successfully - sym options: 0x614 - pdb path: .;D:\Android installed\jre\bin;C:\WINDOWS\SYSTEM32;C:\WINDOWS\WinSxS\amd64_microsoft.windows.common-controls_6595b64144ccf1df_6.0.19041.1110_none_60b5254171f9507e;D:\Android installed\jre\bin\server;C:\Users\JKLAPTOP\.gradle\native\e1d6ef7f7dcc3fd88c89a11ec53ec762bb8ba0a96d01ffa2cd45eb1d1d8dd5c5\windows-amd64;C:\Users\JKLAPTOP\.gradle\native\5664cfc778a61ccfe75a443a1ab52a65af34e5dc3c78e0209fed803814484fcb\windows-amd64

VM Arguments:
jvm_args: --add-opens=java.base/java.util=ALL-UNNAMED --add-opens=java.base/java.lang=ALL-UNNAMED --add-opens=java.base/java.lang.invoke=ALL-UNNAMED --add-opens=java.base/java.util=ALL-UNNAMED --add-opens=java.prefs/java.util.prefs=ALL-UNNAMED --add-opens=java.prefs/java.util.prefs=ALL-UNNAMED --add-opens=java.base/java.nio.charset=ALL-UNNAMED --add-opens=java.base/java.net=ALL-UNNAMED --add-opens=java.base/java.util.concurrent.atomic=ALL-UNNAMED -Xmx2048m -Dfile.encoding=UTF-8 -Duser.country=IN -Duser.language=en -Duser.variant 
java_command: org.gradle.launcher.daemon.bootstrap.GradleDaemon 7.2
java_class_path (initial): C:\Users\JKLAPTOP\.gradle\wrapper\dists\gradle-7.2-bin\2dnblmf4td7x66yl1d74lt32g\gradle-7.2\lib\gradle-launcher-7.2.jar
Launcher Type: SUN_STANDARD

[Global flags]
     intx CICompilerCount                          = 3                                         {product} {ergonomic}
     uint ConcGCThreads                            = 1                                         {product} {ergonomic}
     uint G1ConcRefinementThreads                  = 4                                         {product} {ergonomic}
   size_t G1HeapRegionSize                         = 1048576                                   {product} {ergonomic}
    uintx GCDrainStackTargetSize                   = 64                                        {product} {ergonomic}
   size_t InitialHeapSize                          = 264241152                                 {product} {ergonomic}
   size_t MarkStackSize                            = 4194304                                   {product} {ergonomic}
   size_t MaxHeapSize                              = 2147483648                                {product} {command line}
   size_t MaxNewSize                               = 1287651328                                {product} {ergonomic}
   size_t MinHeapDeltaBytes                        = 1048576                                   {product} {ergonomic}
    uintx NonNMethodCodeHeapSize                   = 5830732                                {pd product} {ergonomic}
    uintx NonProfiledCodeHeapSize                  = 122913754                              {pd product} {ergonomic}
    uintx ProfiledCodeHeapSize                     = 122913754                              {pd product} {ergonomic}
    uintx ReservedCodeCacheSize                    = 251658240                              {pd product} {ergonomic}
     bool SegmentedCodeCache                       = true                                      {product} {ergonomic}
     bool UseCompressedClassPointers               = true                                 {lp64_product} {ergonomic}
     bool UseCompressedOops                        = true                                 {lp64_product} {ergonomic}
     bool UseG1GC                                  = true                                      {product} {ergonomic}
     bool UseLargePagesIndividualAllocation        = false                                  {pd product} {ergonomic}

Logging:
Log output configuration:
 #0: stdout all=warning uptime,level,tags
 #1: stderr all=off uptime,level,tags

Environment Variables:
PATH=C:\WINDOWS\system32;C:\WINDOWS;C:\WINDOWS\System32\Wbem;C:\WINDOWS\System32\WindowsPowerShell\v1.0\;C:\WINDOWS\System32\OpenSSH\;C:\Program Files\Git\cmd;C:\Users\JKLAPTOP\AppData\Local\Microsoft\WindowsApps;C:\Users\JKLAPTOP\AppData\Local\GitHubDesktop\bin
USERNAME=JKLAPTOP
OS=Windows_NT
PROCESSOR_IDENTIFIER=Intel64 Family 6 Model 78 Stepping 3, GenuineIntel



---------------  S Y S T E M  ---------------

OS: Windows 10 , 64 bit Build 19041 (10.0.19041.1741)
OS uptime: 0 days 20:31 hours

CPU:total 4 (initial active 4) (2 cores per cpu, 2 threads per core) family 6 model 78 stepping 3 microcode 0xcc, cmov, cx8, fxsr, mmx, sse, sse2, sse3, ssse3, sse4.1, sse4.2, popcnt, avx, avx2, aes, clmul, erms, rtm, 3dnowpref, lzcnt, ht, tsc, tscinvbit, bmi1, bmi2, adx, fma

Memory: 4k page, system-wide physical 16046M (10027M free)
TotalPageFile size 18478M (AvailPageFile size 12568M)
current process WorkingSet (physical memory assigned to process): 452M, peak: 452M
current process commit charge ("private bytes"): 513M, peak: 514M

vm_info: OpenJDK 64-Bit Server VM (11.0.11+9-b60-7590822) for windows-amd64 JRE (11.0.11+9-b60-7590822), built on Jul 29 2021 21:43:44 by "builder" with MS VC++ 14.0 (VS2015)

END.
