#
# A fatal error has been detected by the Java Runtime Environment:
#
#  EXCEPTION_ACCESS_VIOLATION (0xc0000005) at pc=0x00007ffe9964d266, pid=10896, tid=9872
#
# JRE version: OpenJDK Runtime Environment (11.0.11+9) (build 11.0.11+9-b60-7590822)
# Java VM: OpenJDK 64-Bit Server VM (11.0.11+9-b60-7590822, mixed mode, tiered, compressed oops, g1 gc, windows-amd64)
# Problematic frame:
# V  [jvm.dll+0x18d266]
#
# No core dump will be written. Minidumps are not enabled by default on client versions of Windows
#
# If you would like to submit a bug report, please visit:
#   https://bugreport.java.com/bugreport/crash.jsp
#

---------------  S U M M A R Y ------------

Command Line: --add-opens=java.base/java.util=ALL-UNNAMED --add-opens=java.base/java.lang=ALL-UNNAMED --add-opens=java.base/java.lang.invoke=ALL-UNNAMED --add-opens=java.base/java.util=ALL-UNNAMED --add-opens=java.prefs/java.util.prefs=ALL-UNNAMED --add-opens=java.prefs/java.util.prefs=ALL-UNNAMED --add-opens=java.base/java.nio.charset=ALL-UNNAMED --add-opens=java.base/java.net=ALL-UNNAMED --add-opens=java.base/java.util.concurrent.atomic=ALL-UNNAMED -Xmx2048m -Dfile.encoding=UTF-8 -Duser.country=IN -Duser.language=en -Duser.variant org.gradle.launcher.daemon.bootstrap.GradleDaemon 7.2

Host: Intel(R) Core(TM) i5-6300U CPU @ 2.40GHz, 4 cores, 15G,  Windows 10 , 64 bit Build 19041 (10.0.19041.1645)
Time: Mon May  9 13:49:30 2022 India Standard Time elapsed time: 336.791796 seconds (0d 0h 5m 36s)

---------------  T H R E A D  ---------------

Current thread (0x0000025020a92800):  ConcurrentGCThread "G1 Conc#0" [stack: 0x000000b016400000,0x000000b016500000] [id=9872]

Stack: [0x000000b016400000,0x000000b016500000],  sp=0x000000b0164ff318,  free space=1020k
Native frames: (J=compiled Java code, j=interpreted, Vv=VM code, C=native code)
V  [jvm.dll+0x18d266]


siginfo: EXCEPTION_ACCESS_VIOLATION (0xc0000005), reading address 0x000000017b1b2b28


Register to memory mapping:

RIP=0x00007ffe9964d266 jvm.dll
RAX=0x0000000000000001 is an unknown value
RBX=0x0000000082284110 is pointing into object: [B 
{0x0000000082283390} - klass: {type array byte}
