#
# A fatal error has been detected by the Java Runtime Environment:
#
#  EXCEPTION_ACCESS_VIOLATION (0xc0000005) at pc=0x00007ff98e6ffbbd, pid=9488, tid=4292
#
# JRE version: OpenJDK Runtime Environment (11.0.11+9) (build 11.0.11+9-b60-7590822)
# Java VM: OpenJDK 64-Bit Server VM (11.0.11+9-b60-7590822, mixed mode, tiered, compressed oops, g1 gc, windows-amd64)
# Problematic frame:
# V  [jvm.dll+0x61fbbd]
#
# No core dump will be written. Minidumps are not enabled by default on client versions of Windows
#
# If you would like to submit a bug report, please visit:
#   https://bugreport.java.com/bugreport/crash.jsp
#

---------------  S U M M A R Y ------------

Command Line: --add-opens=java.base/java.util=ALL-UNNAMED --add-opens=java.base/java.lang=ALL-UNNAMED --add-opens=java.base/java.lang.invoke=ALL-UNNAMED --add-opens=java.base/java.util=ALL-UNNAMED --add-opens=java.prefs/java.util.prefs=ALL-UNNAMED --add-opens=java.prefs/java.util.prefs=ALL-UNNAMED --add-opens=java.base/java.nio.charset=ALL-UNNAMED --add-opens=java.base/java.net=ALL-UNNAMED --add-opens=java.base/java.util.concurrent.atomic=ALL-UNNAMED -Xmx2048m -Dfile.encoding=UTF-8 -Duser.country=IN -Duser.language=en -Duser.variant org.gradle.launcher.daemon.bootstrap.GradleDaemon 7.2

Host: Intel(R) Core(TM) i5-6300U CPU @ 2.40GHz, 4 cores, 15G,  Windows 10 , 64 bit Build 19041 (10.0.19041.1706)
Time: Thu Jun  2 14:17:48 2022 India Standard Time elapsed time: 47.748656 seconds (0d 0h 0m 47s)

---------------  T H R E A D  ---------------

Current thread (0x00000235f1b0f800):  JavaThread "C2 CompilerThread1" daemon [_thread_in_native, id=4292, stack(0x000000e13ab00000,0x000000e13ac00000)]


Current CompileTask:
C2:  47748 12881       4       com.android.ide.common.blame.MergingLogPersistUtil$$Lambda$1064/0x0000000100c70c40::accept (12 bytes)

Stack: [0x000000e13ab00000,0x000000e13ac00000],  sp=0x000000e13abfa9f0,  free space=1002k
Native frames: (J=compiled Java code, j=interpreted, Vv=VM code, C=native code)
V  [jvm.dll+0x61fbbd]
V  [jvm.dll+0x61e90d]
V  [jvm.dll+0x508c38]
V  [jvm.dll+0x203d53]
V  [jvm.dll+0x1fdbac]
V  [jvm.dll+0x1fb35f]
V  [jvm.dll+0x183d6c]
V  [jvm.dll+0x209a57]
V  [jvm.dll+0x2082a1]
V  [jvm.dll+0x6ef58f]
V  [jvm.dll+0x6e80b5]
V  [jvm.dll+0x5f1036]
C  [ucrtbase.dll+0x21bb2]
C  [KERNEL32.DLL+0x17034]
C  [ntdll.dll+0x52651]


siginfo: EXCEPTION_ACCESS_VIOLATION (0xc0000005), reading address 0xffffffffffffffff


Register to memory mapping:

RIP=0x00007ff98e6ffbbd jvm.dll
RAX=0x00007ff98e900900 jvm.dll
RBX=0x00000235e961da60 points into unknown readable memory: 0x00007ff98e8de010 | 10 e0 8d 8e f9 7f 00 00
RCX=0x00000235e961dd58 points into unknown readable memory: 0x00000235e4981210 | 10 12 98 e4 35 02 00 00
RDX=0x0 is NULL
RSP=0x000000e13abfa9f0 is pointing into the stack for thread: 0x00000235f1b0f800
RBP=0x00000000000063e5 is an unknown value
RSI=0x000000e13abfc520 is pointing into the stack for thread: 0x00000235f1b0f800
RDI=0x00020235eb5d7510 is an unknown value
R8 =0x0000000000040000 is an unknown value
R9 =0x0000000000000001 is an unknown value
R10=0x0000000000007fff is an unknown value
R11=0x000000e13abfc520 is pointing into the stack for thread: 0x00000235f1b0f800
R12=0x0 is NULL
R13=0x0 is NULL
R14=0x00000235e76a8838 points into unknown readable memory: 0x00007ff98e8effb0 | b0 ff 8e 8e f9 7f 00 00
R15=0x00000000000000c5 is an unknown value


Registers:
RAX=0x00007ff98e900900, RBX=0x00000235e961da60, RCX=0x00000235e961dd58, RDX=0x0000000000000000
RSP=0x000000e13abfa9f0, RBP=0x00000000000063e5, RSI=0x000000e13abfc520, RDI=0x00020235eb5d7510
R8 =0x0000000000040000, R9 =0x0000000000000001, R10=0x0000000000007fff, R11=0x000000e13abfc520
R12=0x0000000000000000, R13=0x0000000000000000, R14=0x00000235e76a8838, R15=0x00000000000000c5
RIP=0x00007ff98e6ffbbd, EFLAGS=0x0000000000010206

Top of Stack: (sp=0x000000e13abfa9f0)
0x000000e13abfa9f0:   000000e13abfc520 00000235e961da60
0x000000e13abfaa00:   000000e100000000 00000235ee817aa8
0x000000e13abfaa10:   00000000000000c5 000000e13abfc520
0x000000e13abfaa20:   00000235e961da60 00007ff98e6fe90d
0x000000e13abfaa30:   0000000000000021 00000235e76a8838
0x000000e13abfaa40:   000000e13abfcef8 00000235e4a0ce88
0x000000e13abfaa50:   0000000000000000 0000000000000002
0x000000e13abfaa60:   000000e13abfaef0 00007ff98e5e8c38
0x000000e13abfaa70:   00000235efb729b0 000000e13abfab70
0x000000e13abfaa80:   00000235efb729b0 0000000000000001
0x000000e13abfaa90:   00000235ead54be0 0000000000001000
0x000000e13abfaaa0:   00000235ee5477e0 0000023500000000
0x000000e13abfaab0:   000000e100000001 00007ff98e952368
0x000000e13abfaac0:   00000235ead54be0 0000023500000400
0x000000e13abfaad0:   00000235ee213380 00000235ead54be0
0x000000e13abfaae0:   00000235eae0dde0 00000000001d8158 

Instructions: (pc=0x00007ff98e6ffbbd)
0x00007ff98e6ffabd:   01 4c 8b c3 48 8b d6 48 8b 48 28 48 8b 01 ff 50
0x00007ff98e6ffacd:   70 48 8b f8 48 85 c0 75 12 48 8b 03 41 b0 01 48
0x00007ff98e6ffadd:   8b d6 48 8b cb ff 50 48 48 8b f8 48 85 ff 74 5d
0x00007ff98e6ffaed:   0f 1f 00 48 8b d3 48 8b ce e8 c5 d1 ff ff 48 3b
0x00007ff98e6ffafd:   df 74 11 4c 8b c7 48 8b d3 48 8b ce e8 c2 f6 ff
0x00007ff98e6ffb0d:   ff 48 8b df 48 8b 05 78 38 3d 00 41 b1 01 4c 8b
0x00007ff98e6ffb1d:   c3 48 8b d6 48 8b 48 28 48 8b 01 ff 50 70 48 8b
0x00007ff98e6ffb2d:   f8 48 85 c0 75 12 48 8b 03 41 b0 01 48 8b d6 48
0x00007ff98e6ffb3d:   8b cb ff 50 48 48 8b f8 48 85 ff 75 a6 8b 7b 28
0x00007ff98e6ffb4d:   3b 7e 48 72 17 8b d7 48 8d 4e 40 e8 d3 18 fb ff
0x00007ff98e6ffb5d:   48 8b 46 50 48 c7 04 f8 00 00 00 00 48 8b 03 48
0x00007ff98e6ffb6d:   8b d6 48 8b cb ff 50 40 48 8b 4e 50 48 8b f8 8b
0x00007ff98e6ffb7d:   6b 28 48 39 04 e9 74 38 4c 89 74 24 48 3b 6e 48
0x00007ff98e6ffb8d:   72 0b 8b d5 48 8d 4e 40 e8 96 18 fb ff 48 8b 46
0x00007ff98e6ffb9d:   50 48 8b d7 48 8b cb 48 89 3c e8 e8 33 28 fb ff
0x00007ff98e6ffbad:   48 8b d3 48 8b ce e8 08 d1 ff ff 4c 8b 74 24 48
0x00007ff98e6ffbbd:   48 8b 07 48 8b cf ff 50 40 48 8b 6c 24 40 84 c0
0x00007ff98e6ffbcd:   74 43 0f b6 43 30 c0 e8 04 a8 01 75 38 48 8b d7
0x00007ff98e6ffbdd:   48 8b ce e8 cb eb ff ff 48 8b f8 48 8b d3 48 8b
0x00007ff98e6ffbed:   ce e8 cd d0 ff ff 4c 8b c7 48 8b d3 48 8b ce e8
0x00007ff98e6ffbfd:   cf f5 ff ff 48 8b c7 48 8b 5c 24 50 48 83 c4 20
0x00007ff98e6ffc0d:   41 5f 5f 5e c3 48 8b 05 77 37 3d 00 4c 8b c3 48
0x00007ff98e6ffc1d:   8b d6 48 8b 48 28 48 8b 01 ff 50 78 48 8b f8 48
0x00007ff98e6ffc2d:   3b c3 75 b7 48 8b 03 48 8b d6 48 8b cb ff 50 38
0x00007ff98e6ffc3d:   48 8b f8 48 3b c3 75 a3 48 8b d3 48 8d 8e 88 09
0x00007ff98e6ffc4d:   00 00 e8 bc e7 ff ff 48 8b f8 48 85 c0 74 05 48
0x00007ff98e6ffc5d:   3b c3 75 87 48 8b c3 48 8b 5c 24 50 48 83 c4 20
0x00007ff98e6ffc6d:   41 5f 5f 5e c3 cc cc cc cc cc cc cc cc cc cc cc
0x00007ff98e6ffc7d:   cc cc cc 40 53 55 56 48 83 ec 20 48 8b 41 50 48
0x00007ff98e6ffc8d:   8b e9 44 8b 42 28 48 8b f2 4a 8b 1c c0 48 8b cb
0x00007ff98e6ffc9d:   48 8b 03 ff 50 40 84 c0 0f 84 b1 01 00 00 48 8b
0x00007ff98e6ffcad:   0d 46 06 41 00 48 89 7c 24 40 4c 89 64 24 48 4c 


Stack slot to memory mapping:
stack at sp + 0 slots: 0x000000e13abfc520 is pointing into the stack for thread: 0x00000235f1b0f800
stack at sp + 1 slots: 0x00000235e961da60 points into unknown readable memory: 0x00007ff98e8de010 | 10 e0 8d 8e f9 7f 00 00
stack at sp + 2 slots: 0x000000e100000000 is an unknown value
stack at sp + 3 slots: 0x00000235ee817aa8 points into unknown readable memory: 0x00007ff98e8dced8 | d8 ce 8d 8e f9 7f 00 00
stack at sp + 4 slots: 0x00000000000000c5 is an unknown value
stack at sp + 5 slots: 0x000000e13abfc520 is pointing into the stack for thread: 0x00000235f1b0f800
stack at sp + 6 slots: 0x00000235e961da60 points into unknown readable memory: 0x00007ff98e8de010 | 10 e0 8d 8e f9 7f 00 00
stack at sp + 7 slots: 0x00007ff98e6fe90d jvm.dll


---------------  P R O C E S S  ---------------

Threads class SMR info:
_java_thread_list=0x00000235ee254ff0, length=87, elements={
0x00000235c7dbc000, 0x00000235e4171800, 0x00000235e417b000, 0x00000235e394e000,
0x00000235e41cd800, 0x00000235e41d0000, 0x00000235e41d6000, 0x00000235e41da800,
0x00000235e41e4000, 0x00000235e4337800, 0x00000235e6fe8800, 0x00000235e4411000,
0x00000235e7019000, 0x00000235e515b800, 0x00000235e632c000, 0x00000235e713b800,
0x00000235e5b3c000, 0x00000235e5abb800, 0x00000235e6dad000, 0x00000235e6daa800,
0x00000235e6daa000, 0x00000235e6da8800, 0x00000235e6daf000, 0x00000235e6da9000,
0x00000235e6dab800, 0x00000235e6dac800, 0x00000235e6dae000, 0x00000235e7d27000,
0x00000235e7d24800, 0x00000235e7d28000, 0x00000235e7d24000, 0x00000235e7d25800,
0x00000235e7d26800, 0x00000235e7d23000, 0x00000235e7d29800, 0x00000235e7d30000,
0x00000235e7d2c000, 0x00000235e7d2d800, 0x00000235e7d2a800, 0x00000235e7d2f800,
0x00000235e7d31000, 0x00000235e7d2d000, 0x00000235e7d2b800, 0x00000235e7d2e800,
0x00000235e4905800, 0x00000235e4909800, 0x00000235e490a000, 0x00000235e4908800,
0x00000235e490b000, 0x00000235e4907000, 0x00000235e490c000, 0x00000235e4906000,
0x00000235e490c800, 0x00000235e490d800, 0x00000235e4907800, 0x00000235e490f000,
0x00000235e490e000, 0x00000235e4912800, 0x00000235e4913000, 0x00000235e4911800,
0x00000235e4914000, 0x00000235e4910000, 0x00000235e4910800, 0x00000235e9807800,
0x00000235e9809000, 0x00000235e980b800, 0x00000235e980b000, 0x00000235e9806000,
0x00000235e9808800, 0x00000235e980c800, 0x00000235e980a000, 0x00000235e9806800,
0x00000235e9812000, 0x00000235e9811800, 0x00000235e980d800, 0x00000235e980e000,
0x00000235e9814800, 0x00000235e9813000, 0x00000235e980f000, 0x00000235e9810800,
0x00000235e980f800, 0x00000235eb678800, 0x00000235eb675000, 0x00000235eb679800,
0x00000235eb676000, 0x00000235eb674800, 0x00000235f1b0f800
}

Java Threads: ( => current thread )
  0x00000235c7dbc000 JavaThread "main" [_thread_blocked, id=9588, stack(0x000000e134700000,0x000000e134800000)]
  0x00000235e4171800 JavaThread "Reference Handler" daemon [_thread_blocked, id=9584, stack(0x000000e134e00000,0x000000e134f00000)]
  0x00000235e417b000 JavaThread "Finalizer" daemon [_thread_blocked, id=9628, stack(0x000000e134f00000,0x000000e135000000)]
  0x00000235e394e000 JavaThread "Signal Dispatcher" daemon [_thread_blocked, id=5876, stack(0x000000e135000000,0x000000e135100000)]
  0x00000235e41cd800 JavaThread "Attach Listener" daemon [_thread_blocked, id=3268, stack(0x000000e135100000,0x000000e135200000)]
  0x00000235e41d0000 JavaThread "Service Thread" daemon [_thread_blocked, id=4356, stack(0x000000e135200000,0x000000e135300000)]
  0x00000235e41d6000 JavaThread "C2 CompilerThread0" daemon [_thread_in_native, id=5932, stack(0x000000e135300000,0x000000e135400000)]
  0x00000235e41da800 JavaThread "C1 CompilerThread0" daemon [_thread_blocked, id=10324, stack(0x000000e135400000,0x000000e135500000)]
  0x00000235e41e4000 JavaThread "Sweeper thread" daemon [_thread_blocked, id=9916, stack(0x000000e135500000,0x000000e135600000)]
  0x00000235e4337800 JavaThread "Common-Cleaner" daemon [_thread_blocked, id=7908, stack(0x000000e135600000,0x000000e135700000)]
  0x00000235e6fe8800 JavaThread "Daemon health stats" [_thread_blocked, id=12124, stack(0x000000e135c00000,0x000000e135d00000)]
  0x00000235e4411000 JavaThread "Incoming local TCP Connector on port 50030" [_thread_in_native, id=6316, stack(0x000000e135800000,0x000000e135900000)]
  0x00000235e7019000 JavaThread "Daemon periodic checks" [_thread_blocked, id=6464, stack(0x000000e135d00000,0x000000e135e00000)]
  0x00000235e515b800 JavaThread "Daemon" [_thread_blocked, id=3820, stack(0x000000e135e00000,0x000000e135f00000)]
  0x00000235e632c000 JavaThread "Handler for socket connection from /127.0.0.1:50030 to /127.0.0.1:50031" [_thread_in_native, id=7504, stack(0x000000e135f00000,0x000000e136000000)]
  0x00000235e713b800 JavaThread "Cancel handler" [_thread_blocked, id=4948, stack(0x000000e136000000,0x000000e136100000)]
  0x00000235e5b3c000 JavaThread "Daemon worker" [_thread_blocked, id=10832, stack(0x000000e136100000,0x000000e136200000)]
  0x00000235e5abb800 JavaThread "Asynchronous log dispatcher for DefaultDaemonConnection: socket connection from /127.0.0.1:50030 to /127.0.0.1:50031" [_thread_blocked, id=1992, stack(0x000000e136200000,0x000000e136300000)]
  0x00000235e6dad000 JavaThread "Stdin handler" [_thread_blocked, id=11484, stack(0x000000e136300000,0x000000e136400000)]
  0x00000235e6daa800 JavaThread "Daemon client event forwarder" [_thread_blocked, id=10068, stack(0x000000e136400000,0x000000e136500000)]
  0x00000235e6daa000 JavaThread "Cache worker for journal cache (C:\Users\JKLAPTOP\.gradle\caches\journal-1)" [_thread_blocked, id=9708, stack(0x000000e136500000,0x000000e136600000)]
  0x00000235e6da8800 JavaThread "File lock request listener" [_thread_in_native, id=4360, stack(0x000000e136600000,0x000000e136700000)]
  0x00000235e6daf000 JavaThread "Cache worker for file hash cache (C:\Users\JKLAPTOP\.gradle\caches\7.2\fileHashes)" [_thread_blocked, id=1740, stack(0x000000e136700000,0x000000e136800000)]
  0x00000235e6da9000 JavaThread "Cache worker for file hash cache (D:\Project-2.4\.gradle\7.2\fileHashes)" [_thread_blocked, id=7476, stack(0x000000e136900000,0x000000e136a00000)]
  0x00000235e6dab800 JavaThread "File watcher server" daemon [_thread_in_native, id=7344, stack(0x000000e136a00000,0x000000e136b00000)]
  0x00000235e6dac800 JavaThread "File watcher consumer" daemon [_thread_blocked, id=9844, stack(0x000000e136b00000,0x000000e136c00000)]
  0x00000235e6dae000 JavaThread "Cache worker for checksums cache (D:\Project-2.4\.gradle\checksums)" [_thread_blocked, id=3824, stack(0x000000e136c00000,0x000000e136d00000)]
  0x00000235e7d27000 JavaThread "Cache worker for cache directory md-supplier (C:\Users\JKLAPTOP\.gradle\caches\7.2\md-supplier)" [_thread_blocked, id=3972, stack(0x000000e136d00000,0x000000e136e00000)]
  0x00000235e7d24800 JavaThread "Cache worker for cache directory md-rule (C:\Users\JKLAPTOP\.gradle\caches\7.2\md-rule)" [_thread_blocked, id=9688, stack(0x000000e136e00000,0x000000e136f00000)]
  0x00000235e7d28000 JavaThread "Cache worker for execution history cache (C:\Users\JKLAPTOP\.gradle\caches\7.2\executionHistory)" [_thread_blocked, id=9728, stack(0x000000e136f00000,0x000000e137000000)]
  0x00000235e7d24000 JavaThread "jar transforms" [_thread_blocked, id=10156, stack(0x000000e137000000,0x000000e137100000)]
  0x00000235e7d25800 JavaThread "jar transforms Thread 2" [_thread_blocked, id=5772, stack(0x000000e137100000,0x000000e137200000)]
  0x00000235e7d26800 JavaThread "Cache worker for file content cache (C:\Users\JKLAPTOP\.gradle\caches\7.2\fileContent)" [_thread_blocked, id=3344, stack(0x000000e137200000,0x000000e137300000)]
  0x00000235e7d23000 JavaThread "Cache worker for dependencies-accessors (D:\Project-2.4\.gradle\7.2\dependencies-accessors)" [_thread_blocked, id=4816, stack(0x000000e137300000,0x000000e137400000)]
  0x00000235e7d29800 JavaThread "jar transforms Thread 3" [_thread_blocked, id=1928, stack(0x000000e137400000,0x000000e137500000)]
  0x00000235e7d30000 JavaThread "Cache worker for Build Output Cleanup Cache (D:\Project-2.4\.gradle\buildOutputCleanup)" [_thread_blocked, id=2236, stack(0x000000e137500000,0x000000e137600000)]
  0x00000235e7d2c000 JavaThread "Unconstrained build operations" [_thread_blocked, id=9716, stack(0x000000e136800000,0x000000e136900000)]
  0x00000235e7d2d800 JavaThread "Unconstrained build operations Thread 2" [_thread_blocked, id=4036, stack(0x000000e137600000,0x000000e137700000)]
  0x00000235e7d2a800 JavaThread "Unconstrained build operations Thread 3" [_thread_blocked, id=3860, stack(0x000000e137700000,0x000000e137800000)]
  0x00000235e7d2f800 JavaThread "Unconstrained build operations Thread 4" [_thread_blocked, id=5392, stack(0x000000e137800000,0x000000e137900000)]
  0x00000235e7d31000 JavaThread "Unconstrained build operations Thread 5" [_thread_blocked, id=3780, stack(0x000000e137900000,0x000000e137a00000)]
  0x00000235e7d2d000 JavaThread "Unconstrained build operations Thread 6" [_thread_blocked, id=3700, stack(0x000000e137a00000,0x000000e137b00000)]
  0x00000235e7d2b800 JavaThread "Unconstrained build operations Thread 7" [_thread_blocked, id=3704, stack(0x000000e137b00000,0x000000e137c00000)]
  0x00000235e7d2e800 JavaThread "Unconstrained build operations Thread 8" [_thread_blocked, id=6456, stack(0x000000e137c00000,0x000000e137d00000)]
  0x00000235e4905800 JavaThread "Unconstrained build operations Thread 9" [_thread_blocked, id=6164, stack(0x000000e137d00000,0x000000e137e00000)]
  0x00000235e4909800 JavaThread "Unconstrained build operations Thread 10" [_thread_blocked, id=11968, stack(0x000000e137e00000,0x000000e137f00000)]
  0x00000235e490a000 JavaThread "Unconstrained build operations Thread 11" [_thread_blocked, id=8880, stack(0x000000e137f00000,0x000000e138000000)]
  0x00000235e4908800 JavaThread "Unconstrained build operations Thread 12" [_thread_blocked, id=6652, stack(0x000000e138000000,0x000000e138100000)]
  0x00000235e490b000 JavaThread "Unconstrained build operations Thread 13" [_thread_blocked, id=5016, stack(0x000000e138100000,0x000000e138200000)]
  0x00000235e4907000 JavaThread "Unconstrained build operations Thread 14" [_thread_blocked, id=10368, stack(0x000000e138200000,0x000000e138300000)]
  0x00000235e490c000 JavaThread "Unconstrained build operations Thread 15" [_thread_blocked, id=4052, stack(0x000000e138300000,0x000000e138400000)]
  0x00000235e4906000 JavaThread "Unconstrained build operations Thread 16" [_thread_blocked, id=3504, stack(0x000000e138400000,0x000000e138500000)]
  0x00000235e490c800 JavaThread "Unconstrained build operations Thread 17" [_thread_blocked, id=10668, stack(0x000000e138500000,0x000000e138600000)]
  0x00000235e490d800 JavaThread "Unconstrained build operations Thread 18" [_thread_blocked, id=5964, stack(0x000000e138600000,0x000000e138700000)]
  0x00000235e4907800 JavaThread "Unconstrained build operations Thread 19" [_thread_blocked, id=5348, stack(0x000000e138700000,0x000000e138800000)]
  0x00000235e490f000 JavaThread "Unconstrained build operations Thread 20" [_thread_blocked, id=10228, stack(0x000000e138800000,0x000000e138900000)]
  0x00000235e490e000 JavaThread "Unconstrained build operations Thread 21" [_thread_blocked, id=5972, stack(0x000000e138900000,0x000000e138a00000)]
  0x00000235e4912800 JavaThread "Unconstrained build operations Thread 22" [_thread_blocked, id=6020, stack(0x000000e138a00000,0x000000e138b00000)]
  0x00000235e4913000 JavaThread "Unconstrained build operations Thread 23" [_thread_blocked, id=6024, stack(0x000000e138b00000,0x000000e138c00000)]
  0x00000235e4911800 JavaThread "Unconstrained build operations Thread 24" [_thread_blocked, id=2952, stack(0x000000e138c00000,0x000000e138d00000)]
  0x00000235e4914000 JavaThread "Unconstrained build operations Thread 25" [_thread_blocked, id=5204, stack(0x000000e138d00000,0x000000e138e00000)]
  0x00000235e4910000 JavaThread "Unconstrained build operations Thread 26" [_thread_blocked, id=5800, stack(0x000000e138e00000,0x000000e138f00000)]
  0x00000235e4910800 JavaThread "Unconstrained build operations Thread 27" [_thread_blocked, id=10892, stack(0x000000e138f00000,0x000000e139000000)]
  0x00000235e9807800 JavaThread "Unconstrained build operations Thread 28" [_thread_blocked, id=5936, stack(0x000000e139000000,0x000000e139100000)]
  0x00000235e9809000 JavaThread "Unconstrained build operations Thread 29" [_thread_blocked, id=5748, stack(0x000000e139100000,0x000000e139200000)]
  0x00000235e980b800 JavaThread "Unconstrained build operations Thread 30" [_thread_blocked, id=2800, stack(0x000000e139200000,0x000000e139300000)]
  0x00000235e980b000 JavaThread "Unconstrained build operations Thread 31" [_thread_blocked, id=2964, stack(0x000000e139300000,0x000000e139400000)]
  0x00000235e9806000 JavaThread "Unconstrained build operations Thread 32" [_thread_blocked, id=6972, stack(0x000000e139400000,0x000000e139500000)]
  0x00000235e9808800 JavaThread "Unconstrained build operations Thread 33" [_thread_blocked, id=7496, stack(0x000000e139500000,0x000000e139600000)]
  0x00000235e980c800 JavaThread "Unconstrained build operations Thread 34" [_thread_blocked, id=8060, stack(0x000000e139600000,0x000000e139700000)]
  0x00000235e980a000 JavaThread "Unconstrained build operations Thread 35" [_thread_blocked, id=9720, stack(0x000000e139700000,0x000000e139800000)]
  0x00000235e9806800 JavaThread "Unconstrained build operations Thread 36" [_thread_blocked, id=11684, stack(0x000000e139800000,0x000000e139900000)]
  0x00000235e9812000 JavaThread "Unconstrained build operations Thread 37" [_thread_blocked, id=5384, stack(0x000000e139900000,0x000000e139a00000)]
  0x00000235e9811800 JavaThread "Unconstrained build operations Thread 38" [_thread_blocked, id=6676, stack(0x000000e139a00000,0x000000e139b00000)]
  0x00000235e980d800 JavaThread "Unconstrained build operations Thread 39" [_thread_blocked, id=3100, stack(0x000000e139b00000,0x000000e139c00000)]
  0x00000235e980e000 JavaThread "Unconstrained build operations Thread 40" [_thread_blocked, id=6984, stack(0x000000e139c00000,0x000000e139d00000)]
  0x00000235e9814800 JavaThread "jar transforms Thread 4" [_thread_blocked, id=2900, stack(0x000000e139e00000,0x000000e139f00000)]
  0x00000235e9813000 JavaThread "Memory manager" [_thread_blocked, id=6372, stack(0x000000e139f00000,0x000000e13a000000)]
  0x00000235e980f000 JavaThread "build event listener" [_thread_blocked, id=8032, stack(0x000000e13a000000,0x000000e13a100000)]
  0x00000235e9810800 JavaThread "pool-3-thread-1" [_thread_blocked, id=12256, stack(0x000000e13a100000,0x000000e13a200000)]
  0x00000235e980f800 JavaThread "build event listener" [_thread_blocked, id=10736, stack(0x000000e13a200000,0x000000e13a300000)]
  0x00000235eb678800 JavaThread "Execution worker for ':'" [_thread_in_Java, id=788, stack(0x000000e13a300000,0x000000e13a400000)]
  0x00000235eb675000 JavaThread "Execution worker for ':' Thread 2" [_thread_blocked, id=7348, stack(0x000000e13a400000,0x000000e13a500000)]
  0x00000235eb679800 JavaThread "Execution worker for ':' Thread 3" [_thread_blocked, id=6508, stack(0x000000e13a500000,0x000000e13a600000)]
  0x00000235eb676000 JavaThread "Cache worker for execution history cache (D:\Project-2.4\.gradle\7.2\executionHistory)" [_thread_blocked, id=8908, stack(0x000000e13a600000,0x000000e13a700000)]
  0x00000235eb674800 JavaThread "WorkerExecutor Queue" [_thread_blocked, id=1704, stack(0x000000e13a700000,0x000000e13a800000)]
=>0x00000235f1b0f800 JavaThread "C2 CompilerThread1" daemon [_thread_in_native, id=4292, stack(0x000000e13ab00000,0x000000e13ac00000)]

Other Threads:
  0x00000235e3946800 VMThread "VM Thread" [stack: 0x000000e134d00000,0x000000e134e00000] [id=9448]
  0x00000235e437c000 WatcherThread [stack: 0x000000e135700000,0x000000e135800000] [id=11756]
  0x00000235c7dd2800 GCTaskThread "GC Thread#0" [stack: 0x000000e134800000,0x000000e134900000] [id=9540]
  0x00000235e4abf800 GCTaskThread "GC Thread#1" [stack: 0x000000e135900000,0x000000e135a00000] [id=9368]
  0x00000235e4a3d000 GCTaskThread "GC Thread#2" [stack: 0x000000e135a00000,0x000000e135b00000] [id=7284]
  0x00000235e454a000 GCTaskThread "GC Thread#3" [stack: 0x000000e135b00000,0x000000e135c00000] [id=10564]
  0x00000235c7e05800 ConcurrentGCThread "G1 Main Marker" [stack: 0x000000e134900000,0x000000e134a00000] [id=2604]
  0x00000235c7e07800 ConcurrentGCThread "G1 Conc#0" [stack: 0x000000e134a00000,0x000000e134b00000] [id=9700]
  0x00000235c7e9e000 ConcurrentGCThread "G1 Refine#0" [stack: 0x000000e134b00000,0x000000e134c00000] [id=10124]
  0x00000235e7e6f000 ConcurrentGCThread "G1 Refine#1" [stack: 0x000000e139d00000,0x000000e139e00000] [id=7296]
  0x00000235e7e6c000 ConcurrentGCThread "G1 Refine#2" [stack: 0x000000e13aa00000,0x000000e13ab00000] [id=6192]
  0x00000235e37b2800 ConcurrentGCThread "G1 Young RemSet Sampling" [stack: 0x000000e134c00000,0x000000e134d00000] [id=10208]

Threads with active compile tasks:
C2 CompilerThread0  47877 12882       4       com.android.ide.common.blame.MergingLogPersistUtil::lambda$normalize$0 (107 bytes)
C2 CompilerThread1  47877 12881       4       com.android.ide.common.blame.MergingLogPersistUtil$$Lambda$1064/0x0000000100c70c40::accept (12 bytes)

VM state:not at safepoint (normal execution)

VM Mutex/Monitor currently owned by a thread: None

Heap address: 0x0000000080000000, size: 2048 MB, Compressed Oops mode: 32-bit
Narrow klass base: 0x0000000000000000, Narrow klass shift: 3
Compressed class space size: 1073741824 Address: 0x0000000100000000

Heap:
 garbage-first heap   total 258048K, used 197538K [0x0000000080000000, 0x0000000100000000)
  region size 1024K, 85 young (87040K), 15 survivors (15360K)
 Metaspace       used 93901K, capacity 96172K, committed 96204K, reserved 1132544K
  class space    used 11911K, capacity 12740K, committed 12748K, reserved 1048576K
Heap Regions: E=young(eden), S=young(survivor), O=old, HS=humongous(starts), HC=humongous(continues), CS=collection set, F=free, A=archive, TAMS=top-at-mark-start (previous, next)
|   0|0x0000000080000000, 0x0000000080100000, 0x0000000080100000|100%| O|  |TAMS 0x0000000080100000, 0x0000000080000000| Untracked 
|   1|0x0000000080100000, 0x0000000080200000, 0x0000000080200000|100%| O|  |TAMS 0x0000000080200000, 0x0000000080100000| Untracked 
|   2|0x0000000080200000, 0x0000000080300000, 0x0000000080300000|100%| O|  |TAMS 0x0000000080300000, 0x0000000080200000| Untracked 
|   3|0x0000000080300000, 0x0000000080400000, 0x0000000080400000|100%|HS|  |TAMS 0x0000000080400000, 0x0000000080300000| Complete 
|   4|0x0000000080400000, 0x0000000080500000, 0x0000000080500000|100%|HC|  |TAMS 0x0000000080500000, 0x0000000080400000| Complete 
|   5|0x0000000080500000, 0x0000000080600000, 0x0000000080600000|100%|HC|  |TAMS 0x0000000080600000, 0x0000000080500000| Complete 
|   6|0x0000000080600000, 0x0000000080700000, 0x0000000080700000|100%| O|  |TAMS 0x0000000080700000, 0x0000000080600000| Untracked 
|   7|0x0000000080700000, 0x0000000080800000, 0x0000000080800000|100%| O|  |TAMS 0x0000000080800000, 0x0000000080700000| Untracked 
|   8|0x0000000080800000, 0x0000000080900000, 0x0000000080900000|100%| O|  |TAMS 0x0000000080900000, 0x0000000080800000| Untracked 
|   9|0x0000000080900000, 0x0000000080a00000, 0x0000000080a00000|100%| O|  |TAMS 0x0000000080a00000, 0x0000000080900000| Untracked 
|  10|0x0000000080a00000, 0x0000000080b00000, 0x0000000080b00000|100%| O|  |TAMS 0x0000000080b00000, 0x0000000080a00000| Untracked 
|  11|0x0000000080b00000, 0x0000000080c00000, 0x0000000080c00000|100%| O|  |TAMS 0x0000000080c00000, 0x0000000080b00000| Untracked 
|  12|0x0000000080c00000, 0x0000000080d00000, 0x0000000080d00000|100%| O|  |TAMS 0x0000000080d00000, 0x0000000080c00000| Untracked 
|  13|0x0000000080d00000, 0x0000000080e00000, 0x0000000080e00000|100%| O|  |TAMS 0x0000000080e00000, 0x0000000080d00000| Untracked 
|  14|0x0000000080e00000, 0x0000000080f00000, 0x0000000080f00000|100%| O|  |TAMS 0x0000000080f00000, 0x0000000080e00000| Untracked 
|  15|0x0000000080f00000, 0x0000000081000000, 0x0000000081000000|100%| O|  |TAMS 0x0000000081000000, 0x0000000080f00000| Untracked 
|  16|0x0000000081000000, 0x0000000081100000, 0x0000000081100000|100%|HS|  |TAMS 0x0000000081100000, 0x0000000081000000| Complete 
|  17|0x0000000081100000, 0x0000000081200000, 0x0000000081200000|100%|HS|  |TAMS 0x0000000081200000, 0x0000000081100000| Complete 
|  18|0x0000000081200000, 0x0000000081300000, 0x0000000081300000|100%|HS|  |TAMS 0x0000000081300000, 0x0000000081200000| Complete 
|  19|0x0000000081300000, 0x0000000081400000, 0x0000000081400000|100%|HS|  |TAMS 0x0000000081400000, 0x0000000081300000| Complete 
|  20|0x0000000081400000, 0x0000000081500000, 0x0000000081500000|100%|HS|  |TAMS 0x0000000081500000, 0x0000000081400000| Complete 
|  21|0x0000000081500000, 0x0000000081600000, 0x0000000081600000|100%|HC|  |TAMS 0x0000000081600000, 0x0000000081500000| Complete 
|  22|0x0000000081600000, 0x0000000081700000, 0x0000000081700000|100%|HC|  |TAMS 0x0000000081700000, 0x0000000081600000| Complete 
|  23|0x0000000081700000, 0x0000000081800000, 0x0000000081800000|100%|HS|  |TAMS 0x0000000081800000, 0x0000000081700000| Complete 
|  24|0x0000000081800000, 0x0000000081900000, 0x0000000081900000|100%|HC|  |TAMS 0x0000000081900000, 0x0000000081800000| Complete 
|  25|0x0000000081900000, 0x0000000081a00000, 0x0000000081a00000|100%| O|  |TAMS 0x0000000081a00000, 0x0000000081900000| Untracked 
|  26|0x0000000081a00000, 0x0000000081b00000, 0x0000000081b00000|100%| O|  |TAMS 0x0000000081b00000, 0x0000000081a00000| Untracked 
|  27|0x0000000081b00000, 0x0000000081c00000, 0x0000000081c00000|100%| O|  |TAMS 0x0000000081c00000, 0x0000000081b00000| Untracked 
|  28|0x0000000081c00000, 0x0000000081d00000, 0x0000000081d00000|100%| O|  |TAMS 0x0000000081d00000, 0x0000000081c00000| Untracked 
|  29|0x0000000081d00000, 0x0000000081e00000, 0x0000000081e00000|100%| O|  |TAMS 0x0000000081e00000, 0x0000000081d00000| Untracked 
|  30|0x0000000081e00000, 0x0000000081effff8, 0x0000000081f00000| 99%| O|  |TAMS 0x0000000081effff8, 0x0000000081e00000| Untracked 
|  31|0x0000000081f00000, 0x0000000082000000, 0x0000000082000000|100%| O|  |TAMS 0x0000000082000000, 0x0000000081f00000| Untracked 
|  32|0x0000000082000000, 0x0000000082100000, 0x0000000082100000|100%| O|  |TAMS 0x0000000082100000, 0x0000000082000000| Untracked 
|  33|0x0000000082100000, 0x0000000082200000, 0x0000000082200000|100%| O|  |TAMS 0x0000000082100000, 0x0000000082100000| Untracked 
|  34|0x0000000082200000, 0x0000000082300000, 0x0000000082300000|100%| O|  |TAMS 0x0000000082300000, 0x0000000082200000| Untracked 
|  35|0x0000000082300000, 0x0000000082400000, 0x0000000082400000|100%| O|  |TAMS 0x0000000082400000, 0x0000000082300000| Untracked 
|  36|0x0000000082400000, 0x0000000082500000, 0x0000000082500000|100%| O|  |TAMS 0x0000000082500000, 0x0000000082400000| Untracked 
|  37|0x0000000082500000, 0x0000000082600000, 0x0000000082600000|100%| O|  |TAMS 0x0000000082600000, 0x0000000082500000| Untracked 
|  38|0x0000000082600000, 0x0000000082700000, 0x0000000082700000|100%| O|  |TAMS 0x0000000082700000, 0x0000000082600000| Untracked 
|  39|0x0000000082700000, 0x0000000082800000, 0x0000000082800000|100%| O|  |TAMS 0x0000000082800000, 0x0000000082700000| Untracked 
|  40|0x0000000082800000, 0x0000000082900000, 0x0000000082900000|100%| O|  |TAMS 0x0000000082900000, 0x0000000082800000| Untracked 
|  41|0x0000000082900000, 0x0000000082a00000, 0x0000000082a00000|100%| O|  |TAMS 0x0000000082a00000, 0x0000000082900000| Untracked 
|  42|0x0000000082a00000, 0x0000000082b00000, 0x0000000082b00000|100%| O|  |TAMS 0x0000000082b00000, 0x0000000082a00000| Untracked 
|  43|0x0000000082b00000, 0x0000000082c00000, 0x0000000082c00000|100%| O|  |TAMS 0x0000000082c00000, 0x0000000082b00000| Untracked 
|  44|0x0000000082c00000, 0x0000000082d00000, 0x0000000082d00000|100%| O|  |TAMS 0x0000000082d00000, 0x0000000082c00000| Untracked 
|  45|0x0000000082d00000, 0x0000000082e00000, 0x0000000082e00000|100%| O|  |TAMS 0x0000000082e00000, 0x0000000082d00000| Untracked 
|  46|0x0000000082e00000, 0x0000000082f00000, 0x0000000082f00000|100%| O|  |TAMS 0x0000000082f00000, 0x0000000082e00000| Untracked 
|  47|0x0000000082f00000, 0x0000000083000000, 0x0000000083000000|100%| O|  |TAMS 0x0000000083000000, 0x0000000082f00000| Untracked 
|  48|0x0000000083000000, 0x0000000083100000, 0x0000000083100000|100%| O|  |TAMS 0x0000000083100000, 0x0000000083000000| Untracked 
|  49|0x0000000083100000, 0x0000000083200000, 0x0000000083200000|100%| O|  |TAMS 0x0000000083200000, 0x0000000083100000| Untracked 
|  50|0x0000000083200000, 0x0000000083300000, 0x0000000083300000|100%| O|  |TAMS 0x0000000083300000, 0x0000000083200000| Untracked 
|  51|0x0000000083300000, 0x0000000083400000, 0x0000000083400000|100%| O|  |TAMS 0x0000000083400000, 0x0000000083300000| Untracked 
|  52|0x0000000083400000, 0x0000000083500000, 0x0000000083500000|100%| O|  |TAMS 0x0000000083487800, 0x0000000083400000| Untracked 
|  53|0x0000000083500000, 0x0000000083600000, 0x0000000083600000|100%| O|  |TAMS 0x0000000083500000, 0x0000000083500000| Untracked 
|  54|0x0000000083600000, 0x0000000083700000, 0x0000000083700000|100%| O|  |TAMS 0x0000000083600000, 0x0000000083600000| Untracked 
|  55|0x0000000083700000, 0x0000000083800000, 0x0000000083800000|100%| O|  |TAMS 0x0000000083700000, 0x0000000083700000| Untracked 
|  56|0x0000000083800000, 0x0000000083900000, 0x0000000083900000|100%| O|  |TAMS 0x0000000083800000, 0x0000000083800000| Untracked 
|  57|0x0000000083900000, 0x0000000083a00000, 0x0000000083a00000|100%| O|  |TAMS 0x0000000083900000, 0x0000000083900000| Untracked 
|  58|0x0000000083a00000, 0x0000000083b00000, 0x0000000083b00000|100%| O|  |TAMS 0x0000000083a00000, 0x0000000083a00000| Untracked 
|  59|0x0000000083b00000, 0x0000000083c00000, 0x0000000083c00000|100%| O|  |TAMS 0x0000000083b00000, 0x0000000083b00000| Untracked 
|  60|0x0000000083c00000, 0x0000000083d00000, 0x0000000083d00000|100%| O|  |TAMS 0x0000000083c00000, 0x0000000083c00000| Untracked 
|  61|0x0000000083d00000, 0x0000000083e00000, 0x0000000083e00000|100%| O|  |TAMS 0x0000000083d00000, 0x0000000083d00000| Untracked 
|  62|0x0000000083e00000, 0x0000000083f00000, 0x0000000083f00000|100%| O|  |TAMS 0x0000000083e00000, 0x0000000083e00000| Untracked 
|  63|0x0000000083f00000, 0x0000000084000000, 0x0000000084000000|100%| O|  |TAMS 0x0000000083f00000, 0x0000000083f00000| Untracked 
|  64|0x0000000084000000, 0x0000000084100000, 0x0000000084100000|100%| O|  |TAMS 0x0000000084000000, 0x0000000084000000| Untracked 
|  65|0x0000000084100000, 0x0000000084200000, 0x0000000084200000|100%| O|  |TAMS 0x0000000084100000, 0x0000000084100000| Untracked 
|  66|0x0000000084200000, 0x0000000084300000, 0x0000000084300000|100%| O|  |TAMS 0x0000000084200000, 0x0000000084200000| Untracked 
|  67|0x0000000084300000, 0x0000000084400000, 0x0000000084400000|100%| O|  |TAMS 0x0000000084300000, 0x0000000084300000| Untracked 
|  68|0x0000000084400000, 0x0000000084500000, 0x0000000084500000|100%| O|  |TAMS 0x0000000084400000, 0x0000000084400000| Untracked 
|  69|0x0000000084500000, 0x0000000084600000, 0x0000000084600000|100%| O|  |TAMS 0x0000000084500000, 0x0000000084500000| Untracked 
|  70|0x0000000084600000, 0x0000000084700000, 0x0000000084700000|100%| O|  |TAMS 0x0000000084600000, 0x0000000084600000| Untracked 
|  71|0x0000000084700000, 0x0000000084800000, 0x0000000084800000|100%| O|  |TAMS 0x0000000084700000, 0x0000000084700000| Untracked 
|  72|0x0000000084800000, 0x0000000084900000, 0x0000000084900000|100%| O|  |TAMS 0x0000000084800000, 0x0000000084800000| Untracked 
|  73|0x0000000084900000, 0x0000000084a00000, 0x0000000084a00000|100%| O|  |TAMS 0x0000000084900000, 0x0000000084900000| Untracked 
|  74|0x0000000084a00000, 0x0000000084b00000, 0x0000000084b00000|100%| O|  |TAMS 0x0000000084a00000, 0x0000000084a00000| Untracked 
|  75|0x0000000084b00000, 0x0000000084c00000, 0x0000000084c00000|100%| O|  |TAMS 0x0000000084b00000, 0x0000000084b00000| Untracked 
|  76|0x0000000084c00000, 0x0000000084d00000, 0x0000000084d00000|100%| O|  |TAMS 0x0000000084c00000, 0x0000000084c00000| Untracked 
|  77|0x0000000084d00000, 0x0000000084e00000, 0x0000000084e00000|100%| O|  |TAMS 0x0000000084d00000, 0x0000000084d00000| Untracked 
|  78|0x0000000084e00000, 0x0000000084f00000, 0x0000000084f00000|100%| O|  |TAMS 0x0000000084e00000, 0x0000000084e00000| Untracked 
|  79|0x0000000084f00000, 0x0000000085000000, 0x0000000085000000|100%| O|  |TAMS 0x0000000084f00000, 0x0000000084f00000| Untracked 
|  80|0x0000000085000000, 0x0000000085100000, 0x0000000085100000|100%| O|  |TAMS 0x0000000085000000, 0x0000000085000000| Untracked 
|  81|0x0000000085100000, 0x0000000085200000, 0x0000000085200000|100%| O|  |TAMS 0x0000000085100000, 0x0000000085100000| Untracked 
|  82|0x0000000085200000, 0x0000000085300000, 0x0000000085300000|100%| O|  |TAMS 0x0000000085200000, 0x0000000085200000| Untracked 
|  83|0x0000000085300000, 0x0000000085400000, 0x0000000085400000|100%| O|  |TAMS 0x0000000085300000, 0x0000000085300000| Untracked 
|  84|0x0000000085400000, 0x0000000085500000, 0x0000000085500000|100%| O|  |TAMS 0x0000000085400000, 0x0000000085400000| Untracked 
|  85|0x0000000085500000, 0x0000000085500000, 0x0000000085600000|  0%| F|  |TAMS 0x0000000085500000, 0x0000000085500000| Untracked 
|  86|0x0000000085600000, 0x0000000085600000, 0x0000000085700000|  0%| F|  |TAMS 0x0000000085600000, 0x0000000085600000| Untracked 
|  87|0x0000000085700000, 0x0000000085800000, 0x0000000085800000|100%|HS|  |TAMS 0x0000000085700000, 0x0000000085700000| Complete 
|  88|0x0000000085800000, 0x0000000085800000, 0x0000000085900000|  0%| F|  |TAMS 0x0000000085800000, 0x0000000085800000| Untracked 
|  89|0x0000000085900000, 0x0000000085900000, 0x0000000085a00000|  0%| F|  |TAMS 0x0000000085900000, 0x0000000085900000| Untracked 
|  90|0x0000000085a00000, 0x0000000085a00000, 0x0000000085b00000|  0%| F|  |TAMS 0x0000000085a00000, 0x0000000085a00000| Untracked 
|  91|0x0000000085b00000, 0x0000000085b00000, 0x0000000085c00000|  0%| F|  |TAMS 0x0000000085b00000, 0x0000000085b00000| Untracked 
|  92|0x0000000085c00000, 0x0000000085c00000, 0x0000000085d00000|  0%| F|  |TAMS 0x0000000085c00000, 0x0000000085c00000| Untracked 
|  93|0x0000000085d00000, 0x0000000085d00000, 0x0000000085e00000|  0%| F|  |TAMS 0x0000000085d00000, 0x0000000085d00000| Untracked 
|  94|0x0000000085e00000, 0x0000000085e00000, 0x0000000085f00000|  0%| F|  |TAMS 0x0000000085e00000, 0x0000000085e00000| Untracked 
|  95|0x0000000085f00000, 0x0000000085f00000, 0x0000000086000000|  0%| F|  |TAMS 0x0000000085f00000, 0x0000000085f00000| Untracked 
|  96|0x0000000086000000, 0x0000000086100000, 0x0000000086100000|100%| O|  |TAMS 0x0000000086000000, 0x0000000086000000| Untracked 
|  97|0x0000000086100000, 0x0000000086200000, 0x0000000086200000|100%| O|  |TAMS 0x0000000086100000, 0x0000000086100000| Untracked 
|  98|0x0000000086200000, 0x0000000086300000, 0x0000000086300000|100%| O|  |TAMS 0x0000000086200000, 0x0000000086200000| Untracked 
|  99|0x0000000086300000, 0x0000000086400000, 0x0000000086400000|100%| O|  |TAMS 0x0000000086300000, 0x0000000086300000| Untracked 
| 100|0x0000000086400000, 0x0000000086500000, 0x0000000086500000|100%| O|  |TAMS 0x0000000086400000, 0x0000000086400000| Untracked 
| 101|0x0000000086500000, 0x0000000086600000, 0x0000000086600000|100%| O|  |TAMS 0x0000000086500000, 0x0000000086500000| Untracked 
| 102|0x0000000086600000, 0x0000000086700000, 0x0000000086700000|100%| O|  |TAMS 0x0000000086600000, 0x0000000086600000| Untracked 
| 103|0x0000000086700000, 0x0000000086800000, 0x0000000086800000|100%| O|  |TAMS 0x0000000086700000, 0x0000000086700000| Untracked 
| 104|0x0000000086800000, 0x0000000086900000, 0x0000000086900000|100%| O|  |TAMS 0x0000000086800000, 0x0000000086800000| Untracked 
| 105|0x0000000086900000, 0x0000000086a00000, 0x0000000086a00000|100%| O|  |TAMS 0x0000000086900000, 0x0000000086900000| Untracked 
| 106|0x0000000086a00000, 0x0000000086b00000, 0x0000000086b00000|100%| O|  |TAMS 0x0000000086a00000, 0x0000000086a00000| Untracked 
| 107|0x0000000086b00000, 0x0000000086c00000, 0x0000000086c00000|100%| O|  |TAMS 0x0000000086b00000, 0x0000000086b00000| Untracked 
| 108|0x0000000086c00000, 0x0000000086d00000, 0x0000000086d00000|100%| O|  |TAMS 0x0000000086c00000, 0x0000000086c00000| Untracked 
| 109|0x0000000086d00000, 0x0000000086e00000, 0x0000000086e00000|100%| O|  |TAMS 0x0000000086d00000, 0x0000000086d00000| Untracked 
| 110|0x0000000086e00000, 0x0000000086f00000, 0x0000000086f00000|100%| O|  |TAMS 0x0000000086e00000, 0x0000000086e00000| Untracked 
| 111|0x0000000086f00000, 0x0000000087000000, 0x0000000087000000|100%| O|  |TAMS 0x0000000086f00000, 0x0000000086f00000| Untracked 
| 112|0x0000000087000000, 0x0000000087100000, 0x0000000087100000|100%| O|  |TAMS 0x0000000087000000, 0x0000000087000000| Untracked 
| 113|0x0000000087100000, 0x0000000087200000, 0x0000000087200000|100%| O|  |TAMS 0x0000000087100000, 0x0000000087100000| Untracked 
| 114|0x0000000087200000, 0x0000000087300000, 0x0000000087300000|100%| O|  |TAMS 0x0000000087200000, 0x0000000087200000| Untracked 
| 115|0x0000000087300000, 0x0000000087400000, 0x0000000087400000|100%| O|  |TAMS 0x0000000087300000, 0x0000000087300000| Untracked 
| 116|0x0000000087400000, 0x0000000087500000, 0x0000000087500000|100%| O|  |TAMS 0x0000000087400000, 0x0000000087400000| Untracked 
| 117|0x0000000087500000, 0x0000000087600000, 0x0000000087600000|100%| O|  |TAMS 0x0000000087500000, 0x0000000087500000| Untracked 
| 118|0x0000000087600000, 0x00000000876e8c00, 0x0000000087700000| 90%| O|  |TAMS 0x0000000087600000, 0x0000000087600000| Untracked 
| 119|0x0000000087700000, 0x0000000087700000, 0x0000000087800000|  0%| F|  |TAMS 0x0000000087700000, 0x0000000087700000| Untracked 
| 120|0x0000000087800000, 0x0000000087800000, 0x0000000087900000|  0%| F|  |TAMS 0x0000000087800000, 0x0000000087800000| Untracked 
| 121|0x0000000087900000, 0x0000000087900000, 0x0000000087a00000|  0%| F|  |TAMS 0x0000000087900000, 0x0000000087900000| Untracked 
| 122|0x0000000087a00000, 0x0000000087a00000, 0x0000000087b00000|  0%| F|  |TAMS 0x0000000087a00000, 0x0000000087a00000| Untracked 
| 123|0x0000000087b00000, 0x0000000087b00000, 0x0000000087c00000|  0%| F|  |TAMS 0x0000000087b00000, 0x0000000087b00000| Untracked 
| 124|0x0000000087c00000, 0x0000000087c00000, 0x0000000087d00000|  0%| F|  |TAMS 0x0000000087c00000, 0x0000000087c00000| Untracked 
| 125|0x0000000087d00000, 0x0000000087d00000, 0x0000000087e00000|  0%| F|  |TAMS 0x0000000087d00000, 0x0000000087d00000| Untracked 
| 126|0x0000000087e00000, 0x0000000087e00000, 0x0000000087f00000|  0%| F|  |TAMS 0x0000000087e00000, 0x0000000087e00000| Untracked 
| 127|0x0000000087f00000, 0x0000000087f00000, 0x0000000088000000|  0%| F|  |TAMS 0x0000000087f00000, 0x0000000087f00000| Untracked 
| 128|0x0000000088000000, 0x0000000088000000, 0x0000000088100000|  0%| F|  |TAMS 0x0000000088000000, 0x0000000088000000| Untracked 
| 129|0x0000000088100000, 0x0000000088100000, 0x0000000088200000|  0%| F|  |TAMS 0x0000000088100000, 0x0000000088100000| Untracked 
| 130|0x0000000088200000, 0x0000000088200000, 0x0000000088300000|  0%| F|  |TAMS 0x0000000088200000, 0x0000000088200000| Untracked 
| 131|0x0000000088300000, 0x0000000088300000, 0x0000000088400000|  0%| F|  |TAMS 0x0000000088300000, 0x0000000088300000| Untracked 
| 132|0x0000000088400000, 0x0000000088500000, 0x0000000088500000|100%| S|CS|TAMS 0x0000000088400000, 0x0000000088400000| Complete 
| 133|0x0000000088500000, 0x0000000088600000, 0x0000000088600000|100%| S|CS|TAMS 0x0000000088500000, 0x0000000088500000| Complete 
| 134|0x0000000088600000, 0x0000000088700000, 0x0000000088700000|100%| S|CS|TAMS 0x0000000088600000, 0x0000000088600000| Complete 
| 135|0x0000000088700000, 0x0000000088800000, 0x0000000088800000|100%| S|CS|TAMS 0x0000000088700000, 0x0000000088700000| Complete 
| 136|0x0000000088800000, 0x0000000088900000, 0x0000000088900000|100%| S|CS|TAMS 0x0000000088800000, 0x0000000088800000| Complete 
| 137|0x0000000088900000, 0x0000000088a00000, 0x0000000088a00000|100%| S|CS|TAMS 0x0000000088900000, 0x0000000088900000| Complete 
| 138|0x0000000088a00000, 0x0000000088b00000, 0x0000000088b00000|100%| S|CS|TAMS 0x0000000088a00000, 0x0000000088a00000| Complete 
| 139|0x0000000088b00000, 0x0000000088c00000, 0x0000000088c00000|100%| S|CS|TAMS 0x0000000088b00000, 0x0000000088b00000| Complete 
| 140|0x0000000088c00000, 0x0000000088c00000, 0x0000000088d00000|  0%| F|  |TAMS 0x0000000088c00000, 0x0000000088c00000| Untracked 
| 141|0x0000000088d00000, 0x0000000088d00000, 0x0000000088e00000|  0%| F|  |TAMS 0x0000000088d00000, 0x0000000088d00000| Untracked 
| 142|0x0000000088e00000, 0x0000000088e00000, 0x0000000088f00000|  0%| F|  |TAMS 0x0000000088e00000, 0x0000000088e00000| Untracked 
| 143|0x0000000088f00000, 0x0000000088f00000, 0x0000000089000000|  0%| F|  |TAMS 0x0000000088f00000, 0x0000000088f00000| Untracked 
| 144|0x0000000089000000, 0x0000000089000000, 0x0000000089100000|  0%| F|  |TAMS 0x0000000089000000, 0x0000000089000000| Untracked 
| 145|0x0000000089100000, 0x0000000089200000, 0x0000000089200000|100%| S|CS|TAMS 0x0000000089100000, 0x0000000089100000| Complete 
| 146|0x0000000089200000, 0x0000000089300000, 0x0000000089300000|100%| S|CS|TAMS 0x0000000089200000, 0x0000000089200000| Complete 
| 147|0x0000000089300000, 0x0000000089400000, 0x0000000089400000|100%| S|CS|TAMS 0x0000000089300000, 0x0000000089300000| Complete 
| 148|0x0000000089400000, 0x0000000089500000, 0x0000000089500000|100%| S|CS|TAMS 0x0000000089400000, 0x0000000089400000| Complete 
| 149|0x0000000089500000, 0x0000000089600000, 0x0000000089600000|100%| S|CS|TAMS 0x0000000089500000, 0x0000000089500000| Complete 
| 150|0x0000000089600000, 0x0000000089700000, 0x0000000089700000|100%| S|CS|TAMS 0x0000000089600000, 0x0000000089600000| Complete 
| 151|0x0000000089700000, 0x0000000089800000, 0x0000000089800000|100%| S|CS|TAMS 0x0000000089700000, 0x0000000089700000| Complete 
| 152|0x0000000089800000, 0x0000000089800000, 0x0000000089900000|  0%| F|  |TAMS 0x0000000089800000, 0x0000000089800000| Untracked 
| 153|0x0000000089900000, 0x0000000089900000, 0x0000000089a00000|  0%| F|  |TAMS 0x0000000089900000, 0x0000000089900000| Untracked 
| 154|0x0000000089a00000, 0x0000000089a00000, 0x0000000089b00000|  0%| F|  |TAMS 0x0000000089a00000, 0x0000000089a00000| Untracked 
| 155|0x0000000089b00000, 0x0000000089b00000, 0x0000000089c00000|  0%| F|  |TAMS 0x0000000089b00000, 0x0000000089b00000| Untracked 
| 156|0x0000000089c00000, 0x0000000089c00000, 0x0000000089d00000|  0%| F|  |TAMS 0x0000000089c00000, 0x0000000089c00000| Untracked 
| 157|0x0000000089d00000, 0x0000000089d00000, 0x0000000089e00000|  0%| F|  |TAMS 0x0000000089d00000, 0x0000000089d00000| Untracked 
| 158|0x0000000089e00000, 0x0000000089e00000, 0x0000000089f00000|  0%| F|  |TAMS 0x0000000089e00000, 0x0000000089e00000| Untracked 
| 159|0x0000000089f00000, 0x0000000089f00000, 0x000000008a000000|  0%| F|  |TAMS 0x0000000089f00000, 0x0000000089f00000| Untracked 
| 160|0x000000008a000000, 0x000000008a000000, 0x000000008a100000|  0%| F|  |TAMS 0x000000008a000000, 0x000000008a000000| Untracked 
| 161|0x000000008a100000, 0x000000008a100000, 0x000000008a200000|  0%| F|  |TAMS 0x000000008a100000, 0x000000008a100000| Untracked 
| 162|0x000000008a200000, 0x000000008a200000, 0x000000008a300000|  0%| F|  |TAMS 0x000000008a200000, 0x000000008a200000| Untracked 
| 163|0x000000008a300000, 0x000000008a300000, 0x000000008a400000|  0%| F|  |TAMS 0x000000008a300000, 0x000000008a300000| Untracked 
| 164|0x000000008a400000, 0x000000008a400000, 0x000000008a500000|  0%| F|  |TAMS 0x000000008a400000, 0x000000008a400000| Untracked 
| 165|0x000000008a500000, 0x000000008a500000, 0x000000008a600000|  0%| F|  |TAMS 0x000000008a500000, 0x000000008a500000| Untracked 
| 166|0x000000008a600000, 0x000000008a600000, 0x000000008a700000|  0%| F|  |TAMS 0x000000008a600000, 0x000000008a600000| Untracked 
| 167|0x000000008a700000, 0x000000008a700000, 0x000000008a800000|  0%| F|  |TAMS 0x000000008a700000, 0x000000008a700000| Untracked 
| 168|0x000000008a800000, 0x000000008a800000, 0x000000008a900000|  0%| F|  |TAMS 0x000000008a800000, 0x000000008a800000| Untracked 
| 169|0x000000008a900000, 0x000000008a900000, 0x000000008aa00000|  0%| F|  |TAMS 0x000000008a900000, 0x000000008a900000| Untracked 
| 170|0x000000008aa00000, 0x000000008aa00000, 0x000000008ab00000|  0%| F|  |TAMS 0x000000008aa00000, 0x000000008aa00000| Untracked 
| 171|0x000000008ab00000, 0x000000008ab00000, 0x000000008ac00000|  0%| F|  |TAMS 0x000000008ab00000, 0x000000008ab00000| Untracked 
| 172|0x000000008ac00000, 0x000000008ac00000, 0x000000008ad00000|  0%| F|  |TAMS 0x000000008ac00000, 0x000000008ac00000| Untracked 
| 173|0x000000008ad00000, 0x000000008ad00000, 0x000000008ae00000|  0%| F|  |TAMS 0x000000008ad00000, 0x000000008ad00000| Untracked 
| 174|0x000000008ae00000, 0x000000008ae00000, 0x000000008af00000|  0%| F|  |TAMS 0x000000008ae00000, 0x000000008ae00000| Untracked 
| 175|0x000000008af00000, 0x000000008af00000, 0x000000008b000000|  0%| F|  |TAMS 0x000000008af00000, 0x000000008af00000| Untracked 
| 176|0x000000008b000000, 0x000000008b000000, 0x000000008b100000|  0%| F|  |TAMS 0x000000008b000000, 0x000000008b000000| Untracked 
| 177|0x000000008b100000, 0x000000008b100000, 0x000000008b200000|  0%| F|  |TAMS 0x000000008b100000, 0x000000008b100000| Untracked 
| 178|0x000000008b200000, 0x000000008b200000, 0x000000008b300000|  0%| F|  |TAMS 0x000000008b200000, 0x000000008b200000| Untracked 
| 179|0x000000008b300000, 0x000000008b300000, 0x000000008b400000|  0%| F|  |TAMS 0x000000008b300000, 0x000000008b300000| Untracked 
| 180|0x000000008b400000, 0x000000008b400000, 0x000000008b500000|  0%| F|  |TAMS 0x000000008b400000, 0x000000008b400000| Untracked 
| 181|0x000000008b500000, 0x000000008b580800, 0x000000008b600000| 50%| E|  |TAMS 0x000000008b500000, 0x000000008b500000| Complete 
| 182|0x000000008b600000, 0x000000008b700000, 0x000000008b700000|100%| E|CS|TAMS 0x000000008b600000, 0x000000008b600000| Complete 
| 183|0x000000008b700000, 0x000000008b800000, 0x000000008b800000|100%| E|CS|TAMS 0x000000008b700000, 0x000000008b700000| Complete 
| 184|0x000000008b800000, 0x000000008b900000, 0x000000008b900000|100%| E|CS|TAMS 0x000000008b800000, 0x000000008b800000| Complete 
| 185|0x000000008b900000, 0x000000008ba00000, 0x000000008ba00000|100%| E|CS|TAMS 0x000000008b900000, 0x000000008b900000| Complete 
| 186|0x000000008ba00000, 0x000000008bb00000, 0x000000008bb00000|100%| E|CS|TAMS 0x000000008ba00000, 0x000000008ba00000| Complete 
| 187|0x000000008bb00000, 0x000000008bc00000, 0x000000008bc00000|100%| E|CS|TAMS 0x000000008bb00000, 0x000000008bb00000| Complete 
| 188|0x000000008bc00000, 0x000000008bd00000, 0x000000008bd00000|100%| E|CS|TAMS 0x000000008bc00000, 0x000000008bc00000| Complete 
| 189|0x000000008bd00000, 0x000000008be00000, 0x000000008be00000|100%| E|CS|TAMS 0x000000008bd00000, 0x000000008bd00000| Complete 
| 190|0x000000008be00000, 0x000000008bf00000, 0x000000008bf00000|100%| E|CS|TAMS 0x000000008be00000, 0x000000008be00000| Complete 
| 191|0x000000008bf00000, 0x000000008c000000, 0x000000008c000000|100%| E|CS|TAMS 0x000000008bf00000, 0x000000008bf00000| Complete 
| 192|0x000000008c000000, 0x000000008c100000, 0x000000008c100000|100%| E|CS|TAMS 0x000000008c000000, 0x000000008c000000| Complete 
| 193|0x000000008c100000, 0x000000008c200000, 0x000000008c200000|100%| E|CS|TAMS 0x000000008c100000, 0x000000008c100000| Complete 
| 194|0x000000008c200000, 0x000000008c300000, 0x000000008c300000|100%| E|CS|TAMS 0x000000008c200000, 0x000000008c200000| Complete 
| 195|0x000000008c300000, 0x000000008c400000, 0x000000008c400000|100%| E|CS|TAMS 0x000000008c300000, 0x000000008c300000| Complete 
| 196|0x000000008c400000, 0x000000008c500000, 0x000000008c500000|100%| E|CS|TAMS 0x000000008c400000, 0x000000008c400000| Complete 
| 197|0x000000008c500000, 0x000000008c600000, 0x000000008c600000|100%| E|CS|TAMS 0x000000008c500000, 0x000000008c500000| Complete 
| 198|0x000000008c600000, 0x000000008c700000, 0x000000008c700000|100%| E|CS|TAMS 0x000000008c600000, 0x000000008c600000| Complete 
| 199|0x000000008c700000, 0x000000008c800000, 0x000000008c800000|100%| E|CS|TAMS 0x000000008c700000, 0x000000008c700000| Complete 
| 200|0x000000008c800000, 0x000000008c900000, 0x000000008c900000|100%| E|CS|TAMS 0x000000008c800000, 0x000000008c800000| Complete 
| 201|0x000000008c900000, 0x000000008ca00000, 0x000000008ca00000|100%| E|CS|TAMS 0x000000008c900000, 0x000000008c900000| Complete 
| 202|0x000000008ca00000, 0x000000008cb00000, 0x000000008cb00000|100%| E|CS|TAMS 0x000000008ca00000, 0x000000008ca00000| Complete 
| 203|0x000000008cb00000, 0x000000008cc00000, 0x000000008cc00000|100%| E|CS|TAMS 0x000000008cb00000, 0x000000008cb00000| Complete 
| 204|0x000000008cc00000, 0x000000008cd00000, 0x000000008cd00000|100%| E|CS|TAMS 0x000000008cc00000, 0x000000008cc00000| Complete 
| 205|0x000000008cd00000, 0x000000008ce00000, 0x000000008ce00000|100%| E|CS|TAMS 0x000000008cd00000, 0x000000008cd00000| Complete 
| 206|0x000000008ce00000, 0x000000008cf00000, 0x000000008cf00000|100%| E|CS|TAMS 0x000000008ce00000, 0x000000008ce00000| Complete 
| 207|0x000000008cf00000, 0x000000008d000000, 0x000000008d000000|100%| E|CS|TAMS 0x000000008cf00000, 0x000000008cf00000| Complete 
| 208|0x000000008d000000, 0x000000008d100000, 0x000000008d100000|100%| E|CS|TAMS 0x000000008d000000, 0x000000008d000000| Complete 
| 209|0x000000008d100000, 0x000000008d200000, 0x000000008d200000|100%| E|CS|TAMS 0x000000008d100000, 0x000000008d100000| Complete 
| 210|0x000000008d200000, 0x000000008d300000, 0x000000008d300000|100%| E|CS|TAMS 0x000000008d200000, 0x000000008d200000| Complete 
| 211|0x000000008d300000, 0x000000008d400000, 0x000000008d400000|100%| E|CS|TAMS 0x000000008d300000, 0x000000008d300000| Complete 
| 212|0x000000008d400000, 0x000000008d500000, 0x000000008d500000|100%| E|CS|TAMS 0x000000008d400000, 0x000000008d400000| Complete 
| 213|0x000000008d500000, 0x000000008d600000, 0x000000008d600000|100%| E|CS|TAMS 0x000000008d500000, 0x000000008d500000| Complete 
| 214|0x000000008d600000, 0x000000008d700000, 0x000000008d700000|100%| E|CS|TAMS 0x000000008d600000, 0x000000008d600000| Complete 
| 215|0x000000008d700000, 0x000000008d800000, 0x000000008d800000|100%| E|CS|TAMS 0x000000008d700000, 0x000000008d700000| Complete 
| 216|0x000000008d800000, 0x000000008d900000, 0x000000008d900000|100%| E|CS|TAMS 0x000000008d800000, 0x000000008d800000| Complete 
| 217|0x000000008d900000, 0x000000008da00000, 0x000000008da00000|100%| E|CS|TAMS 0x000000008d900000, 0x000000008d900000| Complete 
| 218|0x000000008da00000, 0x000000008db00000, 0x000000008db00000|100%| E|CS|TAMS 0x000000008da00000, 0x000000008da00000| Complete 
| 219|0x000000008db00000, 0x000000008dc00000, 0x000000008dc00000|100%| E|CS|TAMS 0x000000008db00000, 0x000000008db00000| Complete 
| 220|0x000000008dc00000, 0x000000008dd00000, 0x000000008dd00000|100%| E|CS|TAMS 0x000000008dc00000, 0x000000008dc00000| Complete 
| 221|0x000000008dd00000, 0x000000008de00000, 0x000000008de00000|100%| E|CS|TAMS 0x000000008dd00000, 0x000000008dd00000| Complete 
| 222|0x000000008de00000, 0x000000008df00000, 0x000000008df00000|100%| E|CS|TAMS 0x000000008de00000, 0x000000008de00000| Complete 
| 223|0x000000008df00000, 0x000000008e000000, 0x000000008e000000|100%| E|CS|TAMS 0x000000008df00000, 0x000000008df00000| Complete 
| 224|0x000000008e000000, 0x000000008e100000, 0x000000008e100000|100%| E|CS|TAMS 0x000000008e000000, 0x000000008e000000| Complete 
| 225|0x000000008e100000, 0x000000008e200000, 0x000000008e200000|100%| E|CS|TAMS 0x000000008e100000, 0x000000008e100000| Complete 
| 226|0x000000008e200000, 0x000000008e300000, 0x000000008e300000|100%| E|CS|TAMS 0x000000008e200000, 0x000000008e200000| Complete 
| 227|0x000000008e300000, 0x000000008e400000, 0x000000008e400000|100%| E|CS|TAMS 0x000000008e300000, 0x000000008e300000| Complete 
| 228|0x000000008e400000, 0x000000008e500000, 0x000000008e500000|100%| E|CS|TAMS 0x000000008e400000, 0x000000008e400000| Complete 
| 229|0x000000008e500000, 0x000000008e600000, 0x000000008e600000|100%| E|CS|TAMS 0x000000008e500000, 0x000000008e500000| Complete 
| 230|0x000000008e600000, 0x000000008e700000, 0x000000008e700000|100%| E|CS|TAMS 0x000000008e600000, 0x000000008e600000| Complete 
| 231|0x000000008e700000, 0x000000008e800000, 0x000000008e800000|100%| E|CS|TAMS 0x000000008e700000, 0x000000008e700000| Complete 
| 232|0x000000008e800000, 0x000000008e900000, 0x000000008e900000|100%| E|CS|TAMS 0x000000008e800000, 0x000000008e800000| Complete 
| 233|0x000000008e900000, 0x000000008ea00000, 0x000000008ea00000|100%| E|CS|TAMS 0x000000008e900000, 0x000000008e900000| Complete 
| 234|0x000000008ea00000, 0x000000008eb00000, 0x000000008eb00000|100%| E|CS|TAMS 0x000000008ea00000, 0x000000008ea00000| Complete 
| 235|0x000000008eb00000, 0x000000008ec00000, 0x000000008ec00000|100%| E|CS|TAMS 0x000000008eb00000, 0x000000008eb00000| Complete 
| 236|0x000000008ec00000, 0x000000008ed00000, 0x000000008ed00000|100%| E|CS|TAMS 0x000000008ec00000, 0x000000008ec00000| Complete 
| 237|0x000000008ed00000, 0x000000008ee00000, 0x000000008ee00000|100%| E|CS|TAMS 0x000000008ed00000, 0x000000008ed00000| Complete 
| 238|0x000000008ee00000, 0x000000008ef00000, 0x000000008ef00000|100%| E|CS|TAMS 0x000000008ee00000, 0x000000008ee00000| Complete 
| 239|0x000000008ef00000, 0x000000008f000000, 0x000000008f000000|100%| E|CS|TAMS 0x000000008ef00000, 0x000000008ef00000| Complete 
| 240|0x000000008f000000, 0x000000008f100000, 0x000000008f100000|100%| E|CS|TAMS 0x000000008f000000, 0x000000008f000000| Complete 
| 241|0x000000008f100000, 0x000000008f200000, 0x000000008f200000|100%| E|CS|TAMS 0x000000008f100000, 0x000000008f100000| Complete 
| 242|0x000000008f200000, 0x000000008f300000, 0x000000008f300000|100%| E|CS|TAMS 0x000000008f200000, 0x000000008f200000| Complete 
| 243|0x000000008f300000, 0x000000008f400000, 0x000000008f400000|100%| E|CS|TAMS 0x000000008f300000, 0x000000008f300000| Complete 
| 244|0x000000008f400000, 0x000000008f500000, 0x000000008f500000|100%| E|CS|TAMS 0x000000008f400000, 0x000000008f400000| Complete 
| 245|0x000000008f500000, 0x000000008f600000, 0x000000008f600000|100%| E|CS|TAMS 0x000000008f500000, 0x000000008f500000| Complete 
| 246|0x000000008f600000, 0x000000008f700000, 0x000000008f700000|100%| E|CS|TAMS 0x000000008f600000, 0x000000008f600000| Complete 
| 247|0x000000008f700000, 0x000000008f800000, 0x000000008f800000|100%| E|CS|TAMS 0x000000008f700000, 0x000000008f700000| Complete 
| 248|0x000000008f800000, 0x000000008f900000, 0x000000008f900000|100%| E|CS|TAMS 0x000000008f800000, 0x000000008f800000| Complete 
| 249|0x000000008f900000, 0x000000008fa00000, 0x000000008fa00000|100%| E|CS|TAMS 0x000000008f900000, 0x000000008f900000| Complete 
| 250|0x000000008fa00000, 0x000000008fb00000, 0x000000008fb00000|100%| E|CS|TAMS 0x000000008fa00000, 0x000000008fa00000| Complete 
| 251|0x000000008fb00000, 0x000000008fc00000, 0x000000008fc00000|100%| E|CS|TAMS 0x000000008fb00000, 0x000000008fb00000| Complete 

Card table byte_map: [0x00000235dcac0000,0x00000235dcec0000] _byte_map_base: 0x00000235dc6c0000

Marking Bits (Prev, Next): (CMBitMap*) 0x00000235c7dfcae8, (CMBitMap*) 0x00000235c7dfcb20
 Prev Bits: [0x00000235dd2c0000, 0x00000235df2c0000)
 Next Bits: [0x00000235df2c0000, 0x00000235e12c0000)

Polling page: 0x00000235c7ea0000

Metaspace:

Usage:
  Non-class:     81.48 MB capacity,    80.07 MB ( 98%) used,     1.15 MB (  1%) free+waste,   264.13 KB ( <1%) overhead. 
      Class:     12.44 MB capacity,    11.63 MB ( 93%) used,   711.10 KB (  6%) free+waste,   117.31 KB ( <1%) overhead. 
       Both:     93.92 MB capacity,    91.70 MB ( 98%) used,     1.84 MB (  2%) free+waste,   381.44 KB ( <1%) overhead. 

Virtual space:
  Non-class space:       82.00 MB reserved,      81.50 MB (>99%) committed 
      Class space:        1.00 GB reserved,      12.45 MB (  1%) committed 
             Both:        1.08 GB reserved,      93.95 MB (  8%) committed 

Chunk freelists:
   Non-Class:  24.00 KB
       Class:  0 bytes
        Both:  24.00 KB

MaxMetaspaceSize: 17179869184.00 GB
CompressedClassSpaceSize: 1.00 GB

CodeHeap 'non-profiled nmethods': size=120064Kb used=9010Kb max_used=9010Kb free=111053Kb
 bounds [0x00000235d4b60000, 0x00000235d5430000, 0x00000235dc0a0000]
CodeHeap 'profiled nmethods': size=120000Kb used=28418Kb max_used=28418Kb free=91581Kb
 bounds [0x00000235cd630000, 0x00000235cf200000, 0x00000235d4b60000]
CodeHeap 'non-nmethods': size=5696Kb used=2289Kb max_used=2357Kb free=3406Kb
 bounds [0x00000235cd0a0000, 0x00000235cd310000, 0x00000235cd630000]
 total_blobs=13706 nmethods=12814 adapters=803
 compilation: enabled
              stopped_count=0, restarted_count=0
 full_count=0

Compilation events (20 events):
Event: 47.188 Thread 0x00000235f1b0f800 nmethod 12877 0x00000235d5427d90 code [0x00000235d5427f40, 0x00000235d5428368]
Event: 47.213 Thread 0x00000235e41da800 12879       3       com.android.ide.common.blame.MergingLogPersistUtil$SourcePositionsSerializer$JsonTypeAdapter::write (192 bytes)
Event: 47.217 Thread 0x00000235e41da800 nmethod 12879 0x00000235cf1e1010 code [0x00000235cf1e1600, 0x00000235cf1e46d8]
Event: 47.217 Thread 0x00000235e41da800 12880       3       com.android.ide.common.blame.MergingLogPersistUtil$SourcePositionsSerializer::<init> (76 bytes)
Event: 47.218 Thread 0x00000235e41da800 nmethod 12880 0x00000235cf1e5610 code [0x00000235cf1e5880, 0x00000235cf1e6278]
Event: 47.245 Thread 0x00000235f1b0f800 12881       4       com.android.ide.common.blame.MergingLogPersistUtil$$Lambda$1064/0x0000000100c70c40::accept (12 bytes)
Event: 47.262 Thread 0x00000235e41d6000 nmethod 12878 0x00000235d5428710 code [0x00000235d54289c0, 0x00000235d542aac8]
Event: 47.262 Thread 0x00000235e41d6000 12883       4       com.google.gson.stream.JsonWriter::newline (47 bytes)
Event: 47.270 Thread 0x00000235e41d6000 nmethod 12883 0x00000235d542ba90 code [0x00000235d542bc60, 0x00000235d542c178]
Event: 47.270 Thread 0x00000235e41d6000 12882       4       com.android.ide.common.blame.MergingLogPersistUtil::lambda$normalize$0 (107 bytes)
Event: 47.365 Thread 0x00000235e41da800 12884       3       com.android.ide.common.blame.MergingLogPersistUtil$SourcePositionsSerializer::equals (155 bytes)
Event: 47.370 Thread 0x00000235e41da800 nmethod 12884 0x00000235cf1e6590 code [0x00000235cf1e6be0, 0x00000235cf1ea178]
Event: 47.403 Thread 0x00000235e41da800 12885   !   3       java.io.FileOutputStream::close (69 bytes)
Event: 47.403 Thread 0x00000235e41da800 nmethod 12885 0x00000235cf1eb190 code [0x00000235cf1eb380, 0x00000235cf1eb938]
Event: 47.490 Thread 0x00000235e41da800 12886       3       java.io.Writer::append (7 bytes)
Event: 47.490 Thread 0x00000235e41da800 nmethod 12886 0x00000235cf1ebb10 code [0x00000235cf1ebcc0, 0x00000235cf1ebe88]
Event: 47.710 Thread 0x00000235e41da800 12888       3       java.io.BufferedWriter::<init> (42 bytes)
Event: 47.711 Thread 0x00000235e41da800 nmethod 12888 0x00000235cf1ebf10 code [0x00000235cf1ec100, 0x00000235cf1ec678]
Event: 47.740 Thread 0x00000235e41da800 12889       3       sun.nio.cs.UTF_8$Encoder::overflow (11 bytes)
Event: 47.740 Thread 0x00000235e41da800 nmethod 12889 0x00000235cf1ec810 code [0x00000235cf1eca20, 0x00000235cf1ecf38]

GC Heap History (20 events):
Event: 4.609 GC heap before
{Heap before GC invocations=6 (full 0):
 garbage-first heap   total 258048K, used 72871K [0x0000000080000000, 0x0000000100000000)
  region size 1024K, 60 young (61440K), 6 survivors (6144K)
 Metaspace       used 26239K, capacity 26806K, committed 27008K, reserved 1073152K
  class space    used 3432K, capacity 3651K, committed 3712K, reserved 1048576K
}
Event: 4.618 GC heap after
{Heap after GC invocations=7 (full 0):
 garbage-first heap   total 258048K, used 19513K [0x0000000080000000, 0x0000000100000000)
  region size 1024K, 4 young (4096K), 4 survivors (4096K)
 Metaspace       used 26239K, capacity 26806K, committed 27008K, reserved 1073152K
  class space    used 3432K, capacity 3651K, committed 3712K, reserved 1048576K
}
Event: 5.787 GC heap before
{Heap before GC invocations=7 (full 0):
 garbage-first heap   total 258048K, used 76857K [0x0000000080000000, 0x0000000100000000)
  region size 1024K, 61 young (62464K), 4 survivors (4096K)
 Metaspace       used 35054K, capacity 35790K, committed 35840K, reserved 1081344K
  class space    used 4554K, capacity 4863K, committed 4864K, reserved 1048576K
}
Event: 5.800 GC heap after
{Heap after GC invocations=8 (full 0):
 garbage-first heap   total 258048K, used 22862K [0x0000000080000000, 0x0000000100000000)
  region size 1024K, 7 young (7168K), 7 survivors (7168K)
 Metaspace       used 35054K, capacity 35790K, committed 35840K, reserved 1081344K
  class space    used 4554K, capacity 4863K, committed 4864K, reserved 1048576K
}
Event: 10.097 GC heap before
{Heap before GC invocations=9 (full 0):
 garbage-first heap   total 258048K, used 173390K [0x0000000080000000, 0x0000000100000000)
  region size 1024K, 151 young (154624K), 7 survivors (7168K)
 Metaspace       used 46920K, capacity 48140K, committed 48204K, reserved 1091584K
  class space    used 5987K, capacity 6427K, committed 6476K, reserved 1048576K
}
Event: 10.121 GC heap after
{Heap after GC invocations=10 (full 0):
 garbage-first heap   total 258048K, used 32083K [0x0000000080000000, 0x0000000100000000)
  region size 1024K, 16 young (16384K), 16 survivors (16384K)
 Metaspace       used 46920K, capacity 48140K, committed 48204K, reserved 1091584K
  class space    used 5987K, capacity 6427K, committed 6476K, reserved 1048576K
}
Event: 18.206 GC heap before
{Heap before GC invocations=10 (full 0):
 garbage-first heap   total 258048K, used 173395K [0x0000000080000000, 0x0000000100000000)
  region size 1024K, 147 young (150528K), 16 survivors (16384K)
 Metaspace       used 58805K, capacity 60185K, committed 60236K, reserved 1101824K
  class space    used 7427K, capacity 7966K, committed 8012K, reserved 1048576K
}
Event: 18.244 GC heap after
{Heap after GC invocations=11 (full 0):
 garbage-first heap   total 258048K, used 52389K [0x0000000080000000, 0x0000000100000000)
  region size 1024K, 19 young (19456K), 19 survivors (19456K)
 Metaspace       used 58805K, capacity 60185K, committed 60236K, reserved 1101824K
  class space    used 7427K, capacity 7966K, committed 8012K, reserved 1048576K
}
Event: 21.272 GC heap before
{Heap before GC invocations=12 (full 0):
 garbage-first heap   total 258048K, used 187557K [0x0000000080000000, 0x0000000100000000)
  region size 1024K, 151 young (154624K), 19 survivors (19456K)
 Metaspace       used 68300K, capacity 70010K, committed 70220K, reserved 1110016K
  class space    used 8627K, capacity 9239K, committed 9292K, reserved 1048576K
}
Event: 21.341 GC heap after
{Heap after GC invocations=13 (full 0):
 garbage-first heap   total 258048K, used 64029K [0x0000000080000000, 0x0000000100000000)
  region size 1024K, 11 young (11264K), 11 survivors (11264K)
 Metaspace       used 68300K, capacity 70010K, committed 70220K, reserved 1110016K
  class space    used 8627K, capacity 9239K, committed 9292K, reserved 1048576K
}
Event: 24.276 GC heap before
{Heap before GC invocations=14 (full 0):
 garbage-first heap   total 258048K, used 195101K [0x0000000080000000, 0x0000000100000000)
  region size 1024K, 139 young (142336K), 11 survivors (11264K)
 Metaspace       used 78131K, capacity 79868K, committed 80204K, reserved 1118208K
  class space    used 10097K, capacity 10741K, committed 10828K, reserved 1048576K
}
Event: 24.301 GC heap after
{Heap after GC invocations=15 (full 0):
 garbage-first heap   total 258048K, used 72191K [0x0000000080000000, 0x0000000100000000)
  region size 1024K, 9 young (9216K), 9 survivors (9216K)
 Metaspace       used 78131K, capacity 79868K, committed 80204K, reserved 1118208K
  class space    used 10097K, capacity 10741K, committed 10828K, reserved 1048576K
}
Event: 28.941 GC heap before
{Heap before GC invocations=15 (full 0):
 garbage-first heap   total 258048K, used 198143K [0x0000000080000000, 0x0000000100000000)
  region size 1024K, 133 young (136192K), 9 survivors (9216K)
 Metaspace       used 87945K, capacity 90048K, committed 90316K, reserved 1128448K
  class space    used 11337K, capacity 12119K, committed 12236K, reserved 1048576K
}
Event: 28.971 GC heap after
{Heap after GC invocations=16 (full 0):
 garbage-first heap   total 258048K, used 85503K [0x0000000080000000, 0x0000000100000000)
  region size 1024K, 17 young (17408K), 17 survivors (17408K)
 Metaspace       used 87945K, capacity 90048K, committed 90316K, reserved 1128448K
  class space    used 11337K, capacity 12119K, committed 12236K, reserved 1048576K
}
Event: 32.390 GC heap before
{Heap before GC invocations=16 (full 0):
 garbage-first heap   total 258048K, used 199167K [0x0000000080000000, 0x0000000100000000)
  region size 1024K, 129 young (132096K), 17 survivors (17408K)
 Metaspace       used 89276K, capacity 91415K, committed 91724K, reserved 1128448K
  class space    used 11454K, capacity 12281K, committed 12364K, reserved 1048576K
}
Event: 32.426 GC heap after
{Heap after GC invocations=17 (full 0):
 garbage-first heap   total 258048K, used 93478K [0x0000000080000000, 0x0000000100000000)
  region size 1024K, 8 young (8192K), 8 survivors (8192K)
 Metaspace       used 89276K, capacity 91415K, committed 91724K, reserved 1128448K
  class space    used 11454K, capacity 12281K, committed 12364K, reserved 1048576K
}
Event: 38.865 GC heap before
{Heap before GC invocations=17 (full 0):
 garbage-first heap   total 258048K, used 202022K [0x0000000080000000, 0x0000000100000000)
  region size 1024K, 115 young (117760K), 8 survivors (8192K)
 Metaspace       used 91127K, capacity 93400K, committed 93644K, reserved 1130496K
  class space    used 11616K, capacity 12440K, committed 12492K, reserved 1048576K
}
Event: 38.885 GC heap after
{Heap after GC invocations=18 (full 0):
 garbage-first heap   total 258048K, used 102399K [0x0000000080000000, 0x0000000100000000)
  region size 1024K, 15 young (15360K), 15 survivors (15360K)
 Metaspace       used 91127K, capacity 93400K, committed 93644K, reserved 1130496K
  class space    used 11616K, capacity 12440K, committed 12492K, reserved 1048576K
}
Event: 45.576 GC heap before
{Heap before GC invocations=18 (full 0):
 garbage-first heap   total 258048K, used 215039K [0x0000000080000000, 0x0000000100000000)
  region size 1024K, 115 young (117760K), 15 survivors (15360K)
 Metaspace       used 92899K, capacity 95182K, committed 95436K, reserved 1132544K
  class space    used 11823K, capacity 12672K, committed 12748K, reserved 1048576K
}
Event: 45.624 GC heap after
{Heap after GC invocations=19 (full 0):
 garbage-first heap   total 258048K, used 126882K [0x0000000080000000, 0x0000000100000000)
  region size 1024K, 15 young (15360K), 15 survivors (15360K)
 Metaspace       used 92899K, capacity 95182K, committed 95436K, reserved 1132544K
  class space    used 11823K, capacity 12672K, committed 12748K, reserved 1048576K
}

Deoptimization events (20 events):
Event: 45.876 Thread 0x00000235eb678800 Uncommon trap: trap_request=0xffffffde fr.pc=0x00000235d5353eb0 relative=0x0000000000003b90
Event: 45.894 Thread 0x00000235eb678800 Uncommon trap: reason=class_check action=maybe_recompile pc=0x00000235d5353eb0 method=org.apache.xerces.impl.XMLDocumentFragmentScannerImpl$FragmentContentDispatcher.dispatch(Z)Z @ 1017 c2
Event: 45.894 Thread 0x00000235eb678800 DEOPT PACKING pc=0x00000235d5353eb0 sp=0x000000e13a3f9ce0
Event: 45.894 Thread 0x00000235eb678800 DEOPT UNPACKING pc=0x00000235cd0c662f sp=0x000000e13a3f9cf8 mode 2
Event: 45.920 Thread 0x00000235eb678800 Uncommon trap: trap_request=0xffffffde fr.pc=0x00000235d5353eb0 relative=0x0000000000003b90
Event: 45.920 Thread 0x00000235eb678800 Uncommon trap: reason=class_check action=maybe_recompile pc=0x00000235d5353eb0 method=org.apache.xerces.impl.XMLDocumentFragmentScannerImpl$FragmentContentDispatcher.dispatch(Z)Z @ 1017 c2
Event: 45.920 Thread 0x00000235eb678800 DEOPT PACKING pc=0x00000235d5353eb0 sp=0x000000e13a3f9ce0
Event: 45.920 Thread 0x00000235eb678800 DEOPT UNPACKING pc=0x00000235cd0c662f sp=0x000000e13a3f9cf8 mode 2
Event: 46.037 Thread 0x00000235eb678800 Uncommon trap: trap_request=0xffffffde fr.pc=0x00000235d533c2f4 relative=0x0000000000004554
Event: 46.037 Thread 0x00000235eb678800 Uncommon trap: reason=class_check action=maybe_recompile pc=0x00000235d533c2f4 method=org.apache.xerces.impl.XMLDocumentFragmentScannerImpl.scanComment()V @ 34 c2
Event: 46.037 Thread 0x00000235eb678800 DEOPT PACKING pc=0x00000235d533c2f4 sp=0x000000e13a3f9ce0
Event: 46.037 Thread 0x00000235eb678800 DEOPT UNPACKING pc=0x00000235cd0c662f sp=0x000000e13a3f9c88 mode 2
Event: 46.037 Thread 0x00000235eb678800 Uncommon trap: trap_request=0xffffffc6 fr.pc=0x00000235d531011c relative=0x0000000000002c7c
Event: 46.037 Thread 0x00000235eb678800 Uncommon trap: reason=bimorphic_or_optimized_type_check action=maybe_recompile pc=0x00000235d531011c method=org.apache.xerces.impl.XMLEntityScanner.load(IZ)Z @ 73 c2
Event: 46.037 Thread 0x00000235eb678800 DEOPT PACKING pc=0x00000235d531011c sp=0x000000e13a3f9b00
Event: 46.037 Thread 0x00000235eb678800 DEOPT UNPACKING pc=0x00000235cd0c662f sp=0x000000e13a3f9a28 mode 2
Event: 46.488 Thread 0x00000235eb678800 DEOPT PACKING pc=0x00000235cf117a78 sp=0x000000e13a3f9a40
Event: 46.488 Thread 0x00000235eb678800 DEOPT UNPACKING pc=0x00000235cd0c6dde sp=0x000000e13a3f8f60 mode 0
Event: 46.915 Thread 0x00000235eb678800 DEOPT PACKING pc=0x00000235cf182660 sp=0x000000e13a3fa030
Event: 46.915 Thread 0x00000235eb678800 DEOPT UNPACKING pc=0x00000235cd0c6dde sp=0x000000e13a3f9518 mode 0

Classes redefined (0 events):
No events

Internal exceptions (20 events):
Event: 26.606 Thread 0x00000235e980f000 Exception <a 'java/lang/NoSuchMethodError'{0x000000008bb9d8f8}: <clinit>> (0x000000008bb9d8f8) thrown at [./src/hotspot/share/prims/jni.cpp, line 1362]
Event: 26.610 Thread 0x00000235e980f000 Exception <a 'java/lang/NoSuchMethodError'{0x000000008aabeeb8}: <clinit>> (0x000000008aabeeb8) thrown at [./src/hotspot/share/prims/jni.cpp, line 1362]
Event: 26.678 Thread 0x00000235e5b3c000 Exception <a 'java/lang/IncompatibleClassChangeError'{0x000000008a9e1180}: Found class java.lang.Object, but interface was expected> (0x000000008a9e1180) thrown at [./src/hotspot/share/interpreter/linkResolver.cpp, line 839]
Event: 26.721 Thread 0x00000235e6daa800 Exception <a 'java/lang/NoSuchMethodError'{0x000000008a7abb20}: <clinit>> (0x000000008a7abb20) thrown at [./src/hotspot/share/prims/jni.cpp, line 1362]
Event: 26.722 Thread 0x00000235e5b3c000 Exception <a 'java/lang/NoSuchMethodError'{0x000000008a774f70}: 'java.lang.Object java.lang.invoke.DirectMethodHandle$Holder.invokeInterface(java.lang.Object, java.lang.Object, int)'> (0x000000008a774f70) thrown at [./src/hotspot/share/interpreter/linkResolver.cpp, line 773]
Event: 26.727 Thread 0x00000235e5b3c000 Exception <a 'java/lang/NoSuchMethodError'{0x000000008a7c7ef0}: 'void java.lang.invoke.DirectMethodHandle$Holder.invokeStatic(java.lang.Object, java.lang.Object, java.lang.Object, int)'> (0x000000008a7c7ef0) thrown at [./src/hotspot/share/interpreter/linkResolver.cpp, line 773]
Event: 26.815 Thread 0x00000235e5b3c000 Exception <a 'java/lang/IncompatibleClassChangeError'{0x000000008a67d410}: Found class java.lang.Object, but interface was expected> (0x000000008a67d410) thrown at [./src/hotspot/share/interpreter/linkResolver.cpp, line 839]
Event: 26.821 Thread 0x00000235e5b3c000 Exception <a 'java/lang/IncompatibleClassChangeError'{0x000000008a6a6428}: Found class java.lang.Object, but interface was expected> (0x000000008a6a6428) thrown at [./src/hotspot/share/interpreter/linkResolver.cpp, line 839]
Event: 28.594 Thread 0x00000235e5b3c000 Exception <a 'java/lang/NoSuchMethodError'{0x000000008912a460}: 'void java.lang.invoke.DirectMethodHandle$Holder.invokeStatic(java.lang.Object, java.lang.Object, java.lang.Object, java.lang.Object, int, java.lang.Object, java.lang.Object)'> (0x000000008912a460) thrown at [./src/hotspot/share/interpreter/linkResolver.cpp, line 773]
Event: 28.654 Thread 0x00000235e7d2d800 Exception <a 'java/lang/NoSuchMethodError'{0x0000000088ee6718}: 'java.lang.Object java.lang.invoke.DirectMethodHandle$Holder.invokeSpecialIFC(java.lang.Object, java.lang.Object, java.lang.Object)'> (0x0000000088ee6718) thrown at [./src/hotspot/share/interpreter/linkResolver.cpp, line 773]
Event: 28.736 Thread 0x00000235e5b3c000 Exception <a 'java/lang/NoSuchMethodError'{0x000000008886fe60}: 'int java.lang.invoke.DirectMethodHandle$Holder.invokeStaticInit(java.lang.Object, java.lang.Object, java.lang.Object, java.lang.Object, java.lang.Object)'> (0x000000008886fe60) thrown at [./src/hotspot/share/interpreter/linkResolver.cpp, line 773]
Event: 29.171 Thread 0x00000235e5b3c000 Exception <a 'java/lang/NoSuchMethodError'{0x000000008f3d55a0}: 'void java.lang.invoke.DirectMethodHandle$Holder.invokeVirtual(java.lang.Object, java.lang.Object)'> (0x000000008f3d55a0) thrown at [./src/hotspot/share/interpreter/linkResolver.cpp, line 773]
Event: 29.226 Thread 0x00000235e7d2c000 Exception <a 'java/lang/NoSuchMethodError'{0x000000008f0a68b0}: 'void java.lang.invoke.DirectMethodHandle$Holder.invokeStatic(java.lang.Object, java.lang.Object, java.lang.Object, java.lang.Object, java.lang.Object, java.lang.Object, java.lang.Object)'> (0x000000008f0a68b0) thrown at [./src/hotspot/share/interpreter/linkResolver.cpp, line 773]
Event: 29.226 Thread 0x00000235e7d2d800 Exception <a 'java/lang/NoSuchMethodError'{0x000000008f08d0c0}: 'void java.lang.invoke.DirectMethodHandle$Holder.invokeStatic(java.lang.Object, java.lang.Object, java.lang.Object, java.lang.Object, java.lang.Object, java.lang.Object, java.lang.Object)'> (0x000000008f08d0c0) thrown at [./src/hotspot/share/interpreter/linkResolver.cpp, line 773]
Event: 30.130 Thread 0x00000235e7d2d800 Implicit null exception at 0x00000235d5162052 to 0x00000235d5162460
Event: 30.130 Thread 0x00000235e7d2a800 Implicit null exception at 0x00000235d5160900 to 0x00000235d5161148
Event: 30.130 Thread 0x00000235e7d2d800 Implicit null exception at 0x00000235d5160900 to 0x00000235d5161148
Event: 30.130 Thread 0x00000235e7d2c000 Implicit null exception at 0x00000235d5162052 to 0x00000235d5162460
Event: 32.187 Thread 0x00000235e6daa800 Exception <a 'java/lang/NoSuchMethodError'{0x00000000894d0b50}: <clinit>> (0x00000000894d0b50) thrown at [./src/hotspot/share/prims/jni.cpp, line 1362]
Event: 32.785 Thread 0x00000235eb679800 Exception <a 'java/lang/NoSuchMethodError'{0x000000008eb374f0}: 'long java.lang.invoke.DirectMethodHandle$Holder.invokeStatic(java.lang.Object, java.lang.Object)'> (0x000000008eb374f0) thrown at [./src/hotspot/share/interpreter/linkResolver.cpp, line 773]

Events (20 events):
Event: 45.831 loading class com/sun/xml/bind/v2/runtime/output/NamespaceContextImpl done
Event: 45.831 loading class com/sun/xml/bind/marshaller/NamespacePrefixMapper
Event: 45.831 loading class com/sun/xml/bind/marshaller/NamespacePrefixMapper done
Event: 45.832 loading class com/sun/xml/bind/v2/runtime/output/NamespaceContextImpl$1
Event: 45.832 loading class com/sun/xml/bind/v2/runtime/output/NamespaceContextImpl$1 done
Event: 45.832 loading class com/sun/xml/bind/v2/runtime/output/NamespaceContextImpl$Element
Event: 45.832 loading class com/sun/xml/bind/v2/runtime/output/NamespaceContextImpl$Element done
Event: 45.833 loading class android/databinding/tool/store/LayoutFileParser$3
Event: 45.833 loading class android/databinding/tool/store/LayoutFileParser$3 done
Event: 45.833 loading class android/databinding/parser/XMLParserBaseVisitor
Event: 45.833 loading class android/databinding/parser/XMLParserBaseVisitor done
Event: 45.834 loading class android/databinding/parser/XMLParserVisitor
Event: 45.834 loading class android/databinding/parser/XMLParserVisitor done
Event: 45.834 loading class org/antlr/v4/runtime/tree/AbstractParseTreeVisitor
Event: 45.834 loading class org/antlr/v4/runtime/tree/AbstractParseTreeVisitor done
Event: 45.933 Thread 0x00000235f1b0f800 Thread added: 0x00000235f1b0f800
Event: 47.067 loading class com/android/ide/common/blame/MergingLogPersistUtil$SourcePositionsSerializer
Event: 47.067 loading class com/android/ide/common/blame/MergingLogPersistUtil$SourcePositionsSerializer done
Event: 47.068 loading class com/android/ide/common/blame/MergingLogPersistUtil$SourcePositionsSerializer$Kind
Event: 47.068 loading class com/android/ide/common/blame/MergingLogPersistUtil$SourcePositionsSerializer$Kind done


Dynamic libraries:
0x00007ff6af090000 - 0x00007ff6af09a000 	D:\Android installed\jre\bin\java.exe
0x00007ff9f10d0000 - 0x00007ff9f12c5000 	C:\WINDOWS\SYSTEM32\ntdll.dll
0x00007ff9efef0000 - 0x00007ff9effad000 	C:\WINDOWS\System32\KERNEL32.DLL
0x00007ff9eecc0000 - 0x00007ff9eef8d000 	C:\WINDOWS\System32\KERNELBASE.dll
0x00007ff9ee9f0000 - 0x00007ff9eeaf0000 	C:\WINDOWS\System32\ucrtbase.dll
0x00007ff9e8680000 - 0x00007ff9e8697000 	D:\Android installed\jre\bin\VCRUNTIME140.dll
0x00007ff97d9b0000 - 0x00007ff97d9c9000 	D:\Android installed\jre\bin\jli.dll
0x00007ff9ef2e0000 - 0x00007ff9ef480000 	C:\WINDOWS\System32\USER32.dll
0x00007ff9eeaf0000 - 0x00007ff9eeb12000 	C:\WINDOWS\System32\win32u.dll
0x00007ff9ef5b0000 - 0x00007ff9ef5da000 	C:\WINDOWS\System32\GDI32.dll
0x00007ff9ee8e0000 - 0x00007ff9ee9eb000 	C:\WINDOWS\System32\gdi32full.dll
0x00007ff9eeb20000 - 0x00007ff9eebbd000 	C:\WINDOWS\System32\msvcp_win.dll
0x00007ff9edbf0000 - 0x00007ff9ede8a000 	C:\WINDOWS\WinSxS\amd64_microsoft.windows.common-controls_6595b64144ccf1df_6.0.19041.1110_none_60b5254171f9507e\COMCTL32.dll
0x00007ff9f0e50000 - 0x00007ff9f0eee000 	C:\WINDOWS\System32\msvcrt.dll
0x00007ff9f0f10000 - 0x00007ff9f0f40000 	C:\WINDOWS\System32\IMM32.DLL
0x00007ff98f4b0000 - 0x00007ff98f54d000 	D:\Android installed\jre\bin\msvcp140.dll
0x00007ff98e0e0000 - 0x00007ff98ebb5000 	D:\Android installed\jre\bin\server\jvm.dll
0x00007ff9efb00000 - 0x00007ff9efbae000 	C:\WINDOWS\System32\ADVAPI32.dll
0x00007ff9ef5e0000 - 0x00007ff9ef67c000 	C:\WINDOWS\System32\sechost.dll
0x00007ff9efc10000 - 0x00007ff9efd35000 	C:\WINDOWS\System32\RPCRT4.dll
0x00007ff9f0f40000 - 0x00007ff9f0f48000 	C:\WINDOWS\System32\PSAPI.DLL
0x00007ff9d91f0000 - 0x00007ff9d91f9000 	C:\WINDOWS\SYSTEM32\WSOCK32.dll
0x00007ff9e3ef0000 - 0x00007ff9e3f17000 	C:\WINDOWS\SYSTEM32\WINMM.dll
0x00007ff9eb060000 - 0x00007ff9eb06a000 	C:\WINDOWS\SYSTEM32\VERSION.dll
0x00007ff9effb0000 - 0x00007ff9f001b000 	C:\WINDOWS\System32\WS2_32.dll
0x00007ff9eca70000 - 0x00007ff9eca82000 	C:\WINDOWS\SYSTEM32\kernel.appcore.dll
0x00007ff9e8500000 - 0x00007ff9e8511000 	D:\Android installed\jre\bin\verify.dll
0x00007ff9ee210000 - 0x00007ff9ee3f4000 	C:\WINDOWS\SYSTEM32\DBGHELP.DLL
0x00007ff9edfc0000 - 0x00007ff9edfec000 	C:\WINDOWS\SYSTEM32\dbgcore.DLL
0x00007ff9ee850000 - 0x00007ff9ee8d2000 	C:\WINDOWS\System32\bcryptPrimitives.dll
0x00007ff9e84d0000 - 0x00007ff9e84f9000 	D:\Android installed\jre\bin\java.dll
0x00007ff9e8860000 - 0x00007ff9e886b000 	D:\Android installed\jre\bin\jimage.dll
0x00007ff9e8270000 - 0x00007ff9e8288000 	D:\Android installed\jre\bin\zip.dll
0x00007ff9f0020000 - 0x00007ff9f0764000 	C:\WINDOWS\System32\SHELL32.dll
0x00007ff9ec0b0000 - 0x00007ff9ec844000 	C:\WINDOWS\SYSTEM32\windows.storage.dll
0x00007ff9ef7a0000 - 0x00007ff9efaf4000 	C:\WINDOWS\System32\combase.dll
0x00007ff9edb50000 - 0x00007ff9edb7c000 	C:\WINDOWS\SYSTEM32\Wldp.dll
0x00007ff9f0920000 - 0x00007ff9f09cd000 	C:\WINDOWS\System32\SHCORE.dll
0x00007ff9ef270000 - 0x00007ff9ef2c5000 	C:\WINDOWS\System32\shlwapi.dll
0x00007ff9ee720000 - 0x00007ff9ee73f000 	C:\WINDOWS\SYSTEM32\profapi.dll
0x00007ff9ca370000 - 0x00007ff9ca38a000 	D:\Android installed\jre\bin\net.dll
0x00007ff9dc8f0000 - 0x00007ff9dc9fa000 	C:\WINDOWS\SYSTEM32\WINHTTP.dll
0x00007ff9eda20000 - 0x00007ff9eda8a000 	C:\WINDOWS\system32\mswsock.dll
0x00007ff9c8760000 - 0x00007ff9c8774000 	D:\Android installed\jre\bin\nio.dll
0x00007ff9bb310000 - 0x00007ff9bb337000 	C:\Users\JKLAPTOP\.gradle\native\e1d6ef7f7dcc3fd88c89a11ec53ec762bb8ba0a96d01ffa2cd45eb1d1d8dd5c5\windows-amd64\native-platform.dll
0x00007ff97d3a0000 - 0x00007ff97d4e4000 	C:\Users\JKLAPTOP\.gradle\native\5664cfc778a61ccfe75a443a1ab52a65af34e5dc3c78e0209fed803814484fcb\windows-amd64\native-platform-file-events.dll
0x00007ff9e7ea0000 - 0x00007ff9e7eaa000 	D:\Android installed\jre\bin\management.dll
0x00007ff9dca00000 - 0x00007ff9dca0d000 	D:\Android installed\jre\bin\management_ext.dll
0x00007ff9ee570000 - 0x00007ff9ee588000 	C:\WINDOWS\SYSTEM32\CRYPTSP.dll
0x00007ff9ed250000 - 0x00007ff9ed284000 	C:\WINDOWS\system32\rsaenh.dll
0x00007ff9eef90000 - 0x00007ff9eefb7000 	C:\WINDOWS\System32\bcrypt.dll
0x00007ff9ee6e0000 - 0x00007ff9ee70e000 	C:\WINDOWS\SYSTEM32\USERENV.dll
0x00007ff9edb10000 - 0x00007ff9edb1c000 	C:\WINDOWS\SYSTEM32\CRYPTBASE.dll
0x00007ff9ed5a0000 - 0x00007ff9ed5db000 	C:\WINDOWS\SYSTEM32\IPHLPAPI.DLL
0x00007ff9ef120000 - 0x00007ff9ef128000 	C:\WINDOWS\System32\NSI.dll
0x00007ff9e5070000 - 0x00007ff9e5087000 	C:\WINDOWS\SYSTEM32\dhcpcsvc6.DLL
0x00007ff9e5f60000 - 0x00007ff9e5f7d000 	C:\WINDOWS\SYSTEM32\dhcpcsvc.DLL
0x00007ff9ed5e0000 - 0x00007ff9ed6ab000 	C:\WINDOWS\SYSTEM32\DNSAPI.dll

dbghelp: loaded successfully - version: 4.0.5 - missing functions: none
symbol engine: initialized successfully - sym options: 0x614 - pdb path: .;D:\Android installed\jre\bin;C:\WINDOWS\SYSTEM32;C:\WINDOWS\WinSxS\amd64_microsoft.windows.common-controls_6595b64144ccf1df_6.0.19041.1110_none_60b5254171f9507e;D:\Android installed\jre\bin\server;C:\Users\JKLAPTOP\.gradle\native\e1d6ef7f7dcc3fd88c89a11ec53ec762bb8ba0a96d01ffa2cd45eb1d1d8dd5c5\windows-amd64;C:\Users\JKLAPTOP\.gradle\native\5664cfc778a61ccfe75a443a1ab52a65af34e5dc3c78e0209fed803814484fcb\windows-amd64

VM Arguments:
jvm_args: --add-opens=java.base/java.util=ALL-UNNAMED --add-opens=java.base/java.lang=ALL-UNNAMED --add-opens=java.base/java.lang.invoke=ALL-UNNAMED --add-opens=java.base/java.util=ALL-UNNAMED --add-opens=java.prefs/java.util.prefs=ALL-UNNAMED --add-opens=java.prefs/java.util.prefs=ALL-UNNAMED --add-opens=java.base/java.nio.charset=ALL-UNNAMED --add-opens=java.base/java.net=ALL-UNNAMED --add-opens=java.base/java.util.concurrent.atomic=ALL-UNNAMED -Xmx2048m -Dfile.encoding=UTF-8 -Duser.country=IN -Duser.language=en -Duser.variant 
java_command: org.gradle.launcher.daemon.bootstrap.GradleDaemon 7.2
java_class_path (initial): C:\Users\JKLAPTOP\.gradle\wrapper\dists\gradle-7.2-bin\2dnblmf4td7x66yl1d74lt32g\gradle-7.2\lib\gradle-launcher-7.2.jar
Launcher Type: SUN_STANDARD

[Global flags]
     intx CICompilerCount                          = 3                                         {product} {ergonomic}
     uint ConcGCThreads                            = 1                                         {product} {ergonomic}
     uint G1ConcRefinementThreads                  = 4                                         {product} {ergonomic}
   size_t G1HeapRegionSize                         = 1048576                                   {product} {ergonomic}
    uintx GCDrainStackTargetSize                   = 64                                        {product} {ergonomic}
   size_t InitialHeapSize                          = 264241152                                 {product} {ergonomic}
   size_t MarkStackSize                            = 4194304                                   {product} {ergonomic}
   size_t MaxHeapSize                              = 2147483648                                {product} {command line}
   size_t MaxNewSize                               = 1287651328                                {product} {ergonomic}
   size_t MinHeapDeltaBytes                        = 1048576                                   {product} {ergonomic}
    uintx NonNMethodCodeHeapSize                   = 5830732                                {pd product} {ergonomic}
    uintx NonProfiledCodeHeapSize                  = 122913754                              {pd product} {ergonomic}
    uintx ProfiledCodeHeapSize                     = 122913754                              {pd product} {ergonomic}
    uintx ReservedCodeCacheSize                    = 251658240                              {pd product} {ergonomic}
     bool SegmentedCodeCache                       = true                                      {product} {ergonomic}
     bool UseCompressedClassPointers               = true                                 {lp64_product} {ergonomic}
     bool UseCompressedOops                        = true                                 {lp64_product} {ergonomic}
     bool UseG1GC                                  = true                                      {product} {ergonomic}
     bool UseLargePagesIndividualAllocation        = false                                  {pd product} {ergonomic}

Logging:
Log output configuration:
 #0: stdout all=warning uptime,level,tags
 #1: stderr all=off uptime,level,tags

Environment Variables:
PATH=C:\WINDOWS\system32;C:\WINDOWS;C:\WINDOWS\System32\Wbem;C:\WINDOWS\System32\WindowsPowerShell\v1.0\;C:\WINDOWS\System32\OpenSSH\;C:\Program Files\Git\cmd;C:\Users\JKLAPTOP\AppData\Local\Microsoft\WindowsApps;C:\Users\JKLAPTOP\AppData\Local\GitHubDesktop\bin
USERNAME=JKLAPTOP
OS=Windows_NT
PROCESSOR_IDENTIFIER=Intel64 Family 6 Model 78 Stepping 3, GenuineIntel



---------------  S Y S T E M  ---------------

OS: Windows 10 , 64 bit Build 19041 (10.0.19041.1706)
OS uptime: 0 days 0:04 hours

CPU:total 4 (initial active 4) (2 cores per cpu, 2 threads per core) family 6 model 78 stepping 3 microcode 0xcc, cmov, cx8, fxsr, mmx, sse, sse2, sse3, ssse3, sse4.1, sse4.2, popcnt, avx, avx2, aes, clmul, erms, rtm, 3dnowpref, lzcnt, ht, tsc, tscinvbit, bmi1, bmi2, adx, fma

Memory: 4k page, system-wide physical 16046M (8116M free)
TotalPageFile size 19246M (AvailPageFile size 11595M)
current process WorkingSet (physical memory assigned to process): 528M, peak: 544M
current process commit charge ("private bytes"): 562M, peak: 579M

vm_info: OpenJDK 64-Bit Server VM (11.0.11+9-b60-7590822) for windows-amd64 JRE (11.0.11+9-b60-7590822), built on Jul 29 2021 21:43:44 by "builder" with MS VC++ 14.0 (VS2015)

END.
