#
# A fatal error has been detected by the Java Runtime Environment:
#
#  EXCEPTION_ACCESS_VIOLATION (0xc0000005) at pc=0x0000017b629a9555, pid=9612, tid=9992
#
# JRE version: OpenJDK Runtime Environment (11.0.11+9) (build 11.0.11+9-b60-7590822)
# Java VM: OpenJDK 64-Bit Server VM (11.0.11+9-b60-7590822, mixed mode, tiered, compressed oops, g1 gc, windows-amd64)
# Problematic frame:
# J 19486 c1 com.android.tools.r8.internal.gS0.a(Lcom/android/tools/r8/internal/WR0;)V (835 bytes) @ 0x0000017b629a9555 [0x0000017b629a6120+0x0000000000003435]
#
# No core dump will be written. Minidumps are not enabled by default on client versions of Windows
#
# If you would like to submit a bug report, please visit:
#   https://bugreport.java.com/bugreport/crash.jsp
#

---------------  S U M M A R Y ------------

Command Line: --add-opens=java.base/java.util=ALL-UNNAMED --add-opens=java.base/java.lang=ALL-UNNAMED --add-opens=java.base/java.lang.invoke=ALL-UNNAMED --add-opens=java.base/java.util=ALL-UNNAMED --add-opens=java.prefs/java.util.prefs=ALL-UNNAMED --add-opens=java.prefs/java.util.prefs=ALL-UNNAMED --add-opens=java.base/java.nio.charset=ALL-UNNAMED --add-opens=java.base/java.net=ALL-UNNAMED --add-opens=java.base/java.util.concurrent.atomic=ALL-UNNAMED -Xmx2048m -Dfile.encoding=UTF-8 -Duser.country=IN -Duser.language=en -Duser.variant org.gradle.launcher.daemon.bootstrap.GradleDaemon 7.2

Host: Intel(R) Core(TM) i5-6300U CPU @ 2.40GHz, 4 cores, 15G,  Windows 10 , 64 bit Build 19041 (10.0.19041.1806)
Time: Mon Aug  1 15:02:20 2022 India Standard Time elapsed time: 5999.674844 seconds (0d 1h 39m 59s)

---------------  T H R E A D  ---------------

Current thread (0x0000017b79479800):  JavaThread "WorkerExecutor Queue Thread 2" [_thread_in_Java, id=9992, stack(0x0000006e12e00000,0x0000006e12f00000)]

Stack: [0x0000006e12e00000,0x0000006e12f00000],  sp=0x0000006e12efcaf0,  free space=1010k
Native frames: (J=compiled Java code, j=interpreted, Vv=VM code, C=native code)
C  0x0000017b629a9555


siginfo: EXCEPTION_ACCESS_VIOLATION (0xc0000005), writing address 0x000000007b071530


Register to memory mapping:

RIP=0x0000017b629a9555 is at entry_point+13365 in (nmethod*)0x0000017b629a5690
RAX=0x0000000000000001 is an unknown value
RBX={method} {0x0000017b0412ed48} 'equals' '(Ljava/lang/Object;)Z' in 'com/android/tools/r8/graph/k'
RCX=0x0000017b07228258 is pointing into metadata
RDX=0x000000008df554d0 is an oop: com.android.tools.r8.graph.P2 
{0x000000008df554d0} - klass: 'com/android/tools/r8/graph/P2'
RSP=0x0000006e12efcaf0 is pointing into the stack for thread: 0x0000017b79479800
RBP=0x0000006e12efcd90 is pointing into the stack for thread: 0x0000017b79479800
RSI=0x000000008df554d0 is an oop: com.android.tools.r8.graph.P2 
{0x000000008df554d0} - klass: 'com/android/tools/r8/graph/P2'
RDI=0x0000000000000009 is an unknown value
R8 =0x000000008e454ee8 is an oop: com.android.tools.r8.graph.L0 
{0x000000008e454ee8} - klass: 'com/android/tools/r8/graph/L0'
R9 =0x000000000000034a is an unknown value
R10=0x0000017b5a021000 points into unknown readable memory: 0x0000000000000000 | 00 00 00 00 00 00 00 00
R11=0x0000017b607dc340 is at entry_point+32 in (nmethod*)0x0000017b607dc110
R12=0x0 is NULL
R13=0x0000017b629a7734 is at entry_point+5652 in (nmethod*)0x0000017b629a5690
R14=0x0000006e12efcae8 is pointing into the stack for thread: 0x0000017b79479800
R15=0x0000017b79479800 is a thread


Registers:
RAX=0x0000000000000001, RBX=0x0000017b0412ed40, RCX=0x0000017b07228258, RDX=0x000000008df554d0
RSP=0x0000006e12efcaf0, RBP=0x0000006e12efcd90, RSI=0x000000008df554d0, RDI=0x0000000000000009
R8 =0x000000008e454ee8, R9 =0x000000000000034a, R10=0x0000017b5a021000, R11=0x0000017b607dc340
R12=0x0000000000000000, R13=0x0000017b629a7734, R14=0x0000006e12efcae8, R15=0x0000017b79479800
RIP=0x0000017b629a9555, EFLAGS=0x0000000000010202

Top of Stack: (sp=0x0000006e12efcaf0)
0x0000006e12efcaf0:   0000000000000001 0000017b6062db54
0x0000006e12efcb00:   0000006e12efcb78 0000017b5fbfa0c3
0x0000006e12efcb10:   0000017b5fbfa0c3 000000008dc97748
0x0000006e12efcb20:   0000000000000016 000000008dcaf940
0x0000006e12efcb30:   0000006e12efcca8 0000017b62929e64
0x0000006e12efcb40:   0000006e12efcb90 0000017b764023c0
0x0000006e12efcb50:   0000017b071d86b8 0000000080a893e0
0x0000006e12efcb60:   0000017b76402160 0000000000000000
0x0000006e12efcb70:   0000006e12efcba0 000000008dc92408
0x0000006e12efcb80:   0000017b6326f3dc 000000008dcaeff8
0x0000006e12efcb90:   0000006e12efcca8 0000017b6326f3f4
0x0000006e12efcba0:   000000008082fd18 0000000000000000
0x0000006e12efcbb0:   000000008dcaf8a8 0000017b6783db38
0x0000006e12efcbc0:   000000008dcaef70 000000108dcaf8a8
0x0000006e12efcbd0:   0000006e12efcca8 000000008dca4e08
0x0000006e12efcbe0:   000000008df43348 000000008dcafc28 

Instructions: (pc=0x0000017b629a9555)
0x0000017b629a9455:   01 00 00 48 be 40 01 00 00 00 00 00 00 0f 85 0a
0x0000017b629a9465:   00 00 00 48 be 50 01 00 00 00 00 00 00 48 8b 3c
0x0000017b629a9475:   32 48 8d 7f 01 48 89 3c 32 0f 85 1a 00 00 00 48
0x0000017b629a9485:   ba 48 b1 15 07 7b 01 00 00 ff 82 60 01 00 00 ba
0x0000017b629a9495:   01 00 00 00 e9 05 00 00 00 ba 00 00 00 00 83 e2
0x0000017b629a94a5:   01 83 fa 00 48 ba f8 ac 15 07 7b 01 00 00 48 be
0x0000017b629a94b5:   08 02 00 00 00 00 00 00 0f 84 0a 00 00 00 48 be
0x0000017b629a94c5:   18 02 00 00 00 00 00 00 48 8b 3c 32 48 8d 7f 01
0x0000017b629a94d5:   48 89 3c 32 0f 84 1a 00 00 00 48 ba f8 ac 15 07
0x0000017b629a94e5:   7b 01 00 00 ff 82 28 02 00 00 ba 01 00 00 00 e9
0x0000017b629a94f5:   15 00 00 00 48 ba f8 ac 15 07 7b 01 00 00 ff 82
0x0000017b629a9505:   40 00 00 00 ba 00 00 00 00 00 e2 01 83 fa 00 48
0x0000017b629a9515:   ba 20 2f 15 07 7b 01 00 00 08 be 18 0e 00 00 00
0x0000017b629a9525:   00 00 00 0f 85 0a 00 00 00 08 be 08 0e 00 00 00
0x0000017b629a9535:   00 00 00 48 8b 3c 32 48 8d 28 01 48 89 3c 32 0f
0x0000017b629a9545:   85 80 0b 00 00 48 8b b4 24 08 01 00 00 48 8b d6
0x0000017b629a9555:   48 87 a0 2f 15 07 7b 01 00 00 8b 52 08 48 c1 e2
0x0000017b629a9565:   03 00 3b 97 50 0e 00 00 75 05 48 83 87 58 0e 00
0x0000017b629a9575:   00 01 e9 66 00 00 00 48 3b 07 60 0e 00 00 75 0d
0x0000017b629a9585:   48 83 87 68 0e 00 00 01 e9 50 00 00 00 48 81 bf
0x0000017b629a9595:   50 0e 00 00 00 00 00 00 75 17 48 89 97 50 0e 00
0x0000017b629a95a5:   00 48 c7 87 58 0e 00 00 01 00 00 00 e9 2c 00 00
0x0000017b629a95b5:   00 48 81 bf 60 0e 00 00 00 00 00 00 75 17 48 89
0x0000017b629a95c5:   97 60 0e 00 00 48 c7 87 68 0e 00 00 01 00 00 00
0x0000017b629a95d5:   e9 08 00 00 00 48 83 87 40 0e 00 00 01 8b 56 14
0x0000017b629a95e5:   48 3b 02 48 8b fa 48 bb a0 2f 15 07 7b 01 00 00
0x0000017b629a95f5:   8b 7f 08 48 c1 e7 03 48 3b bb 88 0e 00 00 75 0d
0x0000017b629a9605:   48 01 83 90 0e 00 00 01 e9 60 00 00 00 48 3b bb
0x0000017b629a9615:   98 00 00 00 75 0d 48 83 83 00 0e 00 00 01 e9 50
0x0000017b629a9625:   00 00 00 48 81 bb 88 0e 00 00 00 00 00 00 75 17
0x0000017b629a9635:   48 08 bb 88 0e 00 00 48 c7 02 90 0e 00 00 01 00
0x0000017b629a9645:   00 00 e9 2c 00 00 00 48 81 20 98 0e 00 00 00 00 


Stack slot to memory mapping:
stack at sp + 0 slots: 0x0000000000000001 is an unknown value
stack at sp + 1 slots: 0x0000017b6062db54 is at entry_point+1812 in (nmethod*)0x0000017b6062d210
stack at sp + 2 slots: 0x0000006e12efcb78 is pointing into the stack for thread: 0x0000017b79479800
stack at sp + 3 slots: 0x0000017b5fbfa0c3 is at code_begin+2307 in an Interpreter codelet
invoke return entry points  [0x0000017b5fbf97c0, 0x0000017b5fbfa1a0]  2528 bytes
stack at sp + 4 slots: 0x0000017b5fbfa0c3 is at code_begin+2307 in an Interpreter codelet
invoke return entry points  [0x0000017b5fbf97c0, 0x0000017b5fbfa1a0]  2528 bytes
stack at sp + 5 slots: 0x000000008dc97748 is an oop: java.util.LinkedList$Node 
{0x000000008dc97748} - klass: 'java/util/LinkedList$Node'
stack at sp + 6 slots: 0x0000000000000016 is an unknown value
stack at sp + 7 slots: 0x000000008dcaf940 is an oop: java.util.LinkedList$ListItr 
{0x000000008dcaf940} - klass: 'java/util/LinkedList$ListItr'



---------------  P R O C E S S  ---------------

Threads class SMR info:
_java_thread_list=0x0000017b010f6900, length=107, elements={
0x0000017b5c0ed000, 0x0000017b75d18800, 0x0000017b76548800, 0x0000017b7659c000,
0x0000017b765a0000, 0x0000017b765a2800, 0x0000017b765a7800, 0x0000017b76608000,
0x0000017b7660b800, 0x0000017b76711800, 0x0000017b77ccb800, 0x0000017b78a15000,
0x0000017b78d7f800, 0x0000017b76c9a800, 0x0000017b76c9b800, 0x0000017b76c9c000,
0x0000017b76c9d000, 0x0000017b76c9e800, 0x0000017b76c99000, 0x0000017b76c9f800,
0x0000017b79470000, 0x0000017b79470800, 0x0000017b79474000, 0x0000017b79476800,
0x0000017b7815e000, 0x0000017b7815c800, 0x0000017b7a2bb000, 0x0000017b7a2c4000,
0x0000017b7a2c8800, 0x0000017b7a2c5800, 0x0000017b7a2c6000, 0x0000017b7d373800,
0x0000017b7c4a1000, 0x0000017b7c4a1800, 0x0000017b7c4a5000, 0x0000017b7c4a6800,
0x0000017b7a2be000, 0x0000017b7a2bf000, 0x0000017b7a2bf800, 0x0000017b7a2ba000,
0x0000017b7a2bd000, 0x0000017b7a2bc800, 0x0000017b7a2c0800, 0x0000017b7a2c1800,
0x0000017b7a2bb800, 0x0000017b7a2c4800, 0x0000017b7a2c7000, 0x0000017b7a2c2000,
0x0000017b7a2c3000, 0x0000017b7d36a800, 0x0000017b7d371000, 0x0000017b7d36c000,
0x0000017b7d36b000, 0x0000017b7d36d000, 0x0000017b7d36d800, 0x0000017b7d372000,
0x0000017b7d36e800, 0x0000017b7d372800, 0x0000017b7d374000, 0x0000017b7d375000,
0x0000017b7d36f800, 0x0000017b7d376000, 0x0000017b7d370000, 0x0000017b7d379000,
0x0000017b7d376800, 0x0000017b7d377800, 0x0000017b7d378800, 0x0000017b78150000,
0x0000017b78152800, 0x0000017b78151000, 0x0000017b78151800, 0x0000017b7814f800,
0x0000017b78153800, 0x0000017b7815a000, 0x0000017b78155000, 0x0000017b78154000,
0x0000017b78156800, 0x0000017b78156000, 0x0000017b7815a800, 0x0000017b7815d000,
0x0000017b78157800, 0x0000017b7815b800, 0x0000017b7c4a8000, 0x0000017b7c4a3800,
0x0000017b7c4a6000, 0x0000017b7c4a7800, 0x0000017b7c4a2800, 0x0000017b7c4aa000,
0x0000017b7c4a4000, 0x0000017b7c4ae000, 0x0000017b7c4ad000, 0x0000017b7c4af000,
0x0000017b7c4ab800, 0x0000017b7c4aa800, 0x0000017b7c4a9000, 0x0000017b7c4ac800,
0x0000017b7946f000, 0x0000017b79472800, 0x0000017b79471800, 0x0000017b79478000,
0x0000017b79479000, 0x0000017b79473000, 0x0000017b7bced800, 0x0000017b79479800,
0x0000017b7947a800, 0x0000017b79475000, 0x0000017b7947b800
}

Java Threads: ( => current thread )
  0x0000017b5c0ed000 JavaThread "main" [_thread_blocked, id=11956, stack(0x0000006e0c000000,0x0000006e0c100000)]
  0x0000017b75d18800 JavaThread "Reference Handler" daemon [_thread_blocked, id=13120, stack(0x0000006e0c700000,0x0000006e0c800000)]
  0x0000017b76548800 JavaThread "Finalizer" daemon [_thread_blocked, id=6196, stack(0x0000006e0c800000,0x0000006e0c900000)]
  0x0000017b7659c000 JavaThread "Signal Dispatcher" daemon [_thread_blocked, id=12308, stack(0x0000006e0c900000,0x0000006e0ca00000)]
  0x0000017b765a0000 JavaThread "Attach Listener" daemon [_thread_blocked, id=4888, stack(0x0000006e0ca00000,0x0000006e0cb00000)]
  0x0000017b765a2800 JavaThread "Service Thread" daemon [_thread_blocked, id=12692, stack(0x0000006e0cb00000,0x0000006e0cc00000)]
  0x0000017b765a7800 JavaThread "C2 CompilerThread0" daemon [_thread_in_native, id=6584, stack(0x0000006e0cc00000,0x0000006e0cd00000)]
  0x0000017b76608000 JavaThread "C1 CompilerThread0" daemon [_thread_blocked, id=1544, stack(0x0000006e0cd00000,0x0000006e0ce00000)]
  0x0000017b7660b800 JavaThread "Sweeper thread" daemon [_thread_blocked, id=12648, stack(0x0000006e0ce00000,0x0000006e0cf00000)]
  0x0000017b76711800 JavaThread "Common-Cleaner" daemon [_thread_blocked, id=13232, stack(0x0000006e0cf00000,0x0000006e0d000000)]
  0x0000017b77ccb800 JavaThread "Daemon health stats" [_thread_blocked, id=12528, stack(0x0000006e0d400000,0x0000006e0d500000)]
  0x0000017b78a15000 JavaThread "Incoming local TCP Connector on port 50015" [_thread_in_native, id=1852, stack(0x0000006e0d500000,0x0000006e0d600000)]
  0x0000017b78d7f800 JavaThread "Daemon periodic checks" [_thread_blocked, id=12252, stack(0x0000006e0d600000,0x0000006e0d700000)]
  0x0000017b76c9a800 JavaThread "Cache worker for journal cache (C:\Users\JKLAPTOP\.gradle\caches\journal-1)" [_thread_blocked, id=8908, stack(0x0000006e0de00000,0x0000006e0df00000)]
  0x0000017b76c9b800 JavaThread "File lock request listener" [_thread_in_native, id=4972, stack(0x0000006e0df00000,0x0000006e0e000000)]
  0x0000017b76c9c000 JavaThread "Cache worker for file hash cache (C:\Users\JKLAPTOP\.gradle\caches\7.2\fileHashes)" [_thread_blocked, id=2208, stack(0x0000006e0e000000,0x0000006e0e100000)]
  0x0000017b76c9d000 JavaThread "File watcher server" daemon [_thread_in_native, id=12796, stack(0x0000006e0e300000,0x0000006e0e400000)]
  0x0000017b76c9e800 JavaThread "File watcher consumer" daemon [_thread_blocked, id=9140, stack(0x0000006e0e400000,0x0000006e0e500000)]
  0x0000017b76c99000 JavaThread "jar transforms" [_thread_blocked, id=12104, stack(0x0000006e0e500000,0x0000006e0e600000)]
  0x0000017b76c9f800 JavaThread "jar transforms Thread 2" [_thread_blocked, id=9144, stack(0x0000006e0e600000,0x0000006e0e700000)]
  0x0000017b79470000 JavaThread "jar transforms Thread 3" [_thread_blocked, id=13080, stack(0x0000006e0e700000,0x0000006e0e800000)]
  0x0000017b79470800 JavaThread "jar transforms Thread 4" [_thread_blocked, id=7460, stack(0x0000006e0e800000,0x0000006e0e900000)]
  0x0000017b79474000 JavaThread "Cache worker for execution history cache (C:\Users\JKLAPTOP\.gradle\caches\7.2\executionHistory)" [_thread_blocked, id=12320, stack(0x0000006e0ea00000,0x0000006e0eb00000)]
  0x0000017b79476800 JavaThread "Cache worker for file content cache (C:\Users\JKLAPTOP\.gradle\caches\7.2\fileContent)" [_thread_blocked, id=7792, stack(0x0000006e0ec00000,0x0000006e0ed00000)]
  0x0000017b7815e000 JavaThread "Memory manager" [_thread_blocked, id=12448, stack(0x0000006e11700000,0x0000006e11800000)]
  0x0000017b7815c800 JavaThread "pool-3-thread-1" [_thread_blocked, id=10416, stack(0x0000006e11800000,0x0000006e11900000)]
  0x0000017b7a2bb000 JavaThread "pool-6-thread-1" [_thread_blocked, id=6472, stack(0x0000006e11500000,0x0000006e11600000)]
  0x0000017b7a2c4000 JavaThread "RMI Scheduler(0)" daemon [_thread_blocked, id=4768, stack(0x0000006e11d00000,0x0000006e11e00000)]
  0x0000017b7a2c8800 JavaThread "RMI GC Daemon" daemon [_thread_blocked, id=3520, stack(0x0000006e12000000,0x0000006e12100000)]
  0x0000017b7a2c5800 JavaThread "RMI TCP Accept-0" daemon [_thread_in_native, id=11068, stack(0x0000006e12200000,0x0000006e12300000)]
  0x0000017b7a2c6000 JavaThread "RMI Reaper" [_thread_blocked, id=12008, stack(0x0000006e12300000,0x0000006e12400000)]
  0x0000017b7d373800 JavaThread "pool-9-thread-1" [_thread_blocked, id=6504, stack(0x0000006e11900000,0x0000006e11a00000)]
  0x0000017b7c4a1000 JavaThread "ForkJoinPool.commonPool-worker-7" daemon [_thread_blocked, id=13072, stack(0x0000006e12b00000,0x0000006e12c00000)]
  0x0000017b7c4a1800 JavaThread "RMI TCP Connection(35)-127.0.0.1" daemon [_thread_in_native, id=9408, stack(0x0000006e0bd00000,0x0000006e0be00000)]
  0x0000017b7c4a5000 JavaThread "Daemon Thread 3" [_thread_blocked, id=8156, stack(0x0000006e0be00000,0x0000006e0bf00000)]
  0x0000017b7c4a6800 JavaThread "Daemon worker Thread 3" [_thread_blocked, id=12084, stack(0x0000006e0d800000,0x0000006e0d900000)]
  0x0000017b7a2be000 JavaThread "pool-13-thread-1" [_thread_blocked, id=4884, stack(0x0000006e11a00000,0x0000006e11b00000)]
  0x0000017b7a2bf000 JavaThread "Handler for socket connection from /127.0.0.1:50015 to /127.0.0.1:53223" [_thread_in_native, id=3288, stack(0x0000006e0bf00000,0x0000006e0c000000)]
  0x0000017b7a2bf800 JavaThread "Cancel handler" [_thread_blocked, id=10192, stack(0x0000006e0d700000,0x0000006e0d800000)]
  0x0000017b7a2ba000 JavaThread "Asynchronous log dispatcher for DefaultDaemonConnection: socket connection from /127.0.0.1:50015 to /127.0.0.1:53223" [_thread_blocked, id=3848, stack(0x0000006e0d900000,0x0000006e0da00000)]
  0x0000017b7a2bd000 JavaThread "Stdin handler" [_thread_blocked, id=10164, stack(0x0000006e0da00000,0x0000006e0db00000)]
  0x0000017b7a2bc800 JavaThread "Daemon client event forwarder" [_thread_blocked, id=11376, stack(0x0000006e0db00000,0x0000006e0dc00000)]
  0x0000017b7a2c0800 JavaThread "Cache worker for file hash cache (D:\Project-2.4\.gradle\7.2\fileHashes)" [_thread_blocked, id=5960, stack(0x0000006e0dc00000,0x0000006e0dd00000)]
  0x0000017b7a2c1800 JavaThread "Cache worker for checksums cache (D:\Project-2.4\.gradle\checksums)" [_thread_blocked, id=12628, stack(0x0000006e0dd00000,0x0000006e0de00000)]
  0x0000017b7a2bb800 JavaThread "Cache worker for cache directory md-supplier (C:\Users\JKLAPTOP\.gradle\caches\7.2\md-supplier)" [_thread_blocked, id=12936, stack(0x0000006e0e100000,0x0000006e0e200000)]
  0x0000017b7a2c4800 JavaThread "Cache worker for cache directory md-rule (C:\Users\JKLAPTOP\.gradle\caches\7.2\md-rule)" [_thread_blocked, id=9080, stack(0x0000006e0e200000,0x0000006e0e300000)]
  0x0000017b7a2c7000 JavaThread "Cache worker for dependencies-accessors (D:\Project-2.4\.gradle\7.2\dependencies-accessors)" [_thread_blocked, id=6800, stack(0x0000006e0e900000,0x0000006e0ea00000)]
  0x0000017b7a2c2000 JavaThread "Cache worker for Build Output Cleanup Cache (D:\Project-2.4\.gradle\buildOutputCleanup)" [_thread_blocked, id=10848, stack(0x0000006e0eb00000,0x0000006e0ec00000)]
  0x0000017b7a2c3000 JavaThread "Unconstrained build operations" [_thread_blocked, id=12376, stack(0x0000006e0ee00000,0x0000006e0ef00000)]
  0x0000017b7d36a800 JavaThread "Unconstrained build operations Thread 2" [_thread_blocked, id=12236, stack(0x0000006e0ef00000,0x0000006e0f000000)]
  0x0000017b7d371000 JavaThread "Unconstrained build operations Thread 3" [_thread_blocked, id=9968, stack(0x0000006e0f000000,0x0000006e0f100000)]
  0x0000017b7d36c000 JavaThread "Unconstrained build operations Thread 4" [_thread_blocked, id=13292, stack(0x0000006e0f100000,0x0000006e0f200000)]
  0x0000017b7d36b000 JavaThread "Unconstrained build operations Thread 5" [_thread_blocked, id=3168, stack(0x0000006e0f200000,0x0000006e0f300000)]
  0x0000017b7d36d000 JavaThread "Unconstrained build operations Thread 6" [_thread_blocked, id=2864, stack(0x0000006e0f300000,0x0000006e0f400000)]
  0x0000017b7d36d800 JavaThread "Unconstrained build operations Thread 7" [_thread_blocked, id=3308, stack(0x0000006e0f400000,0x0000006e0f500000)]
  0x0000017b7d372000 JavaThread "Unconstrained build operations Thread 8" [_thread_blocked, id=11440, stack(0x0000006e0f500000,0x0000006e0f600000)]
  0x0000017b7d36e800 JavaThread "Unconstrained build operations Thread 9" [_thread_blocked, id=1108, stack(0x0000006e0f600000,0x0000006e0f700000)]
  0x0000017b7d372800 JavaThread "Unconstrained build operations Thread 10" [_thread_blocked, id=8264, stack(0x0000006e0f700000,0x0000006e0f800000)]
  0x0000017b7d374000 JavaThread "Unconstrained build operations Thread 11" [_thread_blocked, id=12780, stack(0x0000006e0f800000,0x0000006e0f900000)]
  0x0000017b7d375000 JavaThread "Unconstrained build operations Thread 12" [_thread_blocked, id=6136, stack(0x0000006e0f900000,0x0000006e0fa00000)]
  0x0000017b7d36f800 JavaThread "Unconstrained build operations Thread 13" [_thread_blocked, id=4984, stack(0x0000006e0fa00000,0x0000006e0fb00000)]
  0x0000017b7d376000 JavaThread "Unconstrained build operations Thread 14" [_thread_blocked, id=2044, stack(0x0000006e0fb00000,0x0000006e0fc00000)]
  0x0000017b7d370000 JavaThread "Unconstrained build operations Thread 15" [_thread_blocked, id=11808, stack(0x0000006e0fc00000,0x0000006e0fd00000)]
  0x0000017b7d379000 JavaThread "Unconstrained build operations Thread 16" [_thread_blocked, id=2420, stack(0x0000006e0fd00000,0x0000006e0fe00000)]
  0x0000017b7d376800 JavaThread "Unconstrained build operations Thread 17" [_thread_blocked, id=5860, stack(0x0000006e0fe00000,0x0000006e0ff00000)]
  0x0000017b7d377800 JavaThread "Unconstrained build operations Thread 18" [_thread_blocked, id=12856, stack(0x0000006e0ff00000,0x0000006e10000000)]
  0x0000017b7d378800 JavaThread "Unconstrained build operations Thread 19" [_thread_blocked, id=9384, stack(0x0000006e10000000,0x0000006e10100000)]
  0x0000017b78150000 JavaThread "Unconstrained build operations Thread 20" [_thread_blocked, id=11380, stack(0x0000006e10100000,0x0000006e10200000)]
  0x0000017b78152800 JavaThread "Unconstrained build operations Thread 21" [_thread_blocked, id=5312, stack(0x0000006e10200000,0x0000006e10300000)]
  0x0000017b78151000 JavaThread "Unconstrained build operations Thread 22" [_thread_blocked, id=7388, stack(0x0000006e10300000,0x0000006e10400000)]
  0x0000017b78151800 JavaThread "Unconstrained build operations Thread 23" [_thread_blocked, id=120, stack(0x0000006e10400000,0x0000006e10500000)]
  0x0000017b7814f800 JavaThread "Unconstrained build operations Thread 24" [_thread_blocked, id=4696, stack(0x0000006e10500000,0x0000006e10600000)]
  0x0000017b78153800 JavaThread "Unconstrained build operations Thread 25" [_thread_blocked, id=7980, stack(0x0000006e10600000,0x0000006e10700000)]
  0x0000017b7815a000 JavaThread "Unconstrained build operations Thread 26" [_thread_blocked, id=1208, stack(0x0000006e10700000,0x0000006e10800000)]
  0x0000017b78155000 JavaThread "Unconstrained build operations Thread 27" [_thread_blocked, id=12188, stack(0x0000006e10800000,0x0000006e10900000)]
  0x0000017b78154000 JavaThread "Unconstrained build operations Thread 28" [_thread_blocked, id=8616, stack(0x0000006e10900000,0x0000006e10a00000)]
  0x0000017b78156800 JavaThread "Unconstrained build operations Thread 29" [_thread_blocked, id=8788, stack(0x0000006e10a00000,0x0000006e10b00000)]
  0x0000017b78156000 JavaThread "Unconstrained build operations Thread 30" [_thread_blocked, id=11420, stack(0x0000006e10b00000,0x0000006e10c00000)]
  0x0000017b7815a800 JavaThread "Unconstrained build operations Thread 31" [_thread_blocked, id=2504, stack(0x0000006e10c00000,0x0000006e10d00000)]
  0x0000017b7815d000 JavaThread "Unconstrained build operations Thread 32" [_thread_blocked, id=9084, stack(0x0000006e10d00000,0x0000006e10e00000)]
  0x0000017b78157800 JavaThread "Unconstrained build operations Thread 33" [_thread_blocked, id=8552, stack(0x0000006e10e00000,0x0000006e10f00000)]
  0x0000017b7815b800 JavaThread "Unconstrained build operations Thread 34" [_thread_blocked, id=9308, stack(0x0000006e10f00000,0x0000006e11000000)]
  0x0000017b7c4a8000 JavaThread "Unconstrained build operations Thread 35" [_thread_blocked, id=3484, stack(0x0000006e11000000,0x0000006e11100000)]
  0x0000017b7c4a3800 JavaThread "Unconstrained build operations Thread 36" [_thread_blocked, id=12592, stack(0x0000006e11100000,0x0000006e11200000)]
  0x0000017b7c4a6000 JavaThread "Unconstrained build operations Thread 37" [_thread_blocked, id=11072, stack(0x0000006e11200000,0x0000006e11300000)]
  0x0000017b7c4a7800 JavaThread "Unconstrained build operations Thread 38" [_thread_blocked, id=6264, stack(0x0000006e11300000,0x0000006e11400000)]
  0x0000017b7c4a2800 JavaThread "Unconstrained build operations Thread 39" [_thread_blocked, id=4560, stack(0x0000006e11400000,0x0000006e11500000)]
  0x0000017b7c4aa000 JavaThread "Unconstrained build operations Thread 40" [_thread_blocked, id=11656, stack(0x0000006e11600000,0x0000006e11700000)]
  0x0000017b7c4a4000 JavaThread "build event listener" [_thread_blocked, id=9744, stack(0x0000006e11b00000,0x0000006e11c00000)]
  0x0000017b7c4ae000 JavaThread "pool-16-thread-1" [_thread_blocked, id=10984, stack(0x0000006e11c00000,0x0000006e11d00000)]
  0x0000017b7c4ad000 JavaThread "build event listener" [_thread_blocked, id=3812, stack(0x0000006e11e00000,0x0000006e11f00000)]
  0x0000017b7c4af000 JavaThread "Execution worker for ':'" [_thread_blocked, id=10548, stack(0x0000006e11f00000,0x0000006e12000000)]
  0x0000017b7c4ab800 JavaThread "Execution worker for ':' Thread 2" [_thread_blocked, id=8840, stack(0x0000006e12100000,0x0000006e12200000)]
  0x0000017b7c4aa800 JavaThread "Execution worker for ':' Thread 3" [_thread_blocked, id=7308, stack(0x0000006e12400000,0x0000006e12500000)]
  0x0000017b7c4a9000 JavaThread "Cache worker for execution history cache (D:\Project-2.4\.gradle\7.2\executionHistory)" [_thread_blocked, id=5532, stack(0x0000006e12500000,0x0000006e12600000)]
  0x0000017b7c4ac800 JavaThread "WorkerExecutor Queue" [_thread_blocked, id=10808, stack(0x0000006e12600000,0x0000006e12700000)]
  0x0000017b7946f000 JavaThread "RMI RenewClean-[127.0.0.1:17280,org.jetbrains.kotlin.daemon.common.LoopbackNetworkInterface$ClientLoopbackSocketFactory@2753e94a]" daemon [_thread_blocked, id=10988, stack(0x0000006e12700000,0x0000006e12800000)]
  0x0000017b79472800 JavaThread "Cache worker for Java compile cache (C:\Users\JKLAPTOP\.gradle\caches\7.2\javaCompile)" [_thread_blocked, id=11752, stack(0x0000006e0ed00000,0x0000006e0ee00000)]
  0x0000017b79471800 JavaThread "Build operations" [_thread_blocked, id=1192, stack(0x0000006e12800000,0x0000006e12900000)]
  0x0000017b79478000 JavaThread "Build operations Thread 2" [_thread_blocked, id=6232, stack(0x0000006e12900000,0x0000006e12a00000)]
  0x0000017b79479000 JavaThread "Build operations Thread 3" [_thread_blocked, id=10372, stack(0x0000006e12a00000,0x0000006e12b00000)]
  0x0000017b79473000 JavaThread "Build operations Thread 4" [_thread_blocked, id=9404, stack(0x0000006e12c00000,0x0000006e12d00000)]
  0x0000017b7bced800 JavaThread "C2 CompilerThread1" daemon [_thread_in_native, id=2316, stack(0x0000006e12d00000,0x0000006e12e00000)]
=>0x0000017b79479800 JavaThread "WorkerExecutor Queue Thread 2" [_thread_in_Java, id=9992, stack(0x0000006e12e00000,0x0000006e12f00000)]
  0x0000017b7947a800 JavaThread "WorkerExecutor Queue Thread 3" [_thread_blocked, id=1628, stack(0x0000006e12f00000,0x0000006e13000000)]
  0x0000017b79475000 JavaThread "WorkerExecutor Queue Thread 4" [_thread_blocked, id=9636, stack(0x0000006e13000000,0x0000006e13100000)]
  0x0000017b7947b800 JavaThread "WorkerExecutor Queue Thread 5" [_thread_blocked, id=10720, stack(0x0000006e13100000,0x0000006e13200000)]

Other Threads:
  0x0000017b75d12800 VMThread "VM Thread" [stack: 0x0000006e0c600000,0x0000006e0c700000] [id=11036]
  0x0000017b7672b000 WatcherThread [stack: 0x0000006e0d000000,0x0000006e0d100000] [id=13236]
  0x0000017b5c102000 GCTaskThread "GC Thread#0" [stack: 0x0000006e0c100000,0x0000006e0c200000] [id=8076]
  0x0000017b767be000 GCTaskThread "GC Thread#1" [stack: 0x0000006e0d100000,0x0000006e0d200000] [id=3988]
  0x0000017b76ada000 GCTaskThread "GC Thread#2" [stack: 0x0000006e0d200000,0x0000006e0d300000] [id=8584]
  0x0000017b76cc5000 GCTaskThread "GC Thread#3" [stack: 0x0000006e0d300000,0x0000006e0d400000] [id=9940]
  0x0000017b5c132000 ConcurrentGCThread "G1 Main Marker" [stack: 0x0000006e0c200000,0x0000006e0c300000] [id=9676]
  0x0000017b5c135800 ConcurrentGCThread "G1 Conc#0" [stack: 0x0000006e0c300000,0x0000006e0c400000] [id=11236]
  0x0000017b5c1ce000 ConcurrentGCThread "G1 Refine#0" [stack: 0x0000006e0c400000,0x0000006e0c500000] [id=684]
  0x0000017b75b7e800 ConcurrentGCThread "G1 Young RemSet Sampling" [stack: 0x0000006e0c500000,0x0000006e0c600000] [id=9600]

Threads with active compile tasks:
C2 CompilerThread05999743 24036       4       org.gradle.api.internal.tasks.compile.incremental.serialization.HierarchicalNameSerializer::readFirstOccurrenceOfName (60 bytes)
C2 CompilerThread15999743 24047       4       org.gradle.api.internal.tasks.compile.incremental.compilerapi.deps.DependentSetSerializer::read (198 bytes)

VM state:not at safepoint (normal execution)

VM Mutex/Monitor currently owned by a thread: None

Heap address: 0x0000000080000000, size: 2048 MB, Compressed Oops mode: 32-bit
Narrow klass base: 0x0000000000000000, Narrow klass shift: 3
Compressed class space size: 1073741824 Address: 0x0000000100000000

Heap:
 garbage-first heap   total 258048K, used 195702K [0x0000000080000000, 0x0000000100000000)
  region size 1024K, 32 young (32768K), 2 survivors (2048K)
 Metaspace       used 144230K, capacity 148321K, committed 151792K, reserved 1181696K
  class space    used 18114K, capacity 19573K, committed 20248K, reserved 1048576K
Heap Regions: E=young(eden), S=young(survivor), O=old, HS=humongous(starts), HC=humongous(continues), CS=collection set, F=free, A=archive, TAMS=top-at-mark-start (previous, next)
|   0|0x0000000080000000, 0x0000000080100000, 0x0000000080100000|100%| O|  |TAMS 0x0000000080100000, 0x0000000080000000| Untracked 
|   1|0x0000000080100000, 0x0000000080200000, 0x0000000080200000|100%| O|  |TAMS 0x0000000080200000, 0x0000000080100000| Untracked 
|   2|0x0000000080200000, 0x0000000080300000, 0x0000000080300000|100%| O|  |TAMS 0x0000000080300000, 0x0000000080200000| Untracked 
|   3|0x0000000080300000, 0x0000000080400000, 0x0000000080400000|100%|HS|  |TAMS 0x0000000080400000, 0x0000000080300000| Complete 
|   4|0x0000000080400000, 0x0000000080500000, 0x0000000080500000|100%|HC|  |TAMS 0x0000000080500000, 0x0000000080400000| Complete 
|   5|0x0000000080500000, 0x0000000080600000, 0x0000000080600000|100%|HC|  |TAMS 0x0000000080600000, 0x0000000080500000| Complete 
|   6|0x0000000080600000, 0x0000000080700000, 0x0000000080700000|100%| O|  |TAMS 0x0000000080700000, 0x0000000080600000| Untracked 
|   7|0x0000000080700000, 0x0000000080800000, 0x0000000080800000|100%| O|  |TAMS 0x0000000080800000, 0x0000000080700000| Untracked 
|   8|0x0000000080800000, 0x0000000080900000, 0x0000000080900000|100%| O|  |TAMS 0x0000000080900000, 0x0000000080800000| Untracked 
|   9|0x0000000080900000, 0x0000000080a00000, 0x0000000080a00000|100%| O|  |TAMS 0x0000000080a00000, 0x0000000080900000| Untracked 
|  10|0x0000000080a00000, 0x0000000080b00000, 0x0000000080b00000|100%| O|  |TAMS 0x0000000080b00000, 0x0000000080a00000| Untracked 
|  11|0x0000000080b00000, 0x0000000080c00000, 0x0000000080c00000|100%| O|  |TAMS 0x0000000080c00000, 0x0000000080b00000| Untracked 
|  12|0x0000000080c00000, 0x0000000080d00000, 0x0000000080d00000|100%| O|  |TAMS 0x0000000080d00000, 0x0000000080c00000| Untracked 
|  13|0x0000000080d00000, 0x0000000080e00000, 0x0000000080e00000|100%| O|  |TAMS 0x0000000080e00000, 0x0000000080d00000| Untracked 
|  14|0x0000000080e00000, 0x0000000080f00000, 0x0000000080f00000|100%| O|  |TAMS 0x0000000080f00000, 0x0000000080e00000| Untracked 
|  15|0x0000000080f00000, 0x0000000081000000, 0x0000000081000000|100%| O|  |TAMS 0x0000000081000000, 0x0000000080f00000| Untracked 
|  16|0x0000000081000000, 0x0000000081100000, 0x0000000081100000|100%|HS|  |TAMS 0x0000000081100000, 0x0000000081000000| Complete 
|  17|0x0000000081100000, 0x0000000081200000, 0x0000000081200000|100%|HC|  |TAMS 0x0000000081200000, 0x0000000081100000| Complete 
|  18|0x0000000081200000, 0x0000000081300000, 0x0000000081300000|100%|HS|  |TAMS 0x0000000081300000, 0x0000000081200000| Complete 
|  19|0x0000000081300000, 0x0000000081400000, 0x0000000081400000|100%|HC|  |TAMS 0x0000000081400000, 0x0000000081300000| Complete 
|  20|0x0000000081400000, 0x0000000081500000, 0x0000000081500000|100%|HC|  |TAMS 0x0000000081500000, 0x0000000081400000| Complete 
|  21|0x0000000081500000, 0x0000000081600000, 0x0000000081600000|100%|HS|  |TAMS 0x0000000081600000, 0x0000000081500000| Complete 
|  22|0x0000000081600000, 0x0000000081700000, 0x0000000081700000|100%|HC|  |TAMS 0x0000000081700000, 0x0000000081600000| Complete 
|  23|0x0000000081700000, 0x0000000081800000, 0x0000000081800000|100%|HC|  |TAMS 0x0000000081800000, 0x0000000081700000| Complete 
|  24|0x0000000081800000, 0x0000000081900000, 0x0000000081900000|100%|HC|  |TAMS 0x0000000081900000, 0x0000000081800000| Complete 
|  25|0x0000000081900000, 0x0000000081a00000, 0x0000000081a00000|100%| O|  |TAMS 0x0000000081a00000, 0x0000000081900000| Untracked 
|  26|0x0000000081a00000, 0x0000000081b00000, 0x0000000081b00000|100%| O|  |TAMS 0x0000000081b00000, 0x0000000081a00000| Untracked 
|  27|0x0000000081b00000, 0x0000000081c00000, 0x0000000081c00000|100%| O|  |TAMS 0x0000000081c00000, 0x0000000081b00000| Untracked 
|  28|0x0000000081c00000, 0x0000000081d00000, 0x0000000081d00000|100%|HS|  |TAMS 0x0000000081d00000, 0x0000000081c00000| Complete 
|  29|0x0000000081d00000, 0x0000000081e00000, 0x0000000081e00000|100%|HC|  |TAMS 0x0000000081e00000, 0x0000000081d00000| Complete 
|  30|0x0000000081e00000, 0x0000000081f00000, 0x0000000081f00000|100%|HC|  |TAMS 0x0000000081f00000, 0x0000000081e00000| Complete 
|  31|0x0000000081f00000, 0x0000000082000000, 0x0000000082000000|100%| O|  |TAMS 0x0000000082000000, 0x0000000081f00000| Untracked 
|  32|0x0000000082000000, 0x0000000082100000, 0x0000000082100000|100%| O|  |TAMS 0x0000000082100000, 0x0000000082000000| Untracked 
|  33|0x0000000082100000, 0x0000000082200000, 0x0000000082200000|100%| O|  |TAMS 0x0000000082200000, 0x0000000082100000| Untracked 
|  34|0x0000000082200000, 0x0000000082300000, 0x0000000082300000|100%| O|  |TAMS 0x0000000082300000, 0x0000000082200000| Untracked 
|  35|0x0000000082300000, 0x0000000082400000, 0x0000000082400000|100%| O|  |TAMS 0x0000000082400000, 0x0000000082300000| Untracked 
|  36|0x0000000082400000, 0x0000000082500000, 0x0000000082500000|100%|HS|  |TAMS 0x0000000082500000, 0x0000000082400000| Complete 
|  37|0x0000000082500000, 0x0000000082600000, 0x0000000082600000|100%|HC|  |TAMS 0x0000000082600000, 0x0000000082500000| Complete 
|  38|0x0000000082600000, 0x0000000082700000, 0x0000000082700000|100%|HC|  |TAMS 0x0000000082700000, 0x0000000082600000| Complete 
|  39|0x0000000082700000, 0x0000000082800000, 0x0000000082800000|100%|HC|  |TAMS 0x0000000082800000, 0x0000000082700000| Complete 
|  40|0x0000000082800000, 0x0000000082900000, 0x0000000082900000|100%| O|  |TAMS 0x0000000082900000, 0x0000000082800000| Untracked 
|  41|0x0000000082900000, 0x0000000082a00000, 0x0000000082a00000|100%| O|  |TAMS 0x0000000082a00000, 0x0000000082900000| Untracked 
|  42|0x0000000082a00000, 0x0000000082b00000, 0x0000000082b00000|100%| O|  |TAMS 0x0000000082b00000, 0x0000000082a00000| Untracked 
|  43|0x0000000082b00000, 0x0000000082c00000, 0x0000000082c00000|100%| O|  |TAMS 0x0000000082c00000, 0x0000000082b00000| Untracked 
|  44|0x0000000082c00000, 0x0000000082c00000, 0x0000000082d00000|  0%| F|  |TAMS 0x0000000082c00000, 0x0000000082c00000| Untracked 
|  45|0x0000000082d00000, 0x0000000082e00000, 0x0000000082e00000|100%| O|  |TAMS 0x0000000082e00000, 0x0000000082d00000| Untracked 
|  46|0x0000000082e00000, 0x0000000082e00000, 0x0000000082f00000|  0%| F|  |TAMS 0x0000000082e00000, 0x0000000082e00000| Untracked 
|  47|0x0000000082f00000, 0x0000000083000000, 0x0000000083000000|100%| O|  |TAMS 0x0000000082f00000, 0x0000000082f00000| Untracked 
|  48|0x0000000083000000, 0x0000000083000000, 0x0000000083100000|  0%| F|  |TAMS 0x0000000083000000, 0x0000000083000000| Untracked 
|  49|0x0000000083100000, 0x0000000083200000, 0x0000000083200000|100%| O|  |TAMS 0x0000000083200000, 0x0000000083100000| Untracked 
|  50|0x0000000083200000, 0x0000000083200000, 0x0000000083300000|  0%| F|  |TAMS 0x0000000083200000, 0x0000000083200000| Untracked 
|  51|0x0000000083300000, 0x0000000083400000, 0x0000000083400000|100%|HS|  |TAMS 0x0000000083400000, 0x0000000083300000| Complete 
|  52|0x0000000083400000, 0x0000000083500000, 0x0000000083500000|100%|HS|  |TAMS 0x0000000083500000, 0x0000000083400000| Complete 
|  53|0x0000000083500000, 0x0000000083600000, 0x0000000083600000|100%|HS|  |TAMS 0x0000000083600000, 0x0000000083500000| Complete 
|  54|0x0000000083600000, 0x0000000083700000, 0x0000000083700000|100%|HS|  |TAMS 0x0000000083700000, 0x0000000083600000| Complete 
|  55|0x0000000083700000, 0x0000000083800000, 0x0000000083800000|100%|HS|  |TAMS 0x0000000083800000, 0x0000000083700000| Complete 
|  56|0x0000000083800000, 0x0000000083900000, 0x0000000083900000|100%|HC|  |TAMS 0x0000000083900000, 0x0000000083800000| Complete 
|  57|0x0000000083900000, 0x0000000083a00000, 0x0000000083a00000|100%|HC|  |TAMS 0x0000000083a00000, 0x0000000083900000| Complete 
|  58|0x0000000083a00000, 0x0000000083b00000, 0x0000000083b00000|100%|HS|  |TAMS 0x0000000083b00000, 0x0000000083a00000| Complete 
|  59|0x0000000083b00000, 0x0000000083c00000, 0x0000000083c00000|100%|HC|  |TAMS 0x0000000083c00000, 0x0000000083b00000| Complete 
|  60|0x0000000083c00000, 0x0000000083c00000, 0x0000000083d00000|  0%| F|  |TAMS 0x0000000083c00000, 0x0000000083c00000| Untracked 
|  61|0x0000000083d00000, 0x0000000083d00000, 0x0000000083e00000|  0%| F|  |TAMS 0x0000000083d00000, 0x0000000083d00000| Untracked 
|  62|0x0000000083e00000, 0x0000000083f00000, 0x0000000083f00000|100%| O|  |TAMS 0x0000000083f00000, 0x0000000083e00000| Untracked 
|  63|0x0000000083f00000, 0x0000000083f00000, 0x0000000084000000|  0%| F|  |TAMS 0x0000000083f00000, 0x0000000083f00000| Untracked 
|  64|0x0000000084000000, 0x0000000084100000, 0x0000000084100000|100%| O|  |TAMS 0x0000000084100000, 0x0000000084000000| Untracked 
|  65|0x0000000084100000, 0x0000000084200000, 0x0000000084200000|100%| O|  |TAMS 0x0000000084200000, 0x0000000084100000| Untracked 
|  66|0x0000000084200000, 0x0000000084300000, 0x0000000084300000|100%| O|  |TAMS 0x0000000084300000, 0x0000000084200000| Untracked 
|  67|0x0000000084300000, 0x0000000084400000, 0x0000000084400000|100%| O|  |TAMS 0x0000000084400000, 0x0000000084300000| Untracked 
|  68|0x0000000084400000, 0x0000000084400000, 0x0000000084500000|  0%| F|  |TAMS 0x0000000084400000, 0x0000000084400000| Untracked 
|  69|0x0000000084500000, 0x0000000084600000, 0x0000000084600000|100%| O|  |TAMS 0x0000000084600000, 0x0000000084500000| Untracked 
|  70|0x0000000084600000, 0x0000000084700000, 0x0000000084700000|100%| O|  |TAMS 0x0000000084700000, 0x0000000084600000| Untracked 
|  71|0x0000000084700000, 0x0000000084800000, 0x0000000084800000|100%| O|  |TAMS 0x0000000084800000, 0x0000000084700000| Untracked 
|  72|0x0000000084800000, 0x0000000084900000, 0x0000000084900000|100%| O|  |TAMS 0x0000000084900000, 0x0000000084800000| Untracked 
|  73|0x0000000084900000, 0x0000000084a00000, 0x0000000084a00000|100%| O|  |TAMS 0x0000000084a00000, 0x0000000084900000| Untracked 
|  74|0x0000000084a00000, 0x0000000084b00000, 0x0000000084b00000|100%| O|  |TAMS 0x0000000084b00000, 0x0000000084a00000| Untracked 
|  75|0x0000000084b00000, 0x0000000084c00000, 0x0000000084c00000|100%| O|  |TAMS 0x0000000084c00000, 0x0000000084b00000| Untracked 
|  76|0x0000000084c00000, 0x0000000084c00000, 0x0000000084d00000|  0%| F|  |TAMS 0x0000000084c00000, 0x0000000084c00000| Untracked 
|  77|0x0000000084d00000, 0x0000000084e00000, 0x0000000084e00000|100%| O|  |TAMS 0x0000000084e00000, 0x0000000084d00000| Untracked 
|  78|0x0000000084e00000, 0x0000000084e00000, 0x0000000084f00000|  0%| F|  |TAMS 0x0000000084e00000, 0x0000000084e00000| Untracked 
|  79|0x0000000084f00000, 0x0000000085000000, 0x0000000085000000|100%| O|  |TAMS 0x0000000085000000, 0x0000000084f00000| Untracked 
|  80|0x0000000085000000, 0x0000000085100000, 0x0000000085100000|100%| O|  |TAMS 0x0000000085100000, 0x0000000085000000| Untracked 
|  81|0x0000000085100000, 0x0000000085100000, 0x0000000085200000|  0%| F|  |TAMS 0x0000000085100000, 0x0000000085100000| Untracked 
|  82|0x0000000085200000, 0x0000000085300000, 0x0000000085300000|100%|HS|  |TAMS 0x0000000085300000, 0x0000000085200000| Complete 
|  83|0x0000000085300000, 0x0000000085400000, 0x0000000085400000|100%|HC|  |TAMS 0x0000000085400000, 0x0000000085300000| Complete 
|  84|0x0000000085400000, 0x0000000085500000, 0x0000000085500000|100%|HS|  |TAMS 0x0000000085500000, 0x0000000085400000| Complete 
|  85|0x0000000085500000, 0x0000000085600000, 0x0000000085600000|100%|HC|  |TAMS 0x0000000085600000, 0x0000000085500000| Complete 
|  86|0x0000000085600000, 0x0000000085700000, 0x0000000085700000|100%|HC|  |TAMS 0x0000000085700000, 0x0000000085600000| Complete 
|  87|0x0000000085700000, 0x0000000085800000, 0x0000000085800000|100%|HS|  |TAMS 0x0000000085800000, 0x0000000085700000| Complete 
|  88|0x0000000085800000, 0x0000000085900000, 0x0000000085900000|100%|HC|  |TAMS 0x0000000085900000, 0x0000000085800000| Complete 
|  89|0x0000000085900000, 0x0000000085a00000, 0x0000000085a00000|100%|HC|  |TAMS 0x0000000085a00000, 0x0000000085900000| Complete 
|  90|0x0000000085a00000, 0x0000000085b00000, 0x0000000085b00000|100%|HC|  |TAMS 0x0000000085b00000, 0x0000000085a00000| Complete 
|  91|0x0000000085b00000, 0x0000000085c00000, 0x0000000085c00000|100%| O|  |TAMS 0x0000000085c00000, 0x0000000085b00000| Untracked 
|  92|0x0000000085c00000, 0x0000000085d00000, 0x0000000085d00000|100%| O|  |TAMS 0x0000000085d00000, 0x0000000085c00000| Untracked 
|  93|0x0000000085d00000, 0x0000000085e00000, 0x0000000085e00000|100%| O|  |TAMS 0x0000000085e00000, 0x0000000085d00000| Untracked 
|  94|0x0000000085e00000, 0x0000000085e00000, 0x0000000085f00000|  0%| F|  |TAMS 0x0000000085e00000, 0x0000000085e00000| Untracked 
|  95|0x0000000085f00000, 0x0000000086000000, 0x0000000086000000|100%| O|  |TAMS 0x0000000086000000, 0x0000000085f00000| Untracked 
|  96|0x0000000086000000, 0x0000000086100000, 0x0000000086100000|100%| O|  |TAMS 0x0000000086100000, 0x0000000086000000| Untracked 
|  97|0x0000000086100000, 0x0000000086200000, 0x0000000086200000|100%| O|  |TAMS 0x0000000086200000, 0x0000000086100000| Untracked 
|  98|0x0000000086200000, 0x0000000086300000, 0x0000000086300000|100%| O|  |TAMS 0x0000000086300000, 0x0000000086200000| Untracked 
|  99|0x0000000086300000, 0x0000000086400000, 0x0000000086400000|100%| O|  |TAMS 0x0000000086400000, 0x0000000086300000| Untracked 
| 100|0x0000000086400000, 0x0000000086500000, 0x0000000086500000|100%| O|  |TAMS 0x0000000086500000, 0x0000000086400000| Untracked 
| 101|0x0000000086500000, 0x0000000086600000, 0x0000000086600000|100%| O|  |TAMS 0x0000000086600000, 0x0000000086500000| Untracked 
| 102|0x0000000086600000, 0x0000000086700000, 0x0000000086700000|100%| O|  |TAMS 0x0000000086700000, 0x0000000086600000| Untracked 
| 103|0x0000000086700000, 0x0000000086800000, 0x0000000086800000|100%| O|  |TAMS 0x0000000086800000, 0x0000000086700000| Untracked 
| 104|0x0000000086800000, 0x0000000086900000, 0x0000000086900000|100%| O|  |TAMS 0x0000000086900000, 0x0000000086800000| Untracked 
| 105|0x0000000086900000, 0x0000000086900000, 0x0000000086a00000|  0%| F|  |TAMS 0x0000000086900000, 0x0000000086900000| Untracked 
| 106|0x0000000086a00000, 0x0000000086b00000, 0x0000000086b00000|100%| O|  |TAMS 0x0000000086b00000, 0x0000000086a00000| Untracked 
| 107|0x0000000086b00000, 0x0000000086c00000, 0x0000000086c00000|100%| O|  |TAMS 0x0000000086c00000, 0x0000000086b00000| Untracked 
| 108|0x0000000086c00000, 0x0000000086d00000, 0x0000000086d00000|100%| O|  |TAMS 0x0000000086d00000, 0x0000000086c00000| Untracked 
| 109|0x0000000086d00000, 0x0000000086e00000, 0x0000000086e00000|100%| O|  |TAMS 0x0000000086e00000, 0x0000000086d00000| Untracked 
| 110|0x0000000086e00000, 0x0000000086f00000, 0x0000000086f00000|100%| O|  |TAMS 0x0000000086e00000, 0x0000000086e00000| Untracked 
| 111|0x0000000086f00000, 0x0000000086f00000, 0x0000000087000000|  0%| F|  |TAMS 0x0000000086f00000, 0x0000000086f00000| Untracked 
| 112|0x0000000087000000, 0x0000000087100000, 0x0000000087100000|100%| O|  |TAMS 0x0000000087000000, 0x0000000087000000| Untracked 
| 113|0x0000000087100000, 0x0000000087200000, 0x0000000087200000|100%| O|  |TAMS 0x0000000087200000, 0x0000000087100000| Untracked 
| 114|0x0000000087200000, 0x0000000087300000, 0x0000000087300000|100%| O|  |TAMS 0x0000000087300000, 0x0000000087200000| Untracked 
| 115|0x0000000087300000, 0x0000000087300000, 0x0000000087400000|  0%| F|  |TAMS 0x0000000087300000, 0x0000000087300000| Untracked 
| 116|0x0000000087400000, 0x0000000087500000, 0x0000000087500000|100%| O|  |TAMS 0x0000000087500000, 0x0000000087400000| Untracked 
| 117|0x0000000087500000, 0x0000000087500000, 0x0000000087600000|  0%| F|  |TAMS 0x0000000087500000, 0x0000000087500000| Untracked 
| 118|0x0000000087600000, 0x0000000087700000, 0x0000000087700000|100%| O|  |TAMS 0x0000000087700000, 0x0000000087600000| Untracked 
| 119|0x0000000087700000, 0x0000000087800000, 0x0000000087800000|100%| O|  |TAMS 0x0000000087800000, 0x0000000087700000| Untracked 
| 120|0x0000000087800000, 0x0000000087800000, 0x0000000087900000|  0%| F|  |TAMS 0x0000000087800000, 0x0000000087800000| Untracked 
| 121|0x0000000087900000, 0x0000000087a00000, 0x0000000087a00000|100%| O|  |TAMS 0x0000000087a00000, 0x0000000087900000| Untracked 
| 122|0x0000000087a00000, 0x0000000087b00000, 0x0000000087b00000|100%| O|  |TAMS 0x0000000087b00000, 0x0000000087a00000| Untracked 
| 123|0x0000000087b00000, 0x0000000087c00000, 0x0000000087c00000|100%| O|  |TAMS 0x0000000087c00000, 0x0000000087b00000| Untracked 
| 124|0x0000000087c00000, 0x0000000087c00000, 0x0000000087d00000|  0%| F|  |TAMS 0x0000000087c00000, 0x0000000087c00000| Untracked 
| 125|0x0000000087d00000, 0x0000000087e00000, 0x0000000087e00000|100%| O|  |TAMS 0x0000000087e00000, 0x0000000087d00000| Untracked 
| 126|0x0000000087e00000, 0x0000000087f00000, 0x0000000087f00000|100%| O|  |TAMS 0x0000000087f00000, 0x0000000087e00000| Untracked 
| 127|0x0000000087f00000, 0x0000000088000000, 0x0000000088000000|100%| O|  |TAMS 0x0000000087f00000, 0x0000000087f00000| Untracked 
| 128|0x0000000088000000, 0x0000000088100000, 0x0000000088100000|100%| O|  |TAMS 0x0000000088100000, 0x0000000088000000| Untracked 
| 129|0x0000000088100000, 0x0000000088100000, 0x0000000088200000|  0%| F|  |TAMS 0x0000000088100000, 0x0000000088100000| Untracked 
| 130|0x0000000088200000, 0x0000000088200000, 0x0000000088300000|  0%| F|  |TAMS 0x0000000088200000, 0x0000000088200000| Untracked 
| 131|0x0000000088300000, 0x0000000088300000, 0x0000000088400000|  0%| F|  |TAMS 0x0000000088300000, 0x0000000088300000| Untracked 
| 132|0x0000000088400000, 0x0000000088500000, 0x0000000088500000|100%| O|  |TAMS 0x0000000088500000, 0x0000000088400000| Untracked 
| 133|0x0000000088500000, 0x0000000088600000, 0x0000000088600000|100%| O|  |TAMS 0x0000000088600000, 0x0000000088500000| Untracked 
| 134|0x0000000088600000, 0x0000000088600000, 0x0000000088700000|  0%| F|  |TAMS 0x0000000088600000, 0x0000000088600000| Untracked 
| 135|0x0000000088700000, 0x0000000088700000, 0x0000000088800000|  0%| F|  |TAMS 0x0000000088700000, 0x0000000088700000| Untracked 
| 136|0x0000000088800000, 0x0000000088900000, 0x0000000088900000|100%| O|  |TAMS 0x0000000088900000, 0x0000000088800000| Untracked 
| 137|0x0000000088900000, 0x0000000088a00000, 0x0000000088a00000|100%| O|  |TAMS 0x0000000088a00000, 0x0000000088900000| Untracked 
| 138|0x0000000088a00000, 0x0000000088b00000, 0x0000000088b00000|100%| O|  |TAMS 0x0000000088b00000, 0x0000000088a00000| Untracked 
| 139|0x0000000088b00000, 0x0000000088c00000, 0x0000000088c00000|100%| O|  |TAMS 0x0000000088c00000, 0x0000000088b00000| Untracked 
| 140|0x0000000088c00000, 0x0000000088d00000, 0x0000000088d00000|100%| O|  |TAMS 0x0000000088d00000, 0x0000000088c00000| Untracked 
| 141|0x0000000088d00000, 0x0000000088d00000, 0x0000000088e00000|  0%| F|  |TAMS 0x0000000088d00000, 0x0000000088d00000| Untracked 
| 142|0x0000000088e00000, 0x0000000088f00000, 0x0000000088f00000|100%| O|  |TAMS 0x0000000088f00000, 0x0000000088e00000| Untracked 
| 143|0x0000000088f00000, 0x0000000089000000, 0x0000000089000000|100%| O|  |TAMS 0x0000000089000000, 0x0000000088f00000| Untracked 
| 144|0x0000000089000000, 0x0000000089100000, 0x0000000089100000|100%| O|  |TAMS 0x0000000089100000, 0x0000000089000000| Untracked 
| 145|0x0000000089100000, 0x0000000089200000, 0x0000000089200000|100%| O|  |TAMS 0x0000000089200000, 0x0000000089100000| Untracked 
| 146|0x0000000089200000, 0x0000000089300000, 0x0000000089300000|100%| O|  |TAMS 0x0000000089300000, 0x0000000089200000| Untracked 
| 147|0x0000000089300000, 0x0000000089400000, 0x0000000089400000|100%| O|  |TAMS 0x0000000089400000, 0x0000000089300000| Untracked 
| 148|0x0000000089400000, 0x0000000089500000, 0x0000000089500000|100%| O|  |TAMS 0x0000000089500000, 0x0000000089400000| Untracked 
| 149|0x0000000089500000, 0x0000000089600000, 0x0000000089600000|100%| O|  |TAMS 0x0000000089600000, 0x0000000089500000| Untracked 
| 150|0x0000000089600000, 0x0000000089700000, 0x0000000089700000|100%| O|  |TAMS 0x0000000089700000, 0x0000000089600000| Untracked 
| 151|0x0000000089700000, 0x0000000089800000, 0x0000000089800000|100%| O|  |TAMS 0x0000000089800000, 0x0000000089700000| Untracked 
| 152|0x0000000089800000, 0x0000000089900000, 0x0000000089900000|100%| O|  |TAMS 0x0000000089900000, 0x0000000089800000| Untracked 
| 153|0x0000000089900000, 0x0000000089900000, 0x0000000089a00000|  0%| F|  |TAMS 0x0000000089900000, 0x0000000089900000| Untracked 
| 154|0x0000000089a00000, 0x0000000089b00000, 0x0000000089b00000|100%| O|  |TAMS 0x0000000089b00000, 0x0000000089a00000| Untracked 
| 155|0x0000000089b00000, 0x0000000089c00000, 0x0000000089c00000|100%| O|  |TAMS 0x0000000089c00000, 0x0000000089b00000| Untracked 
| 156|0x0000000089c00000, 0x0000000089d00000, 0x0000000089d00000|100%| O|  |TAMS 0x0000000089d00000, 0x0000000089c00000| Untracked 
| 157|0x0000000089d00000, 0x0000000089e00000, 0x0000000089e00000|100%| O|  |TAMS 0x0000000089e00000, 0x0000000089d00000| Untracked 
| 158|0x0000000089e00000, 0x0000000089f00000, 0x0000000089f00000|100%| O|  |TAMS 0x0000000089f00000, 0x0000000089e00000| Untracked 
| 159|0x0000000089f00000, 0x000000008a000000, 0x000000008a000000|100%| O|  |TAMS 0x0000000089f3a400, 0x0000000089f00000| Untracked 
| 160|0x000000008a000000, 0x000000008a100000, 0x000000008a100000|100%| O|  |TAMS 0x000000008a000000, 0x000000008a000000| Untracked 
| 161|0x000000008a100000, 0x000000008a200000, 0x000000008a200000|100%| O|  |TAMS 0x000000008a100000, 0x000000008a100000| Untracked 
| 162|0x000000008a200000, 0x000000008a300000, 0x000000008a300000|100%| O|  |TAMS 0x000000008a200000, 0x000000008a200000| Untracked 
| 163|0x000000008a300000, 0x000000008a400000, 0x000000008a400000|100%| O|  |TAMS 0x000000008a300000, 0x000000008a300000| Untracked 
| 164|0x000000008a400000, 0x000000008a500000, 0x000000008a500000|100%| O|  |TAMS 0x000000008a400000, 0x000000008a400000| Untracked 
| 165|0x000000008a500000, 0x000000008a600000, 0x000000008a600000|100%| O|  |TAMS 0x000000008a500000, 0x000000008a500000| Untracked 
| 166|0x000000008a600000, 0x000000008a700000, 0x000000008a700000|100%| O|  |TAMS 0x000000008a600000, 0x000000008a600000| Untracked 
| 167|0x000000008a700000, 0x000000008a800000, 0x000000008a800000|100%| O|  |TAMS 0x000000008a800000, 0x000000008a700000| Untracked 
| 168|0x000000008a800000, 0x000000008a900000, 0x000000008a900000|100%| O|  |TAMS 0x000000008a900000, 0x000000008a800000| Untracked 
| 169|0x000000008a900000, 0x000000008aa00000, 0x000000008aa00000|100%| O|  |TAMS 0x000000008aa00000, 0x000000008a900000| Untracked 
| 170|0x000000008aa00000, 0x000000008ab00000, 0x000000008ab00000|100%| O|  |TAMS 0x000000008ab00000, 0x000000008aa00000| Untracked 
| 171|0x000000008ab00000, 0x000000008ac00000, 0x000000008ac00000|100%| O|  |TAMS 0x000000008ac00000, 0x000000008ab00000| Untracked 
| 172|0x000000008ac00000, 0x000000008ad00000, 0x000000008ad00000|100%| O|  |TAMS 0x000000008ac00000, 0x000000008ac00000| Untracked 
| 173|0x000000008ad00000, 0x000000008ae00000, 0x000000008ae00000|100%| O|  |TAMS 0x000000008ad00000, 0x000000008ad00000| Untracked 
| 174|0x000000008ae00000, 0x000000008af00000, 0x000000008af00000|100%| O|  |TAMS 0x000000008ae00000, 0x000000008ae00000| Untracked 
| 175|0x000000008af00000, 0x000000008b000000, 0x000000008b000000|100%| O|  |TAMS 0x000000008af00000, 0x000000008af00000| Untracked 
| 176|0x000000008b000000, 0x000000008b100000, 0x000000008b100000|100%| O|  |TAMS 0x000000008b000000, 0x000000008b000000| Untracked 
| 177|0x000000008b100000, 0x000000008b200000, 0x000000008b200000|100%| O|  |TAMS 0x000000008b100000, 0x000000008b100000| Untracked 
| 178|0x000000008b200000, 0x000000008b300000, 0x000000008b300000|100%| O|  |TAMS 0x000000008b200000, 0x000000008b200000| Untracked 
| 179|0x000000008b300000, 0x000000008b400000, 0x000000008b400000|100%| O|  |TAMS 0x000000008b400000, 0x000000008b300000| Untracked 
| 180|0x000000008b400000, 0x000000008b500000, 0x000000008b500000|100%| O|  |TAMS 0x000000008b400000, 0x000000008b400000| Untracked 
| 181|0x000000008b500000, 0x000000008b557600, 0x000000008b600000| 34%| O|  |TAMS 0x000000008b500000, 0x000000008b500000| Untracked 
| 182|0x000000008b600000, 0x000000008b600000, 0x000000008b700000|  0%| F|  |TAMS 0x000000008b600000, 0x000000008b600000| Untracked 
| 183|0x000000008b700000, 0x000000008b800000, 0x000000008b800000|100%| O|  |TAMS 0x000000008b800000, 0x000000008b700000| Untracked 
| 184|0x000000008b800000, 0x000000008b800000, 0x000000008b900000|  0%| F|  |TAMS 0x000000008b800000, 0x000000008b800000| Untracked 
| 185|0x000000008b900000, 0x000000008ba00000, 0x000000008ba00000|100%| O|  |TAMS 0x000000008ba00000, 0x000000008b900000| Untracked 
| 186|0x000000008ba00000, 0x000000008bb00000, 0x000000008bb00000|100%| O|  |TAMS 0x000000008bb00000, 0x000000008ba00000| Untracked 
| 187|0x000000008bb00000, 0x000000008bb00000, 0x000000008bc00000|  0%| F|  |TAMS 0x000000008bb00000, 0x000000008bb00000| Untracked 
| 188|0x000000008bc00000, 0x000000008bc00000, 0x000000008bd00000|  0%| F|  |TAMS 0x000000008bc00000, 0x000000008bc00000| Untracked 
| 189|0x000000008bd00000, 0x000000008be00000, 0x000000008be00000|100%| O|  |TAMS 0x000000008be00000, 0x000000008bd00000| Untracked 
| 190|0x000000008be00000, 0x000000008be00000, 0x000000008bf00000|  0%| F|  |TAMS 0x000000008be00000, 0x000000008be00000| Untracked 
| 191|0x000000008bf00000, 0x000000008bf00000, 0x000000008c000000|  0%| F|  |TAMS 0x000000008bf00000, 0x000000008bf00000| Untracked 
| 192|0x000000008c000000, 0x000000008c000000, 0x000000008c100000|  0%| F|  |TAMS 0x000000008c000000, 0x000000008c000000| Untracked 
| 193|0x000000008c100000, 0x000000008c100000, 0x000000008c200000|  0%| F|  |TAMS 0x000000008c100000, 0x000000008c100000| Untracked 
| 194|0x000000008c200000, 0x000000008c200000, 0x000000008c300000|  0%| F|  |TAMS 0x000000008c200000, 0x000000008c200000| Untracked 
| 195|0x000000008c300000, 0x000000008c400000, 0x000000008c400000|100%| O|  |TAMS 0x000000008c400000, 0x000000008c300000| Untracked 
| 196|0x000000008c400000, 0x000000008c400000, 0x000000008c500000|  0%| F|  |TAMS 0x000000008c400000, 0x000000008c400000| Untracked 
| 197|0x000000008c500000, 0x000000008c500000, 0x000000008c600000|  0%| F|  |TAMS 0x000000008c500000, 0x000000008c500000| Untracked 
| 198|0x000000008c600000, 0x000000008c600000, 0x000000008c700000|  0%| F|  |TAMS 0x000000008c600000, 0x000000008c600000| Untracked 
| 199|0x000000008c700000, 0x000000008c700000, 0x000000008c800000|  0%| F|  |TAMS 0x000000008c700000, 0x000000008c700000| Untracked 
| 200|0x000000008c800000, 0x000000008c800000, 0x000000008c900000|  0%| F|  |TAMS 0x000000008c800000, 0x000000008c800000| Untracked 
| 201|0x000000008c900000, 0x000000008c900000, 0x000000008ca00000|  0%| F|  |TAMS 0x000000008c900000, 0x000000008c900000| Untracked 
| 202|0x000000008ca00000, 0x000000008ca00000, 0x000000008cb00000|  0%| F|  |TAMS 0x000000008ca00000, 0x000000008ca00000| Untracked 
| 203|0x000000008cb00000, 0x000000008cb00000, 0x000000008cc00000|  0%| F|  |TAMS 0x000000008cb00000, 0x000000008cb00000| Untracked 
| 204|0x000000008cc00000, 0x000000008cc00000, 0x000000008cd00000|  0%| F|  |TAMS 0x000000008cc00000, 0x000000008cc00000| Untracked 
| 205|0x000000008cd00000, 0x000000008cd00000, 0x000000008ce00000|  0%| F|  |TAMS 0x000000008cd00000, 0x000000008cd00000| Untracked 
| 206|0x000000008ce00000, 0x000000008ce00000, 0x000000008cf00000|  0%| F|  |TAMS 0x000000008ce00000, 0x000000008ce00000| Untracked 
| 207|0x000000008cf00000, 0x000000008cf00000, 0x000000008d000000|  0%| F|  |TAMS 0x000000008cf00000, 0x000000008cf00000| Untracked 
| 208|0x000000008d000000, 0x000000008d000000, 0x000000008d100000|  0%| F|  |TAMS 0x000000008d000000, 0x000000008d000000| Untracked 
| 209|0x000000008d100000, 0x000000008d100000, 0x000000008d200000|  0%| F|  |TAMS 0x000000008d100000, 0x000000008d100000| Untracked 
| 210|0x000000008d200000, 0x000000008d200000, 0x000000008d300000|  0%| F|  |TAMS 0x000000008d200000, 0x000000008d200000| Untracked 
| 211|0x000000008d300000, 0x000000008d300000, 0x000000008d400000|  0%| F|  |TAMS 0x000000008d300000, 0x000000008d300000| Untracked 
| 212|0x000000008d400000, 0x000000008d400000, 0x000000008d500000|  0%| F|  |TAMS 0x000000008d400000, 0x000000008d400000| Untracked 
| 213|0x000000008d500000, 0x000000008d500000, 0x000000008d600000|  0%| F|  |TAMS 0x000000008d500000, 0x000000008d500000| Untracked 
| 214|0x000000008d600000, 0x000000008d600000, 0x000000008d700000|  0%| F|  |TAMS 0x000000008d600000, 0x000000008d600000| Untracked 
| 215|0x000000008d700000, 0x000000008d700000, 0x000000008d800000|  0%| F|  |TAMS 0x000000008d700000, 0x000000008d700000| Untracked 
| 216|0x000000008d800000, 0x000000008d800000, 0x000000008d900000|  0%| F|  |TAMS 0x000000008d800000, 0x000000008d800000| Untracked 
| 217|0x000000008d900000, 0x000000008d900000, 0x000000008da00000|  0%| F|  |TAMS 0x000000008d900000, 0x000000008d900000| Untracked 
| 218|0x000000008da00000, 0x000000008da00000, 0x000000008db00000|  0%| F|  |TAMS 0x000000008da00000, 0x000000008da00000| Untracked 
| 219|0x000000008db00000, 0x000000008db00000, 0x000000008dc00000|  0%| F|  |TAMS 0x000000008db00000, 0x000000008db00000| Untracked 
| 220|0x000000008dc00000, 0x000000008dcb63a8, 0x000000008dd00000| 71%| E|  |TAMS 0x000000008dc00000, 0x000000008dc00000| Complete 
| 221|0x000000008dd00000, 0x000000008de00000, 0x000000008de00000|100%| E|CS|TAMS 0x000000008dd00000, 0x000000008dd00000| Complete 
| 222|0x000000008de00000, 0x000000008df00000, 0x000000008df00000|100%| E|CS|TAMS 0x000000008de00000, 0x000000008de00000| Complete 
| 223|0x000000008df00000, 0x000000008e000000, 0x000000008e000000|100%| E|CS|TAMS 0x000000008df00000, 0x000000008df00000| Complete 
| 224|0x000000008e000000, 0x000000008e100000, 0x000000008e100000|100%| E|CS|TAMS 0x000000008e000000, 0x000000008e000000| Complete 
| 225|0x000000008e100000, 0x000000008e200000, 0x000000008e200000|100%| E|CS|TAMS 0x000000008e100000, 0x000000008e100000| Complete 
| 226|0x000000008e200000, 0x000000008e300000, 0x000000008e300000|100%| E|CS|TAMS 0x000000008e200000, 0x000000008e200000| Complete 
| 227|0x000000008e300000, 0x000000008e400000, 0x000000008e400000|100%| E|CS|TAMS 0x000000008e300000, 0x000000008e300000| Complete 
| 228|0x000000008e400000, 0x000000008e500000, 0x000000008e500000|100%| E|CS|TAMS 0x000000008e400000, 0x000000008e400000| Complete 
| 229|0x000000008e500000, 0x000000008e600000, 0x000000008e600000|100%| E|CS|TAMS 0x000000008e500000, 0x000000008e500000| Complete 
| 230|0x000000008e600000, 0x000000008e700000, 0x000000008e700000|100%| E|CS|TAMS 0x000000008e600000, 0x000000008e600000| Complete 
| 231|0x000000008e700000, 0x000000008e800000, 0x000000008e800000|100%| E|CS|TAMS 0x000000008e700000, 0x000000008e700000| Complete 
| 232|0x000000008e800000, 0x000000008e900000, 0x000000008e900000|100%| E|CS|TAMS 0x000000008e800000, 0x000000008e800000| Complete 
| 233|0x000000008e900000, 0x000000008ea00000, 0x000000008ea00000|100%| E|CS|TAMS 0x000000008e900000, 0x000000008e900000| Complete 
| 234|0x000000008ea00000, 0x000000008eb00000, 0x000000008eb00000|100%| E|CS|TAMS 0x000000008ea00000, 0x000000008ea00000| Complete 
| 235|0x000000008eb00000, 0x000000008ec00000, 0x000000008ec00000|100%| E|CS|TAMS 0x000000008eb00000, 0x000000008eb00000| Complete 
| 236|0x000000008ec00000, 0x000000008ed00000, 0x000000008ed00000|100%| E|CS|TAMS 0x000000008ec00000, 0x000000008ec00000| Complete 
| 237|0x000000008ed00000, 0x000000008ee00000, 0x000000008ee00000|100%| E|CS|TAMS 0x000000008ed00000, 0x000000008ed00000| Complete 
| 238|0x000000008ee00000, 0x000000008ef00000, 0x000000008ef00000|100%| E|CS|TAMS 0x000000008ee00000, 0x000000008ee00000| Complete 
| 239|0x000000008ef00000, 0x000000008f000000, 0x000000008f000000|100%| E|CS|TAMS 0x000000008ef00000, 0x000000008ef00000| Complete 
| 240|0x000000008f000000, 0x000000008f100000, 0x000000008f100000|100%| E|CS|TAMS 0x000000008f000000, 0x000000008f000000| Complete 
| 241|0x000000008f100000, 0x000000008f200000, 0x000000008f200000|100%| E|CS|TAMS 0x000000008f100000, 0x000000008f100000| Complete 
| 242|0x000000008f200000, 0x000000008f300000, 0x000000008f300000|100%| E|CS|TAMS 0x000000008f200000, 0x000000008f200000| Complete 
| 243|0x000000008f300000, 0x000000008f400000, 0x000000008f400000|100%| E|CS|TAMS 0x000000008f300000, 0x000000008f300000| Complete 
| 244|0x000000008f400000, 0x000000008f4c64f8, 0x000000008f500000| 77%| S|CS|TAMS 0x000000008f400000, 0x000000008f400000| Complete 
| 245|0x000000008f500000, 0x000000008f600000, 0x000000008f600000|100%| S|CS|TAMS 0x000000008f500000, 0x000000008f500000| Complete 
| 246|0x000000008f600000, 0x000000008f700000, 0x000000008f700000|100%| E|CS|TAMS 0x000000008f600000, 0x000000008f600000| Complete 
| 247|0x000000008f700000, 0x000000008f800000, 0x000000008f800000|100%| E|CS|TAMS 0x000000008f700000, 0x000000008f700000| Complete 
| 248|0x000000008f800000, 0x000000008f900000, 0x000000008f900000|100%| E|CS|TAMS 0x000000008f800000, 0x000000008f800000| Complete 
| 249|0x000000008f900000, 0x000000008fa00000, 0x000000008fa00000|100%| E|  |TAMS 0x000000008f900000, 0x000000008f900000| Complete 
| 250|0x000000008fa00000, 0x000000008fb00000, 0x000000008fb00000|100%| E|CS|TAMS 0x000000008fa00000, 0x000000008fa00000| Complete 
| 251|0x000000008fb00000, 0x000000008fc00000, 0x000000008fc00000|100%| E|CS|TAMS 0x000000008fb00000, 0x000000008fb00000| Complete 

Card table byte_map: [0x0000017b6eff0000,0x0000017b6f3f0000] _byte_map_base: 0x0000017b6ebf0000

Marking Bits (Prev, Next): (CMBitMap*) 0x0000017b5c129630, (CMBitMap*) 0x0000017b5c1295f8
 Prev Bits: [0x0000017b717f0000, 0x0000017b737f0000)
 Next Bits: [0x0000017b6f7f0000, 0x0000017b717f0000)

Polling page: 0x0000017b5a020000

Metaspace:

Usage:
  Non-class:    125.73 MB capacity,   123.16 MB ( 98%) used,     2.10 MB (  2%) free+waste,   477.00 KB ( <1%) overhead. 
      Class:     19.11 MB capacity,    17.69 MB ( 93%) used,     1.22 MB (  6%) free+waste,   210.38 KB (  1%) overhead. 
       Both:    144.84 MB capacity,   140.85 MB ( 97%) used,     3.32 MB (  2%) free+waste,   687.38 KB ( <1%) overhead. 

Virtual space:
  Non-class space:      130.00 MB reserved,     128.46 MB ( 99%) committed 
      Class space:        1.00 GB reserved,      19.77 MB (  2%) committed 
             Both:        1.13 GB reserved,     148.23 MB ( 13%) committed 

Chunk freelists:
   Non-Class:  2.73 MB
       Class:  619.00 KB
        Both:  3.33 MB

MaxMetaspaceSize: 17179869184.00 GB
CompressedClassSpaceSize: 1.00 GB

CodeHeap 'non-profiled nmethods': size=120064Kb used=15793Kb max_used=15793Kb free=104270Kb
 bounds [0x0000017b676b0000, 0x0000017b68620000, 0x0000017b6ebf0000]
CodeHeap 'profiled nmethods': size=120000Kb used=50138Kb max_used=50138Kb free=69861Kb
 bounds [0x0000017b60180000, 0x0000017b632a0000, 0x0000017b676b0000]
CodeHeap 'non-nmethods': size=5696Kb used=2426Kb max_used=2522Kb free=3269Kb
 bounds [0x0000017b5fbf0000, 0x0000017b5fe80000, 0x0000017b60180000]
 total_blobs=22914 nmethods=21845 adapters=979
 compilation: enabled
              stopped_count=0, restarted_count=0
 full_count=0

Compilation events (20 events):
Event: 5999.663 Thread 0x0000017b76608000 nmethod 24240 0x0000017b6328a090 code [0x0000017b6328a2a0, 0x0000017b6328a7e8]
Event: 5999.663 Thread 0x0000017b76608000 24241       2       com.android.tools.r8.internal.Fs1::a (15 bytes)
Event: 5999.664 Thread 0x0000017b76608000 nmethod 24241 0x0000017b6328ab10 code [0x0000017b6328acc0, 0x0000017b6328ae08]
Event: 5999.664 Thread 0x0000017b76608000 24245       2       com.android.tools.r8.internal.gB0$$Lambda$1843/0x0000000101255840::test (12 bytes)
Event: 5999.664 Thread 0x0000017b76608000 nmethod 24245 0x0000017b6328af10 code [0x0000017b6328b0c0, 0x0000017b6328b218]
Event: 5999.664 Thread 0x0000017b76608000 24246       2       com.android.tools.r8.internal.gB0::a (11 bytes)
Event: 5999.664 Thread 0x0000017b76608000 nmethod 24246 0x0000017b6328b310 code [0x0000017b6328b4c0, 0x0000017b6328b5b8]
Event: 5999.664 Thread 0x0000017b76608000 24244       2       com.android.tools.r8.internal.QE0::a (17 bytes)
Event: 5999.664 Thread 0x0000017b76608000 nmethod 24244 0x0000017b6328b690 code [0x0000017b6328b840, 0x0000017b6328b958]
Event: 5999.664 Thread 0x0000017b76608000 24247       2       com.android.tools.r8.graph.i2$$Lambda$1591/0x000000010116bc40::accept (28 bytes)
Event: 5999.665 Thread 0x0000017b76608000 nmethod 24247 0x0000017b6328ba10 code [0x0000017b6328bbe0, 0x0000017b6328beb8]
Event: 5999.665 Thread 0x0000017b76608000 24242       2       com.android.tools.r8.internal.TR0::a (91 bytes)
Event: 5999.665 Thread 0x0000017b76608000 nmethod 24242 0x0000017b6328c010 code [0x0000017b6328c200, 0x0000017b6328c508]
Event: 5999.665 Thread 0x0000017b76608000 24249       2       com.android.tools.r8.internal.Ln1::a (45 bytes)
Event: 5999.666 Thread 0x0000017b76608000 nmethod 24249 0x0000017b6328c790 code [0x0000017b6328c9a0, 0x0000017b6328cd98]
Event: 5999.666 Thread 0x0000017b76608000 24252       2       com.android.tools.r8.internal.eB0::H (14 bytes)
Event: 5999.666 Thread 0x0000017b76608000 nmethod 24252 0x0000017b6328d090 code [0x0000017b6328d240, 0x0000017b6328d368]
Event: 5999.666 Thread 0x0000017b76608000 24254       2       com.android.tools.r8.internal.hI0::a (704 bytes)
Event: 5999.672 Thread 0x0000017b76608000 nmethod 24254 0x0000017b6328d410 code [0x0000017b6328da80, 0x0000017b6328fe88]
Event: 5999.672 Thread 0x0000017b76608000 24255       2       com.android.tools.r8.internal.nY0::a (128 bytes)

GC Heap History (20 events):
Event: 5969.345 GC heap before
{Heap before GC invocations=76 (full 0):
 garbage-first heap   total 258048K, used 172770K [0x0000000080000000, 0x0000000100000000)
  region size 1024K, 12 young (12288K), 4 survivors (4096K)
 Metaspace       used 145623K, capacity 149320K, committed 151280K, reserved 1179648K
  class space    used 18284K, capacity 19629K, committed 20248K, reserved 1048576K
}
Event: 5969.381 GC heap after
{Heap after GC invocations=77 (full 0):
 garbage-first heap   total 258048K, used 154333K [0x0000000080000000, 0x0000000100000000)
  region size 1024K, 1 young (1024K), 1 survivors (1024K)
 Metaspace       used 145623K, capacity 149320K, committed 151280K, reserved 1179648K
  class space    used 18284K, capacity 19629K, committed 20248K, reserved 1048576K
}
Event: 5969.708 GC heap before
{Heap before GC invocations=77 (full 0):
 garbage-first heap   total 258048K, used 203485K [0x0000000080000000, 0x0000000100000000)
  region size 1024K, 50 young (51200K), 1 survivors (1024K)
 Metaspace       used 145915K, capacity 149643K, committed 151536K, reserved 1181696K
  class space    used 18317K, capacity 19666K, committed 20248K, reserved 1048576K
}
Event: 5969.722 GC heap after
{Heap after GC invocations=78 (full 0):
 garbage-first heap   total 258048K, used 157280K [0x0000000080000000, 0x0000000100000000)
  region size 1024K, 4 young (4096K), 4 survivors (4096K)
 Metaspace       used 145915K, capacity 149643K, committed 151536K, reserved 1181696K
  class space    used 18317K, capacity 19666K, committed 20248K, reserved 1048576K
}
Event: 5970.493 GC heap before
{Heap before GC invocations=79 (full 0):
 garbage-first heap   total 258048K, used 206432K [0x0000000080000000, 0x0000000100000000)
  region size 1024K, 53 young (54272K), 4 survivors (4096K)
 Metaspace       used 141050K, capacity 144672K, committed 151792K, reserved 1181696K
  class space    used 17750K, capacity 19138K, committed 20248K, reserved 1048576K
}
Event: 5970.506 GC heap after
{Heap after GC invocations=80 (full 0):
 garbage-first heap   total 258048K, used 161251K [0x0000000080000000, 0x0000000100000000)
  region size 1024K, 7 young (7168K), 7 survivors (7168K)
 Metaspace       used 141050K, capacity 144672K, committed 151792K, reserved 1181696K
  class space    used 17750K, capacity 19138K, committed 20248K, reserved 1048576K
}
Event: 5970.537 GC heap before
{Heap before GC invocations=80 (full 0):
 garbage-first heap   total 258048K, used 166371K [0x0000000080000000, 0x0000000100000000)
  region size 1024K, 12 young (12288K), 7 survivors (7168K)
 Metaspace       used 141099K, capacity 144716K, committed 151792K, reserved 1181696K
  class space    used 17759K, capacity 19150K, committed 20248K, reserved 1048576K
}
Event: 5970.553 GC heap after
{Heap after GC invocations=81 (full 0):
 garbage-first heap   total 258048K, used 161498K [0x0000000080000000, 0x0000000100000000)
  region size 1024K, 2 young (2048K), 2 survivors (2048K)
 Metaspace       used 141099K, capacity 144716K, committed 151792K, reserved 1181696K
  class space    used 17759K, capacity 19150K, committed 20248K, reserved 1048576K
}
Event: 5989.449 GC heap before
{Heap before GC invocations=81 (full 0):
 garbage-first heap   total 258048K, used 208602K [0x0000000080000000, 0x0000000100000000)
  region size 1024K, 49 young (50176K), 2 survivors (2048K)
 Metaspace       used 142730K, capacity 146673K, committed 151792K, reserved 1181696K
  class space    used 17969K, capacity 19400K, committed 20248K, reserved 1048576K
}
Event: 5989.475 GC heap after
{Heap after GC invocations=82 (full 0):
 garbage-first heap   total 258048K, used 166606K [0x0000000080000000, 0x0000000100000000)
  region size 1024K, 7 young (7168K), 7 survivors (7168K)
 Metaspace       used 142730K, capacity 146673K, committed 151792K, reserved 1181696K
  class space    used 17969K, capacity 19400K, committed 20248K, reserved 1048576K
}
Event: 5992.237 GC heap before
{Heap before GC invocations=83 (full 0):
 garbage-first heap   total 258048K, used 212686K [0x0000000080000000, 0x0000000100000000)
  region size 1024K, 52 young (53248K), 7 survivors (7168K)
 Metaspace       used 143023K, capacity 146991K, committed 151792K, reserved 1181696K
  class space    used 17983K, capacity 19426K, committed 20248K, reserved 1048576K
}
Event: 5992.265 GC heap after
{Heap after GC invocations=84 (full 0):
 garbage-first heap   total 258048K, used 173512K [0x0000000080000000, 0x0000000100000000)
  region size 1024K, 7 young (7168K), 7 survivors (7168K)
 Metaspace       used 143023K, capacity 146991K, committed 151792K, reserved 1181696K
  class space    used 17983K, capacity 19426K, committed 20248K, reserved 1048576K
}
Event: 5992.311 GC heap before
{Heap before GC invocations=84 (full 0):
 garbage-first heap   total 258048K, used 177608K [0x0000000080000000, 0x0000000100000000)
  region size 1024K, 12 young (12288K), 7 survivors (7168K)
 Metaspace       used 143027K, capacity 146991K, committed 151792K, reserved 1181696K
  class space    used 17983K, capacity 19426K, committed 20248K, reserved 1048576K
}
Event: 5992.352 GC heap after
{Heap after GC invocations=85 (full 0):
 garbage-first heap   total 258048K, used 172265K [0x0000000080000000, 0x0000000100000000)
  region size 1024K, 1 young (1024K), 1 survivors (1024K)
 Metaspace       used 143027K, capacity 146991K, committed 151792K, reserved 1181696K
  class space    used 17983K, capacity 19426K, committed 20248K, reserved 1048576K
}
Event: 5992.942 GC heap before
{Heap before GC invocations=85 (full 0):
 garbage-first heap   total 258048K, used 213225K [0x0000000080000000, 0x0000000100000000)
  region size 1024K, 42 young (43008K), 1 survivors (1024K)
 Metaspace       used 143162K, capacity 147146K, committed 151792K, reserved 1181696K
  class space    used 17997K, capacity 19452K, committed 20248K, reserved 1048576K
}
Event: 5992.954 GC heap after
{Heap after GC invocations=86 (full 0):
 garbage-first heap   total 258048K, used 174313K [0x0000000080000000, 0x0000000100000000)
  region size 1024K, 3 young (3072K), 3 survivors (3072K)
 Metaspace       used 143162K, capacity 147146K, committed 151792K, reserved 1181696K
  class space    used 17997K, capacity 19452K, committed 20248K, reserved 1048576K
}
Event: 5999.239 GC heap before
{Heap before GC invocations=87 (full 0):
 garbage-first heap   total 258048K, used 214249K [0x0000000080000000, 0x0000000100000000)
  region size 1024K, 44 young (45056K), 3 survivors (3072K)
 Metaspace       used 143762K, capacity 147824K, committed 151792K, reserved 1181696K
  class space    used 18070K, capacity 19525K, committed 20248K, reserved 1048576K
}
Event: 5999.256 GC heap after
{Heap after GC invocations=88 (full 0):
 garbage-first heap   total 258048K, used 179194K [0x0000000080000000, 0x0000000100000000)
  region size 1024K, 6 young (6144K), 6 survivors (6144K)
 Metaspace       used 143762K, capacity 147824K, committed 151792K, reserved 1181696K
  class space    used 18070K, capacity 19525K, committed 20248K, reserved 1048576K
}
Event: 5999.280 GC heap before
{Heap before GC invocations=88 (full 0):
 garbage-first heap   total 258048K, used 185338K [0x0000000080000000, 0x0000000100000000)
  region size 1024K, 12 young (12288K), 6 survivors (6144K)
 Metaspace       used 143773K, capacity 147825K, committed 151792K, reserved 1181696K
  class space    used 18070K, capacity 19525K, committed 20248K, reserved 1048576K
}
Event: 5999.324 GC heap after
{Heap after GC invocations=89 (full 0):
 garbage-first heap   total 258048K, used 167030K [0x0000000080000000, 0x0000000100000000)
  region size 1024K, 2 young (2048K), 2 survivors (2048K)
 Metaspace       used 143773K, capacity 147825K, committed 151792K, reserved 1181696K
  class space    used 18070K, capacity 19525K, committed 20248K, reserved 1048576K
}

Deoptimization events (20 events):
Event: 5999.628 Thread 0x0000017b79479800 Uncommon trap: trap_request=0xffffffde fr.pc=0x0000017b679f9dbc relative=0x00000000000003bc
Event: 5999.628 Thread 0x0000017b79479800 Uncommon trap: reason=class_check action=maybe_recompile pc=0x0000017b679f9dbc method=com.android.tools.r8.internal.CR0.a(Z)V @ 5 c2
Event: 5999.628 Thread 0x0000017b79479800 DEOPT PACKING pc=0x0000017b679f9dbc sp=0x0000006e12efc190
Event: 5999.628 Thread 0x0000017b79479800 DEOPT UNPACKING pc=0x0000017b5fc1662f sp=0x0000006e12efc008 mode 2
Event: 5999.628 Thread 0x0000017b79479800 Uncommon trap: trap_request=0xffffffde fr.pc=0x0000017b679f9dbc relative=0x00000000000003bc
Event: 5999.628 Thread 0x0000017b79479800 Uncommon trap: reason=class_check action=maybe_recompile pc=0x0000017b679f9dbc method=com.android.tools.r8.internal.CR0.a(Z)V @ 5 c2
Event: 5999.628 Thread 0x0000017b79479800 DEOPT PACKING pc=0x0000017b679f9dbc sp=0x0000006e12efc190
Event: 5999.628 Thread 0x0000017b79479800 DEOPT UNPACKING pc=0x0000017b5fc1662f sp=0x0000006e12efc008 mode 2
Event: 5999.629 Thread 0x0000017b79479800 Uncommon trap: trap_request=0xffffffde fr.pc=0x0000017b6842b594 relative=0x0000000000002414
Event: 5999.629 Thread 0x0000017b79479800 Uncommon trap: reason=class_check action=maybe_recompile pc=0x0000017b6842b594 method=com.android.tools.r8.internal.CR0.a(Z)V @ 5 c2
Event: 5999.629 Thread 0x0000017b79479800 DEOPT PACKING pc=0x0000017b6842b594 sp=0x0000006e12efc210
Event: 5999.629 Thread 0x0000017b79479800 DEOPT UNPACKING pc=0x0000017b5fc1662f sp=0x0000006e12efc010 mode 2
Event: 5999.629 Thread 0x0000017b79479800 Uncommon trap: trap_request=0xffffffde fr.pc=0x0000017b679f9dbc relative=0x00000000000003bc
Event: 5999.629 Thread 0x0000017b79479800 Uncommon trap: reason=class_check action=maybe_recompile pc=0x0000017b679f9dbc method=com.android.tools.r8.internal.CR0.a(Z)V @ 5 c2
Event: 5999.629 Thread 0x0000017b79479800 DEOPT PACKING pc=0x0000017b679f9dbc sp=0x0000006e12efc190
Event: 5999.630 Thread 0x0000017b79479800 DEOPT UNPACKING pc=0x0000017b5fc1662f sp=0x0000006e12efc008 mode 2
Event: 5999.630 Thread 0x0000017b79479800 Uncommon trap: trap_request=0xffffffde fr.pc=0x0000017b67a41a50 relative=0x00000000000004b0
Event: 5999.630 Thread 0x0000017b79479800 Uncommon trap: reason=class_check action=maybe_recompile pc=0x0000017b67a41a50 method=com.android.tools.r8.internal.CR0.a(Z)V @ 5 c2
Event: 5999.630 Thread 0x0000017b79479800 DEOPT PACKING pc=0x0000017b67a41a50 sp=0x0000006e12efc120
Event: 5999.630 Thread 0x0000017b79479800 DEOPT UNPACKING pc=0x0000017b5fc1662f sp=0x0000006e12efc008 mode 2

Classes redefined (0 events):
No events

Internal exceptions (20 events):
Event: 5992.394 Thread 0x0000017b7c4af000 Exception <a 'java/lang/NoSuchMethodError'{0x000000008f5fd188}: <clinit>> (0x000000008f5fd188) thrown at [./src/hotspot/share/prims/jni.cpp, line 1362]
Event: 5992.394 Thread 0x0000017b7c4af000 Exception <a 'java/lang/NoSuchMethodError'{0x000000008f5ff568}: <clinit>> (0x000000008f5ff568) thrown at [./src/hotspot/share/prims/jni.cpp, line 1362]
Event: 5992.395 Thread 0x0000017b7c4af000 Exception <a 'java/lang/NoSuchMethodError'{0x000000008f418ac0}: <clinit>> (0x000000008f418ac0) thrown at [./src/hotspot/share/prims/jni.cpp, line 1362]
Event: 5992.395 Thread 0x0000017b7c4af000 Exception <a 'java/lang/NoSuchMethodError'{0x000000008f419fa0}: <clinit>> (0x000000008f419fa0) thrown at [./src/hotspot/share/prims/jni.cpp, line 1362]
Event: 5992.762 Thread 0x0000017b7c4af000 Exception <a 'java/lang/NoSuchMethodError'{0x000000008dbc5680}: <clinit>> (0x000000008dbc5680) thrown at [./src/hotspot/share/prims/jni.cpp, line 1362]
Event: 5992.764 Thread 0x0000017b7c4af000 Exception <a 'java/lang/NoSuchMethodError'{0x000000008dbe69c8}: <clinit>> (0x000000008dbe69c8) thrown at [./src/hotspot/share/prims/jni.cpp, line 1362]
Event: 5992.764 Thread 0x0000017b7c4af000 Exception <a 'java/lang/NoSuchMethodError'{0x000000008dbe84b8}: <clinit>> (0x000000008dbe84b8) thrown at [./src/hotspot/share/prims/jni.cpp, line 1362]
Event: 5992.769 Thread 0x0000017b7c4af000 Exception <a 'java/lang/NoSuchMethodError'{0x000000008da2b320}: <clinit>> (0x000000008da2b320) thrown at [./src/hotspot/share/prims/jni.cpp, line 1362]
Event: 5992.962 Thread 0x0000017b7c4ac800 Exception <a 'java/lang/NoSuchMethodError'{0x000000008fb29140}: <clinit>> (0x000000008fb29140) thrown at [./src/hotspot/share/prims/jni.cpp, line 1362]
Event: 5992.962 Thread 0x0000017b7c4ac800 Exception <a 'java/lang/NoSuchMethodError'{0x000000008fb356d0}: <clinit>> (0x000000008fb356d0) thrown at [./src/hotspot/share/prims/jni.cpp, line 1362]
Event: 5993.159 Thread 0x0000017b7946f000 Exception <a 'java/lang/InterruptedException'{0x000000008f9f6798}> (0x000000008f9f6798) thrown at [./src/hotspot/share/runtime/objectMonitor.cpp, line 1635]
Event: 5993.181 Thread 0x0000017b7c4ac800 Exception <a 'java/lang/NoSuchMethodError'{0x000000008f803618}: <clinit>> (0x000000008f803618) thrown at [./src/hotspot/share/prims/jni.cpp, line 1362]
Event: 5993.182 Thread 0x0000017b7c4ac800 Exception <a 'java/lang/NoSuchMethodError'{0x000000008f80fea0}: <clinit>> (0x000000008f80fea0) thrown at [./src/hotspot/share/prims/jni.cpp, line 1362]
Event: 5993.183 Thread 0x0000017b7c4ac800 Exception <a 'java/lang/NoSuchMethodError'{0x000000008f81d728}: <clinit>> (0x000000008f81d728) thrown at [./src/hotspot/share/prims/jni.cpp, line 1362]
Event: 5993.187 Thread 0x0000017b7c4ac800 Exception <a 'java/lang/NoSuchMethodError'{0x000000008f82f008}: <clinit>> (0x000000008f82f008) thrown at [./src/hotspot/share/prims/jni.cpp, line 1362]
Event: 5993.201 Thread 0x0000017b7c4ac800 Exception <a 'java/lang/NoSuchMethodError'{0x000000008f8a2f38}: <clinit>> (0x000000008f8a2f38) thrown at [./src/hotspot/share/prims/jni.cpp, line 1362]
Event: 5999.016 Thread 0x0000017b7a2bc800 Exception <a 'java/lang/NoSuchMethodError'{0x000000008f38cd40}: <clinit>> (0x000000008f38cd40) thrown at [./src/hotspot/share/prims/jni.cpp, line 1362]
Event: 5999.494 Thread 0x0000017b7a2bc800 Exception <a 'java/lang/NoSuchMethodError'{0x000000008ec60be8}: <clinit>> (0x000000008ec60be8) thrown at [./src/hotspot/share/prims/jni.cpp, line 1362]
Event: 5999.572 Thread 0x0000017b7c4af000 Exception <a 'java/lang/NoSuchMethodError'{0x000000008e871f18}: <clinit>> (0x000000008e871f18) thrown at [./src/hotspot/share/prims/jni.cpp, line 1362]
Event: 5999.584 Thread 0x0000017b79479800 Exception <a 'sun/nio/fs/WindowsException'{0x000000008e5dd298}> (0x000000008e5dd298) thrown at [./src/hotspot/share/prims/jni.cpp, line 615]

Events (20 events):
Event: 5999.491 loading class org/gradle/tooling/events/task/internal/java/DefaultJavaCompileTaskSuccessResult
Event: 5999.491 loading class org/gradle/tooling/events/task/internal/java/DefaultJavaCompileTaskSuccessResult done
Event: 5999.492 loading class org/gradle/tooling/events/task/java/JavaCompileTaskOperationResult
Event: 5999.492 loading class org/gradle/tooling/events/task/java/JavaCompileTaskOperationResult done
Event: 5999.565 Executing VM operation: RevokeBias
Event: 5999.566 Executing VM operation: RevokeBias done
Event: 5999.570 Executing VM operation: RevokeBias
Event: 5999.570 Executing VM operation: RevokeBias done
Event: 5999.575 Thread 0x0000017b79479800 Thread added: 0x0000017b79479800
Event: 5999.575 Thread 0x0000017b7947a800 Thread added: 0x0000017b7947a800
Event: 5999.575 Executing VM operation: RevokeBias
Event: 5999.576 Executing VM operation: RevokeBias done
Event: 5999.576 Executing VM operation: RevokeBias
Event: 5999.576 Executing VM operation: RevokeBias done
Event: 5999.581 Thread 0x0000017b79475000 Thread added: 0x0000017b79475000
Event: 5999.581 Thread 0x0000017b7947b800 Thread added: 0x0000017b7947b800
Event: 5999.607 Executing VM operation: RevokeBias
Event: 5999.607 Executing VM operation: RevokeBias done
Event: 5999.623 Executing VM operation: ICBufferFull
Event: 5999.623 Executing VM operation: ICBufferFull done


Dynamic libraries:
0x00007ff7804f0000 - 0x00007ff7804fa000 	D:\Android installed\jre\bin\java.exe
0x00007ff8f9890000 - 0x00007ff8f9a88000 	C:\WINDOWS\SYSTEM32\ntdll.dll
0x00007ff8f8280000 - 0x00007ff8f833d000 	C:\WINDOWS\System32\KERNEL32.DLL
0x00007ff8f71c0000 - 0x00007ff8f748e000 	C:\WINDOWS\System32\KERNELBASE.dll
0x00007ff8f7560000 - 0x00007ff8f7660000 	C:\WINDOWS\System32\ucrtbase.dll
0x00007ff8ca1c0000 - 0x00007ff8ca1d7000 	D:\Android installed\jre\bin\VCRUNTIME140.dll
0x00007ff8c8a80000 - 0x00007ff8c8a99000 	D:\Android installed\jre\bin\jli.dll
0x00007ff8f8470000 - 0x00007ff8f8610000 	C:\WINDOWS\System32\USER32.dll
0x00007ff8f7490000 - 0x00007ff8f74b2000 	C:\WINDOWS\System32\win32u.dll
0x00007ff8f8e00000 - 0x00007ff8f8e2a000 	C:\WINDOWS\System32\GDI32.dll
0x00007ff8f7020000 - 0x00007ff8f712b000 	C:\WINDOWS\System32\gdi32full.dll
0x00007ff8f74c0000 - 0x00007ff8f755d000 	C:\WINDOWS\System32\msvcp_win.dll
0x00007ff8e3e00000 - 0x00007ff8e409a000 	C:\WINDOWS\WinSxS\amd64_microsoft.windows.common-controls_6595b64144ccf1df_6.0.19041.1110_none_60b5254171f9507e\COMCTL32.dll
0x00007ff8f8340000 - 0x00007ff8f83de000 	C:\WINDOWS\System32\msvcrt.dll
0x00007ff8f7a70000 - 0x00007ff8f7aa0000 	C:\WINDOWS\System32\IMM32.DLL
0x00007ff8c4920000 - 0x00007ff8c49bd000 	D:\Android installed\jre\bin\msvcp140.dll
0x00007ff89dcc0000 - 0x00007ff89e795000 	D:\Android installed\jre\bin\server\jvm.dll
0x00007ff8f78f0000 - 0x00007ff8f799e000 	C:\WINDOWS\System32\ADVAPI32.dll
0x00007ff8f81e0000 - 0x00007ff8f827c000 	C:\WINDOWS\System32\sechost.dll
0x00007ff8f80b0000 - 0x00007ff8f81d5000 	C:\WINDOWS\System32\RPCRT4.dll
0x00007ff8f83e0000 - 0x00007ff8f83e8000 	C:\WINDOWS\System32\PSAPI.DLL
0x00007ff8e0fa0000 - 0x00007ff8e0fa9000 	C:\WINDOWS\SYSTEM32\WSOCK32.dll
0x00007ff8f9370000 - 0x00007ff8f93db000 	C:\WINDOWS\System32\WS2_32.dll
0x00007ff8eccd0000 - 0x00007ff8eccf7000 	C:\WINDOWS\SYSTEM32\WINMM.dll
0x00007ff8f4540000 - 0x00007ff8f454a000 	C:\WINDOWS\SYSTEM32\VERSION.dll
0x00007ff8f5890000 - 0x00007ff8f58a2000 	C:\WINDOWS\SYSTEM32\kernel.appcore.dll
0x00007ff8c41e0000 - 0x00007ff8c41f1000 	D:\Android installed\jre\bin\verify.dll
0x00007ff8f4da0000 - 0x00007ff8f4f84000 	C:\WINDOWS\SYSTEM32\DBGHELP.DLL
0x00007ff8df920000 - 0x00007ff8df94c000 	C:\WINDOWS\SYSTEM32\dbgcore.DLL
0x00007ff8f7130000 - 0x00007ff8f71b2000 	C:\WINDOWS\System32\bcryptPrimitives.dll
0x00007ff89dc90000 - 0x00007ff89dcb9000 	D:\Android installed\jre\bin\java.dll
0x00007ff8d4e20000 - 0x00007ff8d4e2b000 	D:\Android installed\jre\bin\jimage.dll
0x00007ff8bede0000 - 0x00007ff8bedf8000 	D:\Android installed\jre\bin\zip.dll
0x00007ff8f8620000 - 0x00007ff8f8d64000 	C:\WINDOWS\System32\SHELL32.dll
0x00007ff8f4f90000 - 0x00007ff8f5724000 	C:\WINDOWS\SYSTEM32\windows.storage.dll
0x00007ff8f8e30000 - 0x00007ff8f9184000 	C:\WINDOWS\System32\combase.dll
0x00007ff8f6a10000 - 0x00007ff8f6a40000 	C:\WINDOWS\SYSTEM32\Wldp.dll
0x00007ff8f7b90000 - 0x00007ff8f7c3d000 	C:\WINDOWS\System32\SHCORE.dll
0x00007ff8f9710000 - 0x00007ff8f9765000 	C:\WINDOWS\System32\shlwapi.dll
0x00007ff8f6ef0000 - 0x00007ff8f6f0f000 	C:\WINDOWS\SYSTEM32\profapi.dll
0x00007ff8beb90000 - 0x00007ff8bebaa000 	D:\Android installed\jre\bin\net.dll
0x00007ff8ec8c0000 - 0x00007ff8ec9ca000 	C:\WINDOWS\SYSTEM32\WINHTTP.dll
0x00007ff8f6770000 - 0x00007ff8f67da000 	C:\WINDOWS\system32\mswsock.dll
0x00007ff8b5180000 - 0x00007ff8b5194000 	D:\Android installed\jre\bin\nio.dll
0x00007ff8ca1e0000 - 0x00007ff8ca207000 	C:\Users\JKLAPTOP\.gradle\native\e1d6ef7f7dcc3fd88c89a11ec53ec762bb8ba0a96d01ffa2cd45eb1d1d8dd5c5\windows-amd64\native-platform.dll
0x00007ff87b3d0000 - 0x00007ff87b514000 	C:\Users\JKLAPTOP\.gradle\native\5664cfc778a61ccfe75a443a1ab52a65af34e5dc3c78e0209fed803814484fcb\windows-amd64\native-platform-file-events.dll
0x00007ff8cd890000 - 0x00007ff8cd89a000 	D:\Android installed\jre\bin\management.dll
0x00007ff8cd560000 - 0x00007ff8cd56d000 	D:\Android installed\jre\bin\management_ext.dll
0x00007ff8f6960000 - 0x00007ff8f6978000 	C:\WINDOWS\SYSTEM32\CRYPTSP.dll
0x00007ff8f6080000 - 0x00007ff8f60b4000 	C:\WINDOWS\system32\rsaenh.dll
0x00007ff8f7870000 - 0x00007ff8f7897000 	C:\WINDOWS\System32\bcrypt.dll
0x00007ff8f6eb0000 - 0x00007ff8f6ede000 	C:\WINDOWS\SYSTEM32\USERENV.dll
0x00007ff8f6980000 - 0x00007ff8f698c000 	C:\WINDOWS\SYSTEM32\CRYPTBASE.dll
0x00007ff8f6410000 - 0x00007ff8f644b000 	C:\WINDOWS\SYSTEM32\IPHLPAPI.DLL
0x00007ff8f7b80000 - 0x00007ff8f7b88000 	C:\WINDOWS\System32\NSI.dll
0x00007ff8edf20000 - 0x00007ff8edf37000 	C:\WINDOWS\SYSTEM32\dhcpcsvc6.DLL
0x00007ff8ee360000 - 0x00007ff8ee37d000 	C:\WINDOWS\SYSTEM32\dhcpcsvc.DLL
0x00007ff8f6460000 - 0x00007ff8f652b000 	C:\WINDOWS\SYSTEM32\DNSAPI.dll
0x00007ff8f5cb0000 - 0x00007ff8f5ce3000 	C:\WINDOWS\SYSTEM32\ntmarta.dll
0x00007ff8d50e0000 - 0x00007ff8d5107000 	D:\Android installed\jre\bin\sunec.dll
0x00007ff8e4130000 - 0x00007ff8e413a000 	C:\Windows\System32\rasadhlp.dll
0x00007ff8e4290000 - 0x00007ff8e4310000 	C:\WINDOWS\System32\fwpuclnt.dll
0x00007ff8eefd0000 - 0x00007ff8eefee000 	C:\Users\JKLAPTOP\AppData\Local\Temp\native-platform11974817030378374262dir\native-platform.dll
0x00007ff8f36f0000 - 0x00007ff8f36f8000 	D:\Android installed\jre\bin\rmi.dll

dbghelp: loaded successfully - version: 4.0.5 - missing functions: none
symbol engine: initialized successfully - sym options: 0x614 - pdb path: .;D:\Android installed\jre\bin;C:\WINDOWS\SYSTEM32;C:\WINDOWS\WinSxS\amd64_microsoft.windows.common-controls_6595b64144ccf1df_6.0.19041.1110_none_60b5254171f9507e;D:\Android installed\jre\bin\server;C:\Users\JKLAPTOP\.gradle\native\e1d6ef7f7dcc3fd88c89a11ec53ec762bb8ba0a96d01ffa2cd45eb1d1d8dd5c5\windows-amd64;C:\Users\JKLAPTOP\.gradle\native\5664cfc778a61ccfe75a443a1ab52a65af34e5dc3c78e0209fed803814484fcb\windows-amd64;C:\Users\JKLAPTOP\AppData\Local\Temp\native-platform11974817030378374262dir

VM Arguments:
jvm_args: --add-opens=java.base/java.util=ALL-UNNAMED --add-opens=java.base/java.lang=ALL-UNNAMED --add-opens=java.base/java.lang.invoke=ALL-UNNAMED --add-opens=java.base/java.util=ALL-UNNAMED --add-opens=java.prefs/java.util.prefs=ALL-UNNAMED --add-opens=java.prefs/java.util.prefs=ALL-UNNAMED --add-opens=java.base/java.nio.charset=ALL-UNNAMED --add-opens=java.base/java.net=ALL-UNNAMED --add-opens=java.base/java.util.concurrent.atomic=ALL-UNNAMED -Xmx2048m -Dfile.encoding=UTF-8 -Duser.country=IN -Duser.language=en -Duser.variant 
java_command: org.gradle.launcher.daemon.bootstrap.GradleDaemon 7.2
java_class_path (initial): C:\Users\JKLAPTOP\.gradle\wrapper\dists\gradle-7.2-bin\2dnblmf4td7x66yl1d74lt32g\gradle-7.2\lib\gradle-launcher-7.2.jar
Launcher Type: SUN_STANDARD

[Global flags]
     intx CICompilerCount                          = 3                                         {product} {ergonomic}
     uint ConcGCThreads                            = 1                                         {product} {ergonomic}
     uint G1ConcRefinementThreads                  = 4                                         {product} {ergonomic}
   size_t G1HeapRegionSize                         = 1048576                                   {product} {ergonomic}
    uintx GCDrainStackTargetSize                   = 64                                        {product} {ergonomic}
   size_t InitialHeapSize                          = 264241152                                 {product} {ergonomic}
   size_t MarkStackSize                            = 4194304                                   {product} {ergonomic}
   size_t MaxHeapSize                              = 2147483648                                {product} {command line}
   size_t MaxNewSize                               = 1287651328                                {product} {ergonomic}
   size_t MinHeapDeltaBytes                        = 1048576                                   {product} {ergonomic}
    uintx NonNMethodCodeHeapSize                   = 5830732                                {pd product} {ergonomic}
    uintx NonProfiledCodeHeapSize                  = 122913754                              {pd product} {ergonomic}
    uintx ProfiledCodeHeapSize                     = 122913754                              {pd product} {ergonomic}
    uintx ReservedCodeCacheSize                    = 251658240                              {pd product} {ergonomic}
     bool SegmentedCodeCache                       = true                                      {product} {ergonomic}
     bool UseCompressedClassPointers               = true                                 {lp64_product} {ergonomic}
     bool UseCompressedOops                        = true                                 {lp64_product} {ergonomic}
     bool UseG1GC                                  = true                                      {product} {ergonomic}
     bool UseLargePagesIndividualAllocation        = false                                  {pd product} {ergonomic}

Logging:
Log output configuration:
 #0: stdout all=warning uptime,level,tags
 #1: stderr all=off uptime,level,tags

Environment Variables:
PATH=C:\WINDOWS\system32;C:\WINDOWS;C:\WINDOWS\System32\Wbem;C:\WINDOWS\System32\WindowsPowerShell\v1.0\;C:\WINDOWS\System32\OpenSSH\;C:\Program Files\Git\cmd;C:\Users\JKLAPTOP\AppData\Local\Microsoft\WindowsApps;C:\Users\JKLAPTOP\AppData\Local\GitHubDesktop\bin
USERNAME=JKLAPTOP
OS=Windows_NT
PROCESSOR_IDENTIFIER=Intel64 Family 6 Model 78 Stepping 3, GenuineIntel



---------------  S Y S T E M  ---------------

OS: Windows 10 , 64 bit Build 19041 (10.0.19041.1806)
OS uptime: 0 days 1:43 hours

CPU:total 4 (initial active 4) (2 cores per cpu, 2 threads per core) family 6 model 78 stepping 3 microcode 0xcc, cmov, cx8, fxsr, mmx, sse, sse2, sse3, ssse3, sse4.1, sse4.2, popcnt, avx, avx2, aes, clmul, erms, rtm, 3dnowpref, lzcnt, ht, tsc, tscinvbit, bmi1, bmi2, adx, fma

Memory: 4k page, system-wide physical 16046M (6427M free)
TotalPageFile size 18478M (AvailPageFile size 7620M)
current process WorkingSet (physical memory assigned to process): 587M, peak: 613M
current process commit charge ("private bytes"): 674M, peak: 697M

vm_info: OpenJDK 64-Bit Server VM (11.0.11+9-b60-7590822) for windows-amd64 JRE (11.0.11+9-b60-7590822), built on Jul 29 2021 21:43:44 by "builder" with MS VC++ 14.0 (VS2015)

END.
