#
# A fatal error has been detected by the Java Runtime Environment:
#
#  EXCEPTION_ACCESS_VIOLATION (0xc0000005) at pc=0x00007ffceffb2e8e, pid=15212, tid=55064
#
# JRE version: OpenJDK Runtime Environment (11.0.11+9) (build 11.0.11+9-b60-7590822)
# Java VM: OpenJDK 64-Bit Server VM (11.0.11+9-b60-7590822, mixed mode, tiered, compressed oops, g1 gc, windows-amd64)
# Problematic frame:
# V  [jvm.dll+0x362e8e]
#
# No core dump will be written. Minidumps are not enabled by default on client versions of Windows
#
# If you would like to submit a bug report, please visit:
#   https://bugreport.java.com/bugreport/crash.jsp
#

---------------  S U M M A R Y ------------

Command Line: --add-opens=java.base/java.util=ALL-UNNAMED --add-opens=java.base/java.lang=ALL-UNNAMED --add-opens=java.base/java.lang.invoke=ALL-UNNAMED --add-opens=java.base/java.util=ALL-UNNAMED --add-opens=java.prefs/java.util.prefs=ALL-UNNAMED --add-opens=java.prefs/java.util.prefs=ALL-UNNAMED --add-opens=java.base/java.nio.charset=ALL-UNNAMED --add-opens=java.base/java.net=ALL-UNNAMED --add-opens=java.base/java.util.concurrent.atomic=ALL-UNNAMED -Xmx2048m -Dfile.encoding=UTF-8 -Duser.country=IN -Duser.language=en -Duser.variant org.gradle.launcher.daemon.bootstrap.GradleDaemon 7.2

Host: Intel(R) Core(TM) i5-6300U CPU @ 2.40GHz, 4 cores, 15G,  Windows 10 , 64 bit Build 19041 (10.0.19041.1706)
Time: Sat Jun 11 11:30:11 2022 India Standard Time elapsed time: 23.896295 seconds (0d 0h 0m 23s)

---------------  T H R E A D  ---------------

Current thread (0x00000206d48a6000):  JavaThread "C2 CompilerThread1" daemon [_thread_in_vm, id=55064, stack(0x0000007567500000,0x0000007567600000)]


Current CompileTask:
C2:  23896 8064       4       org.gradle.internal.reflect.MutablePropertyDetails::addGetter (9 bytes)

Stack: [0x0000007567500000,0x0000007567600000],  sp=0x00000075675fbac8,  free space=1006k
Native frames: (J=compiled Java code, j=interpreted, Vv=VM code, C=native code)
V  [jvm.dll+0x362e8e]
V  [jvm.dll+0x4ea0bb]
V  [jvm.dll+0x4e7e67]
V  [jvm.dll+0x4e812a]
V  [jvm.dll+0x1a0a70]
V  [jvm.dll+0x1a04b4]
V  [jvm.dll+0x1a0202]
V  [jvm.dll+0x1b2707]
V  [jvm.dll+0x1b679d]
V  [jvm.dll+0x1b4efc]
V  [jvm.dll+0x1b704d]
V  [jvm.dll+0x1b627a]
V  [jvm.dll+0x1b7439]
V  [jvm.dll+0x1b667e]
V  [jvm.dll+0x1a78ce]
V  [jvm.dll+0x1178a8]
V  [jvm.dll+0x117c22]
V  [jvm.dll+0x2b3363]
V  [jvm.dll+0x2b4c8d]
V  [jvm.dll+0x60f2b9]
V  [jvm.dll+0x6071ba]
V  [jvm.dll+0x606823]
V  [jvm.dll+0x604872]
V  [jvm.dll+0x1865ac]
V  [jvm.dll+0x2b4d13]
V  [jvm.dll+0x60f2b9]
V  [jvm.dll+0x6071ba]
V  [jvm.dll+0x606823]
V  [jvm.dll+0x604872]
V  [jvm.dll+0x1865ac]
V  [jvm.dll+0x2b4d13]
V  [jvm.dll+0x60f2b9]
V  [jvm.dll+0x6071ba]
V  [jvm.dll+0x606823]
V  [jvm.dll+0x604872]
V  [jvm.dll+0x1865ac]
V  [jvm.dll+0x2b4d13]
V  [jvm.dll+0x60f2b9]
V  [jvm.dll+0x6071ba]
V  [jvm.dll+0x606823]
V  [jvm.dll+0x604872]
V  [jvm.dll+0x1865ac]
V  [jvm.dll+0x1872f9]
V  [jvm.dll+0x2b4d13]
V  [jvm.dll+0x60f2b9]
V  [jvm.dll+0x6071ba]
V  [jvm.dll+0x606823]
V  [jvm.dll+0x604872]
V  [jvm.dll+0x1865ac]
V  [jvm.dll+0x2b4d13]
V  [jvm.dll+0x60f2b9]
V  [jvm.dll+0x6071ba]
V  [jvm.dll+0x606823]
V  [jvm.dll+0x604872]
V  [jvm.dll+0x1865ac]
V  [jvm.dll+0x1fb0f5]
V  [jvm.dll+0x183d6c]
V  [jvm.dll+0x209a57]
V  [jvm.dll+0x2082a1]
V  [jvm.dll+0x6ef58f]
V  [jvm.dll+0x6e80b5]
V  [jvm.dll+0x5f1036]
C  [ucrtbase.dll+0x21bb2]
C  [KERNEL32.DLL+0x17034]
C  [ntdll.dll+0x52651]


siginfo: EXCEPTION_ACCESS_VIOLATION (0xc0000005), reading address 0xffffffffffffffff


Register to memory mapping:

RIP=0x00007ffceffb2e8e jvm.dll
RAX=0x0000000000000051 is an unknown value
RBX=0x0 is NULL
RCX=0x0000000000000051 is an unknown value
RDX=0x00480206cec182e8 is an unknown value
RSP=0x00000075675fbac8 is pointing into the stack for thread: 0x00000206d48a6000
RBP=0x0 is NULL
RSI=0x0000000000000001 is an unknown value
RDI=0x00000206ceaf1100 points into unknown readable memory: 0x73694b71ffff0008 | 08 00 ff ff 71 4b 69 73
R8 =0x000000000000006c is an unknown value
R9 =0x0000000000000037 is an unknown value
R10=0x00000206ceaf0258 points into unknown readable memory: 0x6567cb03ffff0008 | 08 00 ff ff 03 cb 67 65
R11=0x0000000000000007 is an unknown value
R12=0x00000206ceaed9a8 points into unknown readable memory: 0x29280a4fffff0003 | 03 00 ff ff 4f 0a 28 29
R13=0x0000000100001808 is a pointer to class: 
java.lang.String {0x0000000100001810}
R14=0x000000000000006d is an unknown value
R15=0x00000206cec14080 is pointing into metadata


Registers:
RAX=0x0000000000000051, RBX=0x0000000000000000, RCX=0x0000000000000051, RDX=0x00480206cec182e8
RSP=0x00000075675fbac8, RBP=0x0000000000000000, RSI=0x0000000000000001, RDI=0x00000206ceaf1100
R8 =0x000000000000006c, R9 =0x0000000000000037, R10=0x00000206ceaf0258, R11=0x0000000000000007
R12=0x00000206ceaed9a8, R13=0x0000000100001808, R14=0x000000000000006d, R15=0x00000206cec14080
RIP=0x00007ffceffb2e8e, EFLAGS=0x0000000000010203

Top of Stack: (sp=0x00000075675fbac8)
0x00000075675fbac8:   00000206cebdc510 00000206d48a6000
0x00000075675fbad8:   00000206ceaf1100 0000000100001808
0x00000075675fbae8:   00007ffcf013a0bb 0000000000000000
0x00000075675fbaf8:   00000075675fbbf0 00000075675fbd00
0x00000075675fbb08:   00000075675fbe20 0000020600000000
0x00000075675fbb18:   0000000000000000 00000206ceaed9a8
0x00000075675fbb28:   00000206cec1a1a0 00000206d48a6000
0x00000075675fbb38:   00000075675fc010 00000206d2249c60
0x00000075675fbb48:   00000206d48a6000 00000206cf7d74d0
0x00000075675fbb58:   00007ffcf03105f2 00000206d48a6000
0x00000075675fbb68:   0000000000000000 0000000000000000
0x00000075675fbb78:   00007ffcf034d21a 00000206ceaee030
0x00000075675fbb88:   0000001500000002 000000010000000c
0x00000075675fbb98:   00000206d22506b0 00000206d2f3a810
0x00000075675fbba8:   00007ffcf01375cf 0000000000000000
0x00000075675fbbb8:   00000206d2f3a810 0000000000000000 

Instructions: (pc=0x00007ffceffb2e8e)
0x00007ffceffb2d8e:   0a a8 01 74 2d 48 ff c1 48 83 c2 08 49 3b c8 7c
0x00007ffceffb2d9e:   e1 b0 01 48 8b 5c 24 40 48 8b 6c 24 48 48 8b 74
0x00007ffceffb2dae:   24 50 48 8b 7c 24 58 48 83 c4 20 41 5f 41 5e 41
0x00007ffceffb2dbe:   5c c3 48 83 3d e8 5d 69 00 00 44 8b 05 ad 5c 6d
0x00007ffceffb2dce:   00 65 48 8b 04 25 58 00 00 00 b9 08 00 00 00 4a
0x00007ffceffb2dde:   8b 04 c0 48 8b 14 08 48 8b b2 78 02 00 00 48 8b
0x00007ffceffb2dee:   6e 10 4c 8b 76 18 4c 8b 7e 20 4c 8b 66 28 0f 84
0x00007ffceffb2dfe:   36 ff ff ff 49 8b c9 e8 f6 69 16 00 48 8b cf 48
0x00007ffceffb2e0e:   8b d8 e8 eb 69 16 00 48 8d 0d ac ea 4c 00 e9 0c
0x00007ffceffb2e1e:   ff ff ff cc cc cc cc cc cc cc cc cc cc cc cc cc
0x00007ffceffb2e2e:   cc cc 48 89 5c 24 08 48 89 6c 24 10 48 89 74 24
0x00007ffceffb2e3e:   18 48 89 7c 24 20 41 54 41 55 41 56 41 57 41 8b
0x00007ffceffb2e4e:   f1 4d 8b e0 48 8b fa 4c 8b e9 48 85 c9 74 77 8b
0x00007ffceffb2e5e:   6c 24 48 4d 8b bd 98 01 00 00 45 33 c9 4d 63 37
0x00007ffceffb2e6e:   45 8d 46 ff 45 85 c0 78 4a 66 0f 1f 84 00 00 00
0x00007ffceffb2e7e:   00 00 43 8d 04 08 d1 f8 48 63 c8 49 8b 54 cf 08
0x00007ffceffb2e8e:   48 8b 4a 08 0f b7 51 2a 48 8b 49 08 4c 8b 54 d1
0x00007ffceffb2e9e:   40 4c 3b d7 72 14 33 c9 4c 3b d7 0f 95 c1 85 c9
0x00007ffceffb2eae:   74 43 78 06 44 8d 40 ff eb 04 44 8d 48 01 45 3b
0x00007ffceffb2ebe:   c8 7e bf 33 c0 48 85 c0 75 0e 4d 8b 6d 78 8d 70
0x00007ffceffb2ece:   01 4d 85 ed 75 8d 33 c0 48 8b 5c 24 28 48 8b 6c
0x00007ffceffb2ede:   24 30 48 8b 74 24 38 48 8b 7c 24 40 41 5f 41 5e
0x00007ffceffb2eee:   41 5d 41 5c c3 83 f8 ff 74 c9 48 63 c8 4d 8b 4c
0x00007ffceffb2efe:   cf 08 4d 8b 41 08 41 0f b7 50 2c 49 8b 48 08 4c
0x00007ffceffb2f0e:   39 64 d1 40 75 2a 83 fe 01 75 0d 41 0f b6 48 24
0x00007ffceffb2f1e:   c0 e9 06 40 84 ce 75 18 83 fd 01 0f 85 fd 00 00
0x00007ffceffb2f2e:   00 41 8b 49 20 d1 e9 40 84 cd 0f 84 ee 00 00 00
0x00007ffceffb2f3e:   44 8d 58 ff 4d 63 c3 45 85 db 78 6c 4d 8d 50 01
0x00007ffceffb2f4e:   4f 8d 14 d7 0f 1f 40 00 66 66 0f 1f 84 00 00 00
0x00007ffceffb2f5e:   00 00 49 8b 1a 48 8b 53 08 4c 8b 4a 08 0f b7 4a
0x00007ffceffb2f6e:   2a 49 39 7c c9 40 75 40 0f b7 4a 2c 4d 39 64 c9
0x00007ffceffb2f7e:   40 75 28 83 fe 01 75 0c 0f b6 4a 24 c0 e9 06 40 


Stack slot to memory mapping:
stack at sp + 0 slots: 0x00000206cebdc510 points into unknown readable memory: 0x00007ffcf04515f0 | f0 15 45 f0 fc 7f 00 00
stack at sp + 1 slots: 0x00000206d48a6000 is a thread
stack at sp + 2 slots: 0x00000206ceaf1100 points into unknown readable memory: 0x73694b71ffff0008 | 08 00 ff ff 71 4b 69 73
stack at sp + 3 slots: 0x0000000100001808 is a pointer to class: 
java.lang.String {0x0000000100001810}
stack at sp + 4 slots: 0x00007ffcf013a0bb jvm.dll
stack at sp + 5 slots: 0x0 is NULL
stack at sp + 6 slots: 0x00000075675fbbf0 is pointing into the stack for thread: 0x00000206d48a6000
stack at sp + 7 slots: 0x00000075675fbd00 is pointing into the stack for thread: 0x00000206d48a6000


---------------  P R O C E S S  ---------------

Threads class SMR info:
_java_thread_list=0x00000206d68de250, length=79, elements={
0x00000206b4848000, 0x00000206cec09800, 0x00000206cf433000, 0x00000206cf48b800,
0x00000206cf48f000, 0x00000206cf490000, 0x00000206cf497000, 0x00000206cf4a9000,
0x00000206cf4aa800, 0x00000206cf601000, 0x00000206d0d23800, 0x00000206d1580800,
0x00000206d1cb7000, 0x00000206d1066800, 0x00000206d1f86800, 0x00000206d00a0800,
0x00000206d0e5e000, 0x00000206d1a8b800, 0x00000206d265c000, 0x00000206d221f800,
0x00000206d221d000, 0x00000206d221e000, 0x00000206d221f000, 0x00000206d184b000,
0x00000206d1847800, 0x00000206d184a000, 0x00000206d1849000, 0x00000206d1845000,
0x00000206d1848800, 0x00000206d184b800, 0x00000206d1847000, 0x00000206d1853000,
0x00000206d184f000, 0x00000206d1850800, 0x00000206d1852000, 0x00000206d1851800,
0x00000206d184d800, 0x00000206d1854000, 0x00000206d2f42000, 0x00000206d2f3c000,
0x00000206d2f3e800, 0x00000206d2f3e000, 0x00000206d2f41000, 0x00000206d2f3f800,
0x00000206d2f40800, 0x00000206d2f42800, 0x00000206d2f3d000, 0x00000206d2f43800,
0x00000206d2f49000, 0x00000206d2f4a000, 0x00000206d2f47000, 0x00000206d2f47800,
0x00000206d2f48800, 0x00000206d2f44800, 0x00000206d2f45000, 0x00000206d2f46000,
0x00000206d2f4b000, 0x00000206d4a6a000, 0x00000206d4a6c800, 0x00000206d4a6d000,
0x00000206d4a6b000, 0x00000206d4a6b800, 0x00000206d4a6e000, 0x00000206d4a6f000,
0x00000206d4a69000, 0x00000206d4a74000, 0x00000206d4a74800, 0x00000206d4a75800,
0x00000206d4a70800, 0x00000206d4a6f800, 0x00000206d4a76000, 0x00000206d4a73000,
0x00000206d4a72000, 0x00000206d4a77000, 0x00000206d4a71800, 0x00000206d4a78000,
0x00000206d134a800, 0x00000206d48a6000, 0x00000206d1350000
}

Java Threads: ( => current thread )
  0x00000206b4848000 JavaThread "main" [_thread_blocked, id=15764, stack(0x0000007564f00000,0x0000007565000000)]
  0x00000206cec09800 JavaThread "Reference Handler" daemon [_thread_blocked, id=15700, stack(0x0000007565600000,0x0000007565700000)]
  0x00000206cf433000 JavaThread "Finalizer" daemon [_thread_blocked, id=33684, stack(0x0000007565700000,0x0000007565800000)]
  0x00000206cf48b800 JavaThread "Signal Dispatcher" daemon [_thread_blocked, id=36812, stack(0x0000007565800000,0x0000007565900000)]
  0x00000206cf48f000 JavaThread "Attach Listener" daemon [_thread_blocked, id=39724, stack(0x0000007565900000,0x0000007565a00000)]
  0x00000206cf490000 JavaThread "Service Thread" daemon [_thread_blocked, id=15716, stack(0x0000007565a00000,0x0000007565b00000)]
  0x00000206cf497000 JavaThread "C2 CompilerThread0" daemon [_thread_in_native, id=15984, stack(0x0000007565b00000,0x0000007565c00000)]
  0x00000206cf4a9000 JavaThread "C1 CompilerThread0" daemon [_thread_in_vm, id=50916, stack(0x0000007565c00000,0x0000007565d00000)]
  0x00000206cf4aa800 JavaThread "Sweeper thread" daemon [_thread_blocked, id=50924, stack(0x0000007565d00000,0x0000007565e00000)]
  0x00000206cf601000 JavaThread "Common-Cleaner" daemon [_thread_blocked, id=50824, stack(0x0000007565e00000,0x0000007565f00000)]
  0x00000206d0d23800 JavaThread "Daemon health stats" [_thread_blocked, id=45276, stack(0x0000007566400000,0x0000007566500000)]
  0x00000206d1580800 JavaThread "Incoming local TCP Connector on port 58015" [_thread_in_native, id=51700, stack(0x0000007566000000,0x0000007566100000)]
  0x00000206d1cb7000 JavaThread "Daemon periodic checks" [_thread_blocked, id=51476, stack(0x0000007566500000,0x0000007566600000)]
  0x00000206d1066800 JavaThread "Daemon" [_thread_blocked, id=51880, stack(0x0000007566600000,0x0000007566700000)]
  0x00000206d1f86800 JavaThread "Handler for socket connection from /127.0.0.1:58015 to /127.0.0.1:58016" [_thread_in_native, id=51892, stack(0x0000007566700000,0x0000007566800000)]
  0x00000206d00a0800 JavaThread "Cancel handler" [_thread_blocked, id=45268, stack(0x0000007566800000,0x0000007566900000)]
  0x00000206d0e5e000 JavaThread "Daemon worker" [_thread_in_vm, id=45312, stack(0x0000007566900000,0x0000007566a00000)]
  0x00000206d1a8b800 JavaThread "Asynchronous log dispatcher for DefaultDaemonConnection: socket connection from /127.0.0.1:58015 to /127.0.0.1:58016" [_thread_blocked, id=16636, stack(0x0000007566a00000,0x0000007566b00000)]
  0x00000206d265c000 JavaThread "Stdin handler" [_thread_blocked, id=16044, stack(0x0000007566b00000,0x0000007566c00000)]
  0x00000206d221f800 JavaThread "Daemon client event forwarder" [_thread_blocked, id=16052, stack(0x0000007566c00000,0x0000007566d00000)]
  0x00000206d221d000 JavaThread "Cache worker for journal cache (C:\Users\JKLAPTOP\.gradle\caches\journal-1)" [_thread_blocked, id=39504, stack(0x0000007566d00000,0x0000007566e00000)]
  0x00000206d221e000 JavaThread "File lock request listener" [_thread_in_native, id=26940, stack(0x0000007566e00000,0x0000007566f00000)]
  0x00000206d221f000 JavaThread "Cache worker for file hash cache (C:\Users\JKLAPTOP\.gradle\caches\7.2\fileHashes)" [_thread_blocked, id=51860, stack(0x0000007566f00000,0x0000007567000000)]
  0x00000206d184b000 JavaThread "Cache worker for file hash cache (D:\Project-2.4\.gradle\7.2\fileHashes)" [_thread_blocked, id=53160, stack(0x0000007567000000,0x0000007567100000)]
  0x00000206d1847800 JavaThread "File watcher server" daemon [_thread_in_native, id=52408, stack(0x0000007567200000,0x0000007567300000)]
  0x00000206d184a000 JavaThread "File watcher consumer" daemon [_thread_blocked, id=53476, stack(0x0000007567300000,0x0000007567400000)]
  0x00000206d1849000 JavaThread "Cache worker for checksums cache (D:\Project-2.4\.gradle\checksums)" [_thread_blocked, id=53484, stack(0x0000007567100000,0x0000007567200000)]
  0x00000206d1845000 JavaThread "Cache worker for cache directory md-supplier (C:\Users\JKLAPTOP\.gradle\caches\7.2\md-supplier)" [_thread_blocked, id=53604, stack(0x0000007567400000,0x0000007567500000)]
  0x00000206d1848800 JavaThread "Cache worker for cache directory md-rule (C:\Users\JKLAPTOP\.gradle\caches\7.2\md-rule)" [_thread_blocked, id=21860, stack(0x0000007567600000,0x0000007567700000)]
  0x00000206d184b800 JavaThread "Cache worker for execution history cache (C:\Users\JKLAPTOP\.gradle\caches\7.2\executionHistory)" [_thread_blocked, id=53360, stack(0x0000007567700000,0x0000007567800000)]
  0x00000206d1847000 JavaThread "jar transforms" [_thread_blocked, id=17528, stack(0x0000007567800000,0x0000007567900000)]
  0x00000206d1853000 JavaThread "jar transforms Thread 2" [_thread_blocked, id=53692, stack(0x0000007567900000,0x0000007567a00000)]
  0x00000206d184f000 JavaThread "Cache worker for file content cache (C:\Users\JKLAPTOP\.gradle\caches\7.2\fileContent)" [_thread_blocked, id=36700, stack(0x0000007567a00000,0x0000007567b00000)]
  0x00000206d1850800 JavaThread "Cache worker for dependencies-accessors (D:\Project-2.4\.gradle\7.2\dependencies-accessors)" [_thread_blocked, id=53960, stack(0x0000007567b00000,0x0000007567c00000)]
  0x00000206d1852000 JavaThread "jar transforms Thread 3" [_thread_blocked, id=53948, stack(0x0000007567c00000,0x0000007567d00000)]
  0x00000206d1851800 JavaThread "Cache worker for Build Output Cleanup Cache (D:\Project-2.4\.gradle\buildOutputCleanup)" [_thread_blocked, id=53904, stack(0x0000007567d00000,0x0000007567e00000)]
  0x00000206d184d800 JavaThread "Unconstrained build operations" [_thread_blocked, id=54320, stack(0x0000007567e00000,0x0000007567f00000)]
  0x00000206d1854000 JavaThread "Unconstrained build operations Thread 2" [_thread_blocked, id=49952, stack(0x0000007567f00000,0x0000007568000000)]
  0x00000206d2f42000 JavaThread "Unconstrained build operations Thread 3" [_thread_blocked, id=54560, stack(0x0000007568000000,0x0000007568100000)]
  0x00000206d2f3c000 JavaThread "Unconstrained build operations Thread 4" [_thread_blocked, id=54336, stack(0x0000007568100000,0x0000007568200000)]
  0x00000206d2f3e800 JavaThread "Unconstrained build operations Thread 5" [_thread_blocked, id=54304, stack(0x0000007568200000,0x0000007568300000)]
  0x00000206d2f3e000 JavaThread "Unconstrained build operations Thread 6" [_thread_blocked, id=54296, stack(0x0000007568300000,0x0000007568400000)]
  0x00000206d2f41000 JavaThread "Unconstrained build operations Thread 7" [_thread_blocked, id=54328, stack(0x0000007568400000,0x0000007568500000)]
  0x00000206d2f3f800 JavaThread "Unconstrained build operations Thread 8" [_thread_blocked, id=54312, stack(0x0000007568500000,0x0000007568600000)]
  0x00000206d2f40800 JavaThread "Unconstrained build operations Thread 9" [_thread_blocked, id=54356, stack(0x0000007568600000,0x0000007568700000)]
  0x00000206d2f42800 JavaThread "Unconstrained build operations Thread 10" [_thread_blocked, id=54536, stack(0x0000007568700000,0x0000007568800000)]
  0x00000206d2f3d000 JavaThread "Unconstrained build operations Thread 11" [_thread_blocked, id=54396, stack(0x0000007568800000,0x0000007568900000)]
  0x00000206d2f43800 JavaThread "Unconstrained build operations Thread 12" [_thread_blocked, id=54348, stack(0x0000007568900000,0x0000007568a00000)]
  0x00000206d2f49000 JavaThread "Unconstrained build operations Thread 13" [_thread_blocked, id=54388, stack(0x0000007568a00000,0x0000007568b00000)]
  0x00000206d2f4a000 JavaThread "Unconstrained build operations Thread 14" [_thread_blocked, id=54288, stack(0x0000007568b00000,0x0000007568c00000)]
  0x00000206d2f47000 JavaThread "Unconstrained build operations Thread 15" [_thread_blocked, id=54280, stack(0x0000007568c00000,0x0000007568d00000)]
  0x00000206d2f47800 JavaThread "Unconstrained build operations Thread 16" [_thread_blocked, id=54268, stack(0x0000007568d00000,0x0000007568e00000)]
  0x00000206d2f48800 JavaThread "Unconstrained build operations Thread 17" [_thread_blocked, id=54260, stack(0x0000007568e00000,0x0000007568f00000)]
  0x00000206d2f44800 JavaThread "Unconstrained build operations Thread 18" [_thread_blocked, id=54244, stack(0x0000007568f00000,0x0000007569000000)]
  0x00000206d2f45000 JavaThread "Unconstrained build operations Thread 19" [_thread_blocked, id=54252, stack(0x0000007569000000,0x0000007569100000)]
  0x00000206d2f46000 JavaThread "Unconstrained build operations Thread 20" [_thread_blocked, id=54588, stack(0x0000007569100000,0x0000007569200000)]
  0x00000206d2f4b000 JavaThread "Unconstrained build operations Thread 21" [_thread_blocked, id=54596, stack(0x0000007569200000,0x0000007569300000)]
  0x00000206d4a6a000 JavaThread "Unconstrained build operations Thread 22" [_thread_blocked, id=45864, stack(0x0000007569300000,0x0000007569400000)]
  0x00000206d4a6c800 JavaThread "Unconstrained build operations Thread 23" [_thread_blocked, id=84616, stack(0x0000007569400000,0x0000007569500000)]
  0x00000206d4a6d000 JavaThread "Unconstrained build operations Thread 24" [_thread_blocked, id=54144, stack(0x0000007569500000,0x0000007569600000)]
  0x00000206d4a6b000 JavaThread "Unconstrained build operations Thread 25" [_thread_blocked, id=9948, stack(0x0000007569600000,0x0000007569700000)]
  0x00000206d4a6b800 JavaThread "Unconstrained build operations Thread 26" [_thread_blocked, id=46280, stack(0x0000007569700000,0x0000007569800000)]
  0x00000206d4a6e000 JavaThread "Unconstrained build operations Thread 27" [_thread_blocked, id=54784, stack(0x0000007569800000,0x0000007569900000)]
  0x00000206d4a6f000 JavaThread "Unconstrained build operations Thread 28" [_thread_blocked, id=54796, stack(0x0000007569900000,0x0000007569a00000)]
  0x00000206d4a69000 JavaThread "Unconstrained build operations Thread 29" [_thread_blocked, id=54804, stack(0x0000007569a00000,0x0000007569b00000)]
  0x00000206d4a74000 JavaThread "Unconstrained build operations Thread 30" [_thread_blocked, id=15972, stack(0x0000007569b00000,0x0000007569c00000)]
  0x00000206d4a74800 JavaThread "Unconstrained build operations Thread 31" [_thread_blocked, id=39292, stack(0x0000007569c00000,0x0000007569d00000)]
  0x00000206d4a75800 JavaThread "Unconstrained build operations Thread 32" [_thread_blocked, id=32452, stack(0x0000007569d00000,0x0000007569e00000)]
  0x00000206d4a70800 JavaThread "Unconstrained build operations Thread 33" [_thread_blocked, id=32440, stack(0x0000007569e00000,0x0000007569f00000)]
  0x00000206d4a6f800 JavaThread "Unconstrained build operations Thread 34" [_thread_blocked, id=54776, stack(0x0000007569f00000,0x000000756a000000)]
  0x00000206d4a76000 JavaThread "Unconstrained build operations Thread 35" [_thread_blocked, id=54844, stack(0x000000756a000000,0x000000756a100000)]
  0x00000206d4a73000 JavaThread "Unconstrained build operations Thread 36" [_thread_blocked, id=54852, stack(0x000000756a100000,0x000000756a200000)]
  0x00000206d4a72000 JavaThread "Unconstrained build operations Thread 37" [_thread_blocked, id=54788, stack(0x000000756a200000,0x000000756a300000)]
  0x00000206d4a77000 JavaThread "Unconstrained build operations Thread 38" [_thread_blocked, id=53744, stack(0x000000756a300000,0x000000756a400000)]
  0x00000206d4a71800 JavaThread "Unconstrained build operations Thread 39" [_thread_blocked, id=54904, stack(0x000000756a400000,0x000000756a500000)]
  0x00000206d4a78000 JavaThread "Unconstrained build operations Thread 40" [_thread_blocked, id=53732, stack(0x000000756a500000,0x000000756a600000)]
  0x00000206d134a800 JavaThread "jar transforms Thread 4" [_thread_blocked, id=53708, stack(0x000000756a600000,0x000000756a700000)]
=>0x00000206d48a6000 JavaThread "C2 CompilerThread1" daemon [_thread_in_vm, id=55064, stack(0x0000007567500000,0x0000007567600000)]
  0x00000206d1350000 JavaThread "Memory manager" [_thread_blocked, id=52396, stack(0x000000756a800000,0x000000756a900000)]

Other Threads:
  0x00000206cebee000 VMThread "VM Thread" [stack: 0x0000007565500000,0x0000007565600000] [id=21932]
  0x00000206cf612800 WatcherThread [stack: 0x0000007565f00000,0x0000007566000000] [id=15720]
  0x00000206b4862800 GCTaskThread "GC Thread#0" [stack: 0x0000007565000000,0x0000007565100000] [id=37188]
  0x00000206cfb09800 GCTaskThread "GC Thread#1" [stack: 0x0000007566100000,0x0000007566200000] [id=51452]
  0x00000206cfcc1000 GCTaskThread "GC Thread#2" [stack: 0x0000007566200000,0x0000007566300000] [id=51464]
  0x00000206cfd4c000 GCTaskThread "GC Thread#3" [stack: 0x0000007566300000,0x0000007566400000] [id=37724]
  0x00000206b4892000 ConcurrentGCThread "G1 Main Marker" [stack: 0x0000007565100000,0x0000007565200000] [id=16048]
  0x00000206b4894800 ConcurrentGCThread "G1 Conc#0" [stack: 0x0000007565200000,0x0000007565300000] [id=19240]
  0x00000206cea76800 ConcurrentGCThread "G1 Refine#0" [stack: 0x0000007565300000,0x0000007565400000] [id=19244]
  0x00000206d3172000 ConcurrentGCThread "G1 Refine#1" [stack: 0x000000756a700000,0x000000756a800000] [id=55028]
  0x00000206cea77800 ConcurrentGCThread "G1 Young RemSet Sampling" [stack: 0x0000007565400000,0x0000007565500000] [id=26928]

Threads with active compile tasks:
C2 CompilerThread0  24074 7983       4       org.gradle.internal.instantiation.generator.AbstractClassGenerator::inspectType (560 bytes)
C1 CompilerThread0  24074 8072       3       org.gradle.internal.typeconversion.NotationParserBuilder::fromCharSequence (59 bytes)
C2 CompilerThread1  24074 8064       4       org.gradle.internal.reflect.MutablePropertyDetails::addGetter (9 bytes)

VM state:not at safepoint (normal execution)

VM Mutex/Monitor currently owned by a thread: None

Heap address: 0x0000000080000000, size: 2048 MB, Compressed Oops mode: 32-bit
Narrow klass base: 0x0000000000000000, Narrow klass shift: 3
Compressed class space size: 1073741824 Address: 0x0000000100000000

Heap:
 garbage-first heap   total 258048K, used 121990K [0x0000000080000000, 0x0000000100000000)
  region size 1024K, 62 young (63488K), 13 survivors (13312K)
 Metaspace       used 82953K, capacity 84838K, committed 85148K, reserved 1122304K
  class space    used 10741K, capacity 11399K, committed 11520K, reserved 1048576K
Heap Regions: E=young(eden), S=young(survivor), O=old, HS=humongous(starts), HC=humongous(continues), CS=collection set, F=free, A=archive, TAMS=top-at-mark-start (previous, next)
|   0|0x0000000080000000, 0x0000000080100000, 0x0000000080100000|100%| O|  |TAMS 0x0000000080100000, 0x0000000080000000| Untracked 
|   1|0x0000000080100000, 0x0000000080200000, 0x0000000080200000|100%| O|  |TAMS 0x0000000080200000, 0x0000000080100000| Untracked 
|   2|0x0000000080200000, 0x0000000080300000, 0x0000000080300000|100%| O|  |TAMS 0x0000000080300000, 0x0000000080200000| Untracked 
|   3|0x0000000080300000, 0x0000000080400000, 0x0000000080400000|100%|HS|  |TAMS 0x0000000080400000, 0x0000000080300000| Complete 
|   4|0x0000000080400000, 0x0000000080500000, 0x0000000080500000|100%|HC|  |TAMS 0x0000000080500000, 0x0000000080400000| Complete 
|   5|0x0000000080500000, 0x0000000080600000, 0x0000000080600000|100%|HC|  |TAMS 0x0000000080600000, 0x0000000080500000| Complete 
|   6|0x0000000080600000, 0x0000000080700000, 0x0000000080700000|100%| O|  |TAMS 0x0000000080700000, 0x0000000080600000| Untracked 
|   7|0x0000000080700000, 0x0000000080800000, 0x0000000080800000|100%| O|  |TAMS 0x0000000080800000, 0x0000000080700000| Untracked 
|   8|0x0000000080800000, 0x0000000080900000, 0x0000000080900000|100%| O|  |TAMS 0x0000000080900000, 0x0000000080800000| Untracked 
|   9|0x0000000080900000, 0x0000000080a00000, 0x0000000080a00000|100%| O|  |TAMS 0x0000000080a00000, 0x0000000080900000| Untracked 
|  10|0x0000000080a00000, 0x0000000080b00000, 0x0000000080b00000|100%| O|  |TAMS 0x0000000080b00000, 0x0000000080a00000| Untracked 
|  11|0x0000000080b00000, 0x0000000080c00000, 0x0000000080c00000|100%| O|  |TAMS 0x0000000080c00000, 0x0000000080b00000| Untracked 
|  12|0x0000000080c00000, 0x0000000080d00000, 0x0000000080d00000|100%| O|  |TAMS 0x0000000080d00000, 0x0000000080c00000| Untracked 
|  13|0x0000000080d00000, 0x0000000080e00000, 0x0000000080e00000|100%| O|  |TAMS 0x0000000080e00000, 0x0000000080d00000| Untracked 
|  14|0x0000000080e00000, 0x0000000080f00000, 0x0000000080f00000|100%| O|  |TAMS 0x0000000080f00000, 0x0000000080e00000| Untracked 
|  15|0x0000000080f00000, 0x0000000081000000, 0x0000000081000000|100%| O|  |TAMS 0x0000000081000000, 0x0000000080f00000| Untracked 
|  16|0x0000000081000000, 0x0000000081100000, 0x0000000081100000|100%| O|  |TAMS 0x0000000081100000, 0x0000000081000000| Untracked 
|  17|0x0000000081100000, 0x0000000081200000, 0x0000000081200000|100%|HS|  |TAMS 0x0000000081200000, 0x0000000081100000| Complete 
|  18|0x0000000081200000, 0x0000000081300000, 0x0000000081300000|100%|HS|  |TAMS 0x0000000081300000, 0x0000000081200000| Complete 
|  19|0x0000000081300000, 0x0000000081400000, 0x0000000081400000|100%|HS|  |TAMS 0x0000000081400000, 0x0000000081300000| Complete 
|  20|0x0000000081400000, 0x0000000081500000, 0x0000000081500000|100%|HS|  |TAMS 0x0000000081500000, 0x0000000081400000| Complete 
|  21|0x0000000081500000, 0x0000000081600000, 0x0000000081600000|100%|HS|  |TAMS 0x0000000081600000, 0x0000000081500000| Complete 
|  22|0x0000000081600000, 0x0000000081700000, 0x0000000081700000|100%|HC|  |TAMS 0x0000000081700000, 0x0000000081600000| Complete 
|  23|0x0000000081700000, 0x0000000081800000, 0x0000000081800000|100%|HC|  |TAMS 0x0000000081800000, 0x0000000081700000| Complete 
|  24|0x0000000081800000, 0x0000000081900000, 0x0000000081900000|100%|HS|  |TAMS 0x0000000081900000, 0x0000000081800000| Complete 
|  25|0x0000000081900000, 0x0000000081a00000, 0x0000000081a00000|100%|HC|  |TAMS 0x0000000081a00000, 0x0000000081900000| Complete 
|  26|0x0000000081a00000, 0x0000000081b00000, 0x0000000081b00000|100%| O|  |TAMS 0x0000000081b00000, 0x0000000081a00000| Untracked 
|  27|0x0000000081b00000, 0x0000000081c00000, 0x0000000081c00000|100%| O|  |TAMS 0x0000000081c00000, 0x0000000081b00000| Untracked 
|  28|0x0000000081c00000, 0x0000000081d00000, 0x0000000081d00000|100%| O|  |TAMS 0x0000000081d00000, 0x0000000081c00000| Untracked 
|  29|0x0000000081d00000, 0x0000000081e00000, 0x0000000081e00000|100%| O|  |TAMS 0x0000000081e00000, 0x0000000081d00000| Untracked 
|  30|0x0000000081e00000, 0x0000000081f00000, 0x0000000081f00000|100%| O|  |TAMS 0x0000000081f00000, 0x0000000081e00000| Untracked 
|  31|0x0000000081f00000, 0x0000000082000000, 0x0000000082000000|100%| O|  |TAMS 0x0000000082000000, 0x0000000081f00000| Untracked 
|  32|0x0000000082000000, 0x0000000082100000, 0x0000000082100000|100%| O|  |TAMS 0x0000000082100000, 0x0000000082000000| Untracked 
|  33|0x0000000082100000, 0x0000000082200000, 0x0000000082200000|100%| O|  |TAMS 0x0000000082200000, 0x0000000082100000| Untracked 
|  34|0x0000000082200000, 0x0000000082300000, 0x0000000082300000|100%| O|  |TAMS 0x0000000082300000, 0x0000000082200000| Untracked 
|  35|0x0000000082300000, 0x0000000082400000, 0x0000000082400000|100%| O|  |TAMS 0x0000000082400000, 0x0000000082300000| Untracked 
|  36|0x0000000082400000, 0x0000000082500000, 0x0000000082500000|100%| O|  |TAMS 0x0000000082500000, 0x0000000082400000| Untracked 
|  37|0x0000000082500000, 0x0000000082600000, 0x0000000082600000|100%| O|  |TAMS 0x0000000082600000, 0x0000000082500000| Untracked 
|  38|0x0000000082600000, 0x0000000082700000, 0x0000000082700000|100%| O|  |TAMS 0x0000000082700000, 0x0000000082600000| Untracked 
|  39|0x0000000082700000, 0x0000000082800000, 0x0000000082800000|100%| O|  |TAMS 0x0000000082800000, 0x0000000082700000| Untracked 
|  40|0x0000000082800000, 0x0000000082900000, 0x0000000082900000|100%| O|  |TAMS 0x0000000082900000, 0x0000000082800000| Untracked 
|  41|0x0000000082900000, 0x0000000082a00000, 0x0000000082a00000|100%| O|  |TAMS 0x0000000082a00000, 0x0000000082900000| Untracked 
|  42|0x0000000082a00000, 0x0000000082b00000, 0x0000000082b00000|100%| O|  |TAMS 0x0000000082b00000, 0x0000000082a00000| Untracked 
|  43|0x0000000082b00000, 0x0000000082c00000, 0x0000000082c00000|100%| O|  |TAMS 0x0000000082c00000, 0x0000000082b00000| Untracked 
|  44|0x0000000082c00000, 0x0000000082d00000, 0x0000000082d00000|100%| O|  |TAMS 0x0000000082d00000, 0x0000000082c00000| Untracked 
|  45|0x0000000082d00000, 0x0000000082e00000, 0x0000000082e00000|100%| O|  |TAMS 0x0000000082e00000, 0x0000000082d00000| Untracked 
|  46|0x0000000082e00000, 0x0000000082f00000, 0x0000000082f00000|100%| O|  |TAMS 0x0000000082f00000, 0x0000000082e00000| Untracked 
|  47|0x0000000082f00000, 0x0000000083000000, 0x0000000083000000|100%| O|  |TAMS 0x0000000083000000, 0x0000000082f00000| Untracked 
|  48|0x0000000083000000, 0x0000000083100000, 0x0000000083100000|100%| O|  |TAMS 0x0000000083100000, 0x0000000083000000| Untracked 
|  49|0x0000000083100000, 0x0000000083200000, 0x0000000083200000|100%| O|  |TAMS 0x0000000083200000, 0x0000000083100000| Untracked 
|  50|0x0000000083200000, 0x0000000083300000, 0x0000000083300000|100%| O|  |TAMS 0x0000000083300000, 0x0000000083200000| Untracked 
|  51|0x0000000083300000, 0x0000000083400000, 0x0000000083400000|100%| O|  |TAMS 0x0000000083400000, 0x0000000083300000| Untracked 
|  52|0x0000000083400000, 0x0000000083500000, 0x0000000083500000|100%| O|  |TAMS 0x000000008348cc00, 0x0000000083400000| Untracked 
|  53|0x0000000083500000, 0x0000000083600000, 0x0000000083600000|100%| O|  |TAMS 0x0000000083500000, 0x0000000083500000| Untracked 
|  54|0x0000000083600000, 0x0000000083700000, 0x0000000083700000|100%| O|  |TAMS 0x0000000083600000, 0x0000000083600000| Untracked 
|  55|0x0000000083700000, 0x0000000083800000, 0x0000000083800000|100%| O|  |TAMS 0x0000000083700000, 0x0000000083700000| Untracked 
|  56|0x0000000083800000, 0x0000000083900000, 0x0000000083900000|100%| O|  |TAMS 0x0000000083800000, 0x0000000083800000| Untracked 
|  57|0x0000000083900000, 0x0000000083a00000, 0x0000000083a00000|100%| O|  |TAMS 0x0000000083900000, 0x0000000083900000| Untracked 
|  58|0x0000000083a00000, 0x0000000083a21800, 0x0000000083b00000| 13%| O|  |TAMS 0x0000000083a00000, 0x0000000083a00000| Untracked 
|  59|0x0000000083b00000, 0x0000000083b00000, 0x0000000083c00000|  0%| F|  |TAMS 0x0000000083b00000, 0x0000000083b00000| Untracked 
|  60|0x0000000083c00000, 0x0000000083c00000, 0x0000000083d00000|  0%| F|  |TAMS 0x0000000083c00000, 0x0000000083c00000| Untracked 
|  61|0x0000000083d00000, 0x0000000083d00000, 0x0000000083e00000|  0%| F|  |TAMS 0x0000000083d00000, 0x0000000083d00000| Untracked 
|  62|0x0000000083e00000, 0x0000000083e00000, 0x0000000083f00000|  0%| F|  |TAMS 0x0000000083e00000, 0x0000000083e00000| Untracked 
|  63|0x0000000083f00000, 0x0000000083f00000, 0x0000000084000000|  0%| F|  |TAMS 0x0000000083f00000, 0x0000000083f00000| Untracked 
|  64|0x0000000084000000, 0x0000000084000000, 0x0000000084100000|  0%| F|  |TAMS 0x0000000084000000, 0x0000000084000000| Untracked 
|  65|0x0000000084100000, 0x0000000084100000, 0x0000000084200000|  0%| F|  |TAMS 0x0000000084100000, 0x0000000084100000| Untracked 
|  66|0x0000000084200000, 0x0000000084200000, 0x0000000084300000|  0%| F|  |TAMS 0x0000000084200000, 0x0000000084200000| Untracked 
|  67|0x0000000084300000, 0x0000000084300000, 0x0000000084400000|  0%| F|  |TAMS 0x0000000084300000, 0x0000000084300000| Untracked 
|  68|0x0000000084400000, 0x0000000084400000, 0x0000000084500000|  0%| F|  |TAMS 0x0000000084400000, 0x0000000084400000| Untracked 
|  69|0x0000000084500000, 0x0000000084500000, 0x0000000084600000|  0%| F|  |TAMS 0x0000000084500000, 0x0000000084500000| Untracked 
|  70|0x0000000084600000, 0x0000000084600000, 0x0000000084700000|  0%| F|  |TAMS 0x0000000084600000, 0x0000000084600000| Untracked 
|  71|0x0000000084700000, 0x0000000084700000, 0x0000000084800000|  0%| F|  |TAMS 0x0000000084700000, 0x0000000084700000| Untracked 
|  72|0x0000000084800000, 0x0000000084800000, 0x0000000084900000|  0%| F|  |TAMS 0x0000000084800000, 0x0000000084800000| Untracked 
|  73|0x0000000084900000, 0x0000000084900000, 0x0000000084a00000|  0%| F|  |TAMS 0x0000000084900000, 0x0000000084900000| Untracked 
|  74|0x0000000084a00000, 0x0000000084a00000, 0x0000000084b00000|  0%| F|  |TAMS 0x0000000084a00000, 0x0000000084a00000| Untracked 
|  75|0x0000000084b00000, 0x0000000084b00000, 0x0000000084c00000|  0%| F|  |TAMS 0x0000000084b00000, 0x0000000084b00000| Untracked 
|  76|0x0000000084c00000, 0x0000000084c00000, 0x0000000084d00000|  0%| F|  |TAMS 0x0000000084c00000, 0x0000000084c00000| Untracked 
|  77|0x0000000084d00000, 0x0000000084d00000, 0x0000000084e00000|  0%| F|  |TAMS 0x0000000084d00000, 0x0000000084d00000| Untracked 
|  78|0x0000000084e00000, 0x0000000084e00000, 0x0000000084f00000|  0%| F|  |TAMS 0x0000000084e00000, 0x0000000084e00000| Untracked 
|  79|0x0000000084f00000, 0x0000000084f00000, 0x0000000085000000|  0%| F|  |TAMS 0x0000000084f00000, 0x0000000084f00000| Untracked 
|  80|0x0000000085000000, 0x0000000085000000, 0x0000000085100000|  0%| F|  |TAMS 0x0000000085000000, 0x0000000085000000| Untracked 
|  81|0x0000000085100000, 0x0000000085100000, 0x0000000085200000|  0%| F|  |TAMS 0x0000000085100000, 0x0000000085100000| Untracked 
|  82|0x0000000085200000, 0x0000000085200000, 0x0000000085300000|  0%| F|  |TAMS 0x0000000085200000, 0x0000000085200000| Untracked 
|  83|0x0000000085300000, 0x0000000085300000, 0x0000000085400000|  0%| F|  |TAMS 0x0000000085300000, 0x0000000085300000| Untracked 
|  84|0x0000000085400000, 0x0000000085400000, 0x0000000085500000|  0%| F|  |TAMS 0x0000000085400000, 0x0000000085400000| Untracked 
|  85|0x0000000085500000, 0x0000000085500000, 0x0000000085600000|  0%| F|  |TAMS 0x0000000085500000, 0x0000000085500000| Untracked 
|  86|0x0000000085600000, 0x0000000085600000, 0x0000000085700000|  0%| F|  |TAMS 0x0000000085600000, 0x0000000085600000| Untracked 
|  87|0x0000000085700000, 0x0000000085700000, 0x0000000085800000|  0%| F|  |TAMS 0x0000000085700000, 0x0000000085700000| Untracked 
|  88|0x0000000085800000, 0x0000000085800000, 0x0000000085900000|  0%| F|  |TAMS 0x0000000085800000, 0x0000000085800000| Untracked 
|  89|0x0000000085900000, 0x0000000085900000, 0x0000000085a00000|  0%| F|  |TAMS 0x0000000085900000, 0x0000000085900000| Untracked 
|  90|0x0000000085a00000, 0x0000000085a00000, 0x0000000085b00000|  0%| F|  |TAMS 0x0000000085a00000, 0x0000000085a00000| Untracked 
|  91|0x0000000085b00000, 0x0000000085b00000, 0x0000000085c00000|  0%| F|  |TAMS 0x0000000085b00000, 0x0000000085b00000| Untracked 
|  92|0x0000000085c00000, 0x0000000085c00000, 0x0000000085d00000|  0%| F|  |TAMS 0x0000000085c00000, 0x0000000085c00000| Untracked 
|  93|0x0000000085d00000, 0x0000000085d00000, 0x0000000085e00000|  0%| F|  |TAMS 0x0000000085d00000, 0x0000000085d00000| Untracked 
|  94|0x0000000085e00000, 0x0000000085e00000, 0x0000000085f00000|  0%| F|  |TAMS 0x0000000085e00000, 0x0000000085e00000| Untracked 
|  95|0x0000000085f00000, 0x0000000085f00000, 0x0000000086000000|  0%| F|  |TAMS 0x0000000085f00000, 0x0000000085f00000| Untracked 
|  96|0x0000000086000000, 0x0000000086000000, 0x0000000086100000|  0%| F|  |TAMS 0x0000000086000000, 0x0000000086000000| Untracked 
|  97|0x0000000086100000, 0x0000000086100000, 0x0000000086200000|  0%| F|  |TAMS 0x0000000086100000, 0x0000000086100000| Untracked 
|  98|0x0000000086200000, 0x0000000086200000, 0x0000000086300000|  0%| F|  |TAMS 0x0000000086200000, 0x0000000086200000| Untracked 
|  99|0x0000000086300000, 0x0000000086300000, 0x0000000086400000|  0%| F|  |TAMS 0x0000000086300000, 0x0000000086300000| Untracked 
| 100|0x0000000086400000, 0x0000000086400000, 0x0000000086500000|  0%| F|  |TAMS 0x0000000086400000, 0x0000000086400000| Untracked 
| 101|0x0000000086500000, 0x0000000086500000, 0x0000000086600000|  0%| F|  |TAMS 0x0000000086500000, 0x0000000086500000| Untracked 
| 102|0x0000000086600000, 0x0000000086600000, 0x0000000086700000|  0%| F|  |TAMS 0x0000000086600000, 0x0000000086600000| Untracked 
| 103|0x0000000086700000, 0x0000000086700000, 0x0000000086800000|  0%| F|  |TAMS 0x0000000086700000, 0x0000000086700000| Untracked 
| 104|0x0000000086800000, 0x0000000086800000, 0x0000000086900000|  0%| F|  |TAMS 0x0000000086800000, 0x0000000086800000| Untracked 
| 105|0x0000000086900000, 0x0000000086900000, 0x0000000086a00000|  0%| F|  |TAMS 0x0000000086900000, 0x0000000086900000| Untracked 
| 106|0x0000000086a00000, 0x0000000086a00000, 0x0000000086b00000|  0%| F|  |TAMS 0x0000000086a00000, 0x0000000086a00000| Untracked 
| 107|0x0000000086b00000, 0x0000000086b00000, 0x0000000086c00000|  0%| F|  |TAMS 0x0000000086b00000, 0x0000000086b00000| Untracked 
| 108|0x0000000086c00000, 0x0000000086c00000, 0x0000000086d00000|  0%| F|  |TAMS 0x0000000086c00000, 0x0000000086c00000| Untracked 
| 109|0x0000000086d00000, 0x0000000086d00000, 0x0000000086e00000|  0%| F|  |TAMS 0x0000000086d00000, 0x0000000086d00000| Untracked 
| 110|0x0000000086e00000, 0x0000000086e00000, 0x0000000086f00000|  0%| F|  |TAMS 0x0000000086e00000, 0x0000000086e00000| Untracked 
| 111|0x0000000086f00000, 0x0000000086f00000, 0x0000000087000000|  0%| F|  |TAMS 0x0000000086f00000, 0x0000000086f00000| Untracked 
| 112|0x0000000087000000, 0x0000000087000000, 0x0000000087100000|  0%| F|  |TAMS 0x0000000087000000, 0x0000000087000000| Untracked 
| 113|0x0000000087100000, 0x0000000087100000, 0x0000000087200000|  0%| F|  |TAMS 0x0000000087100000, 0x0000000087100000| Untracked 
| 114|0x0000000087200000, 0x0000000087200000, 0x0000000087300000|  0%| F|  |TAMS 0x0000000087200000, 0x0000000087200000| Untracked 
| 115|0x0000000087300000, 0x0000000087300000, 0x0000000087400000|  0%| F|  |TAMS 0x0000000087300000, 0x0000000087300000| Untracked 
| 116|0x0000000087400000, 0x0000000087400000, 0x0000000087500000|  0%| F|  |TAMS 0x0000000087400000, 0x0000000087400000| Untracked 
| 117|0x0000000087500000, 0x0000000087500000, 0x0000000087600000|  0%| F|  |TAMS 0x0000000087500000, 0x0000000087500000| Untracked 
| 118|0x0000000087600000, 0x0000000087600000, 0x0000000087700000|  0%| F|  |TAMS 0x0000000087600000, 0x0000000087600000| Untracked 
| 119|0x0000000087700000, 0x0000000087700000, 0x0000000087800000|  0%| F|  |TAMS 0x0000000087700000, 0x0000000087700000| Untracked 
| 120|0x0000000087800000, 0x0000000087800000, 0x0000000087900000|  0%| F|  |TAMS 0x0000000087800000, 0x0000000087800000| Untracked 
| 121|0x0000000087900000, 0x0000000087900000, 0x0000000087a00000|  0%| F|  |TAMS 0x0000000087900000, 0x0000000087900000| Untracked 
| 122|0x0000000087a00000, 0x0000000087a00000, 0x0000000087b00000|  0%| F|  |TAMS 0x0000000087a00000, 0x0000000087a00000| Untracked 
| 123|0x0000000087b00000, 0x0000000087b00000, 0x0000000087c00000|  0%| F|  |TAMS 0x0000000087b00000, 0x0000000087b00000| Untracked 
| 124|0x0000000087c00000, 0x0000000087c00000, 0x0000000087d00000|  0%| F|  |TAMS 0x0000000087c00000, 0x0000000087c00000| Untracked 
| 125|0x0000000087d00000, 0x0000000087d00000, 0x0000000087e00000|  0%| F|  |TAMS 0x0000000087d00000, 0x0000000087d00000| Untracked 
| 126|0x0000000087e00000, 0x0000000087e00000, 0x0000000087f00000|  0%| F|  |TAMS 0x0000000087e00000, 0x0000000087e00000| Untracked 
| 127|0x0000000087f00000, 0x0000000087f00000, 0x0000000088000000|  0%| F|  |TAMS 0x0000000087f00000, 0x0000000087f00000| Untracked 
| 128|0x0000000088000000, 0x0000000088000000, 0x0000000088100000|  0%| F|  |TAMS 0x0000000088000000, 0x0000000088000000| Untracked 
| 129|0x0000000088100000, 0x0000000088100000, 0x0000000088200000|  0%| F|  |TAMS 0x0000000088100000, 0x0000000088100000| Untracked 
| 130|0x0000000088200000, 0x0000000088200000, 0x0000000088300000|  0%| F|  |TAMS 0x0000000088200000, 0x0000000088200000| Untracked 
| 131|0x0000000088300000, 0x0000000088300000, 0x0000000088400000|  0%| F|  |TAMS 0x0000000088300000, 0x0000000088300000| Untracked 
| 132|0x0000000088400000, 0x0000000088400000, 0x0000000088500000|  0%| F|  |TAMS 0x0000000088400000, 0x0000000088400000| Untracked 
| 133|0x0000000088500000, 0x0000000088500000, 0x0000000088600000|  0%| F|  |TAMS 0x0000000088500000, 0x0000000088500000| Untracked 
| 134|0x0000000088600000, 0x0000000088600000, 0x0000000088700000|  0%| F|  |TAMS 0x0000000088600000, 0x0000000088600000| Untracked 
| 135|0x0000000088700000, 0x0000000088700000, 0x0000000088800000|  0%| F|  |TAMS 0x0000000088700000, 0x0000000088700000| Untracked 
| 136|0x0000000088800000, 0x0000000088800000, 0x0000000088900000|  0%| F|  |TAMS 0x0000000088800000, 0x0000000088800000| Untracked 
| 137|0x0000000088900000, 0x0000000088900000, 0x0000000088a00000|  0%| F|  |TAMS 0x0000000088900000, 0x0000000088900000| Untracked 
| 138|0x0000000088a00000, 0x0000000088b00000, 0x0000000088b00000|100%| S|CS|TAMS 0x0000000088a00000, 0x0000000088a00000| Complete 
| 139|0x0000000088b00000, 0x0000000088c00000, 0x0000000088c00000|100%| S|CS|TAMS 0x0000000088b00000, 0x0000000088b00000| Complete 
| 140|0x0000000088c00000, 0x0000000088d00000, 0x0000000088d00000|100%| S|CS|TAMS 0x0000000088c00000, 0x0000000088c00000| Complete 
| 141|0x0000000088d00000, 0x0000000088e00000, 0x0000000088e00000|100%| S|CS|TAMS 0x0000000088d00000, 0x0000000088d00000| Complete 
| 142|0x0000000088e00000, 0x0000000088f00000, 0x0000000088f00000|100%| S|CS|TAMS 0x0000000088e00000, 0x0000000088e00000| Complete 
| 143|0x0000000088f00000, 0x0000000089000000, 0x0000000089000000|100%| S|CS|TAMS 0x0000000088f00000, 0x0000000088f00000| Complete 
| 144|0x0000000089000000, 0x0000000089100000, 0x0000000089100000|100%| S|CS|TAMS 0x0000000089000000, 0x0000000089000000| Complete 
| 145|0x0000000089100000, 0x0000000089200000, 0x0000000089200000|100%| S|CS|TAMS 0x0000000089100000, 0x0000000089100000| Complete 
| 146|0x0000000089200000, 0x0000000089300000, 0x0000000089300000|100%| S|CS|TAMS 0x0000000089200000, 0x0000000089200000| Complete 
| 147|0x0000000089300000, 0x0000000089400000, 0x0000000089400000|100%| S|CS|TAMS 0x0000000089300000, 0x0000000089300000| Complete 
| 148|0x0000000089400000, 0x0000000089400000, 0x0000000089500000|  0%| F|  |TAMS 0x0000000089400000, 0x0000000089400000| Untracked 
| 149|0x0000000089500000, 0x0000000089500000, 0x0000000089600000|  0%| F|  |TAMS 0x0000000089500000, 0x0000000089500000| Untracked 
| 150|0x0000000089600000, 0x0000000089600000, 0x0000000089700000|  0%| F|  |TAMS 0x0000000089600000, 0x0000000089600000| Untracked 
| 151|0x0000000089700000, 0x0000000089700000, 0x0000000089800000|  0%| F|  |TAMS 0x0000000089700000, 0x0000000089700000| Untracked 
| 152|0x0000000089800000, 0x0000000089800000, 0x0000000089900000|  0%| F|  |TAMS 0x0000000089800000, 0x0000000089800000| Untracked 
| 153|0x0000000089900000, 0x0000000089900000, 0x0000000089a00000|  0%| F|  |TAMS 0x0000000089900000, 0x0000000089900000| Untracked 
| 154|0x0000000089a00000, 0x0000000089a00000, 0x0000000089b00000|  0%| F|  |TAMS 0x0000000089a00000, 0x0000000089a00000| Untracked 
| 155|0x0000000089b00000, 0x0000000089b00000, 0x0000000089c00000|  0%| F|  |TAMS 0x0000000089b00000, 0x0000000089b00000| Untracked 
| 156|0x0000000089c00000, 0x0000000089c00000, 0x0000000089d00000|  0%| F|  |TAMS 0x0000000089c00000, 0x0000000089c00000| Untracked 
| 157|0x0000000089d00000, 0x0000000089d00000, 0x0000000089e00000|  0%| F|  |TAMS 0x0000000089d00000, 0x0000000089d00000| Untracked 
| 158|0x0000000089e00000, 0x0000000089e00000, 0x0000000089f00000|  0%| F|  |TAMS 0x0000000089e00000, 0x0000000089e00000| Untracked 
| 159|0x0000000089f00000, 0x0000000089f00000, 0x000000008a000000|  0%| F|  |TAMS 0x0000000089f00000, 0x0000000089f00000| Untracked 
| 160|0x000000008a000000, 0x000000008a100000, 0x000000008a100000|100%| S|CS|TAMS 0x000000008a000000, 0x000000008a000000| Complete 
| 161|0x000000008a100000, 0x000000008a200000, 0x000000008a200000|100%| S|CS|TAMS 0x000000008a100000, 0x000000008a100000| Complete 
| 162|0x000000008a200000, 0x000000008a300000, 0x000000008a300000|100%| S|CS|TAMS 0x000000008a200000, 0x000000008a200000| Complete 
| 163|0x000000008a300000, 0x000000008a300000, 0x000000008a400000|  0%| F|  |TAMS 0x000000008a300000, 0x000000008a300000| Untracked 
| 164|0x000000008a400000, 0x000000008a400000, 0x000000008a500000|  0%| F|  |TAMS 0x000000008a400000, 0x000000008a400000| Untracked 
| 165|0x000000008a500000, 0x000000008a500000, 0x000000008a600000|  0%| F|  |TAMS 0x000000008a500000, 0x000000008a500000| Untracked 
| 166|0x000000008a600000, 0x000000008a600000, 0x000000008a700000|  0%| F|  |TAMS 0x000000008a600000, 0x000000008a600000| Untracked 
| 167|0x000000008a700000, 0x000000008a700000, 0x000000008a800000|  0%| F|  |TAMS 0x000000008a700000, 0x000000008a700000| Untracked 
| 168|0x000000008a800000, 0x000000008a800000, 0x000000008a900000|  0%| F|  |TAMS 0x000000008a800000, 0x000000008a800000| Untracked 
| 169|0x000000008a900000, 0x000000008a900000, 0x000000008aa00000|  0%| F|  |TAMS 0x000000008a900000, 0x000000008a900000| Untracked 
| 170|0x000000008aa00000, 0x000000008aa00000, 0x000000008ab00000|  0%| F|  |TAMS 0x000000008aa00000, 0x000000008aa00000| Untracked 
| 171|0x000000008ab00000, 0x000000008ab00000, 0x000000008ac00000|  0%| F|  |TAMS 0x000000008ab00000, 0x000000008ab00000| Untracked 
| 172|0x000000008ac00000, 0x000000008ac00000, 0x000000008ad00000|  0%| F|  |TAMS 0x000000008ac00000, 0x000000008ac00000| Untracked 
| 173|0x000000008ad00000, 0x000000008ad00000, 0x000000008ae00000|  0%| F|  |TAMS 0x000000008ad00000, 0x000000008ad00000| Untracked 
| 174|0x000000008ae00000, 0x000000008ae00000, 0x000000008af00000|  0%| F|  |TAMS 0x000000008ae00000, 0x000000008ae00000| Untracked 
| 175|0x000000008af00000, 0x000000008af00000, 0x000000008b000000|  0%| F|  |TAMS 0x000000008af00000, 0x000000008af00000| Untracked 
| 176|0x000000008b000000, 0x000000008b000000, 0x000000008b100000|  0%| F|  |TAMS 0x000000008b000000, 0x000000008b000000| Untracked 
| 177|0x000000008b100000, 0x000000008b100000, 0x000000008b200000|  0%| F|  |TAMS 0x000000008b100000, 0x000000008b100000| Untracked 
| 178|0x000000008b200000, 0x000000008b200000, 0x000000008b300000|  0%| F|  |TAMS 0x000000008b200000, 0x000000008b200000| Untracked 
| 179|0x000000008b300000, 0x000000008b300000, 0x000000008b400000|  0%| F|  |TAMS 0x000000008b300000, 0x000000008b300000| Untracked 
| 180|0x000000008b400000, 0x000000008b400000, 0x000000008b500000|  0%| F|  |TAMS 0x000000008b400000, 0x000000008b400000| Untracked 
| 181|0x000000008b500000, 0x000000008b500000, 0x000000008b600000|  0%| F|  |TAMS 0x000000008b500000, 0x000000008b500000| Untracked 
| 182|0x000000008b600000, 0x000000008b600000, 0x000000008b700000|  0%| F|  |TAMS 0x000000008b600000, 0x000000008b600000| Untracked 
| 183|0x000000008b700000, 0x000000008b700000, 0x000000008b800000|  0%| F|  |TAMS 0x000000008b700000, 0x000000008b700000| Untracked 
| 184|0x000000008b800000, 0x000000008b800000, 0x000000008b900000|  0%| F|  |TAMS 0x000000008b800000, 0x000000008b800000| Untracked 
| 185|0x000000008b900000, 0x000000008b900000, 0x000000008ba00000|  0%| F|  |TAMS 0x000000008b900000, 0x000000008b900000| Untracked 
| 186|0x000000008ba00000, 0x000000008ba00000, 0x000000008bb00000|  0%| F|  |TAMS 0x000000008ba00000, 0x000000008ba00000| Untracked 
| 187|0x000000008bb00000, 0x000000008bb00000, 0x000000008bc00000|  0%| F|  |TAMS 0x000000008bb00000, 0x000000008bb00000| Untracked 
| 188|0x000000008bc00000, 0x000000008bc00000, 0x000000008bd00000|  0%| F|  |TAMS 0x000000008bc00000, 0x000000008bc00000| Untracked 
| 189|0x000000008bd00000, 0x000000008bd00000, 0x000000008be00000|  0%| F|  |TAMS 0x000000008bd00000, 0x000000008bd00000| Untracked 
| 190|0x000000008be00000, 0x000000008be00000, 0x000000008bf00000|  0%| F|  |TAMS 0x000000008be00000, 0x000000008be00000| Untracked 
| 191|0x000000008bf00000, 0x000000008bf00000, 0x000000008c000000|  0%| F|  |TAMS 0x000000008bf00000, 0x000000008bf00000| Untracked 
| 192|0x000000008c000000, 0x000000008c000000, 0x000000008c100000|  0%| F|  |TAMS 0x000000008c000000, 0x000000008c000000| Untracked 
| 193|0x000000008c100000, 0x000000008c100000, 0x000000008c200000|  0%| F|  |TAMS 0x000000008c100000, 0x000000008c100000| Untracked 
| 194|0x000000008c200000, 0x000000008c200000, 0x000000008c300000|  0%| F|  |TAMS 0x000000008c200000, 0x000000008c200000| Untracked 
| 195|0x000000008c300000, 0x000000008c300000, 0x000000008c400000|  0%| F|  |TAMS 0x000000008c300000, 0x000000008c300000| Untracked 
| 196|0x000000008c400000, 0x000000008c400000, 0x000000008c500000|  0%| F|  |TAMS 0x000000008c400000, 0x000000008c400000| Untracked 
| 197|0x000000008c500000, 0x000000008c500000, 0x000000008c600000|  0%| F|  |TAMS 0x000000008c500000, 0x000000008c500000| Untracked 
| 198|0x000000008c600000, 0x000000008c600000, 0x000000008c700000|  0%| F|  |TAMS 0x000000008c600000, 0x000000008c600000| Untracked 
| 199|0x000000008c700000, 0x000000008c700000, 0x000000008c800000|  0%| F|  |TAMS 0x000000008c700000, 0x000000008c700000| Untracked 
| 200|0x000000008c800000, 0x000000008c800000, 0x000000008c900000|  0%| F|  |TAMS 0x000000008c800000, 0x000000008c800000| Untracked 
| 201|0x000000008c900000, 0x000000008c900000, 0x000000008ca00000|  0%| F|  |TAMS 0x000000008c900000, 0x000000008c900000| Untracked 
| 202|0x000000008ca00000, 0x000000008ca00000, 0x000000008cb00000|  0%| F|  |TAMS 0x000000008ca00000, 0x000000008ca00000| Untracked 
| 203|0x000000008cb00000, 0x000000008cb80800, 0x000000008cc00000| 50%| E|  |TAMS 0x000000008cb00000, 0x000000008cb00000| Complete 
| 204|0x000000008cc00000, 0x000000008cd00000, 0x000000008cd00000|100%| E|CS|TAMS 0x000000008cc00000, 0x000000008cc00000| Complete 
| 205|0x000000008cd00000, 0x000000008ce00000, 0x000000008ce00000|100%| E|CS|TAMS 0x000000008cd00000, 0x000000008cd00000| Complete 
| 206|0x000000008ce00000, 0x000000008cf00000, 0x000000008cf00000|100%| E|CS|TAMS 0x000000008ce00000, 0x000000008ce00000| Complete 
| 207|0x000000008cf00000, 0x000000008d000000, 0x000000008d000000|100%| E|CS|TAMS 0x000000008cf00000, 0x000000008cf00000| Complete 
| 208|0x000000008d000000, 0x000000008d100000, 0x000000008d100000|100%| E|CS|TAMS 0x000000008d000000, 0x000000008d000000| Complete 
| 209|0x000000008d100000, 0x000000008d200000, 0x000000008d200000|100%| E|CS|TAMS 0x000000008d100000, 0x000000008d100000| Complete 
| 210|0x000000008d200000, 0x000000008d300000, 0x000000008d300000|100%| E|CS|TAMS 0x000000008d200000, 0x000000008d200000| Complete 
| 211|0x000000008d300000, 0x000000008d400000, 0x000000008d400000|100%| E|CS|TAMS 0x000000008d300000, 0x000000008d300000| Complete 
| 212|0x000000008d400000, 0x000000008d500000, 0x000000008d500000|100%| E|CS|TAMS 0x000000008d400000, 0x000000008d400000| Complete 
| 213|0x000000008d500000, 0x000000008d600000, 0x000000008d600000|100%| E|CS|TAMS 0x000000008d500000, 0x000000008d500000| Complete 
| 214|0x000000008d600000, 0x000000008d700000, 0x000000008d700000|100%| E|CS|TAMS 0x000000008d600000, 0x000000008d600000| Complete 
| 215|0x000000008d700000, 0x000000008d800000, 0x000000008d800000|100%| E|CS|TAMS 0x000000008d700000, 0x000000008d700000| Complete 
| 216|0x000000008d800000, 0x000000008d900000, 0x000000008d900000|100%| E|CS|TAMS 0x000000008d800000, 0x000000008d800000| Complete 
| 217|0x000000008d900000, 0x000000008da00000, 0x000000008da00000|100%| E|CS|TAMS 0x000000008d900000, 0x000000008d900000| Complete 
| 218|0x000000008da00000, 0x000000008db00000, 0x000000008db00000|100%| E|CS|TAMS 0x000000008da00000, 0x000000008da00000| Complete 
| 219|0x000000008db00000, 0x000000008dc00000, 0x000000008dc00000|100%| E|CS|TAMS 0x000000008db00000, 0x000000008db00000| Complete 
| 220|0x000000008dc00000, 0x000000008dd00000, 0x000000008dd00000|100%| E|CS|TAMS 0x000000008dc00000, 0x000000008dc00000| Complete 
| 221|0x000000008dd00000, 0x000000008de00000, 0x000000008de00000|100%| E|CS|TAMS 0x000000008dd00000, 0x000000008dd00000| Complete 
| 222|0x000000008de00000, 0x000000008df00000, 0x000000008df00000|100%| E|CS|TAMS 0x000000008de00000, 0x000000008de00000| Complete 
| 223|0x000000008df00000, 0x000000008e000000, 0x000000008e000000|100%| E|CS|TAMS 0x000000008df00000, 0x000000008df00000| Complete 
| 224|0x000000008e000000, 0x000000008e100000, 0x000000008e100000|100%| E|CS|TAMS 0x000000008e000000, 0x000000008e000000| Complete 
| 225|0x000000008e100000, 0x000000008e200000, 0x000000008e200000|100%| E|CS|TAMS 0x000000008e100000, 0x000000008e100000| Complete 
| 226|0x000000008e200000, 0x000000008e300000, 0x000000008e300000|100%| E|CS|TAMS 0x000000008e200000, 0x000000008e200000| Complete 
| 227|0x000000008e300000, 0x000000008e400000, 0x000000008e400000|100%| E|CS|TAMS 0x000000008e300000, 0x000000008e300000| Complete 
| 228|0x000000008e400000, 0x000000008e500000, 0x000000008e500000|100%| E|CS|TAMS 0x000000008e400000, 0x000000008e400000| Complete 
| 229|0x000000008e500000, 0x000000008e600000, 0x000000008e600000|100%| E|CS|TAMS 0x000000008e500000, 0x000000008e500000| Complete 
| 230|0x000000008e600000, 0x000000008e700000, 0x000000008e700000|100%| E|CS|TAMS 0x000000008e600000, 0x000000008e600000| Complete 
| 231|0x000000008e700000, 0x000000008e800000, 0x000000008e800000|100%| E|CS|TAMS 0x000000008e700000, 0x000000008e700000| Complete 
| 232|0x000000008e800000, 0x000000008e900000, 0x000000008e900000|100%| E|CS|TAMS 0x000000008e800000, 0x000000008e800000| Complete 
| 233|0x000000008e900000, 0x000000008ea00000, 0x000000008ea00000|100%| E|CS|TAMS 0x000000008e900000, 0x000000008e900000| Complete 
| 234|0x000000008ea00000, 0x000000008eb00000, 0x000000008eb00000|100%| E|CS|TAMS 0x000000008ea00000, 0x000000008ea00000| Complete 
| 235|0x000000008eb00000, 0x000000008ec00000, 0x000000008ec00000|100%| E|CS|TAMS 0x000000008eb00000, 0x000000008eb00000| Complete 
| 236|0x000000008ec00000, 0x000000008ed00000, 0x000000008ed00000|100%| E|CS|TAMS 0x000000008ec00000, 0x000000008ec00000| Complete 
| 237|0x000000008ed00000, 0x000000008ee00000, 0x000000008ee00000|100%| E|CS|TAMS 0x000000008ed00000, 0x000000008ed00000| Complete 
| 238|0x000000008ee00000, 0x000000008ef00000, 0x000000008ef00000|100%| E|CS|TAMS 0x000000008ee00000, 0x000000008ee00000| Complete 
| 239|0x000000008ef00000, 0x000000008f000000, 0x000000008f000000|100%| E|CS|TAMS 0x000000008ef00000, 0x000000008ef00000| Complete 
| 240|0x000000008f000000, 0x000000008f100000, 0x000000008f100000|100%| E|CS|TAMS 0x000000008f000000, 0x000000008f000000| Complete 
| 241|0x000000008f100000, 0x000000008f200000, 0x000000008f200000|100%| E|CS|TAMS 0x000000008f100000, 0x000000008f100000| Complete 
| 242|0x000000008f200000, 0x000000008f300000, 0x000000008f300000|100%| E|CS|TAMS 0x000000008f200000, 0x000000008f200000| Complete 
| 243|0x000000008f300000, 0x000000008f400000, 0x000000008f400000|100%| E|CS|TAMS 0x000000008f300000, 0x000000008f300000| Complete 
| 244|0x000000008f400000, 0x000000008f500000, 0x000000008f500000|100%| E|CS|TAMS 0x000000008f400000, 0x000000008f400000| Complete 
| 245|0x000000008f500000, 0x000000008f600000, 0x000000008f600000|100%| E|CS|TAMS 0x000000008f500000, 0x000000008f500000| Complete 
| 246|0x000000008f600000, 0x000000008f700000, 0x000000008f700000|100%| E|CS|TAMS 0x000000008f600000, 0x000000008f600000| Complete 
| 247|0x000000008f700000, 0x000000008f800000, 0x000000008f800000|100%| E|CS|TAMS 0x000000008f700000, 0x000000008f700000| Complete 
| 248|0x000000008f800000, 0x000000008f900000, 0x000000008f900000|100%| E|CS|TAMS 0x000000008f800000, 0x000000008f800000| Complete 
| 249|0x000000008f900000, 0x000000008fa00000, 0x000000008fa00000|100%| E|CS|TAMS 0x000000008f900000, 0x000000008f900000| Complete 
| 250|0x000000008fa00000, 0x000000008fb00000, 0x000000008fb00000|100%| E|CS|TAMS 0x000000008fa00000, 0x000000008fa00000| Complete 
| 251|0x000000008fb00000, 0x000000008fc00000, 0x000000008fc00000|100%| E|CS|TAMS 0x000000008fb00000, 0x000000008fb00000| Complete 

Card table byte_map: [0x00000206c7d80000,0x00000206c8180000] _byte_map_base: 0x00000206c7980000

Marking Bits (Prev, Next): (CMBitMap*) 0x00000206b4889628, (CMBitMap*) 0x00000206b4889660
 Prev Bits: [0x00000206c8580000, 0x00000206ca580000)
 Next Bits: [0x00000206ca580000, 0x00000206cc580000)

Polling page: 0x00000206b3010000

Metaspace:

Usage:
  Non-class:     71.72 MB capacity,    70.52 MB ( 98%) used,  1023.97 KB (  1%) free+waste,   203.56 KB ( <1%) overhead. 
      Class:     11.13 MB capacity,    10.49 MB ( 94%) used,   563.41 KB (  5%) free+waste,    93.81 KB ( <1%) overhead. 
       Both:     82.85 MB capacity,    81.01 MB ( 98%) used,     1.55 MB (  2%) free+waste,   297.38 KB ( <1%) overhead. 

Virtual space:
  Non-class space:       72.00 MB reserved,      71.90 MB (>99%) committed 
      Class space:        1.00 GB reserved,      11.25 MB (  1%) committed 
             Both:        1.07 GB reserved,      83.15 MB (  8%) committed 

Chunk freelists:
   Non-Class:  61.00 KB
       Class:  25.00 KB
        Both:  86.00 KB

MaxMetaspaceSize: 17179869184.00 GB
CompressedClassSpaceSize: 1.00 GB

CodeHeap 'non-profiled nmethods': size=120064Kb used=5043Kb max_used=5043Kb free=115020Kb
 bounds [0x00000206bfe10000, 0x00000206c0300000, 0x00000206c7350000]
CodeHeap 'profiled nmethods': size=120000Kb used=17577Kb max_used=17577Kb free=102422Kb
 bounds [0x00000206b88e0000, 0x00000206b9a10000, 0x00000206bfe10000]
CodeHeap 'non-nmethods': size=5696Kb used=2277Kb max_used=2324Kb free=3418Kb
 bounds [0x00000206b8350000, 0x00000206b85c0000, 0x00000206b88e0000]
 total_blobs=8909 nmethods=8033 adapters=787
 compilation: enabled
              stopped_count=0, restarted_count=0
 full_count=0

Compilation events (20 events):
Event: 23.853 Thread 0x00000206cf4a9000 nmethod 8069 0x00000206b9a09210 code [0x00000206b9a093e0, 0x00000206b9a096a8]
Event: 23.856 Thread 0x00000206cf4a9000 8070   !   3       com.sun.proxy.$Proxy51::annotationType (29 bytes)
Event: 23.856 Thread 0x00000206cf4a9000 nmethod 8070 0x00000206b9a09810 code [0x00000206b9a09a00, 0x00000206b9a09dd8]
Event: 23.861 Thread 0x00000206d48a6000 nmethod 8007 0x00000206c02fa010 code [0x00000206c02fa220, 0x00000206c02fa948]
Event: 23.861 Thread 0x00000206d48a6000 8066       4       org.gradle.internal.reflect.MethodSet$MethodKey::equals (89 bytes)
Event: 23.869 Thread 0x00000206d48a6000 nmethod 8066 0x00000206c02fae90 code [0x00000206c02fb040, 0x00000206c02fb418]
Event: 23.869 Thread 0x00000206d48a6000 7991       4       org.gradle.internal.reflect.PropertyAccessorType::propertyNameFor (9 bytes)
Event: 23.877 Thread 0x00000206d48a6000 nmethod 7991 0x00000206c02fb710 code [0x00000206c02fb8e0, 0x00000206c02fbd68]
Event: 23.877 Thread 0x00000206d48a6000 8042       4       java.util.Collections$UnmodifiableCollection::iterator (9 bytes)
Event: 23.879 Thread 0x00000206d48a6000 nmethod 8042 0x00000206c02fc010 code [0x00000206c02fc1c0, 0x00000206c02fc398]
Event: 23.879 Thread 0x00000206d48a6000 7966       4       java.util.regex.Matcher::appendReplacement (75 bytes)
Event: 23.880 Thread 0x00000206cf4a9000 8071       3       org.gradle.api.internal.DefaultDomainObjectCollection::isEmpty (10 bytes)
Event: 23.880 Thread 0x00000206cf4a9000 nmethod 8071 0x00000206b9a09f90 code [0x00000206b9a0a160, 0x00000206b9a0a3d8]
Event: 23.880 Thread 0x00000206cf4a9000 8072       3       org.gradle.internal.typeconversion.NotationParserBuilder::fromCharSequence (59 bytes)
Event: 23.881 Thread 0x00000206d48a6000 nmethod 7966 0x00000206c02fc490 code [0x00000206c02fc620, 0x00000206c02fc6b8]
Event: 23.881 Thread 0x00000206d48a6000 8045       4       com.google.common.collect.CollectPreconditions::checkNonnegative (48 bytes)
Event: 23.881 Thread 0x00000206d48a6000 nmethod 8045 0x00000206c02fc790 code [0x00000206c02fc920, 0x00000206c02fc978]
Event: 23.881 Thread 0x00000206d48a6000 8001       4       org.gradle.internal.instantiation.generator.AbstractClassGenerator$ClassGenerationHandler::startType (1 bytes)
Event: 23.881 Thread 0x00000206d48a6000 nmethod 8001 0x00000206c02fca10 code [0x00000206c02fcba0, 0x00000206c02fcbf8]
Event: 23.881 Thread 0x00000206d48a6000 8064       4       org.gradle.internal.reflect.MutablePropertyDetails::addGetter (9 bytes)

GC Heap History (20 events):
Event: 3.523 GC heap before
{Heap before GC invocations=3 (full 0):
 garbage-first heap   total 258048K, used 55614K [0x0000000080000000, 0x0000000100000000)
  region size 1024K, 46 young (47104K), 4 survivors (4096K)
 Metaspace       used 17584K, capacity 17992K, committed 18176K, reserved 1064960K
  class space    used 2073K, capacity 2219K, committed 2304K, reserved 1048576K
}
Event: 3.534 GC heap after
{Heap after GC invocations=4 (full 0):
 garbage-first heap   total 258048K, used 16249K [0x0000000080000000, 0x0000000100000000)
  region size 1024K, 6 young (6144K), 6 survivors (6144K)
 Metaspace       used 17584K, capacity 17992K, committed 18176K, reserved 1064960K
  class space    used 2073K, capacity 2219K, committed 2304K, reserved 1048576K
}
Event: 3.979 GC heap before
{Heap before GC invocations=4 (full 0):
 garbage-first heap   total 258048K, used 42873K [0x0000000080000000, 0x0000000100000000)
  region size 1024K, 33 young (33792K), 6 survivors (6144K)
 Metaspace       used 20669K, capacity 21101K, committed 21296K, reserved 1069056K
  class space    used 2532K, capacity 2659K, committed 2688K, reserved 1048576K
}
Event: 3.984 GC heap after
{Heap after GC invocations=5 (full 0):
 garbage-first heap   total 258048K, used 17744K [0x0000000080000000, 0x0000000100000000)
  region size 1024K, 6 young (6144K), 6 survivors (6144K)
 Metaspace       used 20669K, capacity 21101K, committed 21296K, reserved 1069056K
  class space    used 2532K, capacity 2659K, committed 2688K, reserved 1048576K
}
Event: 4.918 GC heap before
{Heap before GC invocations=6 (full 0):
 garbage-first heap   total 258048K, used 75088K [0x0000000080000000, 0x0000000100000000)
  region size 1024K, 62 young (63488K), 6 survivors (6144K)
 Metaspace       used 26303K, capacity 26866K, committed 27008K, reserved 1073152K
  class space    used 3445K, capacity 3651K, committed 3712K, reserved 1048576K
}
Event: 4.928 GC heap after
{Heap after GC invocations=7 (full 0):
 garbage-first heap   total 258048K, used 19957K [0x0000000080000000, 0x0000000100000000)
  region size 1024K, 4 young (4096K), 4 survivors (4096K)
 Metaspace       used 26303K, capacity 26866K, committed 27008K, reserved 1073152K
  class space    used 3445K, capacity 3651K, committed 3712K, reserved 1048576K
}
Event: 6.353 GC heap before
{Heap before GC invocations=7 (full 0):
 garbage-first heap   total 258048K, used 75253K [0x0000000080000000, 0x0000000100000000)
  region size 1024K, 59 young (60416K), 4 survivors (4096K)
 Metaspace       used 35049K, capacity 35849K, committed 36048K, reserved 1081344K
  class space    used 4554K, capacity 4863K, committed 4864K, reserved 1048576K
}
Event: 6.364 GC heap after
{Heap after GC invocations=8 (full 0):
 garbage-first heap   total 258048K, used 23102K [0x0000000080000000, 0x0000000100000000)
  region size 1024K, 7 young (7168K), 7 survivors (7168K)
 Metaspace       used 35049K, capacity 35849K, committed 36048K, reserved 1081344K
  class space    used 4554K, capacity 4863K, committed 4864K, reserved 1048576K
}
Event: 10.097 GC heap before
{Heap before GC invocations=9 (full 0):
 garbage-first heap   total 258048K, used 167486K [0x0000000080000000, 0x0000000100000000)
  region size 1024K, 145 young (148480K), 7 survivors (7168K)
 Metaspace       used 46565K, capacity 47705K, committed 47772K, reserved 1091584K
  class space    used 5957K, capacity 6371K, committed 6400K, reserved 1048576K
}
Event: 10.120 GC heap after
{Heap after GC invocations=10 (full 0):
 garbage-first heap   total 258048K, used 31279K [0x0000000080000000, 0x0000000100000000)
  region size 1024K, 15 young (15360K), 15 survivors (15360K)
 Metaspace       used 46565K, capacity 47705K, committed 47772K, reserved 1091584K
  class space    used 5957K, capacity 6371K, committed 6400K, reserved 1048576K
}
Event: 17.267 GC heap before
{Heap before GC invocations=10 (full 0):
 garbage-first heap   total 258048K, used 179759K [0x0000000080000000, 0x0000000100000000)
  region size 1024K, 151 young (154624K), 15 survivors (15360K)
 Metaspace       used 58451K, capacity 59893K, committed 60060K, reserved 1101824K
  class space    used 7376K, capacity 7892K, committed 7936K, reserved 1048576K
}
Event: 17.301 GC heap after
{Heap after GC invocations=11 (full 0):
 garbage-first heap   total 258048K, used 52913K [0x0000000080000000, 0x0000000100000000)
  region size 1024K, 19 young (19456K), 19 survivors (19456K)
 Metaspace       used 58451K, capacity 59893K, committed 60060K, reserved 1101824K
  class space    used 7376K, capacity 7892K, committed 7936K, reserved 1048576K
}
Event: 17.409 GC heap before
{Heap before GC invocations=11 (full 0):
 garbage-first heap   total 258048K, used 54961K [0x0000000080000000, 0x0000000100000000)
  region size 1024K, 22 young (22528K), 19 survivors (19456K)
 Metaspace       used 59145K, capacity 60542K, committed 60636K, reserved 1101824K
  class space    used 7461K, capacity 8001K, committed 8064K, reserved 1048576K
}
Event: 17.442 GC heap after
{Heap after GC invocations=12 (full 0):
 garbage-first heap   total 258048K, used 55859K [0x0000000080000000, 0x0000000100000000)
  region size 1024K, 2 young (2048K), 2 survivors (2048K)
 Metaspace       used 59145K, capacity 60542K, committed 60636K, reserved 1101824K
  class space    used 7461K, capacity 8001K, committed 8064K, reserved 1048576K
}
Event: 19.372 GC heap before
{Heap before GC invocations=13 (full 0):
 garbage-first heap   total 258048K, used 136755K [0x0000000080000000, 0x0000000100000000)
  region size 1024K, 81 young (82944K), 2 survivors (2048K)
 Metaspace       used 67350K, capacity 68921K, committed 69148K, reserved 1110016K
  class space    used 8496K, capacity 9054K, committed 9088K, reserved 1048576K
}
Event: 19.383 GC heap after
{Heap after GC invocations=14 (full 0):
 garbage-first heap   total 258048K, used 59955K [0x0000000080000000, 0x0000000100000000)
  region size 1024K, 6 young (6144K), 6 survivors (6144K)
 Metaspace       used 67350K, capacity 68921K, committed 69148K, reserved 1110016K
  class space    used 8496K, capacity 9054K, committed 9088K, reserved 1048576K
}
Event: 21.085 GC heap before
{Heap before GC invocations=15 (full 0):
 garbage-first heap   total 258048K, used 148019K [0x0000000080000000, 0x0000000100000000)
  region size 1024K, 92 young (94208K), 6 survivors (6144K)
 Metaspace       used 71875K, capacity 73553K, committed 73756K, reserved 1114112K
  class space    used 9144K, capacity 9760K, committed 9856K, reserved 1048576K
}
Event: 21.101 GC heap after
{Heap after GC invocations=16 (full 0):
 garbage-first heap   total 258048K, used 66099K [0x0000000080000000, 0x0000000100000000)
  region size 1024K, 12 young (12288K), 12 survivors (12288K)
 Metaspace       used 71875K, capacity 73553K, committed 73756K, reserved 1114112K
  class space    used 9144K, capacity 9760K, committed 9856K, reserved 1048576K
}
Event: 22.790 GC heap before
{Heap before GC invocations=16 (full 0):
 garbage-first heap   total 258048K, used 157235K [0x0000000080000000, 0x0000000100000000)
  region size 1024K, 101 young (103424K), 12 survivors (12288K)
 Metaspace       used 77691K, capacity 79402K, committed 79516K, reserved 1118208K
  class space    used 10028K, capacity 10673K, committed 10752K, reserved 1048576K
}
Event: 22.814 GC heap after
{Heap after GC invocations=17 (full 0):
 garbage-first heap   total 258048K, used 72838K [0x0000000080000000, 0x0000000100000000)
  region size 1024K, 13 young (13312K), 13 survivors (13312K)
 Metaspace       used 77691K, capacity 79402K, committed 79516K, reserved 1118208K
  class space    used 10028K, capacity 10673K, committed 10752K, reserved 1048576K
}

Deoptimization events (20 events):
Event: 23.631 Thread 0x00000206d0e5e000 DEOPT PACKING pc=0x00000206b9572a56 sp=0x00000075669f9700
Event: 23.631 Thread 0x00000206d0e5e000 DEOPT UNPACKING pc=0x00000206b8376dde sp=0x00000075669f8cc8 mode 0
Event: 23.698 Thread 0x00000206d0e5e000 Uncommon trap: trap_request=0xffffff4d fr.pc=0x00000206c00a0e04 relative=0x0000000000000684
Event: 23.698 Thread 0x00000206d0e5e000 Uncommon trap: reason=unstable_if action=reinterpret pc=0x00000206c00a0e04 method=java.util.HashMap.putVal(ILjava/lang/Object;Ljava/lang/Object;ZZ)Ljava/lang/Object; @ 109 c2
Event: 23.698 Thread 0x00000206d0e5e000 DEOPT PACKING pc=0x00000206c00a0e04 sp=0x00000075669f8fe0
Event: 23.698 Thread 0x00000206d0e5e000 DEOPT UNPACKING pc=0x00000206b837662f sp=0x00000075669f8f68 mode 2
Event: 23.803 Thread 0x00000206d0e5e000 DEOPT PACKING pc=0x00000206b8fecb44 sp=0x00000075669f7e00
Event: 23.803 Thread 0x00000206d0e5e000 DEOPT UNPACKING pc=0x00000206b8376dde sp=0x00000075669f7238 mode 0
Event: 23.803 Thread 0x00000206d0e5e000 DEOPT PACKING pc=0x00000206b8fecc4c sp=0x00000075669f7e70
Event: 23.803 Thread 0x00000206d0e5e000 DEOPT UNPACKING pc=0x00000206b8376dde sp=0x00000075669f7310 mode 0
Event: 23.803 Thread 0x00000206d0e5e000 DEOPT PACKING pc=0x00000206b90da3fc sp=0x00000075669f7ee0
Event: 23.803 Thread 0x00000206d0e5e000 DEOPT UNPACKING pc=0x00000206b8376dde sp=0x00000075669f72e0 mode 0
Event: 23.803 Thread 0x00000206d0e5e000 Uncommon trap: trap_request=0xfffffff4 fr.pc=0x00000206c02e83c0 relative=0x0000000000002140
Event: 23.803 Thread 0x00000206d0e5e000 Uncommon trap: reason=null_check action=make_not_entrant pc=0x00000206c02e83c0 method=sun.reflect.generics.visitor.Reifier.reifyTypeArguments([Lsun/reflect/generics/tree/TypeArgument;)[Ljava/lang/reflect/Type; @ 29 c2
Event: 23.803 Thread 0x00000206d0e5e000 DEOPT PACKING pc=0x00000206c02e83c0 sp=0x00000075669f7f60
Event: 23.803 Thread 0x00000206d0e5e000 DEOPT UNPACKING pc=0x00000206b837662f sp=0x00000075669f7e98 mode 2
Event: 23.817 Thread 0x00000206d0e5e000 DEOPT PACKING pc=0x00000206b9572a56 sp=0x00000075669f8020
Event: 23.817 Thread 0x00000206d0e5e000 DEOPT UNPACKING pc=0x00000206b8376dde sp=0x00000075669f75c0 mode 0
Event: 23.887 Thread 0x00000206d0e5e000 DEOPT PACKING pc=0x00000206b9572a56 sp=0x00000075669f8020
Event: 23.887 Thread 0x00000206d0e5e000 DEOPT UNPACKING pc=0x00000206b8376dde sp=0x00000075669f75c0 mode 0

Classes redefined (0 events):
No events

Internal exceptions (20 events):
Event: 22.105 Thread 0x00000206d0e5e000 Exception <a 'java/lang/ClassNotFoundException'{0x000000008c2613b8}: org/gradle/api/internal/file/AbstractFileCollectionCustomizer> (0x000000008c2613b8) thrown at [./src/hotspot/share/classfile/systemDictionary.cpp, line 231]
Event: 22.107 Thread 0x00000206d0e5e000 Exception <a 'java/lang/ClassNotFoundException'{0x000000008c29d150}: org/gradle/api/internal/artifacts/configurations/DefaultConfigurationCustomizer> (0x000000008c29d150) thrown at [./src/hotspot/share/classfile/systemDictionary.cpp, line 231]
Event: 22.111 Thread 0x00000206d0e5e000 Exception <a 'java/lang/ClassNotFoundException'{0x000000008c1214c0}: org/gradle/api/internal/artifacts/configurations/DefaultConfiguration_DecoratedCustomizer> (0x000000008c1214c0) thrown at [./src/hotspot/share/classfile/systemDictionary.cpp, line 231]
Event: 22.133 Thread 0x00000206d0e5e000 Exception <a 'java/lang/ClassNotFoundException'{0x000000008bfaac20}: org/codehaus/groovy/runtime/MethodClosureBeanInfo> (0x000000008bfaac20) thrown at [./src/hotspot/share/classfile/systemDictionary.cpp, line 231]
Event: 22.137 Thread 0x00000206d0e5e000 Exception <a 'java/lang/ClassNotFoundException'{0x000000008bd834f0}: org/codehaus/groovy/runtime/MethodClosureCustomizer> (0x000000008bd834f0) thrown at [./src/hotspot/share/classfile/systemDictionary.cpp, line 231]
Event: 22.140 Thread 0x00000206d0e5e000 Exception <a 'java/lang/ClassNotFoundException'{0x000000008bdec3b0}: org/gradle/api/internal/artifacts/configurations/DefaultConfiguration$ConfigurationResolvableDependencies_DecoratedBeanInfo> (0x000000008bdec3b0) thrown at [./src/hotspot/share/classfile/systemDictionary.cpp, line 231]
Event: 22.141 Thread 0x00000206d0e5e000 Exception <a 'java/lang/ClassNotFoundException'{0x000000008bc1e738}: org/gradle/api/internal/artifacts/configurations/DefaultConfiguration$ConfigurationResolvableDependenciesBeanInfo> (0x000000008bc1e738) thrown at [./src/hotspot/share/classfile/systemDictionary.cpp, line 231]
Event: 22.142 Thread 0x00000206d0e5e000 Exception <a 'java/lang/ClassNotFoundException'{0x000000008bc51f10}: org/gradle/api/internal/artifacts/configurations/DefaultConfiguration$ConfigurationResolvableDependenciesCustomizer> (0x000000008bc51f10) thrown at [./src/hotspot/share/classfile/systemDictionary.cpp, line 231]
Event: 22.143 Thread 0x00000206d0e5e000 Exception <a 'java/lang/ClassNotFoundException'{0x000000008bc96f18}: org/gradle/api/internal/artifacts/configurations/DefaultConfiguration$ConfigurationResolvableDependencies_DecoratedCustomizer> (0x000000008bc96f18) thrown at [./src/hotspot/share/classfile/systemDictionary.cpp, line 231]
Event: 22.688 Thread 0x00000206d0e5e000 Exception <a 'sun/nio/fs/WindowsException'{0x000000008a6bb8e8}> (0x000000008a6bb8e8) thrown at [./src/hotspot/share/prims/jni.cpp, line 615]
Event: 22.689 Thread 0x00000206d0e5e000 Exception <a 'sun/nio/fs/WindowsException'{0x000000008a6bbcc8}> (0x000000008a6bbcc8) thrown at [./src/hotspot/share/prims/jni.cpp, line 615]
Event: 22.955 Thread 0x00000206d0e5e000 Exception <a 'java/lang/NullPointerException'{0x000000008f5f7c40}> (0x000000008f5f7c40) thrown at [./src/hotspot/share/interpreter/linkResolver.cpp, line 1440]
Event: 23.112 Thread 0x00000206d0e5e000 Implicit null exception at 0x00000206c01a26c7 to 0x00000206c01a45b8
Event: 23.412 Thread 0x00000206d0e5e000 Exception <a 'java/lang/NoSuchMethodError'{0x000000008e4fa368}: 'int java.lang.invoke.DirectMethodHandle$Holder.invokeStatic(java.lang.Object, java.lang.Object, int, java.lang.Object)'> (0x000000008e4fa368) thrown at [./src/hotspot/share/interpreter/linkResolver.cpp, line 773]
Event: 23.413 Thread 0x00000206d0e5e000 Exception <a 'java/lang/NoSuchMethodError'{0x000000008e301670}: 'java.lang.Object java.lang.invoke.Invokers$Holder.linkToTargetMethod(java.lang.Object, int, java.lang.Object)'> (0x000000008e301670) thrown at [./src/hotspot/share/interpreter/linkResolver.cpp, line 773]
Event: 23.505 Thread 0x00000206d0e5e000 Exception <a 'sun/nio/fs/WindowsException'{0x000000008e239bf8}> (0x000000008e239bf8) thrown at [./src/hotspot/share/prims/jni.cpp, line 615]
Event: 23.506 Thread 0x00000206d0e5e000 Exception <a 'sun/nio/fs/WindowsException'{0x000000008e23af98}> (0x000000008e23af98) thrown at [./src/hotspot/share/prims/jni.cpp, line 615]
Event: 23.506 Thread 0x00000206d0e5e000 Exception <a 'sun/nio/fs/WindowsException'{0x000000008e23c370}> (0x000000008e23c370) thrown at [./src/hotspot/share/prims/jni.cpp, line 615]
Event: 23.506 Thread 0x00000206d0e5e000 Exception <a 'sun/nio/fs/WindowsException'{0x000000008e23d748}> (0x000000008e23d748) thrown at [./src/hotspot/share/prims/jni.cpp, line 615]
Event: 23.803 Thread 0x00000206d0e5e000 Implicit null exception at 0x00000206c02e6de1 to 0x00000206c02e8398

Events (20 events):
Event: 23.849 loading class org/gradle/api/internal/file/copy/CopySpecInternal
Event: 23.849 loading class org/gradle/api/internal/file/copy/CopySpecInternal done
Event: 23.849 loading class org/gradle/api/internal/file/copy/DestinationRootCopySpec
Event: 23.849 loading class org/gradle/api/internal/file/copy/DestinationRootCopySpec done
Event: 23.849 loading class org/gradle/internal/reflect/Instantiator
Event: 23.849 loading class org/gradle/internal/reflect/Instantiator done
Event: 23.849 loading class org/gradle/internal/file/Deleter
Event: 23.849 loading class org/gradle/internal/file/Deleter done
Event: 23.849 loading class org/gradle/api/file/DuplicatesStrategy
Event: 23.849 loading class org/gradle/api/file/DuplicatesStrategy done
Event: 23.849 loading class org/gradle/api/internal/file/collections/DirectoryFileTreeFactory
Event: 23.849 loading class org/gradle/api/internal/file/collections/DirectoryFileTreeFactory done
Event: 23.849 loading class org/gradle/api/internal/DocumentationRegistry
Event: 23.849 loading class org/gradle/api/internal/DocumentationRegistry done
Event: 23.881 loading class com/android/build/gradle/internal/lint/VariantInputs
Event: 23.881 loading class com/android/build/gradle/internal/lint/VariantInputs done
Event: 23.884 loading class com/android/build/gradle/internal/lint/ProjectInputs
Event: 23.884 loading class com/android/build/gradle/internal/lint/ProjectInputs done
Event: 23.886 loading class org/gradle/api/plugins/JavaPluginConvention
Event: 23.886 loading class org/gradle/api/plugins/JavaPluginConvention done


Dynamic libraries:
0x00007ff6fbbb0000 - 0x00007ff6fbbba000 	D:\Android installed\jre\bin\java.exe
0x00007ffd4b8b0000 - 0x00007ffd4baa5000 	C:\WINDOWS\SYSTEM32\ntdll.dll
0x00007ffd4a330000 - 0x00007ffd4a3ed000 	C:\WINDOWS\System32\KERNEL32.DLL
0x00007ffd49440000 - 0x00007ffd4970d000 	C:\WINDOWS\System32\KERNELBASE.dll
0x00007ffd49190000 - 0x00007ffd49290000 	C:\WINDOWS\System32\ucrtbase.dll
0x00007ffd41220000 - 0x00007ffd41239000 	D:\Android installed\jre\bin\jli.dll
0x00007ffd49b90000 - 0x00007ffd49d30000 	C:\WINDOWS\System32\USER32.dll
0x00007ffd49410000 - 0x00007ffd49432000 	C:\WINDOWS\System32\win32u.dll
0x00007ffd4b2f0000 - 0x00007ffd4b31a000 	C:\WINDOWS\System32\GDI32.dll
0x00007ffd497f0000 - 0x00007ffd498fb000 	C:\WINDOWS\System32\gdi32full.dll
0x00007ffd487e0000 - 0x00007ffd487f7000 	D:\Android installed\jre\bin\VCRUNTIME140.dll
0x00007ffd48360000 - 0x00007ffd485fa000 	C:\WINDOWS\WinSxS\amd64_microsoft.windows.common-controls_6595b64144ccf1df_6.0.19041.1110_none_60b5254171f9507e\COMCTL32.dll
0x00007ffd49370000 - 0x00007ffd4940d000 	C:\WINDOWS\System32\msvcp_win.dll
0x00007ffd4b750000 - 0x00007ffd4b7ee000 	C:\WINDOWS\System32\msvcrt.dll
0x00007ffd4a3f0000 - 0x00007ffd4a420000 	C:\WINDOWS\System32\IMM32.DLL
0x00007ffd16250000 - 0x00007ffd162ed000 	D:\Android installed\jre\bin\msvcp140.dll
0x00007ffcefc50000 - 0x00007ffcf0725000 	D:\Android installed\jre\bin\server\jvm.dll
0x00007ffd49ae0000 - 0x00007ffd49b8e000 	C:\WINDOWS\System32\ADVAPI32.dll
0x00007ffd4a420000 - 0x00007ffd4a4bc000 	C:\WINDOWS\System32\sechost.dll
0x00007ffd499b0000 - 0x00007ffd49ad5000 	C:\WINDOWS\System32\RPCRT4.dll
0x00007ffd4a320000 - 0x00007ffd4a328000 	C:\WINDOWS\System32\PSAPI.DLL
0x00007ffd34250000 - 0x00007ffd34259000 	C:\WINDOWS\SYSTEM32\WSOCK32.dll
0x00007ffd4b280000 - 0x00007ffd4b2eb000 	C:\WINDOWS\System32\WS2_32.dll
0x00007ffd3f960000 - 0x00007ffd3f987000 	C:\WINDOWS\SYSTEM32\WINMM.dll
0x00007ffd45850000 - 0x00007ffd4585a000 	C:\WINDOWS\SYSTEM32\VERSION.dll
0x00007ffd47250000 - 0x00007ffd47262000 	C:\WINDOWS\SYSTEM32\kernel.appcore.dll
0x00007ffd45bc0000 - 0x00007ffd45bd1000 	D:\Android installed\jre\bin\verify.dll
0x00007ffd489f0000 - 0x00007ffd48bd4000 	C:\WINDOWS\SYSTEM32\DBGHELP.DLL
0x00007ffd487a0000 - 0x00007ffd487cc000 	C:\WINDOWS\SYSTEM32\dbgcore.DLL
0x00007ffd49710000 - 0x00007ffd49792000 	C:\WINDOWS\System32\bcryptPrimitives.dll
0x00007ffd3d7b0000 - 0x00007ffd3d7d9000 	D:\Android installed\jre\bin\java.dll
0x00007ffd46010000 - 0x00007ffd4601b000 	D:\Android installed\jre\bin\jimage.dll
0x00007ffd42700000 - 0x00007ffd42718000 	D:\Android installed\jre\bin\zip.dll
0x00007ffd4a4c0000 - 0x00007ffd4ac04000 	C:\WINDOWS\System32\SHELL32.dll
0x00007ffd46a50000 - 0x00007ffd471e4000 	C:\WINDOWS\SYSTEM32\windows.storage.dll
0x00007ffd49d40000 - 0x00007ffd4a094000 	C:\WINDOWS\System32\combase.dll
0x00007ffd48330000 - 0x00007ffd4835c000 	C:\WINDOWS\SYSTEM32\Wldp.dll
0x00007ffd49900000 - 0x00007ffd499ad000 	C:\WINDOWS\System32\SHCORE.dll
0x00007ffd4b220000 - 0x00007ffd4b275000 	C:\WINDOWS\System32\shlwapi.dll
0x00007ffd48f00000 - 0x00007ffd48f1f000 	C:\WINDOWS\SYSTEM32\profapi.dll
0x00007ffd411e0000 - 0x00007ffd411fa000 	D:\Android installed\jre\bin\net.dll
0x00007ffd37100000 - 0x00007ffd3720a000 	C:\WINDOWS\SYSTEM32\WINHTTP.dll
0x00007ffd481d0000 - 0x00007ffd4823a000 	C:\WINDOWS\system32\mswsock.dll
0x00007ffd3d690000 - 0x00007ffd3d6a4000 	D:\Android installed\jre\bin\nio.dll
0x00007ffd45e60000 - 0x00007ffd45e87000 	C:\Users\JKLAPTOP\.gradle\native\e1d6ef7f7dcc3fd88c89a11ec53ec762bb8ba0a96d01ffa2cd45eb1d1d8dd5c5\windows-amd64\native-platform.dll
0x00007ffd0c5e0000 - 0x00007ffd0c724000 	C:\Users\JKLAPTOP\.gradle\native\5664cfc778a61ccfe75a443a1ab52a65af34e5dc3c78e0209fed803814484fcb\windows-amd64\native-platform-file-events.dll
0x00007ffd45ed0000 - 0x00007ffd45eda000 	D:\Android installed\jre\bin\management.dll
0x00007ffd45e20000 - 0x00007ffd45e2d000 	D:\Android installed\jre\bin\management_ext.dll
0x00007ffd48d50000 - 0x00007ffd48d68000 	C:\WINDOWS\SYSTEM32\CRYPTSP.dll
0x00007ffd479f0000 - 0x00007ffd47a24000 	C:\WINDOWS\system32\rsaenh.dll
0x00007ffd49290000 - 0x00007ffd492b7000 	C:\WINDOWS\System32\bcrypt.dll
0x00007ffd48ec0000 - 0x00007ffd48eee000 	C:\WINDOWS\SYSTEM32\USERENV.dll
0x00007ffd48170000 - 0x00007ffd4817c000 	C:\WINDOWS\SYSTEM32\CRYPTBASE.dll
0x00007ffd47d40000 - 0x00007ffd47d7b000 	C:\WINDOWS\SYSTEM32\IPHLPAPI.DLL
0x00007ffd4b320000 - 0x00007ffd4b328000 	C:\WINDOWS\System32\NSI.dll
0x00007ffd3fad0000 - 0x00007ffd3fae7000 	C:\WINDOWS\SYSTEM32\dhcpcsvc6.DLL
0x00007ffd40400000 - 0x00007ffd4041d000 	C:\WINDOWS\SYSTEM32\dhcpcsvc.DLL
0x00007ffd47d80000 - 0x00007ffd47e4b000 	C:\WINDOWS\SYSTEM32\DNSAPI.dll

dbghelp: loaded successfully - version: 4.0.5 - missing functions: none
symbol engine: initialized successfully - sym options: 0x614 - pdb path: .;D:\Android installed\jre\bin;C:\WINDOWS\SYSTEM32;C:\WINDOWS\WinSxS\amd64_microsoft.windows.common-controls_6595b64144ccf1df_6.0.19041.1110_none_60b5254171f9507e;D:\Android installed\jre\bin\server;C:\Users\JKLAPTOP\.gradle\native\e1d6ef7f7dcc3fd88c89a11ec53ec762bb8ba0a96d01ffa2cd45eb1d1d8dd5c5\windows-amd64;C:\Users\JKLAPTOP\.gradle\native\5664cfc778a61ccfe75a443a1ab52a65af34e5dc3c78e0209fed803814484fcb\windows-amd64

VM Arguments:
jvm_args: --add-opens=java.base/java.util=ALL-UNNAMED --add-opens=java.base/java.lang=ALL-UNNAMED --add-opens=java.base/java.lang.invoke=ALL-UNNAMED --add-opens=java.base/java.util=ALL-UNNAMED --add-opens=java.prefs/java.util.prefs=ALL-UNNAMED --add-opens=java.prefs/java.util.prefs=ALL-UNNAMED --add-opens=java.base/java.nio.charset=ALL-UNNAMED --add-opens=java.base/java.net=ALL-UNNAMED --add-opens=java.base/java.util.concurrent.atomic=ALL-UNNAMED -Xmx2048m -Dfile.encoding=UTF-8 -Duser.country=IN -Duser.language=en -Duser.variant 
java_command: org.gradle.launcher.daemon.bootstrap.GradleDaemon 7.2
java_class_path (initial): C:\Users\JKLAPTOP\.gradle\wrapper\dists\gradle-7.2-bin\2dnblmf4td7x66yl1d74lt32g\gradle-7.2\lib\gradle-launcher-7.2.jar
Launcher Type: SUN_STANDARD

[Global flags]
     intx CICompilerCount                          = 3                                         {product} {ergonomic}
     uint ConcGCThreads                            = 1                                         {product} {ergonomic}
     uint G1ConcRefinementThreads                  = 4                                         {product} {ergonomic}
   size_t G1HeapRegionSize                         = 1048576                                   {product} {ergonomic}
    uintx GCDrainStackTargetSize                   = 64                                        {product} {ergonomic}
   size_t InitialHeapSize                          = 264241152                                 {product} {ergonomic}
   size_t MarkStackSize                            = 4194304                                   {product} {ergonomic}
   size_t MaxHeapSize                              = 2147483648                                {product} {command line}
   size_t MaxNewSize                               = 1287651328                                {product} {ergonomic}
   size_t MinHeapDeltaBytes                        = 1048576                                   {product} {ergonomic}
    uintx NonNMethodCodeHeapSize                   = 5830732                                {pd product} {ergonomic}
    uintx NonProfiledCodeHeapSize                  = 122913754                              {pd product} {ergonomic}
    uintx ProfiledCodeHeapSize                     = 122913754                              {pd product} {ergonomic}
    uintx ReservedCodeCacheSize                    = 251658240                              {pd product} {ergonomic}
     bool SegmentedCodeCache                       = true                                      {product} {ergonomic}
     bool UseCompressedClassPointers               = true                                 {lp64_product} {ergonomic}
     bool UseCompressedOops                        = true                                 {lp64_product} {ergonomic}
     bool UseG1GC                                  = true                                      {product} {ergonomic}
     bool UseLargePagesIndividualAllocation        = false                                  {pd product} {ergonomic}

Logging:
Log output configuration:
 #0: stdout all=warning uptime,level,tags
 #1: stderr all=off uptime,level,tags

Environment Variables:
PATH=C:\WINDOWS\system32;C:\WINDOWS;C:\WINDOWS\System32\Wbem;C:\WINDOWS\System32\WindowsPowerShell\v1.0\;C:\WINDOWS\System32\OpenSSH\;C:\Program Files\Git\cmd;C:\Users\JKLAPTOP\AppData\Local\Microsoft\WindowsApps;C:\Users\JKLAPTOP\AppData\Local\GitHubDesktop\bin
USERNAME=JKLAPTOP
OS=Windows_NT
PROCESSOR_IDENTIFIER=Intel64 Family 6 Model 78 Stepping 3, GenuineIntel



---------------  S Y S T E M  ---------------

OS: Windows 10 , 64 bit Build 19041 (10.0.19041.1706)
OS uptime: 0 days 17:32 hours

CPU:total 4 (initial active 4) (2 cores per cpu, 2 threads per core) family 6 model 78 stepping 3 microcode 0xcc, cmov, cx8, fxsr, mmx, sse, sse2, sse3, ssse3, sse4.1, sse4.2, popcnt, avx, avx2, aes, clmul, erms, rtm, 3dnowpref, lzcnt, ht, tsc, tscinvbit, bmi1, bmi2, adx, fma

Memory: 4k page, system-wide physical 16046M (5492M free)
TotalPageFile size 19246M (AvailPageFile size 7683M)
current process WorkingSet (physical memory assigned to process): 472M, peak: 479M
current process commit charge ("private bytes"): 530M, peak: 537M

vm_info: OpenJDK 64-Bit Server VM (11.0.11+9-b60-7590822) for windows-amd64 JRE (11.0.11+9-b60-7590822), built on Jul 29 2021 21:43:44 by "builder" with MS VC++ 14.0 (VS2015)

END.
